[ 2024-06-16T00:53:53+08:00 ][ error ] [8]Undefined index: order_sn[/www/wwwroot/www.1.com/application/stock/controller/Settle.php:87]
[ 2024-06-16T00:53:53+08:00 ][ error ] [10501]SQLSTATE[23000]: Integrity constraint violation: 1048 Column 'order_sn' cannot be null[/www/wwwroot/www.1.com/thinkphp/library/think/db/Connection.php:453]
[ 2024-06-16T02:47:48+08:00 ][ error ] [8]Undefined index: order_sn[/www/wwwroot/www.1.com/application/stock/controller/Settle.php:95]
[ 2024-06-16T02:47:48+08:00 ][ error ] [10501]SQLSTATE[23000]: Integrity constraint violation: 1048 Column 'order_sn' cannot be null[/www/wwwroot/www.1.com/thinkphp/library/think/db/Connection.php:453]
[ 2024-06-16T02:53:15+08:00 ][ error ] [8]Undefined index: order_sn[/www/wwwroot/www.1.com/application/stock/controller/Settle.php:95]
[ 2024-06-16T02:53:15+08:00 ][ error ] [10501]SQLSTATE[23000]: Integrity constraint violation: 1048 Column 'order_sn' cannot be null[/www/wwwroot/www.1.com/thinkphp/library/think/db/Connection.php:453]
[ 2024-06-16T02:54:10+08:00 ][ error ] [8]Undefined index: order_sn[/www/wwwroot/www.1.com/application/stock/controller/Settle.php:95]
[ 2024-06-16T02:54:10+08:00 ][ error ] [10501]SQLSTATE[23000]: Integrity constraint violation: 1048 Column 'order_sn' cannot be null[/www/wwwroot/www.1.com/thinkphp/library/think/db/Connection.php:453]
[ 2024-06-16T03:10:26+08:00 ][ error ] [8]Undefined index: order_sn[/www/wwwroot/www.1.com/application/stock/controller/Settle.php:95]
[ 2024-06-16T03:10:26+08:00 ][ error ] [10501]SQLSTATE[23000]: Integrity constraint violation: 1048 Column 'order_sn' cannot be null[/www/wwwroot/www.1.com/thinkphp/library/think/db/Connection.php:453]
[ 2024-06-16T03:10:37+08:00 ][ error ] [8]Undefined index: order_sn[/www/wwwroot/www.1.com/application/stock/controller/Settle.php:95]
[ 2024-06-16T03:10:37+08:00 ][ error ] [10501]SQLSTATE[23000]: Integrity constraint violation: 1048 Column 'order_sn' cannot be null[/www/wwwroot/www.1.com/thinkphp/library/think/db/Connection.php:453]
[ 2024-06-16T03:21:48+08:00 ][ error ] [8]Undefined index: order_sn[/www/wwwroot/www.1.com/application/stock/controller/Settle.php:95]
[ 2024-06-16T03:21:48+08:00 ][ error ] [10501]SQLSTATE[23000]: Integrity constraint violation: 1048 Column 'order_sn' cannot be null[/www/wwwroot/www.1.com/thinkphp/library/think/db/Connection.php:453]
[ 2024-06-16T03:21:59+08:00 ][ error ] [8]Undefined index: order_sn[/www/wwwroot/www.1.com/application/stock/controller/Settle.php:95]
[ 2024-06-16T03:21:59+08:00 ][ error ] [10501]SQLSTATE[23000]: Integrity constraint violation: 1048 Column 'order_sn' cannot be null[/www/wwwroot/www.1.com/thinkphp/library/think/db/Connection.php:453]
[ 2024-06-16T03:52:30+08:00 ][ error ] [8]Undefined index: order_sn[/www/wwwroot/www.1.com/application/stock/controller/Settle.php:95]
[ 2024-06-16T03:52:30+08:00 ][ error ] [10501]SQLSTATE[23000]: Integrity constraint violation: 1048 Column 'order_sn' cannot be null[/www/wwwroot/www.1.com/thinkphp/library/think/db/Connection.php:453]
[ 2024-06-16T04:06:51+08:00 ][ error ] [2]gzdecode(): data error[/www/wwwroot/www.1.com/application/stock/controller/Btc528.php:98]
[ 2024-06-16T04:07:09+08:00 ][ error ] [2]gzdecode(): data error[/www/wwwroot/www.1.com/application/stock/controller/Btc528.php:98]
[ 2024-06-16T04:26:55+08:00 ][ error ] [2]gzdecode(): data error[/www/wwwroot/www.1.com/application/stock/controller/Btc528.php:98]
[ 2024-06-16T04:27:05+08:00 ][ error ] [2]gzdecode(): data error[/www/wwwroot/www.1.com/application/stock/controller/Btc528.php:98]
[ 2024-06-16T04:32:55+08:00 ][ error ] [8]Undefined index: order_sn[/www/wwwroot/www.1.com/application/stock/controller/Settle.php:95]
[ 2024-06-16T04:32:55+08:00 ][ error ] [10501]SQLSTATE[23000]: Integrity constraint violation: 1048 Column 'order_sn' cannot be null[/www/wwwroot/www.1.com/thinkphp/library/think/db/Connection.php:453]
[ 2024-06-16T04:33:13+08:00 ][ error ] [8]Undefined index: order_sn[/www/wwwroot/www.1.com/application/stock/controller/Settle.php:95]
[ 2024-06-16T04:33:13+08:00 ][ error ] [10501]SQLSTATE[23000]: Integrity constraint violation: 1048 Column 'order_sn' cannot be null[/www/wwwroot/www.1.com/thinkphp/library/think/db/Connection.php:453]
[ 2024-06-16T04:38:20+08:00 ][ error ] [8]Undefined index: order_sn[/www/wwwroot/www.1.com/application/stock/controller/Settle.php:95]
[ 2024-06-16T04:38:20+08:00 ][ error ] [10501]SQLSTATE[23000]: Integrity constraint violation: 1048 Column 'order_sn' cannot be null[/www/wwwroot/www.1.com/thinkphp/library/think/db/Connection.php:453]
[ 2024-06-16T05:34:47+08:00 ][ error ] [8]Undefined index: order_sn[/www/wwwroot/www.1.com/application/stock/controller/Settle.php:95]
[ 2024-06-16T05:34:47+08:00 ][ error ] [10501]SQLSTATE[23000]: Integrity constraint violation: 1048 Column 'order_sn' cannot be null[/www/wwwroot/www.1.com/thinkphp/library/think/db/Connection.php:453]
[ 2024-06-16T05:35:06+08:00 ][ error ] [8]Undefined index: order_sn[/www/wwwroot/www.1.com/application/stock/controller/Settle.php:95]
[ 2024-06-16T05:35:06+08:00 ][ error ] [10501]SQLSTATE[23000]: Integrity constraint violation: 1048 Column 'order_sn' cannot be null[/www/wwwroot/www.1.com/thinkphp/library/think/db/Connection.php:453]
[ 2024-06-16T05:48:47+08:00 ][ error ] [8]Undefined index: order_sn[/www/wwwroot/www.1.com/application/stock/controller/Settle.php:95]
[ 2024-06-16T05:48:47+08:00 ][ error ] [10501]SQLSTATE[23000]: Integrity constraint violation: 1048 Column 'order_sn' cannot be null[/www/wwwroot/www.1.com/thinkphp/library/think/db/Connection.php:453]
[ 2024-06-16T08:00:01+08:00 ][ error ] [10501]SQLSTATE[23000]: Integrity constraint violation: 1048 Column 'user_id' cannot be null[/www/wwwroot/www.1.com/thinkphp/library/think/db/Connection.php:453]
[ 2024-06-16T09:01:53+08:00 ][ error ] [2]gzdecode(): data error[/www/wwwroot/www.1.com/application/stock/controller/Btc528.php:98]
[ 2024-06-16T09:02:04+08:00 ][ error ] [2]gzdecode(): data error[/www/wwwroot/www.1.com/application/stock/controller/Btc528.php:98]
[ 2024-06-16T09:02:14+08:00 ][ error ] [2]gzdecode(): data error[/www/wwwroot/www.1.com/application/stock/controller/Btc528.php:98]
[ 2024-06-16T11:06:56+08:00 ][ error ] [0]Fatal error: Class 'app\stock\controller\DateTime' not found[/www/wwwroot/www.1.com/application/stock/controller/Settle.php:139]
[ 2024-06-16T11:07:07+08:00 ][ error ] [0]Fatal error: Class 'app\stock\controller\DateTime' not found[/www/wwwroot/www.1.com/application/stock/controller/Settle.php:139]
[ 2024-06-16T11:07:19+08:00 ][ error ] [0]Fatal error: Class 'app\stock\controller\DateTime' not found[/www/wwwroot/www.1.com/application/stock/controller/Settle.php:139]
[ 2024-06-16T11:07:30+08:00 ][ error ] [0]Fatal error: Class 'app\stock\controller\DateTime' not found[/www/wwwroot/www.1.com/application/stock/controller/Settle.php:139]
[ 2024-06-16T11:07:41+08:00 ][ error ] [0]Fatal error: Class 'app\stock\controller\DateTime' not found[/www/wwwroot/www.1.com/application/stock/controller/Settle.php:139]
[ 2024-06-16T11:07:52+08:00 ][ error ] [0]Fatal error: Class 'app\stock\controller\DateTime' not found[/www/wwwroot/www.1.com/application/stock/controller/Settle.php:139]
[ 2024-06-16T11:08:03+08:00 ][ error ] [0]Fatal error: Class 'app\stock\controller\DateTime' not found[/www/wwwroot/www.1.com/application/stock/controller/Settle.php:139]
[ 2024-06-16T11:08:14+08:00 ][ error ] [0]Fatal error: Class 'app\stock\controller\DateTime' not found[/www/wwwroot/www.1.com/application/stock/controller/Settle.php:139]
[ 2024-06-16T11:08:25+08:00 ][ error ] [0]Fatal error: Class 'app\stock\controller\DateTime' not found[/www/wwwroot/www.1.com/application/stock/controller/Settle.php:139]
[ 2024-06-16T11:08:36+08:00 ][ error ] [0]Fatal error: Class 'app\stock\controller\DateTime' not found[/www/wwwroot/www.1.com/application/stock/controller/Settle.php:139]
[ 2024-06-16T11:08:47+08:00 ][ error ] [0]Fatal error: Class 'app\stock\controller\DateTime' not found[/www/wwwroot/www.1.com/application/stock/controller/Settle.php:139]
[ 2024-06-16T11:08:58+08:00 ][ error ] [0]Fatal error: Class 'app\stock\controller\DateTime' not found[/www/wwwroot/www.1.com/application/stock/controller/Settle.php:139]
[ 2024-06-16T11:09:09+08:00 ][ error ] [0]Fatal error: Class 'app\stock\controller\DateTime' not found[/www/wwwroot/www.1.com/application/stock/controller/Settle.php:139]
[ 2024-06-16T11:09:21+08:00 ][ error ] [0]Fatal error: Class 'app\stock\controller\DateTime' not found[/www/wwwroot/www.1.com/application/stock/controller/Settle.php:139]
[ 2024-06-16T11:09:31+08:00 ][ error ] [0]Fatal error: Class 'app\stock\controller\DateTime' not found[/www/wwwroot/www.1.com/application/stock/controller/Settle.php:139]
[ 2024-06-16T11:09:42+08:00 ][ error ] [0]Fatal error: Class 'app\stock\controller\DateTime' not found[/www/wwwroot/www.1.com/application/stock/controller/Settle.php:139]
[ 2024-06-16T11:09:54+08:00 ][ error ] [0]Fatal error: Class 'app\stock\controller\DateTime' not found[/www/wwwroot/www.1.com/application/stock/controller/Settle.php:139]
[ 2024-06-16T11:10:05+08:00 ][ error ] [0]Fatal error: Class 'app\stock\controller\DateTime' not found[/www/wwwroot/www.1.com/application/stock/controller/Settle.php:139]
[ 2024-06-16T11:10:16+08:00 ][ error ] [0]Fatal error: Class 'app\stock\controller\DateTime' not found[/www/wwwroot/www.1.com/application/stock/controller/Settle.php:139]
[ 2024-06-16T11:10:27+08:00 ][ error ] [0]Fatal error: Class 'app\stock\controller\DateTime' not found[/www/wwwroot/www.1.com/application/stock/controller/Settle.php:139]
[ 2024-06-16T11:10:38+08:00 ][ error ] [0]Fatal error: Class 'app\stock\controller\DateTime' not found[/www/wwwroot/www.1.com/application/stock/controller/Settle.php:139]
[ 2024-06-16T11:10:49+08:00 ][ error ] [0]Fatal error: Class 'app\stock\controller\DateTime' not found[/www/wwwroot/www.1.com/application/stock/controller/Settle.php:139]
[ 2024-06-16T11:11:00+08:00 ][ error ] [0]Fatal error: Class 'app\stock\controller\DateTime' not found[/www/wwwroot/www.1.com/application/stock/controller/Settle.php:139]
[ 2024-06-16T11:11:11+08:00 ][ error ] [0]Fatal error: Class 'app\stock\controller\DateTime' not found[/www/wwwroot/www.1.com/application/stock/controller/Settle.php:139]
[ 2024-06-16T11:11:22+08:00 ][ error ] [0]Fatal error: Class 'app\stock\controller\DateTime' not found[/www/wwwroot/www.1.com/application/stock/controller/Settle.php:139]
[ 2024-06-16T11:11:33+08:00 ][ error ] [0]Fatal error: Class 'app\stock\controller\DateTime' not found[/www/wwwroot/www.1.com/application/stock/controller/Settle.php:139]
[ 2024-06-16T11:11:44+08:00 ][ error ] [0]Fatal error: Class 'app\stock\controller\DateTime' not found[/www/wwwroot/www.1.com/application/stock/controller/Settle.php:139]
[ 2024-06-16T11:11:55+08:00 ][ error ] [0]Fatal error: Class 'app\stock\controller\DateTime' not found[/www/wwwroot/www.1.com/application/stock/controller/Settle.php:139]
[ 2024-06-16T11:12:06+08:00 ][ error ] [0]Fatal error: Class 'app\stock\controller\DateTime' not found[/www/wwwroot/www.1.com/application/stock/controller/Settle.php:139]
[ 2024-06-16T11:12:17+08:00 ][ error ] [0]Fatal error: Class 'app\stock\controller\DateTime' not found[/www/wwwroot/www.1.com/application/stock/controller/Settle.php:139]
[ 2024-06-16T11:12:28+08:00 ][ error ] [0]Fatal error: Class 'app\stock\controller\DateTime' not found[/www/wwwroot/www.1.com/application/stock/controller/Settle.php:139]
[ 2024-06-16T11:12:39+08:00 ][ error ] [0]Fatal error: Class 'app\stock\controller\DateTime' not found[/www/wwwroot/www.1.com/application/stock/controller/Settle.php:139]
[ 2024-06-16T11:12:50+08:00 ][ error ] [0]Fatal error: Class 'app\stock\controller\DateTime' not found[/www/wwwroot/www.1.com/application/stock/controller/Settle.php:139]
[ 2024-06-16T11:13:01+08:00 ][ error ] [0]Fatal error: Class 'app\stock\controller\DateTime' not found[/www/wwwroot/www.1.com/application/stock/controller/Settle.php:139]
[ 2024-06-16T11:13:12+08:00 ][ error ] [0]Fatal error: Class 'app\stock\controller\DateTime' not found[/www/wwwroot/www.1.com/application/stock/controller/Settle.php:139]
[ 2024-06-16T11:13:23+08:00 ][ error ] [0]Fatal error: Class 'app\stock\controller\DateTime' not found[/www/wwwroot/www.1.com/application/stock/controller/Settle.php:139]
[ 2024-06-16T11:13:34+08:00 ][ error ] [0]Fatal error: Class 'app\stock\controller\DateTime' not found[/www/wwwroot/www.1.com/application/stock/controller/Settle.php:139]
[ 2024-06-16T11:13:45+08:00 ][ error ] [0]Fatal error: Class 'app\stock\controller\DateTime' not found[/www/wwwroot/www.1.com/application/stock/controller/Settle.php:139]
[ 2024-06-16T11:13:56+08:00 ][ error ] [0]Fatal error: Class 'app\stock\controller\DateTime' not found[/www/wwwroot/www.1.com/application/stock/controller/Settle.php:139]
[ 2024-06-16T11:14:07+08:00 ][ error ] [0]Fatal error: Class 'app\stock\controller\DateTime' not found[/www/wwwroot/www.1.com/application/stock/controller/Settle.php:139]
[ 2024-06-16T11:14:18+08:00 ][ error ] [0]Fatal error: Class 'app\stock\controller\DateTime' not found[/www/wwwroot/www.1.com/application/stock/controller/Settle.php:139]
[ 2024-06-16T11:14:29+08:00 ][ error ] [0]Fatal error: Class 'app\stock\controller\DateTime' not found[/www/wwwroot/www.1.com/application/stock/controller/Settle.php:139]
[ 2024-06-16T11:14:40+08:00 ][ error ] [0]Fatal error: Class 'app\stock\controller\DateTime' not found[/www/wwwroot/www.1.com/application/stock/controller/Settle.php:139]
[ 2024-06-16T11:14:51+08:00 ][ error ] [0]Fatal error: Class 'app\stock\controller\DateTime' not found[/www/wwwroot/www.1.com/application/stock/controller/Settle.php:139]
[ 2024-06-16T11:15:02+08:00 ][ error ] [0]Fatal error: Class 'app\stock\controller\DateTime' not found[/www/wwwroot/www.1.com/application/stock/controller/Settle.php:139]
[ 2024-06-16T11:15:13+08:00 ][ error ] [0]Fatal error: Class 'app\stock\controller\DateTime' not found[/www/wwwroot/www.1.com/application/stock/controller/Settle.php:139]
[ 2024-06-16T11:15:24+08:00 ][ error ] [0]Fatal error: Class 'app\stock\controller\DateTime' not found[/www/wwwroot/www.1.com/application/stock/controller/Settle.php:139]
[ 2024-06-16T11:15:35+08:00 ][ error ] [0]Fatal error: Class 'app\stock\controller\DateTime' not found[/www/wwwroot/www.1.com/application/stock/controller/Settle.php:139]
[ 2024-06-16T11:15:46+08:00 ][ error ] [0]Fatal error: Class 'app\stock\controller\DateTime' not found[/www/wwwroot/www.1.com/application/stock/controller/Settle.php:139]
[ 2024-06-16T11:15:57+08:00 ][ error ] [0]Fatal error: Class 'app\stock\controller\DateTime' not found[/www/wwwroot/www.1.com/application/stock/controller/Settle.php:139]
[ 2024-06-16T11:16:08+08:00 ][ error ] [0]Fatal error: Class 'app\stock\controller\DateTime' not found[/www/wwwroot/www.1.com/application/stock/controller/Settle.php:139]
[ 2024-06-16T11:16:19+08:00 ][ error ] [0]Fatal error: Class 'app\stock\controller\DateTime' not found[/www/wwwroot/www.1.com/application/stock/controller/Settle.php:139]
[ 2024-06-16T11:16:31+08:00 ][ error ] [0]Fatal error: Class 'app\stock\controller\DateTime' not found[/www/wwwroot/www.1.com/application/stock/controller/Settle.php:139]
[ 2024-06-16T11:16:42+08:00 ][ error ] [0]Fatal error: Class 'app\stock\controller\DateTime' not found[/www/wwwroot/www.1.com/application/stock/controller/Settle.php:139]
[ 2024-06-16T11:16:53+08:00 ][ error ] [0]Fatal error: Class 'app\stock\controller\DateTime' not found[/www/wwwroot/www.1.com/application/stock/controller/Settle.php:139]
[ 2024-06-16T11:17:04+08:00 ][ error ] [0]Fatal error: Class 'app\stock\controller\DateTime' not found[/www/wwwroot/www.1.com/application/stock/controller/Settle.php:139]
[ 2024-06-16T11:17:15+08:00 ][ error ] [0]Fatal error: Class 'app\stock\controller\DateTime' not found[/www/wwwroot/www.1.com/application/stock/controller/Settle.php:139]
[ 2024-06-16T11:17:27+08:00 ][ error ] [0]Fatal error: Class 'app\stock\controller\DateTime' not found[/www/wwwroot/www.1.com/application/stock/controller/Settle.php:139]
[ 2024-06-16T11:17:38+08:00 ][ error ] [0]Fatal error: Class 'app\stock\controller\DateTime' not found[/www/wwwroot/www.1.com/application/stock/controller/Settle.php:139]
[ 2024-06-16T11:17:49+08:00 ][ error ] [0]Fatal error: Class 'app\stock\controller\DateTime' not found[/www/wwwroot/www.1.com/application/stock/controller/Settle.php:139]
[ 2024-06-16T11:18:00+08:00 ][ error ] [0]Fatal error: Class 'app\stock\controller\DateTime' not found[/www/wwwroot/www.1.com/application/stock/controller/Settle.php:139]
[ 2024-06-16T11:18:11+08:00 ][ error ] [0]Fatal error: Class 'app\stock\controller\DateTime' not found[/www/wwwroot/www.1.com/application/stock/controller/Settle.php:139]
[ 2024-06-16T11:18:22+08:00 ][ error ] [0]Fatal error: Class 'app\stock\controller\DateTime' not found[/www/wwwroot/www.1.com/application/stock/controller/Settle.php:139]
[ 2024-06-16T11:18:33+08:00 ][ error ] [0]Fatal error: Class 'app\stock\controller\DateTime' not found[/www/wwwroot/www.1.com/application/stock/controller/Settle.php:139]
[ 2024-06-16T11:18:44+08:00 ][ error ] [0]Fatal error: Class 'app\stock\controller\DateTime' not found[/www/wwwroot/www.1.com/application/stock/controller/Settle.php:139]
[ 2024-06-16T11:18:56+08:00 ][ error ] [0]Fatal error: Class 'app\stock\controller\DateTime' not found[/www/wwwroot/www.1.com/application/stock/controller/Settle.php:139]
[ 2024-06-16T11:19:07+08:00 ][ error ] [0]Fatal error: Class 'app\stock\controller\DateTime' not found[/www/wwwroot/www.1.com/application/stock/controller/Settle.php:139]
[ 2024-06-16T11:19:18+08:00 ][ error ] [0]Fatal error: Class 'app\stock\controller\DateTime' not found[/www/wwwroot/www.1.com/application/stock/controller/Settle.php:139]
[ 2024-06-16T11:19:29+08:00 ][ error ] [0]Fatal error: Class 'app\stock\controller\DateTime' not found[/www/wwwroot/www.1.com/application/stock/controller/Settle.php:139]
[ 2024-06-16T11:19:40+08:00 ][ error ] [0]Fatal error: Class 'app\stock\controller\DateTime' not found[/www/wwwroot/www.1.com/application/stock/controller/Settle.php:139]
[ 2024-06-16T11:19:51+08:00 ][ error ] [0]Fatal error: Class 'app\stock\controller\DateTime' not found[/www/wwwroot/www.1.com/application/stock/controller/Settle.php:139]
[ 2024-06-16T11:20:02+08:00 ][ error ] [0]Fatal error: Class 'app\stock\controller\DateTime' not found[/www/wwwroot/www.1.com/application/stock/controller/Settle.php:139]
[ 2024-06-16T11:20:13+08:00 ][ error ] [0]Fatal error: Class 'app\stock\controller\DateTime' not found[/www/wwwroot/www.1.com/application/stock/controller/Settle.php:139]
[ 2024-06-16T11:20:24+08:00 ][ error ] [0]Fatal error: Class 'app\stock\controller\DateTime' not found[/www/wwwroot/www.1.com/application/stock/controller/Settle.php:139]
[ 2024-06-16T11:20:35+08:00 ][ error ] [0]Fatal error: Class 'app\stock\controller\DateTime' not found[/www/wwwroot/www.1.com/application/stock/controller/Settle.php:139]
[ 2024-06-16T11:20:46+08:00 ][ error ] [0]Fatal error: Class 'app\stock\controller\DateTime' not found[/www/wwwroot/www.1.com/application/stock/controller/Settle.php:139]
[ 2024-06-16T11:20:57+08:00 ][ error ] [0]Fatal error: Class 'app\stock\controller\DateTime' not found[/www/wwwroot/www.1.com/application/stock/controller/Settle.php:139]
[ 2024-06-16T11:21:08+08:00 ][ error ] [0]Fatal error: Class 'app\stock\controller\DateTime' not found[/www/wwwroot/www.1.com/application/stock/controller/Settle.php:139]
[ 2024-06-16T11:21:19+08:00 ][ error ] [0]Fatal error: Class 'app\stock\controller\DateTime' not found[/www/wwwroot/www.1.com/application/stock/controller/Settle.php:139]
[ 2024-06-16T11:21:30+08:00 ][ error ] [0]Fatal error: Class 'app\stock\controller\DateTime' not found[/www/wwwroot/www.1.com/application/stock/controller/Settle.php:139]
[ 2024-06-16T11:21:41+08:00 ][ error ] [0]Fatal error: Class 'app\stock\controller\DateTime' not found[/www/wwwroot/www.1.com/application/stock/controller/Settle.php:139]
[ 2024-06-16T11:21:50+08:00 ][ error ] [2]gzdecode(): data error[/www/wwwroot/www.1.com/application/stock/controller/Btc528.php:98]
[ 2024-06-16T11:21:52+08:00 ][ error ] [0]Fatal error: Class 'app\stock\controller\DateTime' not found[/www/wwwroot/www.1.com/application/stock/controller/Settle.php:139]
[ 2024-06-16T11:22:00+08:00 ][ error ] [2]gzdecode(): data error[/www/wwwroot/www.1.com/application/stock/controller/Btc528.php:98]
[ 2024-06-16T11:22:03+08:00 ][ error ] [0]Fatal error: Class 'app\stock\controller\DateTime' not found[/www/wwwroot/www.1.com/application/stock/controller/Settle.php:139]
[ 2024-06-16T11:22:14+08:00 ][ error ] [0]Fatal error: Class 'app\stock\controller\DateTime' not found[/www/wwwroot/www.1.com/application/stock/controller/Settle.php:139]
[ 2024-06-16T11:22:25+08:00 ][ error ] [0]Fatal error: Class 'app\stock\controller\DateTime' not found[/www/wwwroot/www.1.com/application/stock/controller/Settle.php:139]
[ 2024-06-16T11:22:36+08:00 ][ error ] [8]Undefined index: order_sn[/www/wwwroot/www.1.com/application/stock/controller/Settle.php:95]
[ 2024-06-16T11:22:36+08:00 ][ error ] [10501]SQLSTATE[23000]: Integrity constraint violation: 1048 Column 'order_sn' cannot be null[/www/wwwroot/www.1.com/thinkphp/library/think/db/Connection.php:453]
[ 2024-06-16T11:22:47+08:00 ][ error ] [8]Undefined index: order_sn[/www/wwwroot/www.1.com/application/stock/controller/Settle.php:95]
[ 2024-06-16T11:22:47+08:00 ][ error ] [10501]SQLSTATE[23000]: Integrity constraint violation: 1048 Column 'order_sn' cannot be null[/www/wwwroot/www.1.com/thinkphp/library/think/db/Connection.php:453]
[ 2024-06-16T11:22:58+08:00 ][ error ] [8]Undefined index: order_sn[/www/wwwroot/www.1.com/application/stock/controller/Settle.php:95]
[ 2024-06-16T11:22:58+08:00 ][ error ] [10501]SQLSTATE[23000]: Integrity constraint violation: 1048 Column 'order_sn' cannot be null[/www/wwwroot/www.1.com/thinkphp/library/think/db/Connection.php:453]
[ 2024-06-16T11:23:09+08:00 ][ error ] [8]Undefined index: order_sn[/www/wwwroot/www.1.com/application/stock/controller/Settle.php:95]
[ 2024-06-16T11:23:09+08:00 ][ error ] [10501]SQLSTATE[23000]: Integrity constraint violation: 1048 Column 'order_sn' cannot be null[/www/wwwroot/www.1.com/thinkphp/library/think/db/Connection.php:453]
[ 2024-06-16T11:23:21+08:00 ][ error ] [8]Undefined index: order_sn[/www/wwwroot/www.1.com/application/stock/controller/Settle.php:95]
[ 2024-06-16T11:23:21+08:00 ][ error ] [10501]SQLSTATE[23000]: Integrity constraint violation: 1048 Column 'order_sn' cannot be null[/www/wwwroot/www.1.com/thinkphp/library/think/db/Connection.php:453]
[ 2024-06-16T11:23:32+08:00 ][ error ] [8]Undefined index: order_sn[/www/wwwroot/www.1.com/application/stock/controller/Settle.php:95]
[ 2024-06-16T11:23:32+08:00 ][ error ] [10501]SQLSTATE[23000]: Integrity constraint violation: 1048 Column 'order_sn' cannot be null[/www/wwwroot/www.1.com/thinkphp/library/think/db/Connection.php:453]
[ 2024-06-16T11:30:50+08:00 ][ error ] [0]Fatal error: Class 'app\stock\controller\DateTime' not found[/www/wwwroot/www.1.com/application/stock/controller/Settle.php:139]
[ 2024-06-16T11:31:01+08:00 ][ error ] [0]Fatal error: Class 'app\stock\controller\DateTime' not found[/www/wwwroot/www.1.com/application/stock/controller/Settle.php:139]
[ 2024-06-16T11:31:12+08:00 ][ error ] [0]Fatal error: Class 'app\stock\controller\DateTime' not found[/www/wwwroot/www.1.com/application/stock/controller/Settle.php:139]
[ 2024-06-16T11:31:23+08:00 ][ error ] [0]Fatal error: Class 'app\stock\controller\DateTime' not found[/www/wwwroot/www.1.com/application/stock/controller/Settle.php:139]
[ 2024-06-16T11:31:34+08:00 ][ error ] [0]Fatal error: Class 'app\stock\controller\DateTime' not found[/www/wwwroot/www.1.com/application/stock/controller/Settle.php:139]
[ 2024-06-16T11:31:45+08:00 ][ error ] [0]Fatal error: Class 'app\stock\controller\DateTime' not found[/www/wwwroot/www.1.com/application/stock/controller/Settle.php:139]
[ 2024-06-16T11:31:56+08:00 ][ error ] [0]Fatal error: Class 'app\stock\controller\DateTime' not found[/www/wwwroot/www.1.com/application/stock/controller/Settle.php:139]
[ 2024-06-16T11:32:07+08:00 ][ error ] [0]Fatal error: Class 'app\stock\controller\DateTime' not found[/www/wwwroot/www.1.com/application/stock/controller/Settle.php:139]
[ 2024-06-16T11:32:18+08:00 ][ error ] [0]Fatal error: Class 'app\stock\controller\DateTime' not found[/www/wwwroot/www.1.com/application/stock/controller/Settle.php:139]
[ 2024-06-16T11:32:29+08:00 ][ error ] [0]Fatal error: Class 'app\stock\controller\DateTime' not found[/www/wwwroot/www.1.com/application/stock/controller/Settle.php:139]
[ 2024-06-16T11:32:40+08:00 ][ error ] [0]Fatal error: Class 'app\stock\controller\DateTime' not found[/www/wwwroot/www.1.com/application/stock/controller/Settle.php:139]
[ 2024-06-16T11:32:51+08:00 ][ error ] [0]Fatal error: Class 'app\stock\controller\DateTime' not found[/www/wwwroot/www.1.com/application/stock/controller/Settle.php:139]
[ 2024-06-16T11:33:02+08:00 ][ error ] [0]Fatal error: Class 'app\stock\controller\DateTime' not found[/www/wwwroot/www.1.com/application/stock/controller/Settle.php:139]
[ 2024-06-16T11:33:13+08:00 ][ error ] [0]Fatal error: Class 'app\stock\controller\DateTime' not found[/www/wwwroot/www.1.com/application/stock/controller/Settle.php:139]
[ 2024-06-16T11:33:24+08:00 ][ error ] [0]Fatal error: Class 'app\stock\controller\DateTime' not found[/www/wwwroot/www.1.com/application/stock/controller/Settle.php:139]
[ 2024-06-16T11:33:35+08:00 ][ error ] [0]Fatal error: Class 'app\stock\controller\DateTime' not found[/www/wwwroot/www.1.com/application/stock/controller/Settle.php:139]
[ 2024-06-16T11:33:46+08:00 ][ error ] [0]Fatal error: Class 'app\stock\controller\DateTime' not found[/www/wwwroot/www.1.com/application/stock/controller/Settle.php:139]
[ 2024-06-16T11:33:57+08:00 ][ error ] [0]Fatal error: Class 'app\stock\controller\DateTime' not found[/www/wwwroot/www.1.com/application/stock/controller/Settle.php:139]
[ 2024-06-16T11:34:08+08:00 ][ error ] [0]Fatal error: Class 'app\stock\controller\DateTime' not found[/www/wwwroot/www.1.com/application/stock/controller/Settle.php:139]
[ 2024-06-16T11:34:19+08:00 ][ error ] [0]Fatal error: Class 'app\stock\controller\DateTime' not found[/www/wwwroot/www.1.com/application/stock/controller/Settle.php:139]
[ 2024-06-16T11:34:30+08:00 ][ error ] [0]Fatal error: Class 'app\stock\controller\DateTime' not found[/www/wwwroot/www.1.com/application/stock/controller/Settle.php:139]
[ 2024-06-16T11:34:41+08:00 ][ error ] [0]Fatal error: Class 'app\stock\controller\DateTime' not found[/www/wwwroot/www.1.com/application/stock/controller/Settle.php:139]
[ 2024-06-16T11:34:52+08:00 ][ error ] [0]Fatal error: Class 'app\stock\controller\DateTime' not found[/www/wwwroot/www.1.com/application/stock/controller/Settle.php:139]
[ 2024-06-16T11:35:03+08:00 ][ error ] [0]Fatal error: Class 'app\stock\controller\DateTime' not found[/www/wwwroot/www.1.com/application/stock/controller/Settle.php:139]
[ 2024-06-16T11:35:14+08:00 ][ error ] [0]Fatal error: Class 'app\stock\controller\DateTime' not found[/www/wwwroot/www.1.com/application/stock/controller/Settle.php:139]
[ 2024-06-16T11:35:26+08:00 ][ error ] [0]Fatal error: Class 'app\stock\controller\DateTime' not found[/www/wwwroot/www.1.com/application/stock/controller/Settle.php:139]
[ 2024-06-16T11:35:36+08:00 ][ error ] [0]Fatal error: Class 'app\stock\controller\DateTime' not found[/www/wwwroot/www.1.com/application/stock/controller/Settle.php:139]
[ 2024-06-16T11:35:47+08:00 ][ error ] [0]Fatal error: Class 'app\stock\controller\DateTime' not found[/www/wwwroot/www.1.com/application/stock/controller/Settle.php:139]
[ 2024-06-16T11:35:59+08:00 ][ error ] [0]Fatal error: Class 'app\stock\controller\DateTime' not found[/www/wwwroot/www.1.com/application/stock/controller/Settle.php:139]
[ 2024-06-16T11:36:10+08:00 ][ error ] [0]Fatal error: Class 'app\stock\controller\DateTime' not found[/www/wwwroot/www.1.com/application/stock/controller/Settle.php:139]
[ 2024-06-16T11:36:21+08:00 ][ error ] [0]Fatal error: Class 'app\stock\controller\DateTime' not found[/www/wwwroot/www.1.com/application/stock/controller/Settle.php:139]
[ 2024-06-16T11:36:32+08:00 ][ error ] [0]Fatal error: Class 'app\stock\controller\DateTime' not found[/www/wwwroot/www.1.com/application/stock/controller/Settle.php:139]
[ 2024-06-16T11:36:43+08:00 ][ error ] [0]Fatal error: Class 'app\stock\controller\DateTime' not found[/www/wwwroot/www.1.com/application/stock/controller/Settle.php:139]
[ 2024-06-16T11:36:54+08:00 ][ error ] [0]Fatal error: Class 'app\stock\controller\DateTime' not found[/www/wwwroot/www.1.com/application/stock/controller/Settle.php:139]
[ 2024-06-16T11:37:05+08:00 ][ error ] [0]Fatal error: Class 'app\stock\controller\DateTime' not found[/www/wwwroot/www.1.com/application/stock/controller/Settle.php:139]
[ 2024-06-16T11:37:16+08:00 ][ error ] [0]Fatal error: Class 'app\stock\controller\DateTime' not found[/www/wwwroot/www.1.com/application/stock/controller/Settle.php:139]
[ 2024-06-16T11:37:27+08:00 ][ error ] [0]Fatal error: Class 'app\stock\controller\DateTime' not found[/www/wwwroot/www.1.com/application/stock/controller/Settle.php:139]
[ 2024-06-16T11:37:38+08:00 ][ error ] [0]Fatal error: Class 'app\stock\controller\DateTime' not found[/www/wwwroot/www.1.com/application/stock/controller/Settle.php:139]
[ 2024-06-16T11:37:49+08:00 ][ error ] [0]Fatal error: Class 'app\stock\controller\DateTime' not found[/www/wwwroot/www.1.com/application/stock/controller/Settle.php:139]
[ 2024-06-16T11:38:00+08:00 ][ error ] [0]Fatal error: Class 'app\stock\controller\DateTime' not found[/www/wwwroot/www.1.com/application/stock/controller/Settle.php:139]
[ 2024-06-16T11:38:11+08:00 ][ error ] [0]Fatal error: Class 'app\stock\controller\DateTime' not found[/www/wwwroot/www.1.com/application/stock/controller/Settle.php:139]
[ 2024-06-16T11:38:22+08:00 ][ error ] [0]Fatal error: Class 'app\stock\controller\DateTime' not found[/www/wwwroot/www.1.com/application/stock/controller/Settle.php:139]
[ 2024-06-16T11:38:33+08:00 ][ error ] [0]Fatal error: Class 'app\stock\controller\DateTime' not found[/www/wwwroot/www.1.com/application/stock/controller/Settle.php:139]
[ 2024-06-16T11:38:44+08:00 ][ error ] [0]Fatal error: Class 'app\stock\controller\DateTime' not found[/www/wwwroot/www.1.com/application/stock/controller/Settle.php:139]
[ 2024-06-16T11:38:55+08:00 ][ error ] [0]Fatal error: Class 'app\stock\controller\DateTime' not found[/www/wwwroot/www.1.com/application/stock/controller/Settle.php:139]
[ 2024-06-16T11:39:06+08:00 ][ error ] [0]Fatal error: Class 'app\stock\controller\DateTime' not found[/www/wwwroot/www.1.com/application/stock/controller/Settle.php:139]
[ 2024-06-16T11:39:17+08:00 ][ error ] [0]Fatal error: Class 'app\stock\controller\DateTime' not found[/www/wwwroot/www.1.com/application/stock/controller/Settle.php:139]
[ 2024-06-16T11:39:28+08:00 ][ error ] [0]Fatal error: Class 'app\stock\controller\DateTime' not found[/www/wwwroot/www.1.com/application/stock/controller/Settle.php:139]
[ 2024-06-16T11:39:39+08:00 ][ error ] [0]Fatal error: Class 'app\stock\controller\DateTime' not found[/www/wwwroot/www.1.com/application/stock/controller/Settle.php:139]
[ 2024-06-16T11:39:50+08:00 ][ error ] [0]Fatal error: Class 'app\stock\controller\DateTime' not found[/www/wwwroot/www.1.com/application/stock/controller/Settle.php:139]
[ 2024-06-16T11:40:01+08:00 ][ error ] [0]Fatal error: Class 'app\stock\controller\DateTime' not found[/www/wwwroot/www.1.com/application/stock/controller/Settle.php:139]
[ 2024-06-16T11:40:12+08:00 ][ error ] [0]Fatal error: Class 'app\stock\controller\DateTime' not found[/www/wwwroot/www.1.com/application/stock/controller/Settle.php:139]
[ 2024-06-16T11:40:23+08:00 ][ error ] [0]Fatal error: Class 'app\stock\controller\DateTime' not found[/www/wwwroot/www.1.com/application/stock/controller/Settle.php:139]
[ 2024-06-16T11:40:34+08:00 ][ error ] [0]Fatal error: Class 'app\stock\controller\DateTime' not found[/www/wwwroot/www.1.com/application/stock/controller/Settle.php:139]
[ 2024-06-16T11:40:45+08:00 ][ error ] [0]Fatal error: Class 'app\stock\controller\DateTime' not found[/www/wwwroot/www.1.com/application/stock/controller/Settle.php:139]
[ 2024-06-16T11:40:56+08:00 ][ error ] [0]Fatal error: Class 'app\stock\controller\DateTime' not found[/www/wwwroot/www.1.com/application/stock/controller/Settle.php:139]
[ 2024-06-16T11:41:07+08:00 ][ error ] [0]Fatal error: Class 'app\stock\controller\DateTime' not found[/www/wwwroot/www.1.com/application/stock/controller/Settle.php:139]
[ 2024-06-16T11:41:18+08:00 ][ error ] [0]Fatal error: Class 'app\stock\controller\DateTime' not found[/www/wwwroot/www.1.com/application/stock/controller/Settle.php:139]
[ 2024-06-16T11:41:29+08:00 ][ error ] [0]Fatal error: Class 'app\stock\controller\DateTime' not found[/www/wwwroot/www.1.com/application/stock/controller/Settle.php:139]
[ 2024-06-16T11:41:40+08:00 ][ error ] [0]Fatal error: Class 'app\stock\controller\DateTime' not found[/www/wwwroot/www.1.com/application/stock/controller/Settle.php:139]
[ 2024-06-16T11:41:51+08:00 ][ error ] [0]Fatal error: Class 'app\stock\controller\DateTime' not found[/www/wwwroot/www.1.com/application/stock/controller/Settle.php:139]
[ 2024-06-16T11:42:02+08:00 ][ error ] [0]Fatal error: Class 'app\stock\controller\DateTime' not found[/www/wwwroot/www.1.com/application/stock/controller/Settle.php:139]
[ 2024-06-16T11:42:13+08:00 ][ error ] [0]Fatal error: Class 'app\stock\controller\DateTime' not found[/www/wwwroot/www.1.com/application/stock/controller/Settle.php:139]
[ 2024-06-16T11:42:24+08:00 ][ error ] [0]Fatal error: Class 'app\stock\controller\DateTime' not found[/www/wwwroot/www.1.com/application/stock/controller/Settle.php:139]
[ 2024-06-16T11:42:35+08:00 ][ error ] [0]Fatal error: Class 'app\stock\controller\DateTime' not found[/www/wwwroot/www.1.com/application/stock/controller/Settle.php:139]
[ 2024-06-16T11:42:47+08:00 ][ error ] [0]Fatal error: Class 'app\stock\controller\DateTime' not found[/www/wwwroot/www.1.com/application/stock/controller/Settle.php:139]
[ 2024-06-16T11:42:57+08:00 ][ error ] [0]Fatal error: Class 'app\stock\controller\DateTime' not found[/www/wwwroot/www.1.com/application/stock/controller/Settle.php:139]
[ 2024-06-16T11:43:08+08:00 ][ error ] [0]Fatal error: Class 'app\stock\controller\DateTime' not found[/www/wwwroot/www.1.com/application/stock/controller/Settle.php:139]
[ 2024-06-16T11:43:19+08:00 ][ error ] [0]Fatal error: Class 'app\stock\controller\DateTime' not found[/www/wwwroot/www.1.com/application/stock/controller/Settle.php:139]
[ 2024-06-16T11:43:30+08:00 ][ error ] [0]Fatal error: Class 'app\stock\controller\DateTime' not found[/www/wwwroot/www.1.com/application/stock/controller/Settle.php:139]
[ 2024-06-16T11:43:41+08:00 ][ error ] [0]Fatal error: Class 'app\stock\controller\DateTime' not found[/www/wwwroot/www.1.com/application/stock/controller/Settle.php:139]
[ 2024-06-16T11:43:52+08:00 ][ error ] [0]Fatal error: Class 'app\stock\controller\DateTime' not found[/www/wwwroot/www.1.com/application/stock/controller/Settle.php:139]
[ 2024-06-16T11:44:03+08:00 ][ error ] [0]Fatal error: Class 'app\stock\controller\DateTime' not found[/www/wwwroot/www.1.com/application/stock/controller/Settle.php:139]
[ 2024-06-16T11:44:14+08:00 ][ error ] [0]Fatal error: Class 'app\stock\controller\DateTime' not found[/www/wwwroot/www.1.com/application/stock/controller/Settle.php:139]
[ 2024-06-16T11:44:25+08:00 ][ error ] [0]Fatal error: Class 'app\stock\controller\DateTime' not found[/www/wwwroot/www.1.com/application/stock/controller/Settle.php:139]
[ 2024-06-16T11:44:36+08:00 ][ error ] [0]Fatal error: Class 'app\stock\controller\DateTime' not found[/www/wwwroot/www.1.com/application/stock/controller/Settle.php:139]
[ 2024-06-16T11:44:47+08:00 ][ error ] [0]Fatal error: Class 'app\stock\controller\DateTime' not found[/www/wwwroot/www.1.com/application/stock/controller/Settle.php:139]
[ 2024-06-16T11:44:58+08:00 ][ error ] [0]Fatal error: Class 'app\stock\controller\DateTime' not found[/www/wwwroot/www.1.com/application/stock/controller/Settle.php:139]
[ 2024-06-16T11:45:09+08:00 ][ error ] [0]Fatal error: Class 'app\stock\controller\DateTime' not found[/www/wwwroot/www.1.com/application/stock/controller/Settle.php:139]
[ 2024-06-16T11:45:20+08:00 ][ error ] [0]Fatal error: Class 'app\stock\controller\DateTime' not found[/www/wwwroot/www.1.com/application/stock/controller/Settle.php:139]
[ 2024-06-16T11:45:31+08:00 ][ error ] [0]Fatal error: Class 'app\stock\controller\DateTime' not found[/www/wwwroot/www.1.com/application/stock/controller/Settle.php:139]
[ 2024-06-16T11:45:42+08:00 ][ error ] [0]Fatal error: Class 'app\stock\controller\DateTime' not found[/www/wwwroot/www.1.com/application/stock/controller/Settle.php:139]
[ 2024-06-16T11:45:53+08:00 ][ error ] [0]Fatal error: Class 'app\stock\controller\DateTime' not found[/www/wwwroot/www.1.com/application/stock/controller/Settle.php:139]
[ 2024-06-16T11:46:04+08:00 ][ error ] [0]Fatal error: Class 'app\stock\controller\DateTime' not found[/www/wwwroot/www.1.com/application/stock/controller/Settle.php:139]
[ 2024-06-16T11:46:15+08:00 ][ error ] [0]Fatal error: Class 'app\stock\controller\DateTime' not found[/www/wwwroot/www.1.com/application/stock/controller/Settle.php:139]
[ 2024-06-16T11:46:26+08:00 ][ error ] [0]Fatal error: Class 'app\stock\controller\DateTime' not found[/www/wwwroot/www.1.com/application/stock/controller/Settle.php:139]
[ 2024-06-16T11:46:37+08:00 ][ error ] [0]Fatal error: Class 'app\stock\controller\DateTime' not found[/www/wwwroot/www.1.com/application/stock/controller/Settle.php:139]
[ 2024-06-16T11:46:48+08:00 ][ error ] [0]Fatal error: Class 'app\stock\controller\DateTime' not found[/www/wwwroot/www.1.com/application/stock/controller/Settle.php:139]
[ 2024-06-16T11:46:59+08:00 ][ error ] [0]Fatal error: Class 'app\stock\controller\DateTime' not found[/www/wwwroot/www.1.com/application/stock/controller/Settle.php:139]
[ 2024-06-16T11:47:10+08:00 ][ error ] [0]Fatal error: Class 'app\stock\controller\DateTime' not found[/www/wwwroot/www.1.com/application/stock/controller/Settle.php:139]
[ 2024-06-16T11:47:21+08:00 ][ error ] [0]Fatal error: Class 'app\stock\controller\DateTime' not found[/www/wwwroot/www.1.com/application/stock/controller/Settle.php:139]
[ 2024-06-16T11:47:32+08:00 ][ error ] [0]Fatal error: Class 'app\stock\controller\DateTime' not found[/www/wwwroot/www.1.com/application/stock/controller/Settle.php:139]
[ 2024-06-16T11:47:43+08:00 ][ error ] [0]Fatal error: Class 'app\stock\controller\DateTime' not found[/www/wwwroot/www.1.com/application/stock/controller/Settle.php:139]
[ 2024-06-16T11:47:54+08:00 ][ error ] [0]Fatal error: Class 'app\stock\controller\DateTime' not found[/www/wwwroot/www.1.com/application/stock/controller/Settle.php:139]
[ 2024-06-16T11:48:05+08:00 ][ error ] [0]Fatal error: Class 'app\stock\controller\DateTime' not found[/www/wwwroot/www.1.com/application/stock/controller/Settle.php:139]
[ 2024-06-16T11:48:16+08:00 ][ error ] [0]Fatal error: Class 'app\stock\controller\DateTime' not found[/www/wwwroot/www.1.com/application/stock/controller/Settle.php:139]
[ 2024-06-16T11:48:27+08:00 ][ error ] [0]Fatal error: Class 'app\stock\controller\DateTime' not found[/www/wwwroot/www.1.com/application/stock/controller/Settle.php:139]
[ 2024-06-16T11:48:38+08:00 ][ error ] [0]Fatal error: Class 'app\stock\controller\DateTime' not found[/www/wwwroot/www.1.com/application/stock/controller/Settle.php:139]
[ 2024-06-16T11:48:49+08:00 ][ error ] [0]Fatal error: Class 'app\stock\controller\DateTime' not found[/www/wwwroot/www.1.com/application/stock/controller/Settle.php:139]
[ 2024-06-16T11:49:00+08:00 ][ error ] [0]Fatal error: Class 'app\stock\controller\DateTime' not found[/www/wwwroot/www.1.com/application/stock/controller/Settle.php:139]
[ 2024-06-16T11:49:11+08:00 ][ error ] [0]Fatal error: Class 'app\stock\controller\DateTime' not found[/www/wwwroot/www.1.com/application/stock/controller/Settle.php:139]
[ 2024-06-16T11:49:22+08:00 ][ error ] [0]Fatal error: Class 'app\stock\controller\DateTime' not found[/www/wwwroot/www.1.com/application/stock/controller/Settle.php:139]
[ 2024-06-16T11:49:33+08:00 ][ error ] [0]Fatal error: Class 'app\stock\controller\DateTime' not found[/www/wwwroot/www.1.com/application/stock/controller/Settle.php:139]
[ 2024-06-16T11:49:45+08:00 ][ error ] [0]Fatal error: Class 'app\stock\controller\DateTime' not found[/www/wwwroot/www.1.com/application/stock/controller/Settle.php:139]
[ 2024-06-16T11:49:56+08:00 ][ error ] [0]Fatal error: Class 'app\stock\controller\DateTime' not found[/www/wwwroot/www.1.com/application/stock/controller/Settle.php:139]
[ 2024-06-16T11:50:07+08:00 ][ error ] [0]Fatal error: Class 'app\stock\controller\DateTime' not found[/www/wwwroot/www.1.com/application/stock/controller/Settle.php:139]
[ 2024-06-16T11:50:18+08:00 ][ error ] [0]Fatal error: Class 'app\stock\controller\DateTime' not found[/www/wwwroot/www.1.com/application/stock/controller/Settle.php:139]
[ 2024-06-16T11:50:29+08:00 ][ error ] [0]Fatal error: Class 'app\stock\controller\DateTime' not found[/www/wwwroot/www.1.com/application/stock/controller/Settle.php:139]
[ 2024-06-16T11:50:40+08:00 ][ error ] [0]Fatal error: Class 'app\stock\controller\DateTime' not found[/www/wwwroot/www.1.com/application/stock/controller/Settle.php:139]
[ 2024-06-16T11:50:51+08:00 ][ error ] [0]Fatal error: Class 'app\stock\controller\DateTime' not found[/www/wwwroot/www.1.com/application/stock/controller/Settle.php:139]
[ 2024-06-16T11:51:02+08:00 ][ error ] [0]Fatal error: Class 'app\stock\controller\DateTime' not found[/www/wwwroot/www.1.com/application/stock/controller/Settle.php:139]
[ 2024-06-16T11:51:13+08:00 ][ error ] [0]Fatal error: Class 'app\stock\controller\DateTime' not found[/www/wwwroot/www.1.com/application/stock/controller/Settle.php:139]
[ 2024-06-16T11:51:24+08:00 ][ error ] [0]Fatal error: Class 'app\stock\controller\DateTime' not found[/www/wwwroot/www.1.com/application/stock/controller/Settle.php:139]
[ 2024-06-16T11:51:35+08:00 ][ error ] [0]Fatal error: Class 'app\stock\controller\DateTime' not found[/www/wwwroot/www.1.com/application/stock/controller/Settle.php:139]
[ 2024-06-16T11:51:46+08:00 ][ error ] [0]Fatal error: Class 'app\stock\controller\DateTime' not found[/www/wwwroot/www.1.com/application/stock/controller/Settle.php:139]
[ 2024-06-16T11:51:57+08:00 ][ error ] [0]Fatal error: Class 'app\stock\controller\DateTime' not found[/www/wwwroot/www.1.com/application/stock/controller/Settle.php:139]
[ 2024-06-16T11:52:08+08:00 ][ error ] [0]Fatal error: Class 'app\stock\controller\DateTime' not found[/www/wwwroot/www.1.com/application/stock/controller/Settle.php:139]
[ 2024-06-16T11:52:19+08:00 ][ error ] [0]Fatal error: Class 'app\stock\controller\DateTime' not found[/www/wwwroot/www.1.com/application/stock/controller/Settle.php:139]
[ 2024-06-16T11:52:30+08:00 ][ error ] [0]Fatal error: Class 'app\stock\controller\DateTime' not found[/www/wwwroot/www.1.com/application/stock/controller/Settle.php:139]
[ 2024-06-16T11:52:41+08:00 ][ error ] [0]Fatal error: Class 'app\stock\controller\DateTime' not found[/www/wwwroot/www.1.com/application/stock/controller/Settle.php:139]
[ 2024-06-16T11:52:52+08:00 ][ error ] [0]Fatal error: Class 'app\stock\controller\DateTime' not found[/www/wwwroot/www.1.com/application/stock/controller/Settle.php:139]
[ 2024-06-16T11:53:03+08:00 ][ error ] [0]Fatal error: Class 'app\stock\controller\DateTime' not found[/www/wwwroot/www.1.com/application/stock/controller/Settle.php:139]
[ 2024-06-16T11:53:14+08:00 ][ error ] [0]Fatal error: Class 'app\stock\controller\DateTime' not found[/www/wwwroot/www.1.com/application/stock/controller/Settle.php:139]
[ 2024-06-16T11:53:25+08:00 ][ error ] [0]Fatal error: Class 'app\stock\controller\DateTime' not found[/www/wwwroot/www.1.com/application/stock/controller/Settle.php:139]
[ 2024-06-16T11:53:36+08:00 ][ error ] [0]Fatal error: Class 'app\stock\controller\DateTime' not found[/www/wwwroot/www.1.com/application/stock/controller/Settle.php:139]
[ 2024-06-16T11:53:47+08:00 ][ error ] [0]Fatal error: Class 'app\stock\controller\DateTime' not found[/www/wwwroot/www.1.com/application/stock/controller/Settle.php:139]
[ 2024-06-16T11:53:58+08:00 ][ error ] [0]Fatal error: Class 'app\stock\controller\DateTime' not found[/www/wwwroot/www.1.com/application/stock/controller/Settle.php:139]
[ 2024-06-16T11:54:09+08:00 ][ error ] [0]Fatal error: Class 'app\stock\controller\DateTime' not found[/www/wwwroot/www.1.com/application/stock/controller/Settle.php:139]
[ 2024-06-16T11:54:20+08:00 ][ error ] [0]Fatal error: Class 'app\stock\controller\DateTime' not found[/www/wwwroot/www.1.com/application/stock/controller/Settle.php:139]
[ 2024-06-16T11:54:31+08:00 ][ error ] [0]Fatal error: Class 'app\stock\controller\DateTime' not found[/www/wwwroot/www.1.com/application/stock/controller/Settle.php:139]
[ 2024-06-16T11:54:42+08:00 ][ error ] [0]Fatal error: Class 'app\stock\controller\DateTime' not found[/www/wwwroot/www.1.com/application/stock/controller/Settle.php:139]
[ 2024-06-16T11:54:53+08:00 ][ error ] [0]Fatal error: Class 'app\stock\controller\DateTime' not found[/www/wwwroot/www.1.com/application/stock/controller/Settle.php:139]
[ 2024-06-16T11:55:04+08:00 ][ error ] [0]Fatal error: Class 'app\stock\controller\DateTime' not found[/www/wwwroot/www.1.com/application/stock/controller/Settle.php:139]
[ 2024-06-16T11:55:15+08:00 ][ error ] [0]Fatal error: Class 'app\stock\controller\DateTime' not found[/www/wwwroot/www.1.com/application/stock/controller/Settle.php:139]
[ 2024-06-16T11:55:26+08:00 ][ error ] [0]Fatal error: Class 'app\stock\controller\DateTime' not found[/www/wwwroot/www.1.com/application/stock/controller/Settle.php:139]
[ 2024-06-16T11:55:37+08:00 ][ error ] [0]Fatal error: Class 'app\stock\controller\DateTime' not found[/www/wwwroot/www.1.com/application/stock/controller/Settle.php:139]
[ 2024-06-16T11:55:48+08:00 ][ error ] [0]Fatal error: Class 'app\stock\controller\DateTime' not found[/www/wwwroot/www.1.com/application/stock/controller/Settle.php:139]
[ 2024-06-16T11:55:59+08:00 ][ error ] [0]Fatal error: Class 'app\stock\controller\DateTime' not found[/www/wwwroot/www.1.com/application/stock/controller/Settle.php:139]
[ 2024-06-16T11:56:10+08:00 ][ error ] [0]Fatal error: Class 'app\stock\controller\DateTime' not found[/www/wwwroot/www.1.com/application/stock/controller/Settle.php:139]
[ 2024-06-16T11:56:21+08:00 ][ error ] [0]Fatal error: Class 'app\stock\controller\DateTime' not found[/www/wwwroot/www.1.com/application/stock/controller/Settle.php:139]
[ 2024-06-16T11:56:32+08:00 ][ error ] [0]Fatal error: Class 'app\stock\controller\DateTime' not found[/www/wwwroot/www.1.com/application/stock/controller/Settle.php:139]
[ 2024-06-16T11:56:43+08:00 ][ error ] [0]Fatal error: Class 'app\stock\controller\DateTime' not found[/www/wwwroot/www.1.com/application/stock/controller/Settle.php:139]
[ 2024-06-16T11:56:54+08:00 ][ error ] [0]Fatal error: Class 'app\stock\controller\DateTime' not found[/www/wwwroot/www.1.com/application/stock/controller/Settle.php:139]
[ 2024-06-16T11:57:05+08:00 ][ error ] [0]Fatal error: Class 'app\stock\controller\DateTime' not found[/www/wwwroot/www.1.com/application/stock/controller/Settle.php:139]
[ 2024-06-16T11:57:16+08:00 ][ error ] [0]Fatal error: Class 'app\stock\controller\DateTime' not found[/www/wwwroot/www.1.com/application/stock/controller/Settle.php:139]
[ 2024-06-16T11:57:27+08:00 ][ error ] [0]Fatal error: Class 'app\stock\controller\DateTime' not found[/www/wwwroot/www.1.com/application/stock/controller/Settle.php:139]
[ 2024-06-16T11:57:38+08:00 ][ error ] [0]Fatal error: Class 'app\stock\controller\DateTime' not found[/www/wwwroot/www.1.com/application/stock/controller/Settle.php:139]
[ 2024-06-16T11:57:49+08:00 ][ error ] [0]Fatal error: Class 'app\stock\controller\DateTime' not found[/www/wwwroot/www.1.com/application/stock/controller/Settle.php:139]
[ 2024-06-16T11:58:00+08:00 ][ error ] [0]Fatal error: Class 'app\stock\controller\DateTime' not found[/www/wwwroot/www.1.com/application/stock/controller/Settle.php:139]
[ 2024-06-16T11:58:11+08:00 ][ error ] [0]Fatal error: Class 'app\stock\controller\DateTime' not found[/www/wwwroot/www.1.com/application/stock/controller/Settle.php:139]
[ 2024-06-16T11:58:22+08:00 ][ error ] [0]Fatal error: Class 'app\stock\controller\DateTime' not found[/www/wwwroot/www.1.com/application/stock/controller/Settle.php:139]
[ 2024-06-16T11:58:33+08:00 ][ error ] [0]Fatal error: Class 'app\stock\controller\DateTime' not found[/www/wwwroot/www.1.com/application/stock/controller/Settle.php:139]
[ 2024-06-16T11:58:44+08:00 ][ error ] [0]Fatal error: Class 'app\stock\controller\DateTime' not found[/www/wwwroot/www.1.com/application/stock/controller/Settle.php:139]
[ 2024-06-16T11:58:55+08:00 ][ error ] [0]Fatal error: Class 'app\stock\controller\DateTime' not found[/www/wwwroot/www.1.com/application/stock/controller/Settle.php:139]
[ 2024-06-16T11:59:06+08:00 ][ error ] [0]Fatal error: Class 'app\stock\controller\DateTime' not found[/www/wwwroot/www.1.com/application/stock/controller/Settle.php:139]
[ 2024-06-16T11:59:17+08:00 ][ error ] [0]Fatal error: Class 'app\stock\controller\DateTime' not found[/www/wwwroot/www.1.com/application/stock/controller/Settle.php:139]
[ 2024-06-16T11:59:28+08:00 ][ error ] [0]Fatal error: Class 'app\stock\controller\DateTime' not found[/www/wwwroot/www.1.com/application/stock/controller/Settle.php:139]
[ 2024-06-16T11:59:39+08:00 ][ error ] [0]Fatal error: Class 'app\stock\controller\DateTime' not found[/www/wwwroot/www.1.com/application/stock/controller/Settle.php:139]
[ 2024-06-16T11:59:50+08:00 ][ error ] [0]Fatal error: Class 'app\stock\controller\DateTime' not found[/www/wwwroot/www.1.com/application/stock/controller/Settle.php:139]
[ 2024-06-16T12:00:01+08:00 ][ error ] [0]Fatal error: Class 'app\stock\controller\DateTime' not found[/www/wwwroot/www.1.com/application/stock/controller/Settle.php:139]
[ 2024-06-16T12:00:12+08:00 ][ error ] [0]Fatal error: Class 'app\stock\controller\DateTime' not found[/www/wwwroot/www.1.com/application/stock/controller/Settle.php:139]
[ 2024-06-16T12:00:23+08:00 ][ error ] [0]Fatal error: Class 'app\stock\controller\DateTime' not found[/www/wwwroot/www.1.com/application/stock/controller/Settle.php:139]
[ 2024-06-16T12:00:34+08:00 ][ error ] [0]Fatal error: Class 'app\stock\controller\DateTime' not found[/www/wwwroot/www.1.com/application/stock/controller/Settle.php:139]
[ 2024-06-16T12:00:45+08:00 ][ error ] [0]Fatal error: Class 'app\stock\controller\DateTime' not found[/www/wwwroot/www.1.com/application/stock/controller/Settle.php:139]
[ 2024-06-16T12:00:56+08:00 ][ error ] [0]Fatal error: Class 'app\stock\controller\DateTime' not found[/www/wwwroot/www.1.com/application/stock/controller/Settle.php:139]
[ 2024-06-16T12:01:07+08:00 ][ error ] [0]Fatal error: Class 'app\stock\controller\DateTime' not found[/www/wwwroot/www.1.com/application/stock/controller/Settle.php:139]
[ 2024-06-16T12:01:18+08:00 ][ error ] [0]Fatal error: Class 'app\stock\controller\DateTime' not found[/www/wwwroot/www.1.com/application/stock/controller/Settle.php:139]
[ 2024-06-16T12:01:29+08:00 ][ error ] [0]Fatal error: Class 'app\stock\controller\DateTime' not found[/www/wwwroot/www.1.com/application/stock/controller/Settle.php:139]
[ 2024-06-16T12:01:40+08:00 ][ error ] [0]Fatal error: Class 'app\stock\controller\DateTime' not found[/www/wwwroot/www.1.com/application/stock/controller/Settle.php:139]
[ 2024-06-16T12:01:51+08:00 ][ error ] [0]Fatal error: Class 'app\stock\controller\DateTime' not found[/www/wwwroot/www.1.com/application/stock/controller/Settle.php:139]
[ 2024-06-16T12:02:02+08:00 ][ error ] [0]Fatal error: Class 'app\stock\controller\DateTime' not found[/www/wwwroot/www.1.com/application/stock/controller/Settle.php:139]
[ 2024-06-16T12:02:13+08:00 ][ error ] [0]Fatal error: Class 'app\stock\controller\DateTime' not found[/www/wwwroot/www.1.com/application/stock/controller/Settle.php:139]
[ 2024-06-16T12:02:24+08:00 ][ error ] [0]Fatal error: Class 'app\stock\controller\DateTime' not found[/www/wwwroot/www.1.com/application/stock/controller/Settle.php:139]
[ 2024-06-16T12:02:35+08:00 ][ error ] [0]Fatal error: Class 'app\stock\controller\DateTime' not found[/www/wwwroot/www.1.com/application/stock/controller/Settle.php:139]
[ 2024-06-16T12:02:46+08:00 ][ error ] [0]Fatal error: Class 'app\stock\controller\DateTime' not found[/www/wwwroot/www.1.com/application/stock/controller/Settle.php:139]
[ 2024-06-16T12:02:57+08:00 ][ error ] [0]Fatal error: Class 'app\stock\controller\DateTime' not found[/www/wwwroot/www.1.com/application/stock/controller/Settle.php:139]
[ 2024-06-16T12:03:08+08:00 ][ error ] [0]Fatal error: Class 'app\stock\controller\DateTime' not found[/www/wwwroot/www.1.com/application/stock/controller/Settle.php:139]
[ 2024-06-16T12:03:19+08:00 ][ error ] [0]Fatal error: Class 'app\stock\controller\DateTime' not found[/www/wwwroot/www.1.com/application/stock/controller/Settle.php:139]
[ 2024-06-16T12:03:30+08:00 ][ error ] [0]Fatal error: Class 'app\stock\controller\DateTime' not found[/www/wwwroot/www.1.com/application/stock/controller/Settle.php:139]
[ 2024-06-16T12:03:41+08:00 ][ error ] [0]Fatal error: Class 'app\stock\controller\DateTime' not found[/www/wwwroot/www.1.com/application/stock/controller/Settle.php:139]
[ 2024-06-16T12:03:52+08:00 ][ error ] [0]Fatal error: Class 'app\stock\controller\DateTime' not found[/www/wwwroot/www.1.com/application/stock/controller/Settle.php:139]
[ 2024-06-16T12:04:03+08:00 ][ error ] [0]Fatal error: Class 'app\stock\controller\DateTime' not found[/www/wwwroot/www.1.com/application/stock/controller/Settle.php:139]
[ 2024-06-16T12:04:14+08:00 ][ error ] [0]Fatal error: Class 'app\stock\controller\DateTime' not found[/www/wwwroot/www.1.com/application/stock/controller/Settle.php:139]
[ 2024-06-16T12:04:25+08:00 ][ error ] [0]Fatal error: Class 'app\stock\controller\DateTime' not found[/www/wwwroot/www.1.com/application/stock/controller/Settle.php:139]
[ 2024-06-16T12:04:36+08:00 ][ error ] [0]Fatal error: Class 'app\stock\controller\DateTime' not found[/www/wwwroot/www.1.com/application/stock/controller/Settle.php:139]
[ 2024-06-16T12:04:47+08:00 ][ error ] [0]Fatal error: Class 'app\stock\controller\DateTime' not found[/www/wwwroot/www.1.com/application/stock/controller/Settle.php:139]
[ 2024-06-16T12:04:58+08:00 ][ error ] [0]Fatal error: Class 'app\stock\controller\DateTime' not found[/www/wwwroot/www.1.com/application/stock/controller/Settle.php:139]
[ 2024-06-16T12:05:09+08:00 ][ error ] [0]Fatal error: Class 'app\stock\controller\DateTime' not found[/www/wwwroot/www.1.com/application/stock/controller/Settle.php:139]
[ 2024-06-16T12:05:20+08:00 ][ error ] [0]Fatal error: Class 'app\stock\controller\DateTime' not found[/www/wwwroot/www.1.com/application/stock/controller/Settle.php:139]
[ 2024-06-16T12:05:31+08:00 ][ error ] [0]Fatal error: Class 'app\stock\controller\DateTime' not found[/www/wwwroot/www.1.com/application/stock/controller/Settle.php:139]
[ 2024-06-16T12:05:42+08:00 ][ error ] [0]Fatal error: Class 'app\stock\controller\DateTime' not found[/www/wwwroot/www.1.com/application/stock/controller/Settle.php:139]
[ 2024-06-16T12:05:53+08:00 ][ error ] [0]Fatal error: Class 'app\stock\controller\DateTime' not found[/www/wwwroot/www.1.com/application/stock/controller/Settle.php:139]
[ 2024-06-16T12:06:04+08:00 ][ error ] [0]Fatal error: Class 'app\stock\controller\DateTime' not found[/www/wwwroot/www.1.com/application/stock/controller/Settle.php:139]
[ 2024-06-16T12:06:15+08:00 ][ error ] [8]Undefined index: order_sn[/www/wwwroot/www.1.com/application/stock/controller/Settle.php:96]
[ 2024-06-16T12:06:15+08:00 ][ error ] [10501]SQLSTATE[23000]: Integrity constraint violation: 1048 Column 'order_sn' cannot be null[/www/wwwroot/www.1.com/thinkphp/library/think/db/Connection.php:453]
[ 2024-06-16T12:06:26+08:00 ][ error ] [8]Undefined index: order_sn[/www/wwwroot/www.1.com/application/stock/controller/Settle.php:96]
[ 2024-06-16T12:06:26+08:00 ][ error ] [10501]SQLSTATE[23000]: Integrity constraint violation: 1048 Column 'order_sn' cannot be null[/www/wwwroot/www.1.com/thinkphp/library/think/db/Connection.php:453]
[ 2024-06-16T12:06:37+08:00 ][ error ] [8]Undefined index: order_sn[/www/wwwroot/www.1.com/application/stock/controller/Settle.php:96]
[ 2024-06-16T12:06:37+08:00 ][ error ] [10501]SQLSTATE[23000]: Integrity constraint violation: 1048 Column 'order_sn' cannot be null[/www/wwwroot/www.1.com/thinkphp/library/think/db/Connection.php:453]
[ 2024-06-16T12:06:48+08:00 ][ error ] [8]Undefined index: order_sn[/www/wwwroot/www.1.com/application/stock/controller/Settle.php:96]
[ 2024-06-16T12:06:48+08:00 ][ error ] [10501]SQLSTATE[23000]: Integrity constraint violation: 1048 Column 'order_sn' cannot be null[/www/wwwroot/www.1.com/thinkphp/library/think/db/Connection.php:453]
[ 2024-06-16T12:06:59+08:00 ][ error ] [8]Undefined index: order_sn[/www/wwwroot/www.1.com/application/stock/controller/Settle.php:96]
[ 2024-06-16T12:06:59+08:00 ][ error ] [10501]SQLSTATE[23000]: Integrity constraint violation: 1048 Column 'order_sn' cannot be null[/www/wwwroot/www.1.com/thinkphp/library/think/db/Connection.php:453]
[ 2024-06-16T12:07:10+08:00 ][ error ] [8]Undefined index: order_sn[/www/wwwroot/www.1.com/application/stock/controller/Settle.php:96]
[ 2024-06-16T12:07:10+08:00 ][ error ] [10501]SQLSTATE[23000]: Integrity constraint violation: 1048 Column 'order_sn' cannot be null[/www/wwwroot/www.1.com/thinkphp/library/think/db/Connection.php:453]
[ 2024-06-16T13:02:30+08:00 ][ error ] [2]gzdecode(): data error[/www/wwwroot/www.1.com/application/stock/controller/Btc528.php:98]
[ 2024-06-16T13:02:30+08:00 ][ error ] [2]gzdecode(): data error[/www/wwwroot/www.1.com/application/stock/controller/Btc528.php:98]
[ 2024-06-16T13:02:36+08:00 ][ error ] [2]gzdecode(): data error[/www/wwwroot/www.1.com/application/stock/controller/Btc528.php:98]
[ 2024-06-16T13:02:36+08:00 ][ error ] [2]gzdecode(): data error[/www/wwwroot/www.1.com/application/stock/controller/Btc528.php:98]
[ 2024-06-16T13:02:42+08:00 ][ error ] [2]gzdecode(): data error[/www/wwwroot/www.1.com/application/stock/controller/Btc528.php:98]
[ 2024-06-16T13:02:42+08:00 ][ error ] [2]gzdecode(): data error[/www/wwwroot/www.1.com/application/stock/controller/Btc528.php:98]
[ 2024-06-16T13:02:48+08:00 ][ error ] [2]gzdecode(): data error[/www/wwwroot/www.1.com/application/stock/controller/Btc528.php:98]
[ 2024-06-16T13:02:49+08:00 ][ error ] [2]gzdecode(): data error[/www/wwwroot/www.1.com/application/stock/controller/Btc528.php:98]
[ 2024-06-16T13:02:54+08:00 ][ error ] [2]gzdecode(): data error[/www/wwwroot/www.1.com/application/stock/controller/Btc528.php:98]
[ 2024-06-16T13:02:58+08:00 ][ error ] [2]gzdecode(): data error[/www/wwwroot/www.1.com/application/stock/controller/Btc528.php:98]
[ 2024-06-16T13:03:04+08:00 ][ error ] [2]gzdecode(): data error[/www/wwwroot/www.1.com/application/stock/controller/Btc528.php:98]
[ 2024-06-16T13:03:04+08:00 ][ error ] [2]gzdecode(): data error[/www/wwwroot/www.1.com/application/stock/controller/Btc528.php:98]
[ 2024-06-16T13:03:10+08:00 ][ error ] [2]gzdecode(): data error[/www/wwwroot/www.1.com/application/stock/controller/Btc528.php:98]
[ 2024-06-16T13:03:12+08:00 ][ error ] [2]gzdecode(): data error[/www/wwwroot/www.1.com/application/stock/controller/Btc528.php:98]
[ 2024-06-16T13:03:16+08:00 ][ error ] [2]gzdecode(): data error[/www/wwwroot/www.1.com/application/stock/controller/Btc528.php:98]
[ 2024-06-16T13:03:22+08:00 ][ error ] [2]gzdecode(): data error[/www/wwwroot/www.1.com/application/stock/controller/Btc528.php:98]
[ 2024-06-16T13:03:31+08:00 ][ error ] [2]gzdecode(): data error[/www/wwwroot/www.1.com/application/stock/controller/Btc528.php:98]
[ 2024-06-16T13:03:37+08:00 ][ error ] [2]gzdecode(): data error[/www/wwwroot/www.1.com/application/stock/controller/Btc528.php:98]
[ 2024-06-16T13:03:44+08:00 ][ error ] [2]gzdecode(): data error[/www/wwwroot/www.1.com/application/stock/controller/Btc528.php:98]
[ 2024-06-16T13:03:50+08:00 ][ error ] [2]gzdecode(): data error[/www/wwwroot/www.1.com/application/stock/controller/Btc528.php:98]
[ 2024-06-16T13:03:56+08:00 ][ error ] [2]gzdecode(): data error[/www/wwwroot/www.1.com/application/stock/controller/Btc528.php:98]
[ 2024-06-16T13:04:02+08:00 ][ error ] [2]gzdecode(): data error[/www/wwwroot/www.1.com/application/stock/controller/Btc528.php:98]
[ 2024-06-16T13:04:08+08:00 ][ error ] [2]gzdecode(): data error[/www/wwwroot/www.1.com/application/stock/controller/Btc528.php:98]
[ 2024-06-16T13:04:14+08:00 ][ error ] [2]gzdecode(): data error[/www/wwwroot/www.1.com/application/stock/controller/Btc528.php:98]
[ 2024-06-16T13:04:23+08:00 ][ error ] [2]gzdecode(): data error[/www/wwwroot/www.1.com/application/stock/controller/Btc528.php:98]
[ 2024-06-16T13:04:29+08:00 ][ error ] [2]gzdecode(): data error[/www/wwwroot/www.1.com/application/stock/controller/Btc528.php:98]
[ 2024-06-16T13:04:35+08:00 ][ error ] [2]gzdecode(): data error[/www/wwwroot/www.1.com/application/stock/controller/Btc528.php:98]
[ 2024-06-16T13:04:41+08:00 ][ error ] [2]gzdecode(): data error[/www/wwwroot/www.1.com/application/stock/controller/Btc528.php:98]
[ 2024-06-16T13:04:48+08:00 ][ error ] [2]gzdecode(): data error[/www/wwwroot/www.1.com/application/stock/controller/Btc528.php:98]
[ 2024-06-16T13:04:54+08:00 ][ error ] [2]gzdecode(): data error[/www/wwwroot/www.1.com/application/stock/controller/Btc528.php:98]
[ 2024-06-16T13:05:00+08:00 ][ error ] [2]gzdecode(): data error[/www/wwwroot/www.1.com/application/stock/controller/Btc528.php:98]
[ 2024-06-16T13:05:06+08:00 ][ error ] [2]gzdecode(): data error[/www/wwwroot/www.1.com/application/stock/controller/Btc528.php:98]
[ 2024-06-16T13:05:12+08:00 ][ error ] [2]gzdecode(): data error[/www/wwwroot/www.1.com/application/stock/controller/Btc528.php:98]
[ 2024-06-16T13:05:18+08:00 ][ error ] [2]gzdecode(): data error[/www/wwwroot/www.1.com/application/stock/controller/Btc528.php:98]
[ 2024-06-16T13:05:24+08:00 ][ error ] [2]gzdecode(): data error[/www/wwwroot/www.1.com/application/stock/controller/Btc528.php:98]
[ 2024-06-16T15:38:04+08:00 ][ error ] [2]gzdecode(): data error[/www/wwwroot/www.1.com/application/stock/controller/Btc528.php:98]
[ 2024-06-16T15:38:10+08:00 ][ error ] [2]gzdecode(): data error[/www/wwwroot/www.1.com/application/stock/controller/Btc528.php:98]
[ 2024-06-16T15:38:17+08:00 ][ error ] [2]gzdecode(): data error[/www/wwwroot/www.1.com/application/stock/controller/Btc528.php:98]
[ 2024-06-16T15:38:25+08:00 ][ error ] [2]gzdecode(): data error[/www/wwwroot/www.1.com/application/stock/controller/Btc528.php:98]
[ 2024-06-16T15:38:31+08:00 ][ error ] [2]gzdecode(): data error[/www/wwwroot/www.1.com/application/stock/controller/Btc528.php:98]
[ 2024-06-16T15:38:37+08:00 ][ error ] [2]gzdecode(): data error[/www/wwwroot/www.1.com/application/stock/controller/Btc528.php:98]
[ 2024-06-16T15:38:43+08:00 ][ error ] [2]gzdecode(): data error[/www/wwwroot/www.1.com/application/stock/controller/Btc528.php:98]
[ 2024-06-16T15:38:49+08:00 ][ error ] [2]gzdecode(): data error[/www/wwwroot/www.1.com/application/stock/controller/Btc528.php:98]
[ 2024-06-16T15:38:55+08:00 ][ error ] [2]gzdecode(): data error[/www/wwwroot/www.1.com/application/stock/controller/Btc528.php:98]
[ 2024-06-16T15:39:02+08:00 ][ error ] [2]gzdecode(): data error[/www/wwwroot/www.1.com/application/stock/controller/Btc528.php:98]
[ 2024-06-16T15:39:08+08:00 ][ error ] [2]gzdecode(): data error[/www/wwwroot/www.1.com/application/stock/controller/Btc528.php:98]
[ 2024-06-16T15:39:15+08:00 ][ error ] [2]gzdecode(): data error[/www/wwwroot/www.1.com/application/stock/controller/Btc528.php:98]
[ 2024-06-16T15:39:22+08:00 ][ error ] [2]gzdecode(): data error[/www/wwwroot/www.1.com/application/stock/controller/Btc528.php:98]
[ 2024-06-16T15:39:28+08:00 ][ error ] [2]gzdecode(): data error[/www/wwwroot/www.1.com/application/stock/controller/Btc528.php:98]
[ 2024-06-16T15:39:35+08:00 ][ error ] [2]gzdecode(): data error[/www/wwwroot/www.1.com/application/stock/controller/Btc528.php:98]
[ 2024-06-16T15:39:43+08:00 ][ error ] [2]gzdecode(): data error[/www/wwwroot/www.1.com/application/stock/controller/Btc528.php:98]
[ 2024-06-16T15:39:49+08:00 ][ error ] [2]gzdecode(): data error[/www/wwwroot/www.1.com/application/stock/controller/Btc528.php:98]
[ 2024-06-16T15:39:55+08:00 ][ error ] [2]gzdecode(): data error[/www/wwwroot/www.1.com/application/stock/controller/Btc528.php:98]
[ 2024-06-16T15:40:02+08:00 ][ error ] [2]gzdecode(): data error[/www/wwwroot/www.1.com/application/stock/controller/Btc528.php:98]
[ 2024-06-16T15:40:06+08:00 ][ error ] [2]gzdecode(): data error[/www/wwwroot/www.1.com/application/stock/controller/Btc528.php:98]
[ 2024-06-16T15:40:08+08:00 ][ error ] [2]gzdecode(): data error[/www/wwwroot/www.1.com/application/stock/controller/Btc528.php:98]
[ 2024-06-16T15:40:13+08:00 ][ error ] [2]gzdecode(): data error[/www/wwwroot/www.1.com/application/stock/controller/Btc528.php:98]
[ 2024-06-16T15:40:14+08:00 ][ error ] [2]gzdecode(): data error[/www/wwwroot/www.1.com/application/stock/controller/Btc528.php:98]
[ 2024-06-16T15:40:20+08:00 ][ error ] [2]gzdecode(): data error[/www/wwwroot/www.1.com/application/stock/controller/Btc528.php:98]
[ 2024-06-16T15:40:22+08:00 ][ error ] [2]gzdecode(): data error[/www/wwwroot/www.1.com/application/stock/controller/Btc528.php:98]
[ 2024-06-16T15:40:26+08:00 ][ error ] [2]gzdecode(): data error[/www/wwwroot/www.1.com/application/stock/controller/Btc528.php:98]
[ 2024-06-16T15:40:28+08:00 ][ error ] [2]gzdecode(): data error[/www/wwwroot/www.1.com/application/stock/controller/Btc528.php:98]
[ 2024-06-16T15:40:32+08:00 ][ error ] [2]gzdecode(): data error[/www/wwwroot/www.1.com/application/stock/controller/Btc528.php:98]
[ 2024-06-16T15:40:34+08:00 ][ error ] [2]gzdecode(): data error[/www/wwwroot/www.1.com/application/stock/controller/Btc528.php:98]
[ 2024-06-16T15:40:40+08:00 ][ error ] [2]gzdecode(): data error[/www/wwwroot/www.1.com/application/stock/controller/Btc528.php:98]
[ 2024-06-16T15:40:40+08:00 ][ error ] [2]gzdecode(): data error[/www/wwwroot/www.1.com/application/stock/controller/Btc528.php:98]
[ 2024-06-16T15:40:48+08:00 ][ error ] [2]gzdecode(): data error[/www/wwwroot/www.1.com/application/stock/controller/Btc528.php:98]
[ 2024-06-16T15:40:51+08:00 ][ error ] [2]gzdecode(): data error[/www/wwwroot/www.1.com/application/stock/controller/Btc528.php:98]
[ 2024-06-16T15:40:54+08:00 ][ error ] [2]gzdecode(): data error[/www/wwwroot/www.1.com/application/stock/controller/Btc528.php:98]
[ 2024-06-16T15:40:57+08:00 ][ error ] [2]gzdecode(): data error[/www/wwwroot/www.1.com/application/stock/controller/Btc528.php:98]
[ 2024-06-16T15:41:01+08:00 ][ error ] [2]gzdecode(): data error[/www/wwwroot/www.1.com/application/stock/controller/Btc528.php:98]
[ 2024-06-16T16:22:35+08:00 ][ error ] [2]gzdecode(): data error[/www/wwwroot/www.1.com/application/stock/controller/Btc528.php:98]
[ 2024-06-16T16:22:35+08:00 ][ error ] [2]gzdecode(): data error[/www/wwwroot/www.1.com/application/stock/controller/Btc528.php:98]
[ 2024-06-16T16:22:41+08:00 ][ error ] [2]gzdecode(): data error[/www/wwwroot/www.1.com/application/stock/controller/Btc528.php:98]
[ 2024-06-16T16:22:42+08:00 ][ error ] [2]gzdecode(): data error[/www/wwwroot/www.1.com/application/stock/controller/Btc528.php:98]
[ 2024-06-16T16:22:47+08:00 ][ error ] [2]gzdecode(): data error[/www/wwwroot/www.1.com/application/stock/controller/Btc528.php:98]
[ 2024-06-16T16:22:48+08:00 ][ error ] [2]gzdecode(): data error[/www/wwwroot/www.1.com/application/stock/controller/Btc528.php:98]
[ 2024-06-16T16:22:53+08:00 ][ error ] [2]gzdecode(): data error[/www/wwwroot/www.1.com/application/stock/controller/Btc528.php:98]
[ 2024-06-16T16:22:56+08:00 ][ error ] [2]gzdecode(): data error[/www/wwwroot/www.1.com/application/stock/controller/Btc528.php:98]
[ 2024-06-16T16:22:59+08:00 ][ error ] [2]gzdecode(): data error[/www/wwwroot/www.1.com/application/stock/controller/Btc528.php:98]
[ 2024-06-16T16:23:02+08:00 ][ error ] [2]gzdecode(): data error[/www/wwwroot/www.1.com/application/stock/controller/Btc528.php:98]
[ 2024-06-16T16:23:05+08:00 ][ error ] [2]gzdecode(): data error[/www/wwwroot/www.1.com/application/stock/controller/Btc528.php:98]
[ 2024-06-16T16:23:10+08:00 ][ error ] [2]gzdecode(): data error[/www/wwwroot/www.1.com/application/stock/controller/Btc528.php:98]
[ 2024-06-16T16:23:16+08:00 ][ error ] [2]gzdecode(): data error[/www/wwwroot/www.1.com/application/stock/controller/Btc528.php:98]
[ 2024-06-16T16:23:22+08:00 ][ error ] [2]gzdecode(): data error[/www/wwwroot/www.1.com/application/stock/controller/Btc528.php:98]
[ 2024-06-16T16:23:28+08:00 ][ error ] [2]gzdecode(): data error[/www/wwwroot/www.1.com/application/stock/controller/Btc528.php:98]
[ 2024-06-16T16:23:36+08:00 ][ error ] [2]gzdecode(): data error[/www/wwwroot/www.1.com/application/stock/controller/Btc528.php:98]
[ 2024-06-16T16:23:42+08:00 ][ error ] [2]gzdecode(): data error[/www/wwwroot/www.1.com/application/stock/controller/Btc528.php:98]
[ 2024-06-16T16:23:48+08:00 ][ error ] [2]gzdecode(): data error[/www/wwwroot/www.1.com/application/stock/controller/Btc528.php:98]
[ 2024-06-16T16:23:55+08:00 ][ error ] [2]gzdecode(): data error[/www/wwwroot/www.1.com/application/stock/controller/Btc528.php:98]
[ 2024-06-16T16:24:06+08:00 ][ error ] [2]gzdecode(): data error[/www/wwwroot/www.1.com/application/stock/controller/Btc528.php:98]
[ 2024-06-16T16:24:12+08:00 ][ error ] [2]gzdecode(): data error[/www/wwwroot/www.1.com/application/stock/controller/Btc528.php:98]
[ 2024-06-16T16:24:18+08:00 ][ error ] [2]gzdecode(): data error[/www/wwwroot/www.1.com/application/stock/controller/Btc528.php:98]
[ 2024-06-16T16:24:27+08:00 ][ error ] [2]gzdecode(): data error[/www/wwwroot/www.1.com/application/stock/controller/Btc528.php:98]
[ 2024-06-16T16:24:33+08:00 ][ error ] [2]gzdecode(): data error[/www/wwwroot/www.1.com/application/stock/controller/Btc528.php:98]
[ 2024-06-16T16:24:40+08:00 ][ error ] [2]gzdecode(): data error[/www/wwwroot/www.1.com/application/stock/controller/Btc528.php:98]
[ 2024-06-16T16:24:46+08:00 ][ error ] [2]gzdecode(): data error[/www/wwwroot/www.1.com/application/stock/controller/Btc528.php:98]
[ 2024-06-16T16:24:53+08:00 ][ error ] [2]gzdecode(): data error[/www/wwwroot/www.1.com/application/stock/controller/Btc528.php:98]
[ 2024-06-16T16:25:01+08:00 ][ error ] [2]gzdecode(): data error[/www/wwwroot/www.1.com/application/stock/controller/Btc528.php:98]
[ 2024-06-16T16:25:08+08:00 ][ error ] [2]gzdecode(): data error[/www/wwwroot/www.1.com/application/stock/controller/Btc528.php:98]
[ 2024-06-16T16:25:15+08:00 ][ error ] [2]gzdecode(): data error[/www/wwwroot/www.1.com/application/stock/controller/Btc528.php:98]
[ 2024-06-16T16:25:21+08:00 ][ error ] [2]gzdecode(): data error[/www/wwwroot/www.1.com/application/stock/controller/Btc528.php:98]
[ 2024-06-16T16:25:27+08:00 ][ error ] [2]gzdecode(): data error[/www/wwwroot/www.1.com/application/stock/controller/Btc528.php:98]
[ 2024-06-16T16:25:33+08:00 ][ error ] [2]gzdecode(): data error[/www/wwwroot/www.1.com/application/stock/controller/Btc528.php:98]
[ 2024-06-16T16:28:10+08:00 ][ error ] [2]gzdecode(): data error[/www/wwwroot/www.1.com/application/stock/controller/Btc528.php:98]
[ 2024-06-16T16:28:17+08:00 ][ error ] [2]gzdecode(): data error[/www/wwwroot/www.1.com/application/stock/controller/Btc528.php:98]
[ 2024-06-16T16:28:26+08:00 ][ error ] [2]gzdecode(): data error[/www/wwwroot/www.1.com/application/stock/controller/Btc528.php:98]
[ 2024-06-16T16:28:32+08:00 ][ error ] [2]gzdecode(): data error[/www/wwwroot/www.1.com/application/stock/controller/Btc528.php:98]
[ 2024-06-16T17:06:48+08:00 ][ error ] [0]Fatal error: Call to a member function format() on boolean[/www/wwwroot/www.1.com/application/stock/controller/Settle.php:147]
[ 2024-06-16T17:06:59+08:00 ][ error ] [0]Fatal error: Call to a member function format() on boolean[/www/wwwroot/www.1.com/application/stock/controller/Settle.php:147]
[ 2024-06-16T17:07:10+08:00 ][ error ] [0]Fatal error: Call to a member function format() on boolean[/www/wwwroot/www.1.com/application/stock/controller/Settle.php:147]
[ 2024-06-16T17:07:21+08:00 ][ error ] [0]Fatal error: Call to a member function format() on boolean[/www/wwwroot/www.1.com/application/stock/controller/Settle.php:147]
[ 2024-06-16T17:07:32+08:00 ][ error ] [0]Fatal error: Call to a member function format() on boolean[/www/wwwroot/www.1.com/application/stock/controller/Settle.php:147]
[ 2024-06-16T17:07:43+08:00 ][ error ] [0]Fatal error: Call to a member function format() on boolean[/www/wwwroot/www.1.com/application/stock/controller/Settle.php:147]
[ 2024-06-16T17:07:54+08:00 ][ error ] [0]Fatal error: Call to a member function format() on boolean[/www/wwwroot/www.1.com/application/stock/controller/Settle.php:147]
[ 2024-06-16T17:08:05+08:00 ][ error ] [0]Fatal error: Call to a member function format() on boolean[/www/wwwroot/www.1.com/application/stock/controller/Settle.php:147]
[ 2024-06-16T17:08:16+08:00 ][ error ] [0]Fatal error: Call to a member function format() on boolean[/www/wwwroot/www.1.com/application/stock/controller/Settle.php:147]
[ 2024-06-16T17:08:27+08:00 ][ error ] [0]Fatal error: Call to a member function format() on boolean[/www/wwwroot/www.1.com/application/stock/controller/Settle.php:147]
[ 2024-06-16T17:08:38+08:00 ][ error ] [0]Fatal error: Call to a member function format() on boolean[/www/wwwroot/www.1.com/application/stock/controller/Settle.php:147]
[ 2024-06-16T17:08:49+08:00 ][ error ] [0]Fatal error: Call to a member function format() on boolean[/www/wwwroot/www.1.com/application/stock/controller/Settle.php:147]
[ 2024-06-16T17:09:00+08:00 ][ error ] [0]Fatal error: Call to a member function format() on boolean[/www/wwwroot/www.1.com/application/stock/controller/Settle.php:147]
[ 2024-06-16T17:09:11+08:00 ][ error ] [0]Fatal error: Call to a member function format() on boolean[/www/wwwroot/www.1.com/application/stock/controller/Settle.php:147]
[ 2024-06-16T17:09:22+08:00 ][ error ] [0]Fatal error: Call to a member function format() on boolean[/www/wwwroot/www.1.com/application/stock/controller/Settle.php:147]
[ 2024-06-16T17:09:33+08:00 ][ error ] [0]Fatal error: Call to a member function format() on boolean[/www/wwwroot/www.1.com/application/stock/controller/Settle.php:147]
[ 2024-06-16T17:09:44+08:00 ][ error ] [0]Fatal error: Call to a member function format() on boolean[/www/wwwroot/www.1.com/application/stock/controller/Settle.php:147]
[ 2024-06-16T17:09:55+08:00 ][ error ] [0]Fatal error: Call to a member function format() on boolean[/www/wwwroot/www.1.com/application/stock/controller/Settle.php:147]
[ 2024-06-16T17:10:06+08:00 ][ error ] [0]Fatal error: Call to a member function format() on boolean[/www/wwwroot/www.1.com/application/stock/controller/Settle.php:147]
[ 2024-06-16T17:10:17+08:00 ][ error ] [0]Fatal error: Call to a member function format() on boolean[/www/wwwroot/www.1.com/application/stock/controller/Settle.php:147]
[ 2024-06-16T17:10:28+08:00 ][ error ] [0]Fatal error: Call to a member function format() on boolean[/www/wwwroot/www.1.com/application/stock/controller/Settle.php:147]
[ 2024-06-16T17:10:39+08:00 ][ error ] [0]Fatal error: Call to a member function format() on boolean[/www/wwwroot/www.1.com/application/stock/controller/Settle.php:147]
[ 2024-06-16T17:10:50+08:00 ][ error ] [0]Fatal error: Call to a member function format() on boolean[/www/wwwroot/www.1.com/application/stock/controller/Settle.php:147]
[ 2024-06-16T17:11:01+08:00 ][ error ] [0]Fatal error: Call to a member function format() on boolean[/www/wwwroot/www.1.com/application/stock/controller/Settle.php:147]
[ 2024-06-16T17:11:13+08:00 ][ error ] [0]Fatal error: Call to a member function format() on boolean[/www/wwwroot/www.1.com/application/stock/controller/Settle.php:147]
[ 2024-06-16T17:11:24+08:00 ][ error ] [0]Fatal error: Call to a member function format() on boolean[/www/wwwroot/www.1.com/application/stock/controller/Settle.php:147]
[ 2024-06-16T17:11:35+08:00 ][ error ] [0]Fatal error: Call to a member function format() on boolean[/www/wwwroot/www.1.com/application/stock/controller/Settle.php:147]
[ 2024-06-16T17:11:46+08:00 ][ error ] [0]Fatal error: Call to a member function format() on boolean[/www/wwwroot/www.1.com/application/stock/controller/Settle.php:147]
[ 2024-06-16T17:11:57+08:00 ][ error ] [0]Fatal error: Call to a member function format() on boolean[/www/wwwroot/www.1.com/application/stock/controller/Settle.php:147]
[ 2024-06-16T17:12:08+08:00 ][ error ] [0]Fatal error: Call to a member function format() on boolean[/www/wwwroot/www.1.com/application/stock/controller/Settle.php:147]
[ 2024-06-16T17:12:19+08:00 ][ error ] [0]Fatal error: Call to a member function format() on boolean[/www/wwwroot/www.1.com/application/stock/controller/Settle.php:147]
[ 2024-06-16T17:12:30+08:00 ][ error ] [0]Fatal error: Call to a member function format() on boolean[/www/wwwroot/www.1.com/application/stock/controller/Settle.php:147]
[ 2024-06-16T17:12:41+08:00 ][ error ] [0]Fatal error: Call to a member function format() on boolean[/www/wwwroot/www.1.com/application/stock/controller/Settle.php:147]
[ 2024-06-16T17:12:52+08:00 ][ error ] [0]Fatal error: Call to a member function format() on boolean[/www/wwwroot/www.1.com/application/stock/controller/Settle.php:147]
[ 2024-06-16T17:13:03+08:00 ][ error ] [0]Fatal error: Call to a member function format() on boolean[/www/wwwroot/www.1.com/application/stock/controller/Settle.php:147]
[ 2024-06-16T17:13:14+08:00 ][ error ] [0]Fatal error: Call to a member function format() on boolean[/www/wwwroot/www.1.com/application/stock/controller/Settle.php:147]
[ 2024-06-16T17:13:25+08:00 ][ error ] [0]Fatal error: Call to a member function format() on boolean[/www/wwwroot/www.1.com/application/stock/controller/Settle.php:147]
[ 2024-06-16T17:13:36+08:00 ][ error ] [0]Fatal error: Call to a member function format() on boolean[/www/wwwroot/www.1.com/application/stock/controller/Settle.php:147]
[ 2024-06-16T17:13:48+08:00 ][ error ] [0]Fatal error: Call to a member function format() on boolean[/www/wwwroot/www.1.com/application/stock/controller/Settle.php:147]
[ 2024-06-16T17:13:59+08:00 ][ error ] [0]Fatal error: Call to a member function format() on boolean[/www/wwwroot/www.1.com/application/stock/controller/Settle.php:147]
[ 2024-06-16T17:14:10+08:00 ][ error ] [0]Fatal error: Call to a member function format() on boolean[/www/wwwroot/www.1.com/application/stock/controller/Settle.php:147]
[ 2024-06-16T17:14:21+08:00 ][ error ] [0]Fatal error: Call to a member function format() on boolean[/www/wwwroot/www.1.com/application/stock/controller/Settle.php:147]
[ 2024-06-16T17:14:32+08:00 ][ error ] [0]Fatal error: Call to a member function format() on boolean[/www/wwwroot/www.1.com/application/stock/controller/Settle.php:147]
[ 2024-06-16T17:14:43+08:00 ][ error ] [0]Fatal error: Call to a member function format() on boolean[/www/wwwroot/www.1.com/application/stock/controller/Settle.php:147]
[ 2024-06-16T17:14:54+08:00 ][ error ] [0]Fatal error: Call to a member function format() on boolean[/www/wwwroot/www.1.com/application/stock/controller/Settle.php:147]
[ 2024-06-16T17:15:05+08:00 ][ error ] [0]Fatal error: Call to a member function format() on boolean[/www/wwwroot/www.1.com/application/stock/controller/Settle.php:147]
[ 2024-06-16T17:15:16+08:00 ][ error ] [0]Fatal error: Call to a member function format() on boolean[/www/wwwroot/www.1.com/application/stock/controller/Settle.php:147]
[ 2024-06-16T17:15:27+08:00 ][ error ] [0]Fatal error: Call to a member function format() on boolean[/www/wwwroot/www.1.com/application/stock/controller/Settle.php:147]
[ 2024-06-16T17:15:38+08:00 ][ error ] [8]A non well formed numeric value encountered[/www/wwwroot/www.1.com/application/stock/controller/Settle.php:144]
[ 2024-06-16T17:15:38+08:00 ][ error ] [8]A non well formed numeric value encountered[/www/wwwroot/www.1.com/application/stock/controller/Settle.php:144]
[ 2024-06-16T17:15:38+08:00 ][ error ] [8]A non well formed numeric value encountered[/www/wwwroot/www.1.com/application/stock/controller/Settle.php:144]
[ 2024-06-16T17:15:38+08:00 ][ error ] [8]A non well formed numeric value encountered[/www/wwwroot/www.1.com/application/stock/controller/Settle.php:144]
[ 2024-06-16T17:15:38+08:00 ][ error ] [2]date() expects parameter 2 to be integer, string given[/www/wwwroot/www.1.com/application/stock/controller/Settle.php:144]
[ 2024-06-16T17:15:38+08:00 ][ error ] [2]date() expects parameter 2 to be integer, string given[/www/wwwroot/www.1.com/application/stock/controller/Settle.php:144]
[ 2024-06-16T17:15:38+08:00 ][ error ] [2]date() expects parameter 2 to be integer, string given[/www/wwwroot/www.1.com/application/stock/controller/Settle.php:144]
[ 2024-06-16T17:15:38+08:00 ][ error ] [2]date() expects parameter 2 to be integer, string given[/www/wwwroot/www.1.com/application/stock/controller/Settle.php:144]
[ 2024-06-16T17:15:38+08:00 ][ error ] [8]A non well formed numeric value encountered[/www/wwwroot/www.1.com/application/stock/controller/Settle.php:144]
[ 2024-06-16T17:15:38+08:00 ][ error ] [8]A non well formed numeric value encountered[/www/wwwroot/www.1.com/application/stock/controller/Settle.php:144]
[ 2024-06-16T17:15:38+08:00 ][ error ] [8]A non well formed numeric value encountered[/www/wwwroot/www.1.com/application/stock/controller/Settle.php:144]
[ 2024-06-16T17:15:38+08:00 ][ error ] [8]A non well formed numeric value encountered[/www/wwwroot/www.1.com/application/stock/controller/Settle.php:144]
[ 2024-06-16T17:15:38+08:00 ][ error ] [2]date() expects parameter 2 to be integer, string given[/www/wwwroot/www.1.com/application/stock/controller/Settle.php:144]
[ 2024-06-16T17:15:38+08:00 ][ error ] [2]date() expects parameter 2 to be integer, string given[/www/wwwroot/www.1.com/application/stock/controller/Settle.php:144]
[ 2024-06-16T17:15:38+08:00 ][ error ] [2]date() expects parameter 2 to be integer, string given[/www/wwwroot/www.1.com/application/stock/controller/Settle.php:144]
[ 2024-06-16T17:15:38+08:00 ][ error ] [2]date() expects parameter 2 to be integer, string given[/www/wwwroot/www.1.com/application/stock/controller/Settle.php:144]
[ 2024-06-16T17:15:38+08:00 ][ error ] [8]A non well formed numeric value encountered[/www/wwwroot/www.1.com/application/stock/controller/Settle.php:144]
[ 2024-06-16T17:15:38+08:00 ][ error ] [8]A non well formed numeric value encountered[/www/wwwroot/www.1.com/application/stock/controller/Settle.php:144]
[ 2024-06-16T17:15:38+08:00 ][ error ] [8]A non well formed numeric value encountered[/www/wwwroot/www.1.com/application/stock/controller/Settle.php:144]
[ 2024-06-16T17:15:38+08:00 ][ error ] [8]A non well formed numeric value encountered[/www/wwwroot/www.1.com/application/stock/controller/Settle.php:144]
[ 2024-06-16T17:15:38+08:00 ][ error ] [2]date() expects parameter 2 to be integer, string given[/www/wwwroot/www.1.com/application/stock/controller/Settle.php:144]
[ 2024-06-16T17:15:38+08:00 ][ error ] [2]date() expects parameter 2 to be integer, string given[/www/wwwroot/www.1.com/application/stock/controller/Settle.php:144]
[ 2024-06-16T17:15:38+08:00 ][ error ] [2]date() expects parameter 2 to be integer, string given[/www/wwwroot/www.1.com/application/stock/controller/Settle.php:144]
[ 2024-06-16T17:15:38+08:00 ][ error ] [2]date() expects parameter 2 to be integer, string given[/www/wwwroot/www.1.com/application/stock/controller/Settle.php:144]
[ 2024-06-16T17:19:12+08:00 ][ error ] [8]A non well formed numeric value encountered[/www/wwwroot/www.1.com/application/stock/controller/Settle.php:143]
[ 2024-06-16T17:19:12+08:00 ][ error ] [8]A non well formed numeric value encountered[/www/wwwroot/www.1.com/application/stock/controller/Settle.php:143]
[ 2024-06-16T17:19:12+08:00 ][ error ] [8]A non well formed numeric value encountered[/www/wwwroot/www.1.com/application/stock/controller/Settle.php:143]
[ 2024-06-16T17:19:12+08:00 ][ error ] [8]A non well formed numeric value encountered[/www/wwwroot/www.1.com/application/stock/controller/Settle.php:143]
[ 2024-06-16T17:19:12+08:00 ][ error ] [2]date() expects parameter 2 to be integer, string given[/www/wwwroot/www.1.com/application/stock/controller/Settle.php:143]
[ 2024-06-16T17:19:12+08:00 ][ error ] [2]date() expects parameter 2 to be integer, string given[/www/wwwroot/www.1.com/application/stock/controller/Settle.php:143]
[ 2024-06-16T17:19:12+08:00 ][ error ] [2]date() expects parameter 2 to be integer, string given[/www/wwwroot/www.1.com/application/stock/controller/Settle.php:143]
[ 2024-06-16T17:19:12+08:00 ][ error ] [2]date() expects parameter 2 to be integer, string given[/www/wwwroot/www.1.com/application/stock/controller/Settle.php:143]
[ 2024-06-16T17:24:08+08:00 ][ error ] [8]A non well formed numeric value encountered[/www/wwwroot/www.1.com/application/stock/controller/Settle.php:143]
[ 2024-06-16T17:24:08+08:00 ][ error ] [8]A non well formed numeric value encountered[/www/wwwroot/www.1.com/application/stock/controller/Settle.php:143]
[ 2024-06-16T17:24:08+08:00 ][ error ] [8]A non well formed numeric value encountered[/www/wwwroot/www.1.com/application/stock/controller/Settle.php:143]
[ 2024-06-16T17:24:08+08:00 ][ error ] [8]A non well formed numeric value encountered[/www/wwwroot/www.1.com/application/stock/controller/Settle.php:143]
[ 2024-06-16T17:24:08+08:00 ][ error ] [2]date() expects parameter 2 to be integer, string given[/www/wwwroot/www.1.com/application/stock/controller/Settle.php:143]
[ 2024-06-16T17:24:08+08:00 ][ error ] [2]date() expects parameter 2 to be integer, string given[/www/wwwroot/www.1.com/application/stock/controller/Settle.php:143]
[ 2024-06-16T17:24:08+08:00 ][ error ] [2]date() expects parameter 2 to be integer, string given[/www/wwwroot/www.1.com/application/stock/controller/Settle.php:143]
[ 2024-06-16T17:24:08+08:00 ][ error ] [2]date() expects parameter 2 to be integer, string given[/www/wwwroot/www.1.com/application/stock/controller/Settle.php:143]
[ 2024-06-16T17:24:11+08:00 ][ error ] [8]A non well formed numeric value encountered[/www/wwwroot/www.1.com/application/stock/controller/Settle.php:143]
[ 2024-06-16T17:24:11+08:00 ][ error ] [8]A non well formed numeric value encountered[/www/wwwroot/www.1.com/application/stock/controller/Settle.php:143]
[ 2024-06-16T17:24:11+08:00 ][ error ] [8]A non well formed numeric value encountered[/www/wwwroot/www.1.com/application/stock/controller/Settle.php:143]
[ 2024-06-16T17:24:11+08:00 ][ error ] [8]A non well formed numeric value encountered[/www/wwwroot/www.1.com/application/stock/controller/Settle.php:143]
[ 2024-06-16T17:24:11+08:00 ][ error ] [2]date() expects parameter 2 to be integer, string given[/www/wwwroot/www.1.com/application/stock/controller/Settle.php:143]
[ 2024-06-16T17:24:11+08:00 ][ error ] [2]date() expects parameter 2 to be integer, string given[/www/wwwroot/www.1.com/application/stock/controller/Settle.php:143]
[ 2024-06-16T17:24:11+08:00 ][ error ] [2]date() expects parameter 2 to be integer, string given[/www/wwwroot/www.1.com/application/stock/controller/Settle.php:143]
[ 2024-06-16T17:24:11+08:00 ][ error ] [2]date() expects parameter 2 to be integer, string given[/www/wwwroot/www.1.com/application/stock/controller/Settle.php:143]
[ 2024-06-16T17:24:33+08:00 ][ error ] [8]A non well formed numeric value encountered[/www/wwwroot/www.1.com/application/stock/controller/Settle.php:143]
[ 2024-06-16T17:24:33+08:00 ][ error ] [8]A non well formed numeric value encountered[/www/wwwroot/www.1.com/application/stock/controller/Settle.php:143]
[ 2024-06-16T17:24:33+08:00 ][ error ] [8]A non well formed numeric value encountered[/www/wwwroot/www.1.com/application/stock/controller/Settle.php:143]
[ 2024-06-16T17:24:33+08:00 ][ error ] [8]A non well formed numeric value encountered[/www/wwwroot/www.1.com/application/stock/controller/Settle.php:143]
[ 2024-06-16T17:24:33+08:00 ][ error ] [2]date() expects parameter 2 to be integer, string given[/www/wwwroot/www.1.com/application/stock/controller/Settle.php:143]
[ 2024-06-16T17:24:33+08:00 ][ error ] [2]date() expects parameter 2 to be integer, string given[/www/wwwroot/www.1.com/application/stock/controller/Settle.php:143]
[ 2024-06-16T17:24:33+08:00 ][ error ] [2]date() expects parameter 2 to be integer, string given[/www/wwwroot/www.1.com/application/stock/controller/Settle.php:143]
[ 2024-06-16T17:24:33+08:00 ][ error ] [2]date() expects parameter 2 to be integer, string given[/www/wwwroot/www.1.com/application/stock/controller/Settle.php:143]
[ 2024-06-16T17:25:09+08:00 ][ error ] [8]A non well formed numeric value encountered[/www/wwwroot/www.1.com/application/stock/controller/Settle.php:143]
[ 2024-06-16T17:25:09+08:00 ][ error ] [8]A non well formed numeric value encountered[/www/wwwroot/www.1.com/application/stock/controller/Settle.php:143]
[ 2024-06-16T17:25:09+08:00 ][ error ] [8]A non well formed numeric value encountered[/www/wwwroot/www.1.com/application/stock/controller/Settle.php:143]
[ 2024-06-16T17:25:09+08:00 ][ error ] [8]A non well formed numeric value encountered[/www/wwwroot/www.1.com/application/stock/controller/Settle.php:143]
[ 2024-06-16T17:25:09+08:00 ][ error ] [2]date() expects parameter 2 to be integer, string given[/www/wwwroot/www.1.com/application/stock/controller/Settle.php:143]
[ 2024-06-16T17:25:09+08:00 ][ error ] [2]date() expects parameter 2 to be integer, string given[/www/wwwroot/www.1.com/application/stock/controller/Settle.php:143]
[ 2024-06-16T17:25:09+08:00 ][ error ] [2]date() expects parameter 2 to be integer, string given[/www/wwwroot/www.1.com/application/stock/controller/Settle.php:143]
[ 2024-06-16T17:25:09+08:00 ][ error ] [2]date() expects parameter 2 to be integer, string given[/www/wwwroot/www.1.com/application/stock/controller/Settle.php:143]
[ 2024-06-16T17:25:10+08:00 ][ error ] [8]A non well formed numeric value encountered[/www/wwwroot/www.1.com/application/stock/controller/Settle.php:143]
[ 2024-06-16T17:25:10+08:00 ][ error ] [8]A non well formed numeric value encountered[/www/wwwroot/www.1.com/application/stock/controller/Settle.php:143]
[ 2024-06-16T17:25:10+08:00 ][ error ] [8]A non well formed numeric value encountered[/www/wwwroot/www.1.com/application/stock/controller/Settle.php:143]
[ 2024-06-16T17:25:10+08:00 ][ error ] [8]A non well formed numeric value encountered[/www/wwwroot/www.1.com/application/stock/controller/Settle.php:143]
[ 2024-06-16T17:25:10+08:00 ][ error ] [2]date() expects parameter 2 to be integer, string given[/www/wwwroot/www.1.com/application/stock/controller/Settle.php:143]
[ 2024-06-16T17:25:10+08:00 ][ error ] [2]date() expects parameter 2 to be integer, string given[/www/wwwroot/www.1.com/application/stock/controller/Settle.php:143]
[ 2024-06-16T17:25:10+08:00 ][ error ] [2]date() expects parameter 2 to be integer, string given[/www/wwwroot/www.1.com/application/stock/controller/Settle.php:143]
[ 2024-06-16T17:25:10+08:00 ][ error ] [2]date() expects parameter 2 to be integer, string given[/www/wwwroot/www.1.com/application/stock/controller/Settle.php:143]
[ 2024-06-16T17:25:11+08:00 ][ error ] [8]A non well formed numeric value encountered[/www/wwwroot/www.1.com/application/stock/controller/Settle.php:143]
[ 2024-06-16T17:25:11+08:00 ][ error ] [8]A non well formed numeric value encountered[/www/wwwroot/www.1.com/application/stock/controller/Settle.php:143]
[ 2024-06-16T17:25:11+08:00 ][ error ] [8]A non well formed numeric value encountered[/www/wwwroot/www.1.com/application/stock/controller/Settle.php:143]
[ 2024-06-16T17:25:11+08:00 ][ error ] [8]A non well formed numeric value encountered[/www/wwwroot/www.1.com/application/stock/controller/Settle.php:143]
[ 2024-06-16T17:25:11+08:00 ][ error ] [2]date() expects parameter 2 to be integer, string given[/www/wwwroot/www.1.com/application/stock/controller/Settle.php:143]
[ 2024-06-16T17:25:11+08:00 ][ error ] [2]date() expects parameter 2 to be integer, string given[/www/wwwroot/www.1.com/application/stock/controller/Settle.php:143]
[ 2024-06-16T17:25:11+08:00 ][ error ] [2]date() expects parameter 2 to be integer, string given[/www/wwwroot/www.1.com/application/stock/controller/Settle.php:143]
[ 2024-06-16T17:25:11+08:00 ][ error ] [2]date() expects parameter 2 to be integer, string given[/www/wwwroot/www.1.com/application/stock/controller/Settle.php:143]
[ 2024-06-16T17:36:59+08:00 ][ error ] [8]A non well formed numeric value encountered[/www/wwwroot/www.1.com/application/stock/controller/Settle.php:143]
[ 2024-06-16T17:36:59+08:00 ][ error ] [8]A non well formed numeric value encountered[/www/wwwroot/www.1.com/application/stock/controller/Settle.php:143]
[ 2024-06-16T17:36:59+08:00 ][ error ] [8]A non well formed numeric value encountered[/www/wwwroot/www.1.com/application/stock/controller/Settle.php:143]
[ 2024-06-16T17:36:59+08:00 ][ error ] [8]A non well formed numeric value encountered[/www/wwwroot/www.1.com/application/stock/controller/Settle.php:143]
[ 2024-06-16T17:36:59+08:00 ][ error ] [2]date() expects parameter 2 to be integer, string given[/www/wwwroot/www.1.com/application/stock/controller/Settle.php:143]
[ 2024-06-16T17:36:59+08:00 ][ error ] [2]date() expects parameter 2 to be integer, string given[/www/wwwroot/www.1.com/application/stock/controller/Settle.php:143]
[ 2024-06-16T17:36:59+08:00 ][ error ] [2]date() expects parameter 2 to be integer, string given[/www/wwwroot/www.1.com/application/stock/controller/Settle.php:143]
[ 2024-06-16T17:36:59+08:00 ][ error ] [2]date() expects parameter 2 to be integer, string given[/www/wwwroot/www.1.com/application/stock/controller/Settle.php:143]
[ 2024-06-16T18:32:49+08:00 ][ error ] [8]A non well formed numeric value encountered[/www/wwwroot/www.1.com/application/stock/controller/Settle.php:143]
[ 2024-06-16T18:32:49+08:00 ][ error ] [8]A non well formed numeric value encountered[/www/wwwroot/www.1.com/application/stock/controller/Settle.php:143]
[ 2024-06-16T18:32:55+08:00 ][ error ] [8]A non well formed numeric value encountered[/www/wwwroot/www.1.com/application/stock/controller/Settle.php:143]
[ 2024-06-16T18:32:55+08:00 ][ error ] [8]A non well formed numeric value encountered[/www/wwwroot/www.1.com/application/stock/controller/Settle.php:143]
[ 2024-06-16T18:33:01+08:00 ][ error ] [8]A non well formed numeric value encountered[/www/wwwroot/www.1.com/application/stock/controller/Settle.php:143]
[ 2024-06-16T18:33:01+08:00 ][ error ] [8]A non well formed numeric value encountered[/www/wwwroot/www.1.com/application/stock/controller/Settle.php:143]
[ 2024-06-16T18:33:09+08:00 ][ error ] [8]A non well formed numeric value encountered[/www/wwwroot/www.1.com/application/stock/controller/Settle.php:143]
[ 2024-06-16T18:33:09+08:00 ][ error ] [8]A non well formed numeric value encountered[/www/wwwroot/www.1.com/application/stock/controller/Settle.php:143]
[ 2024-06-16T18:33:14+08:00 ][ error ] [8]A non well formed numeric value encountered[/www/wwwroot/www.1.com/application/stock/controller/Settle.php:143]
[ 2024-06-16T18:33:14+08:00 ][ error ] [8]A non well formed numeric value encountered[/www/wwwroot/www.1.com/application/stock/controller/Settle.php:143]
[ 2024-06-16T18:33:18+08:00 ][ error ] [8]A non well formed numeric value encountered[/www/wwwroot/www.1.com/application/stock/controller/Settle.php:143]
[ 2024-06-16T18:33:18+08:00 ][ error ] [8]A non well formed numeric value encountered[/www/wwwroot/www.1.com/application/stock/controller/Settle.php:143]
[ 2024-06-16T19:27:04+08:00 ][ error ] [2]gzdecode(): data error[/www/wwwroot/www.1.com/application/stock/controller/Btc528.php:98]
[ 2024-06-16T19:40:55+08:00 ][ error ] [8]A non well formed numeric value encountered[/www/wwwroot/www.1.com/application/stock/controller/Settle.php:143]
[ 2024-06-16T19:40:55+08:00 ][ error ] [8]A non well formed numeric value encountered[/www/wwwroot/www.1.com/application/stock/controller/Settle.php:143]
[ 2024-06-16T19:41:01+08:00 ][ error ] [8]A non well formed numeric value encountered[/www/wwwroot/www.1.com/application/stock/controller/Settle.php:143]
[ 2024-06-16T19:41:01+08:00 ][ error ] [8]A non well formed numeric value encountered[/www/wwwroot/www.1.com/application/stock/controller/Settle.php:143]
[ 2024-06-16T19:41:07+08:00 ][ error ] [8]A non well formed numeric value encountered[/www/wwwroot/www.1.com/application/stock/controller/Settle.php:143]
[ 2024-06-16T19:41:07+08:00 ][ error ] [8]A non well formed numeric value encountered[/www/wwwroot/www.1.com/application/stock/controller/Settle.php:143]
[ 2024-06-16T19:41:11+08:00 ][ error ] [8]A non well formed numeric value encountered[/www/wwwroot/www.1.com/application/stock/controller/Settle.php:143]
[ 2024-06-16T19:41:11+08:00 ][ error ] [8]A non well formed numeric value encountered[/www/wwwroot/www.1.com/application/stock/controller/Settle.php:143]
[ 2024-06-16T19:41:16+08:00 ][ error ] [8]A non well formed numeric value encountered[/www/wwwroot/www.1.com/application/stock/controller/Settle.php:143]
[ 2024-06-16T19:41:16+08:00 ][ error ] [8]A non well formed numeric value encountered[/www/wwwroot/www.1.com/application/stock/controller/Settle.php:143]
[ 2024-06-16T19:41:21+08:00 ][ error ] [8]A non well formed numeric value encountered[/www/wwwroot/www.1.com/application/stock/controller/Settle.php:143]
[ 2024-06-16T19:41:21+08:00 ][ error ] [8]A non well formed numeric value encountered[/www/wwwroot/www.1.com/application/stock/controller/Settle.php:143]
[ 2024-06-16T20:40:45+08:00 ][ error ] [8]A non well formed numeric value encountered[/www/wwwroot/www.1.com/application/stock/controller/Settle.php:143]
[ 2024-06-16T20:40:45+08:00 ][ error ] [8]A non well formed numeric value encountered[/www/wwwroot/www.1.com/application/stock/controller/Settle.php:143]
[ 2024-06-16T20:40:45+08:00 ][ error ] [8]A non well formed numeric value encountered[/www/wwwroot/www.1.com/application/stock/controller/Settle.php:143]
[ 2024-06-16T20:40:45+08:00 ][ error ] [8]A non well formed numeric value encountered[/www/wwwroot/www.1.com/application/stock/controller/Settle.php:143]
[ 2024-06-16T20:40:45+08:00 ][ error ] [2]date() expects parameter 2 to be integer, string given[/www/wwwroot/www.1.com/application/stock/controller/Settle.php:143]
[ 2024-06-16T20:40:45+08:00 ][ error ] [2]date() expects parameter 2 to be integer, string given[/www/wwwroot/www.1.com/application/stock/controller/Settle.php:143]
[ 2024-06-16T20:40:45+08:00 ][ error ] [2]date() expects parameter 2 to be integer, string given[/www/wwwroot/www.1.com/application/stock/controller/Settle.php:143]
[ 2024-06-16T20:40:45+08:00 ][ error ] [2]date() expects parameter 2 to be integer, string given[/www/wwwroot/www.1.com/application/stock/controller/Settle.php:143]
