[ 2024-06-26T00:00:01+08:00 ][ error ] [2]gzdecode(): data error
[ 2024-06-26T00:00:07+08:00 ][ error ] [2]gzdecode(): data error
[ 2024-06-26T00:00:07+08:00 ][ error ] [2]gzdecode(): data error
[ 2024-06-26T00:00:13+08:00 ][ error ] [2]gzdecode(): data error
[ 2024-06-26T00:00:16+08:00 ][ error ] [2]gzdecode(): data error
[ 2024-06-26T00:00:19+08:00 ][ error ] [2]gzdecode(): data error
[ 2024-06-26T00:00:22+08:00 ][ error ] [2]gzdecode(): data error
[ 2024-06-26T00:00:25+08:00 ][ error ] [2]gzdecode(): data error
[ 2024-06-26T00:00:31+08:00 ][ error ] [2]gzdecode(): data error
[ 2024-06-26T00:00:32+08:00 ][ error ] [2]gzdecode(): data error
[ 2024-06-26T00:00:37+08:00 ][ error ] [2]gzdecode(): data error
[ 2024-06-26T00:00:39+08:00 ][ error ] [2]gzdecode(): data error
[ 2024-06-26T00:00:43+08:00 ][ error ] [2]gzdecode(): data error
[ 2024-06-26T00:00:45+08:00 ][ error ] [2]gzdecode(): data error
[ 2024-06-26T00:00:49+08:00 ][ error ] [2]gzdecode(): data error
[ 2024-06-26T00:00:51+08:00 ][ error ] [2]gzdecode(): data error
[ 2024-06-26T00:00:56+08:00 ][ error ] [2]gzdecode(): data error
[ 2024-06-26T00:00:59+08:00 ][ error ] [2]gzdecode(): data error
[ 2024-06-26T00:01:02+08:00 ][ error ] [2]gzdecode(): data error
[ 2024-06-26T00:01:05+08:00 ][ error ] [2]gzdecode(): data error
[ 2024-06-26T00:01:09+08:00 ][ error ] [2]gzdecode(): data error
[ 2024-06-26T00:01:12+08:00 ][ error ] [2]gzdecode(): data error
[ 2024-06-26T00:01:15+08:00 ][ error ] [2]gzdecode(): data error
[ 2024-06-26T00:01:21+08:00 ][ error ] [2]gzdecode(): data error
[ 2024-06-26T00:01:22+08:00 ][ error ] [2]gzdecode(): data error
[ 2024-06-26T00:01:27+08:00 ][ error ] [2]gzdecode(): data error
[ 2024-06-26T00:01:30+08:00 ][ error ] [2]gzdecode(): data error
[ 2024-06-26T00:01:33+08:00 ][ error ] [2]gzdecode(): data error
[ 2024-06-26T00:01:36+08:00 ][ error ] [2]gzdecode(): data error
[ 2024-06-26T00:01:40+08:00 ][ error ] [2]gzdecode(): data error
[ 2024-06-26T00:01:42+08:00 ][ error ] [2]gzdecode(): data error
[ 2024-06-26T00:01:46+08:00 ][ error ] [2]gzdecode(): data error
[ 2024-06-26T00:01:48+08:00 ][ error ] [2]gzdecode(): data error
[ 2024-06-26T00:01:52+08:00 ][ error ] [2]gzdecode(): data error
[ 2024-06-26T00:01:54+08:00 ][ error ] [2]gzdecode(): data error
[ 2024-06-26T00:01:58+08:00 ][ error ] [2]gzdecode(): data error
[ 2024-06-26T00:02:00+08:00 ][ error ] [2]gzdecode(): data error
[ 2024-06-26T00:02:05+08:00 ][ error ] [2]gzdecode(): data error
[ 2024-06-26T00:02:06+08:00 ][ error ] [2]gzdecode(): data error
[ 2024-06-26T00:02:11+08:00 ][ error ] [2]gzdecode(): data error
[ 2024-06-26T00:02:13+08:00 ][ error ] [2]gzdecode(): data error
[ 2024-06-26T00:02:17+08:00 ][ error ] [2]gzdecode(): data error
[ 2024-06-26T00:02:19+08:00 ][ error ] [2]gzdecode(): data error
[ 2024-06-26T00:02:23+08:00 ][ error ] [2]gzdecode(): data error
[ 2024-06-26T00:02:25+08:00 ][ error ] [2]gzdecode(): data error
[ 2024-06-26T00:02:31+08:00 ][ error ] [2]gzdecode(): data error
[ 2024-06-26T00:02:33+08:00 ][ error ] [2]gzdecode(): data error
[ 2024-06-26T00:20:34+08:00 ][ error ] [2]gzdecode(): data error
[ 2024-06-26T00:20:34+08:00 ][ error ] [2]gzdecode(): data error
[ 2024-06-26T00:20:40+08:00 ][ error ] [2]gzdecode(): data error
[ 2024-06-26T00:20:40+08:00 ][ error ] [2]gzdecode(): data error
[ 2024-06-26T00:20:46+08:00 ][ error ] [2]gzdecode(): data error
[ 2024-06-26T00:20:50+08:00 ][ error ] [2]gzdecode(): data error
[ 2024-06-26T00:20:54+08:00 ][ error ] [2]gzdecode(): data error
[ 2024-06-26T00:20:56+08:00 ][ error ] [2]gzdecode(): data error
[ 2024-06-26T00:21:00+08:00 ][ error ] [2]gzdecode(): data error
[ 2024-06-26T00:21:02+08:00 ][ error ] [2]gzdecode(): data error
[ 2024-06-26T00:21:06+08:00 ][ error ] [2]gzdecode(): data error
[ 2024-06-26T00:21:08+08:00 ][ error ] [2]gzdecode(): data error
[ 2024-06-26T00:21:12+08:00 ][ error ] [2]gzdecode(): data error
[ 2024-06-26T00:21:14+08:00 ][ error ] [2]gzdecode(): data error
[ 2024-06-26T00:21:18+08:00 ][ error ] [2]gzdecode(): data error
[ 2024-06-26T00:21:20+08:00 ][ error ] [2]gzdecode(): data error
[ 2024-06-26T00:21:24+08:00 ][ error ] [2]gzdecode(): data error
[ 2024-06-26T00:21:26+08:00 ][ error ] [2]gzdecode(): data error
[ 2024-06-26T00:21:30+08:00 ][ error ] [2]gzdecode(): data error
[ 2024-06-26T00:21:33+08:00 ][ error ] [2]gzdecode(): data error
[ 2024-06-26T00:21:39+08:00 ][ error ] [2]gzdecode(): data error
[ 2024-06-26T00:21:42+08:00 ][ error ] [2]gzdecode(): data error
[ 2024-06-26T00:21:46+08:00 ][ error ] [2]gzdecode(): data error
[ 2024-06-26T00:21:48+08:00 ][ error ] [2]gzdecode(): data error
[ 2024-06-26T00:21:52+08:00 ][ error ] [2]gzdecode(): data error
[ 2024-06-26T00:21:54+08:00 ][ error ] [2]gzdecode(): data error
[ 2024-06-26T00:21:58+08:00 ][ error ] [2]gzdecode(): data error
[ 2024-06-26T00:22:02+08:00 ][ error ] [2]gzdecode(): data error
[ 2024-06-26T00:22:05+08:00 ][ error ] [2]gzdecode(): data error
[ 2024-06-26T00:22:08+08:00 ][ error ] [2]gzdecode(): data error
[ 2024-06-26T00:22:12+08:00 ][ error ] [2]gzdecode(): data error
[ 2024-06-26T00:22:14+08:00 ][ error ] [2]gzdecode(): data error
[ 2024-06-26T00:22:19+08:00 ][ error ] [2]gzdecode(): data error
[ 2024-06-26T00:22:20+08:00 ][ error ] [2]gzdecode(): data error
[ 2024-06-26T00:22:25+08:00 ][ error ] [2]gzdecode(): data error
[ 2024-06-26T00:22:26+08:00 ][ error ] [2]gzdecode(): data error
[ 2024-06-26T00:22:32+08:00 ][ error ] [2]gzdecode(): data error
[ 2024-06-26T00:22:33+08:00 ][ error ] [2]gzdecode(): data error
[ 2024-06-26T00:22:38+08:00 ][ error ] [2]gzdecode(): data error
[ 2024-06-26T00:22:39+08:00 ][ error ] [2]gzdecode(): data error
[ 2024-06-26T00:22:44+08:00 ][ error ] [2]gzdecode(): data error
[ 2024-06-26T00:22:45+08:00 ][ error ] [2]gzdecode(): data error
[ 2024-06-26T00:22:53+08:00 ][ error ] [2]gzdecode(): data error
[ 2024-06-26T00:22:53+08:00 ][ error ] [2]gzdecode(): data error
[ 2024-06-26T00:22:59+08:00 ][ error ] [2]gzdecode(): data error
[ 2024-06-26T00:23:00+08:00 ][ error ] [2]gzdecode(): data error
[ 2024-06-26T00:23:05+08:00 ][ error ] [2]gzdecode(): data error
[ 2024-06-26T00:23:06+08:00 ][ error ] [2]gzdecode(): data error
[ 2024-06-26T00:23:11+08:00 ][ error ] [2]gzdecode(): data error
[ 2024-06-26T00:23:13+08:00 ][ error ] [2]gzdecode(): data error
[ 2024-06-26T00:23:17+08:00 ][ error ] [2]gzdecode(): data error
[ 2024-06-26T00:23:19+08:00 ][ error ] [2]gzdecode(): data error
[ 2024-06-26T00:23:23+08:00 ][ error ] [2]gzdecode(): data error
[ 2024-06-26T00:23:25+08:00 ][ error ] [2]gzdecode(): data error
[ 2024-06-26T00:23:29+08:00 ][ error ] [2]gzdecode(): data error
[ 2024-06-26T06:45:10+08:00 ][ error ] [2]gzdecode(): data error
[ 2024-06-26T06:45:16+08:00 ][ error ] [2]gzdecode(): data error
[ 2024-06-26T06:45:24+08:00 ][ error ] [2]gzdecode(): data error
[ 2024-06-26T06:45:30+08:00 ][ error ] [2]gzdecode(): data error
[ 2024-06-26T06:45:37+08:00 ][ error ] [2]gzdecode(): data error
[ 2024-06-26T06:45:49+08:00 ][ error ] [2]gzdecode(): data error
[ 2024-06-26T06:45:55+08:00 ][ error ] [2]gzdecode(): data error
[ 2024-06-26T06:46:03+08:00 ][ error ] [2]gzdecode(): data error
[ 2024-06-26T06:46:10+08:00 ][ error ] [2]gzdecode(): data error
[ 2024-06-26T06:46:17+08:00 ][ error ] [2]gzdecode(): data error
[ 2024-06-26T06:46:23+08:00 ][ error ] [2]gzdecode(): data error
[ 2024-06-26T06:46:31+08:00 ][ error ] [2]gzdecode(): data error
[ 2024-06-26T06:46:37+08:00 ][ error ] [2]gzdecode(): data error
[ 2024-06-26T06:46:43+08:00 ][ error ] [2]gzdecode(): data error
[ 2024-06-26T06:46:49+08:00 ][ error ] [2]gzdecode(): data error
[ 2024-06-26T06:46:57+08:00 ][ error ] [2]gzdecode(): data error
[ 2024-06-26T06:47:05+08:00 ][ error ] [2]gzdecode(): data error
[ 2024-06-26T06:47:13+08:00 ][ error ] [2]gzdecode(): data error
[ 2024-06-26T06:47:22+08:00 ][ error ] [2]gzdecode(): data error
[ 2024-06-26T06:47:28+08:00 ][ error ] [2]gzdecode(): data error
[ 2024-06-26T06:47:34+08:00 ][ error ] [2]gzdecode(): data error
[ 2024-06-26T06:47:41+08:00 ][ error ] [2]gzdecode(): data error
[ 2024-06-26T06:47:48+08:00 ][ error ] [2]gzdecode(): data error
[ 2024-06-26T06:47:55+08:00 ][ error ] [2]gzdecode(): data error
[ 2024-06-26T06:48:06+08:00 ][ error ] [2]gzdecode(): data error
[ 2024-06-26T06:48:17+08:00 ][ error ] [2]gzdecode(): data error
[ 2024-06-26T06:48:32+08:00 ][ error ] [2]gzdecode(): data error
[ 2024-06-26T06:48:41+08:00 ][ error ] [2]gzdecode(): data error
[ 2024-06-26T06:48:47+08:00 ][ error ] [2]gzdecode(): data error
[ 2024-06-26T06:48:54+08:00 ][ error ] [2]gzdecode(): data error
[ 2024-06-26T06:49:01+08:00 ][ error ] [2]gzdecode(): data error
[ 2024-06-26T06:49:09+08:00 ][ error ] [2]gzdecode(): data error
[ 2024-06-26T06:49:15+08:00 ][ error ] [2]gzdecode(): data error
[ 2024-06-26T06:49:21+08:00 ][ error ] [2]gzdecode(): data error
[ 2024-06-26T06:49:27+08:00 ][ error ] [2]gzdecode(): data error
[ 2024-06-26T06:49:34+08:00 ][ error ] [2]gzdecode(): data error
[ 2024-06-26T06:49:40+08:00 ][ error ] [2]gzdecode(): data error
[ 2024-06-26T06:49:47+08:00 ][ error ] [2]gzdecode(): data error
[ 2024-06-26T06:49:53+08:00 ][ error ] [2]gzdecode(): data error
[ 2024-06-26T06:49:59+08:00 ][ error ] [2]gzdecode(): data error
[ 2024-06-26T06:50:05+08:00 ][ error ] [2]gzdecode(): data error
[ 2024-06-26T06:50:06+08:00 ][ error ] [2]gzdecode(): data error
[ 2024-06-26T06:50:13+08:00 ][ error ] [2]gzdecode(): data error
[ 2024-06-26T06:50:16+08:00 ][ error ] [2]gzdecode(): data error
[ 2024-06-26T06:50:22+08:00 ][ error ] [2]gzdecode(): data error
[ 2024-06-26T06:50:23+08:00 ][ error ] [2]gzdecode(): data error
[ 2024-06-26T06:50:28+08:00 ][ error ] [2]gzdecode(): data error
[ 2024-06-26T06:50:29+08:00 ][ error ] [2]gzdecode(): data error
[ 2024-06-26T06:50:34+08:00 ][ error ] [2]gzdecode(): data error
[ 2024-06-26T06:50:36+08:00 ][ error ] [2]gzdecode(): data error
[ 2024-06-26T06:50:40+08:00 ][ error ] [2]gzdecode(): data error
[ 2024-06-26T06:50:42+08:00 ][ error ] [2]gzdecode(): data error
[ 2024-06-26T06:50:46+08:00 ][ error ] [2]gzdecode(): data error
[ 2024-06-26T06:50:48+08:00 ][ error ] [2]gzdecode(): data error
[ 2024-06-26T06:50:55+08:00 ][ error ] [2]gzdecode(): data error
[ 2024-06-26T06:50:55+08:00 ][ error ] [2]gzdecode(): data error
[ 2024-06-26T06:51:01+08:00 ][ error ] [2]gzdecode(): data error
[ 2024-06-26T06:51:01+08:00 ][ error ] [2]gzdecode(): data error
[ 2024-06-26T06:51:07+08:00 ][ error ] [2]gzdecode(): data error
[ 2024-06-26T06:51:07+08:00 ][ error ] [2]gzdecode(): data error
[ 2024-06-26T06:51:13+08:00 ][ error ] [2]gzdecode(): data error
[ 2024-06-26T06:51:14+08:00 ][ error ] [2]gzdecode(): data error
[ 2024-06-26T06:55:15+08:00 ][ error ] [2]gzdecode(): data error
[ 2024-06-26T06:55:16+08:00 ][ error ] [2]gzdecode(): data error
[ 2024-06-26T06:55:22+08:00 ][ error ] [2]gzdecode(): data error
[ 2024-06-26T06:55:24+08:00 ][ error ] [2]gzdecode(): data error
[ 2024-06-26T06:55:29+08:00 ][ error ] [2]gzdecode(): data error
[ 2024-06-26T06:55:33+08:00 ][ error ] [2]gzdecode(): data error
[ 2024-06-26T06:55:35+08:00 ][ error ] [2]gzdecode(): data error
[ 2024-06-26T06:55:41+08:00 ][ error ] [2]gzdecode(): data error
[ 2024-06-26T06:55:41+08:00 ][ error ] [2]gzdecode(): data error
[ 2024-06-26T06:55:47+08:00 ][ error ] [2]gzdecode(): data error
[ 2024-06-26T06:55:51+08:00 ][ error ] [2]gzdecode(): data error
[ 2024-06-26T06:55:55+08:00 ][ error ] [2]gzdecode(): data error
[ 2024-06-26T06:55:57+08:00 ][ error ] [2]gzdecode(): data error
[ 2024-06-26T06:56:06+08:00 ][ error ] [2]gzdecode(): data error
[ 2024-06-26T06:56:07+08:00 ][ error ] [2]gzdecode(): data error
[ 2024-06-26T06:56:12+08:00 ][ error ] [2]gzdecode(): data error
[ 2024-06-26T06:56:14+08:00 ][ error ] [2]gzdecode(): data error
[ 2024-06-26T06:56:18+08:00 ][ error ] [2]gzdecode(): data error
[ 2024-06-26T06:56:20+08:00 ][ error ] [2]gzdecode(): data error
[ 2024-06-26T06:56:24+08:00 ][ error ] [2]gzdecode(): data error
[ 2024-06-26T06:56:26+08:00 ][ error ] [2]gzdecode(): data error
[ 2024-06-26T06:56:30+08:00 ][ error ] [2]gzdecode(): data error
[ 2024-06-26T06:56:33+08:00 ][ error ] [2]gzdecode(): data error
[ 2024-06-26T06:56:36+08:00 ][ error ] [2]gzdecode(): data error
[ 2024-06-26T06:56:40+08:00 ][ error ] [2]gzdecode(): data error
[ 2024-06-26T06:56:42+08:00 ][ error ] [2]gzdecode(): data error
[ 2024-06-26T06:56:47+08:00 ][ error ] [2]gzdecode(): data error
[ 2024-06-26T06:56:48+08:00 ][ error ] [2]gzdecode(): data error
[ 2024-06-26T06:56:53+08:00 ][ error ] [2]gzdecode(): data error
[ 2024-06-26T06:56:54+08:00 ][ error ] [2]gzdecode(): data error
[ 2024-06-26T06:56:59+08:00 ][ error ] [2]gzdecode(): data error
[ 2024-06-26T06:57:00+08:00 ][ error ] [2]gzdecode(): data error
[ 2024-06-26T06:57:05+08:00 ][ error ] [2]gzdecode(): data error
[ 2024-06-26T06:57:06+08:00 ][ error ] [2]gzdecode(): data error
[ 2024-06-26T06:57:11+08:00 ][ error ] [2]gzdecode(): data error
[ 2024-06-26T06:57:12+08:00 ][ error ] [2]gzdecode(): data error
[ 2024-06-26T06:57:17+08:00 ][ error ] [2]gzdecode(): data error
[ 2024-06-26T06:57:18+08:00 ][ error ] [2]gzdecode(): data error
[ 2024-06-26T06:57:26+08:00 ][ error ] [2]gzdecode(): data error
[ 2024-06-26T06:57:28+08:00 ][ error ] [2]gzdecode(): data error
[ 2024-06-26T06:57:33+08:00 ][ error ] [2]gzdecode(): data error
[ 2024-06-26T06:57:34+08:00 ][ error ] [2]gzdecode(): data error
[ 2024-06-26T06:57:40+08:00 ][ error ] [2]gzdecode(): data error
[ 2024-06-26T06:57:41+08:00 ][ error ] [2]gzdecode(): data error
[ 2024-06-26T06:57:49+08:00 ][ error ] [2]gzdecode(): data error
[ 2024-06-26T06:57:54+08:00 ][ error ] [2]gzdecode(): data error
[ 2024-06-26T06:57:55+08:00 ][ error ] [2]gzdecode(): data error
[ 2024-06-26T06:58:00+08:00 ][ error ] [2]gzdecode(): data error
[ 2024-06-26T06:58:01+08:00 ][ error ] [2]gzdecode(): data error
[ 2024-06-26T06:58:06+08:00 ][ error ] [2]gzdecode(): data error
[ 2024-06-26T06:58:07+08:00 ][ error ] [2]gzdecode(): data error
[ 2024-06-26T06:58:12+08:00 ][ error ] [2]gzdecode(): data error
[ 2024-06-26T06:58:15+08:00 ][ error ] [2]gzdecode(): data error
[ 2024-06-26T06:58:18+08:00 ][ error ] [2]gzdecode(): data error
[ 2024-06-26T06:58:23+08:00 ][ error ] [2]gzdecode(): data error
[ 2024-06-26T06:58:24+08:00 ][ error ] [2]gzdecode(): data error
[ 2024-06-26T06:58:29+08:00 ][ error ] [2]gzdecode(): data error
[ 2024-06-26T06:58:31+08:00 ][ error ] [2]gzdecode(): data error
[ 2024-06-26T06:58:35+08:00 ][ error ] [2]gzdecode(): data error
[ 2024-06-26T06:58:37+08:00 ][ error ] [2]gzdecode(): data error
[ 2024-06-26T06:58:41+08:00 ][ error ] [2]gzdecode(): data error
[ 2024-06-26T06:58:44+08:00 ][ error ] [2]gzdecode(): data error
[ 2024-06-26T06:58:47+08:00 ][ error ] [2]gzdecode(): data error
[ 2024-06-26T06:58:51+08:00 ][ error ] [2]gzdecode(): data error
[ 2024-06-26T06:58:58+08:00 ][ error ] [2]gzdecode(): data error
[ 2024-06-26T06:58:59+08:00 ][ error ] [2]gzdecode(): data error
[ 2024-06-26T06:59:04+08:00 ][ error ] [2]gzdecode(): data error
[ 2024-06-26T06:59:08+08:00 ][ error ] [2]gzdecode(): data error
[ 2024-06-26T06:59:10+08:00 ][ error ] [2]gzdecode(): data error
[ 2024-06-26T06:59:14+08:00 ][ error ] [2]gzdecode(): data error
[ 2024-06-26T06:59:16+08:00 ][ error ] [2]gzdecode(): data error
[ 2024-06-26T06:59:20+08:00 ][ error ] [2]gzdecode(): data error
[ 2024-06-26T06:59:22+08:00 ][ error ] [2]gzdecode(): data error
[ 2024-06-26T06:59:26+08:00 ][ error ] [2]gzdecode(): data error
[ 2024-06-26T06:59:31+08:00 ][ error ] [2]gzdecode(): data error
[ 2024-06-26T06:59:32+08:00 ][ error ] [2]gzdecode(): data error
[ 2024-06-26T06:59:38+08:00 ][ error ] [2]gzdecode(): data error
[ 2024-06-26T06:59:40+08:00 ][ error ] [2]gzdecode(): data error
[ 2024-06-26T06:59:46+08:00 ][ error ] [2]gzdecode(): data error
[ 2024-06-26T06:59:48+08:00 ][ error ] [2]gzdecode(): data error
[ 2024-06-26T06:59:52+08:00 ][ error ] [2]gzdecode(): data error
[ 2024-06-26T06:59:54+08:00 ][ error ] [2]gzdecode(): data error
[ 2024-06-26T07:00:00+08:00 ][ error ] [2]gzdecode(): data error
[ 2024-06-26T07:00:01+08:00 ][ error ] [2]gzdecode(): data error
[ 2024-06-26T07:00:06+08:00 ][ error ] [2]gzdecode(): data error
[ 2024-06-26T07:00:06+08:00 ][ error ] [2]gzdecode(): data error
[ 2024-06-26T07:00:07+08:00 ][ error ] [2]gzdecode(): data error
[ 2024-06-26T07:00:12+08:00 ][ error ] [2]gzdecode(): data error
[ 2024-06-26T07:00:13+08:00 ][ error ] [2]gzdecode(): data error
[ 2024-06-26T07:00:14+08:00 ][ error ] [2]gzdecode(): data error
[ 2024-06-26T07:00:19+08:00 ][ error ] [2]gzdecode(): data error
[ 2024-06-26T07:00:19+08:00 ][ error ] [2]gzdecode(): data error
[ 2024-06-26T07:00:20+08:00 ][ error ] [2]gzdecode(): data error
[ 2024-06-26T07:00:25+08:00 ][ error ] [2]gzdecode(): data error
[ 2024-06-26T07:00:26+08:00 ][ error ] [2]gzdecode(): data error
[ 2024-06-26T07:00:26+08:00 ][ error ] [2]gzdecode(): data error
[ 2024-06-26T07:00:31+08:00 ][ error ] [2]gzdecode(): data error
[ 2024-06-26T07:00:32+08:00 ][ error ] [2]gzdecode(): data error
[ 2024-06-26T07:00:34+08:00 ][ error ] [2]gzdecode(): data error
[ 2024-06-26T07:00:41+08:00 ][ error ] [2]gzdecode(): data error
[ 2024-06-26T07:00:42+08:00 ][ error ] [2]gzdecode(): data error
[ 2024-06-26T07:00:48+08:00 ][ error ] [2]gzdecode(): data error
[ 2024-06-26T07:00:50+08:00 ][ error ] [2]gzdecode(): data error
[ 2024-06-26T07:00:54+08:00 ][ error ] [2]gzdecode(): data error
[ 2024-06-26T07:00:58+08:00 ][ error ] [2]gzdecode(): data error
[ 2024-06-26T07:01:03+08:00 ][ error ] [2]gzdecode(): data error
[ 2024-06-26T07:01:05+08:00 ][ error ] [2]gzdecode(): data error
[ 2024-06-26T07:01:10+08:00 ][ error ] [2]gzdecode(): data error
[ 2024-06-26T07:01:12+08:00 ][ error ] [2]gzdecode(): data error
[ 2024-06-26T07:01:19+08:00 ][ error ] [2]gzdecode(): data error
[ 2024-06-26T07:01:19+08:00 ][ error ] [2]gzdecode(): data error
[ 2024-06-26T07:01:25+08:00 ][ error ] [2]gzdecode(): data error
[ 2024-06-26T07:01:27+08:00 ][ error ] [2]gzdecode(): data error
[ 2024-06-26T07:01:31+08:00 ][ error ] [2]gzdecode(): data error
[ 2024-06-26T07:01:33+08:00 ][ error ] [2]gzdecode(): data error
[ 2024-06-26T07:01:37+08:00 ][ error ] [2]gzdecode(): data error
[ 2024-06-26T07:01:39+08:00 ][ error ] [2]gzdecode(): data error
[ 2024-06-26T07:01:47+08:00 ][ error ] [2]gzdecode(): data error
[ 2024-06-26T07:01:50+08:00 ][ error ] [2]gzdecode(): data error
[ 2024-06-26T07:01:55+08:00 ][ error ] [2]gzdecode(): data error
[ 2024-06-26T07:01:58+08:00 ][ error ] [2]gzdecode(): data error
[ 2024-06-26T07:02:02+08:00 ][ error ] [2]gzdecode(): data error
[ 2024-06-26T07:02:05+08:00 ][ error ] [2]gzdecode(): data error
[ 2024-06-26T07:02:08+08:00 ][ error ] [2]gzdecode(): data error
[ 2024-06-26T07:02:11+08:00 ][ error ] [2]gzdecode(): data error
[ 2024-06-26T07:02:15+08:00 ][ error ] [2]gzdecode(): data error
[ 2024-06-26T07:02:17+08:00 ][ error ] [2]gzdecode(): data error
[ 2024-06-26T07:02:21+08:00 ][ error ] [2]gzdecode(): data error
[ 2024-06-26T07:02:23+08:00 ][ error ] [2]gzdecode(): data error
[ 2024-06-26T07:02:27+08:00 ][ error ] [2]gzdecode(): data error
[ 2024-06-26T07:02:29+08:00 ][ error ] [2]gzdecode(): data error
[ 2024-06-26T07:02:35+08:00 ][ error ] [2]gzdecode(): data error
[ 2024-06-26T07:02:35+08:00 ][ error ] [2]gzdecode(): data error
[ 2024-06-26T07:02:41+08:00 ][ error ] [2]gzdecode(): data error
[ 2024-06-26T07:02:44+08:00 ][ error ] [2]gzdecode(): data error
[ 2024-06-26T07:02:47+08:00 ][ error ] [2]gzdecode(): data error
[ 2024-06-26T07:02:51+08:00 ][ error ] [2]gzdecode(): data error
[ 2024-06-26T07:02:56+08:00 ][ error ] [2]gzdecode(): data error
[ 2024-06-26T07:02:57+08:00 ][ error ] [2]gzdecode(): data error
[ 2024-06-26T07:03:03+08:00 ][ error ] [2]gzdecode(): data error
[ 2024-06-26T07:03:04+08:00 ][ error ] [2]gzdecode(): data error
[ 2024-06-26T07:03:09+08:00 ][ error ] [2]gzdecode(): data error
[ 2024-06-26T07:03:10+08:00 ][ error ] [2]gzdecode(): data error
[ 2024-06-26T07:03:16+08:00 ][ error ] [2]gzdecode(): data error
[ 2024-06-26T07:03:18+08:00 ][ error ] [2]gzdecode(): data error
[ 2024-06-26T07:03:24+08:00 ][ error ] [2]gzdecode(): data error
[ 2024-06-26T07:03:24+08:00 ][ error ] [2]gzdecode(): data error
[ 2024-06-26T07:03:30+08:00 ][ error ] [2]gzdecode(): data error
[ 2024-06-26T07:03:33+08:00 ][ error ] [2]gzdecode(): data error
[ 2024-06-26T07:03:36+08:00 ][ error ] [2]gzdecode(): data error
[ 2024-06-26T07:03:39+08:00 ][ error ] [2]gzdecode(): data error
[ 2024-06-26T07:03:42+08:00 ][ error ] [2]gzdecode(): data error
[ 2024-06-26T07:03:46+08:00 ][ error ] [2]gzdecode(): data error
[ 2024-06-26T07:36:28+08:00 ][ error ] [2]gzdecode(): data error
[ 2024-06-26T07:36:34+08:00 ][ error ] [2]gzdecode(): data error
[ 2024-06-26T07:36:40+08:00 ][ error ] [2]gzdecode(): data error
[ 2024-06-26T07:36:46+08:00 ][ error ] [2]gzdecode(): data error
[ 2024-06-26T07:36:52+08:00 ][ error ] [2]gzdecode(): data error
[ 2024-06-26T07:36:58+08:00 ][ error ] [2]gzdecode(): data error
[ 2024-06-26T07:37:05+08:00 ][ error ] [2]gzdecode(): data error
[ 2024-06-26T07:37:11+08:00 ][ error ] [2]gzdecode(): data error
[ 2024-06-26T07:37:17+08:00 ][ error ] [2]gzdecode(): data error
[ 2024-06-26T07:37:23+08:00 ][ error ] [2]gzdecode(): data error
[ 2024-06-26T07:37:29+08:00 ][ error ] [2]gzdecode(): data error
[ 2024-06-26T07:37:40+08:00 ][ error ] [2]gzdecode(): data error
[ 2024-06-26T07:37:48+08:00 ][ error ] [2]gzdecode(): data error
[ 2024-06-26T07:37:56+08:00 ][ error ] [2]gzdecode(): data error
[ 2024-06-26T07:38:02+08:00 ][ error ] [2]gzdecode(): data error
[ 2024-06-26T07:38:10+08:00 ][ error ] [2]gzdecode(): data error
[ 2024-06-26T07:38:19+08:00 ][ error ] [2]gzdecode(): data error
[ 2024-06-26T07:38:25+08:00 ][ error ] [2]gzdecode(): data error
[ 2024-06-26T07:38:31+08:00 ][ error ] [2]gzdecode(): data error
[ 2024-06-26T07:38:39+08:00 ][ error ] [2]gzdecode(): data error
[ 2024-06-26T07:38:45+08:00 ][ error ] [2]gzdecode(): data error
[ 2024-06-26T07:38:51+08:00 ][ error ] [2]gzdecode(): data error
[ 2024-06-26T07:38:57+08:00 ][ error ] [2]gzdecode(): data error
[ 2024-06-26T07:39:03+08:00 ][ error ] [2]gzdecode(): data error
[ 2024-06-26T07:39:10+08:00 ][ error ] [2]gzdecode(): data error
[ 2024-06-26T07:39:16+08:00 ][ error ] [2]gzdecode(): data error
[ 2024-06-26T07:39:23+08:00 ][ error ] [2]gzdecode(): data error
[ 2024-06-26T07:57:10+08:00 ][ error ] [2]gzdecode(): data error
[ 2024-06-26T07:57:17+08:00 ][ error ] [2]gzdecode(): data error
[ 2024-06-26T07:57:23+08:00 ][ error ] [2]gzdecode(): data error
[ 2024-06-26T07:57:29+08:00 ][ error ] [2]gzdecode(): data error
[ 2024-06-26T07:57:35+08:00 ][ error ] [2]gzdecode(): data error
[ 2024-06-26T07:57:41+08:00 ][ error ] [2]gzdecode(): data error
[ 2024-06-26T07:57:47+08:00 ][ error ] [2]gzdecode(): data error
[ 2024-06-26T07:57:53+08:00 ][ error ] [2]gzdecode(): data error
[ 2024-06-26T07:58:06+08:00 ][ error ] [2]gzdecode(): data error
[ 2024-06-26T07:58:13+08:00 ][ error ] [2]gzdecode(): data error
[ 2024-06-26T07:58:20+08:00 ][ error ] [2]gzdecode(): data error
[ 2024-06-26T07:58:28+08:00 ][ error ] [2]gzdecode(): data error
[ 2024-06-26T07:58:37+08:00 ][ error ] [2]gzdecode(): data error
[ 2024-06-26T07:58:44+08:00 ][ error ] [2]gzdecode(): data error
[ 2024-06-26T07:58:50+08:00 ][ error ] [2]gzdecode(): data error
[ 2024-06-26T07:58:56+08:00 ][ error ] [2]gzdecode(): data error
[ 2024-06-26T07:59:02+08:00 ][ error ] [2]gzdecode(): data error
[ 2024-06-26T07:59:08+08:00 ][ error ] [2]gzdecode(): data error
[ 2024-06-26T07:59:15+08:00 ][ error ] [2]gzdecode(): data error
[ 2024-06-26T07:59:21+08:00 ][ error ] [2]gzdecode(): data error
[ 2024-06-26T07:59:31+08:00 ][ error ] [2]gzdecode(): data error
[ 2024-06-26T07:59:38+08:00 ][ error ] [2]gzdecode(): data error
[ 2024-06-26T07:59:47+08:00 ][ error ] [2]gzdecode(): data error
[ 2024-06-26T07:59:53+08:00 ][ error ] [2]gzdecode(): data error
[ 2024-06-26T07:59:59+08:00 ][ error ] [2]gzdecode(): data error
[ 2024-06-26T08:00:05+08:00 ][ error ] [2]gzdecode(): data error
[ 2024-06-26T08:00:06+08:00 ][ error ] [2]gzdecode(): data error
[ 2024-06-26T08:17:29+08:00 ][ error ] [2]gzdecode(): data error
[ 2024-06-26T08:17:36+08:00 ][ error ] [2]gzdecode(): data error
[ 2024-06-26T08:17:42+08:00 ][ error ] [2]gzdecode(): data error
[ 2024-06-26T08:17:48+08:00 ][ error ] [2]gzdecode(): data error
[ 2024-06-26T08:17:54+08:00 ][ error ] [2]gzdecode(): data error
[ 2024-06-26T08:18:00+08:00 ][ error ] [2]gzdecode(): data error
[ 2024-06-26T08:18:06+08:00 ][ error ] [2]gzdecode(): data error
[ 2024-06-26T08:18:14+08:00 ][ error ] [2]gzdecode(): data error
[ 2024-06-26T08:18:22+08:00 ][ error ] [2]gzdecode(): data error
[ 2024-06-26T08:18:29+08:00 ][ error ] [2]gzdecode(): data error
[ 2024-06-26T08:18:35+08:00 ][ error ] [2]gzdecode(): data error
[ 2024-06-26T08:18:41+08:00 ][ error ] [2]gzdecode(): data error
[ 2024-06-26T08:18:50+08:00 ][ error ] [2]gzdecode(): data error
[ 2024-06-26T08:18:56+08:00 ][ error ] [2]gzdecode(): data error
[ 2024-06-26T08:19:02+08:00 ][ error ] [2]gzdecode(): data error
[ 2024-06-26T08:19:09+08:00 ][ error ] [2]gzdecode(): data error
[ 2024-06-26T08:19:17+08:00 ][ error ] [2]gzdecode(): data error
[ 2024-06-26T08:19:26+08:00 ][ error ] [2]gzdecode(): data error
[ 2024-06-26T08:19:35+08:00 ][ error ] [2]gzdecode(): data error
[ 2024-06-26T08:19:41+08:00 ][ error ] [2]gzdecode(): data error
[ 2024-06-26T08:19:48+08:00 ][ error ] [2]gzdecode(): data error
[ 2024-06-26T08:19:54+08:00 ][ error ] [2]gzdecode(): data error
[ 2024-06-26T08:20:00+08:00 ][ error ] [2]gzdecode(): data error
[ 2024-06-26T08:20:06+08:00 ][ error ] [2]gzdecode(): data error
[ 2024-06-26T08:20:08+08:00 ][ error ] [2]gzdecode(): data error
[ 2024-06-26T08:20:13+08:00 ][ error ] [2]gzdecode(): data error
[ 2024-06-26T08:20:14+08:00 ][ error ] [2]gzdecode(): data error
[ 2024-06-26T08:20:20+08:00 ][ error ] [2]gzdecode(): data error
[ 2024-06-26T08:20:21+08:00 ][ error ] [2]gzdecode(): data error
[ 2024-06-26T08:20:26+08:00 ][ error ] [2]gzdecode(): data error
[ 2024-06-26T09:21:37+08:00 ][ error ] [2]gzdecode(): data error
[ 2024-06-26T09:21:56+08:00 ][ error ] [2]gzdecode(): data error
[ 2024-06-26T09:21:59+08:00 ][ error ] [2]gzdecode(): data error
[ 2024-06-26T11:19:58+08:00 ][ error ] [2]gzdecode(): data error
[ 2024-06-26T11:20:04+08:00 ][ error ] [2]gzdecode(): data error
[ 2024-06-26T11:20:06+08:00 ][ error ] [2]gzdecode(): data error
[ 2024-06-26T11:20:10+08:00 ][ error ] [2]gzdecode(): data error
[ 2024-06-26T11:20:12+08:00 ][ error ] [2]gzdecode(): data error
[ 2024-06-26T11:20:18+08:00 ][ error ] [2]gzdecode(): data error
[ 2024-06-26T11:20:19+08:00 ][ error ] [2]gzdecode(): data error
[ 2024-06-26T11:20:25+08:00 ][ error ] [2]gzdecode(): data error
[ 2024-06-26T11:20:25+08:00 ][ error ] [2]gzdecode(): data error
[ 2024-06-26T11:20:31+08:00 ][ error ] [2]gzdecode(): data error
[ 2024-06-26T11:20:31+08:00 ][ error ] [2]gzdecode(): data error
[ 2024-06-26T11:20:37+08:00 ][ error ] [2]gzdecode(): data error
[ 2024-06-26T11:20:39+08:00 ][ error ] [2]gzdecode(): data error
[ 2024-06-26T11:20:43+08:00 ][ error ] [2]gzdecode(): data error
[ 2024-06-26T11:20:45+08:00 ][ error ] [2]gzdecode(): data error
[ 2024-06-26T11:20:49+08:00 ][ error ] [2]gzdecode(): data error
[ 2024-06-26T11:20:51+08:00 ][ error ] [2]gzdecode(): data error
[ 2024-06-26T11:20:57+08:00 ][ error ] [2]gzdecode(): data error
[ 2024-06-26T11:20:59+08:00 ][ error ] [2]gzdecode(): data error
[ 2024-06-26T11:21:03+08:00 ][ error ] [2]gzdecode(): data error
[ 2024-06-26T11:21:05+08:00 ][ error ] [2]gzdecode(): data error
[ 2024-06-26T11:21:09+08:00 ][ error ] [2]gzdecode(): data error
[ 2024-06-26T11:21:11+08:00 ][ error ] [2]gzdecode(): data error
[ 2024-06-26T11:21:15+08:00 ][ error ] [2]gzdecode(): data error
[ 2024-06-26T11:21:17+08:00 ][ error ] [2]gzdecode(): data error
[ 2024-06-26T11:21:21+08:00 ][ error ] [2]gzdecode(): data error
[ 2024-06-26T11:21:23+08:00 ][ error ] [2]gzdecode(): data error
[ 2024-06-26T11:21:27+08:00 ][ error ] [2]gzdecode(): data error
[ 2024-06-26T11:21:29+08:00 ][ error ] [2]gzdecode(): data error
[ 2024-06-26T11:21:33+08:00 ][ error ] [2]gzdecode(): data error
[ 2024-06-26T11:21:35+08:00 ][ error ] [2]gzdecode(): data error
[ 2024-06-26T11:21:39+08:00 ][ error ] [2]gzdecode(): data error
[ 2024-06-26T11:21:41+08:00 ][ error ] [2]gzdecode(): data error
[ 2024-06-26T11:21:47+08:00 ][ error ] [2]gzdecode(): data error
[ 2024-06-26T11:21:49+08:00 ][ error ] [2]gzdecode(): data error
[ 2024-06-26T11:21:54+08:00 ][ error ] [2]gzdecode(): data error
[ 2024-06-26T11:21:59+08:00 ][ error ] [2]gzdecode(): data error
[ 2024-06-26T11:22:00+08:00 ][ error ] [2]gzdecode(): data error
[ 2024-06-26T11:22:06+08:00 ][ error ] [2]gzdecode(): data error
[ 2024-06-26T11:22:06+08:00 ][ error ] [2]gzdecode(): data error
[ 2024-06-26T11:22:12+08:00 ][ error ] [2]gzdecode(): data error
[ 2024-06-26T11:22:13+08:00 ][ error ] [2]gzdecode(): data error
[ 2024-06-26T11:22:19+08:00 ][ error ] [2]gzdecode(): data error
[ 2024-06-26T11:22:24+08:00 ][ error ] [2]gzdecode(): data error
[ 2024-06-26T11:22:25+08:00 ][ error ] [2]gzdecode(): data error
[ 2024-06-26T11:22:31+08:00 ][ error ] [2]gzdecode(): data error
[ 2024-06-26T11:22:32+08:00 ][ error ] [2]gzdecode(): data error
[ 2024-06-26T11:22:37+08:00 ][ error ] [2]gzdecode(): data error
[ 2024-06-26T11:22:40+08:00 ][ error ] [2]gzdecode(): data error
[ 2024-06-26T11:22:44+08:00 ][ error ] [2]gzdecode(): data error
[ 2024-06-26T11:22:48+08:00 ][ error ] [2]gzdecode(): data error
[ 2024-06-26T11:22:51+08:00 ][ error ] [2]gzdecode(): data error
[ 2024-06-26T11:22:54+08:00 ][ error ] [2]gzdecode(): data error
[ 2024-06-26T12:15:18+08:00 ][ error ] [2]gzdecode(): data error
[ 2024-06-26T12:15:24+08:00 ][ error ] [2]gzdecode(): data error
[ 2024-06-26T12:15:30+08:00 ][ error ] [2]gzdecode(): data error
[ 2024-06-26T12:15:41+08:00 ][ error ] [2]gzdecode(): data error
[ 2024-06-26T12:15:47+08:00 ][ error ] [2]gzdecode(): data error
[ 2024-06-26T12:15:53+08:00 ][ error ] [2]gzdecode(): data error
[ 2024-06-26T12:15:59+08:00 ][ error ] [2]gzdecode(): data error
[ 2024-06-26T12:16:07+08:00 ][ error ] [2]gzdecode(): data error
[ 2024-06-26T12:16:14+08:00 ][ error ] [2]gzdecode(): data error
[ 2024-06-26T12:16:20+08:00 ][ error ] [2]gzdecode(): data error
[ 2024-06-26T12:16:26+08:00 ][ error ] [2]gzdecode(): data error
[ 2024-06-26T12:16:33+08:00 ][ error ] [2]gzdecode(): data error
[ 2024-06-26T12:16:41+08:00 ][ error ] [2]gzdecode(): data error
[ 2024-06-26T12:16:47+08:00 ][ error ] [2]gzdecode(): data error
[ 2024-06-26T12:16:58+08:00 ][ error ] [2]gzdecode(): data error
[ 2024-06-26T12:17:05+08:00 ][ error ] [2]gzdecode(): data error
[ 2024-06-26T12:17:11+08:00 ][ error ] [2]gzdecode(): data error
[ 2024-06-26T12:17:18+08:00 ][ error ] [2]gzdecode(): data error
[ 2024-06-26T12:17:24+08:00 ][ error ] [2]gzdecode(): data error
[ 2024-06-26T12:17:30+08:00 ][ error ] [2]gzdecode(): data error
[ 2024-06-26T12:17:38+08:00 ][ error ] [2]gzdecode(): data error
[ 2024-06-26T12:17:45+08:00 ][ error ] [2]gzdecode(): data error
[ 2024-06-26T12:17:51+08:00 ][ error ] [2]gzdecode(): data error
[ 2024-06-26T12:17:57+08:00 ][ error ] [2]gzdecode(): data error
[ 2024-06-26T12:18:03+08:00 ][ error ] [2]gzdecode(): data error
[ 2024-06-26T14:06:59+08:00 ][ error ] [2]gzdecode(): data error
[ 2024-06-26T14:07:06+08:00 ][ error ] [2]gzdecode(): data error
[ 2024-06-26T14:07:19+08:00 ][ error ] [2]gzdecode(): data error
[ 2024-06-26T14:22:16+08:00 ][ error ] [2]gzdecode(): data error
[ 2024-06-26T14:22:17+08:00 ][ error ] [2]gzdecode(): data error
[ 2024-06-26T14:22:22+08:00 ][ error ] [2]gzdecode(): data error
[ 2024-06-26T14:22:24+08:00 ][ error ] [2]gzdecode(): data error
[ 2024-06-26T14:22:31+08:00 ][ error ] [2]gzdecode(): data error
[ 2024-06-26T14:22:34+08:00 ][ error ] [2]gzdecode(): data error
[ 2024-06-26T14:22:39+08:00 ][ error ] [2]gzdecode(): data error
[ 2024-06-26T18:14:17+08:00 ][ error ] [2]gzdecode(): data error
[ 2024-06-26T21:33:51+08:00 ][ error ] [8]Undefined index: XAUUSD.OTC
[ 2024-06-26T21:33:51+08:00 ][ error ] [2]Invalid argument supplied for foreach()
[ 2024-06-26T21:35:51+08:00 ][ error ] [8]Undefined index: XAUUSD.OTC
[ 2024-06-26T21:35:51+08:00 ][ error ] [2]Invalid argument supplied for foreach()
[ 2024-06-26T21:40:55+08:00 ][ error ] [8]Undefined index: XAUUSD.OTC
[ 2024-06-26T21:40:55+08:00 ][ error ] [2]Invalid argument supplied for foreach()
[ 2024-06-26T21:41:52+08:00 ][ error ] [8]Undefined index: XAUUSD.OTC
[ 2024-06-26T21:41:52+08:00 ][ error ] [2]Invalid argument supplied for foreach()
[ 2024-06-26T21:42:52+08:00 ][ error ] [8]Undefined index: XAUUSD.OTC
[ 2024-06-26T21:42:52+08:00 ][ error ] [2]Invalid argument supplied for foreach()
[ 2024-06-26T21:51:56+08:00 ][ error ] [8]Undefined index: XAUUSD.OTC
[ 2024-06-26T21:51:56+08:00 ][ error ] [2]Invalid argument supplied for foreach()
[ 2024-06-26T22:03:52+08:00 ][ error ] [8]Undefined index: XAUUSD.OTC
[ 2024-06-26T22:03:52+08:00 ][ error ] [2]Invalid argument supplied for foreach()
[ 2024-06-26T22:05:56+08:00 ][ error ] [8]Undefined index: XAUUSD.OTC
[ 2024-06-26T22:05:56+08:00 ][ error ] [2]Invalid argument supplied for foreach()
[ 2024-06-26T22:06:52+08:00 ][ error ] [8]Undefined index: XAUUSD.OTC
[ 2024-06-26T22:06:52+08:00 ][ error ] [2]Invalid argument supplied for foreach()
[ 2024-06-26T22:10:56+08:00 ][ error ] [8]Undefined index: XAUUSD.OTC
[ 2024-06-26T22:10:56+08:00 ][ error ] [2]Invalid argument supplied for foreach()
[ 2024-06-26T22:10:56+08:00 ][ error ] [8]Undefined index: XAUUSD.OTC
[ 2024-06-26T22:10:56+08:00 ][ error ] [2]Invalid argument supplied for foreach()
[ 2024-06-26T22:14:52+08:00 ][ error ] [8]Undefined index: XAUUSD.OTC
[ 2024-06-26T22:14:52+08:00 ][ error ] [2]Invalid argument supplied for foreach()
[ 2024-06-26T22:15:51+08:00 ][ error ] [8]Undefined index: XAUUSD.OTC
[ 2024-06-26T22:15:51+08:00 ][ error ] [2]Invalid argument supplied for foreach()
[ 2024-06-26T22:16:51+08:00 ][ error ] [8]Undefined index: XAUUSD.OTC
[ 2024-06-26T22:16:51+08:00 ][ error ] [2]Invalid argument supplied for foreach()
[ 2024-06-26T22:19:52+08:00 ][ error ] [8]Undefined index: XAUUSD.OTC
[ 2024-06-26T22:19:52+08:00 ][ error ] [2]Invalid argument supplied for foreach()
[ 2024-06-26T22:23:51+08:00 ][ error ] [8]Undefined index: XAUUSD.OTC
[ 2024-06-26T22:23:51+08:00 ][ error ] [2]Invalid argument supplied for foreach()
[ 2024-06-26T22:30:56+08:00 ][ error ] [8]Undefined index: XAUUSD.OTC
[ 2024-06-26T22:30:56+08:00 ][ error ] [2]Invalid argument supplied for foreach()
[ 2024-06-26T22:31:51+08:00 ][ error ] [8]Undefined index: XAUUSD.OTC
[ 2024-06-26T22:31:51+08:00 ][ error ] [2]Invalid argument supplied for foreach()
[ 2024-06-26T22:32:56+08:00 ][ error ] [8]Undefined index: XAUUSD.OTC
[ 2024-06-26T22:32:56+08:00 ][ error ] [2]Invalid argument supplied for foreach()
[ 2024-06-26T22:33:52+08:00 ][ error ] [8]Undefined index: XAUUSD.OTC
[ 2024-06-26T22:33:52+08:00 ][ error ] [2]Invalid argument supplied for foreach()
[ 2024-06-26T22:38:06+08:00 ][ error ] [8]Undefined index: UKZS.OTC
[ 2024-06-26T22:38:06+08:00 ][ error ] [2]Invalid argument supplied for foreach()
[ 2024-06-26T22:38:06+08:00 ][ error ] [8]Undefined index: USZC.OTC
[ 2024-06-26T22:38:06+08:00 ][ error ] [2]Invalid argument supplied for foreach()
[ 2024-06-26T22:38:07+08:00 ][ error ] [8]Undefined index: USZC.OTC
[ 2024-06-26T22:38:07+08:00 ][ error ] [2]Invalid argument supplied for foreach()
[ 2024-06-26T22:38:07+08:00 ][ error ] [8]Undefined index: USCL.OTC
[ 2024-06-26T22:38:07+08:00 ][ error ] [2]Invalid argument supplied for foreach()
[ 2024-06-26T22:38:13+08:00 ][ error ] [8]Undefined index: RU10YR.OTC
[ 2024-06-26T22:38:13+08:00 ][ error ] [2]Invalid argument supplied for foreach()
[ 2024-06-26T22:38:18+08:00 ][ error ] [8]Undefined index: AUDCHF.OTC
[ 2024-06-26T22:38:18+08:00 ][ error ] [2]Invalid argument supplied for foreach()
[ 2024-06-26T22:38:21+08:00 ][ error ] [2]gzdecode(): data error
[ 2024-06-26T22:38:27+08:00 ][ error ] [2]gzdecode(): data error
