[ 2024-06-29T01:21:37+08:00 ][ error ] [2]gzdecode(): data error
[ 2024-06-29T01:21:44+08:00 ][ error ] [2]gzdecode(): data error
[ 2024-06-29T01:21:54+08:00 ][ error ] [2]gzdecode(): data error
[ 2024-06-29T01:21:55+08:00 ][ error ] [2]gzdecode(): data error
[ 2024-06-29T14:10:25+08:00 ][ error ] [2]gzdecode(): data error
[ 2024-06-29T14:10:25+08:00 ][ error ] [2]gzdecode(): data error
[ 2024-06-29T14:10:31+08:00 ][ error ] [2]gzdecode(): data error
[ 2024-06-29T14:10:31+08:00 ][ error ] [2]gzdecode(): data error
[ 2024-06-29T14:10:37+08:00 ][ error ] [2]gzdecode(): data error
[ 2024-06-29T14:10:37+08:00 ][ error ] [2]gzdecode(): data error
[ 2024-06-29T14:10:43+08:00 ][ error ] [2]gzdecode(): data error
[ 2024-06-29T14:10:47+08:00 ][ error ] [2]gzdecode(): data error
[ 2024-06-29T14:10:51+08:00 ][ error ] [2]gzdecode(): data error
[ 2024-06-29T14:10:57+08:00 ][ error ] [2]gzdecode(): data error
[ 2024-06-29T14:10:58+08:00 ][ error ] [2]gzdecode(): data error
[ 2024-06-29T14:11:04+08:00 ][ error ] [2]gzdecode(): data error
[ 2024-06-29T14:11:05+08:00 ][ error ] [2]gzdecode(): data error
[ 2024-06-29T14:11:13+08:00 ][ error ] [2]gzdecode(): data error
[ 2024-06-29T14:11:14+08:00 ][ error ] [2]gzdecode(): data error
[ 2024-06-29T14:11:19+08:00 ][ error ] [2]gzdecode(): data error
[ 2024-06-29T14:11:20+08:00 ][ error ] [2]gzdecode(): data error
[ 2024-06-29T14:11:25+08:00 ][ error ] [2]gzdecode(): data error
[ 2024-06-29T14:11:26+08:00 ][ error ] [2]gzdecode(): data error
[ 2024-06-29T14:11:31+08:00 ][ error ] [2]gzdecode(): data error
[ 2024-06-29T14:11:32+08:00 ][ error ] [2]gzdecode(): data error
[ 2024-06-29T14:11:37+08:00 ][ error ] [2]gzdecode(): data error
[ 2024-06-29T14:11:39+08:00 ][ error ] [2]gzdecode(): data error
[ 2024-06-29T14:11:43+08:00 ][ error ] [2]gzdecode(): data error
[ 2024-06-29T14:11:47+08:00 ][ error ] [2]gzdecode(): data error
[ 2024-06-29T14:11:51+08:00 ][ error ] [2]gzdecode(): data error
[ 2024-06-29T14:11:53+08:00 ][ error ] [2]gzdecode(): data error
[ 2024-06-29T14:11:57+08:00 ][ error ] [2]gzdecode(): data error
[ 2024-06-29T14:11:59+08:00 ][ error ] [2]gzdecode(): data error
[ 2024-06-29T14:12:05+08:00 ][ error ] [2]gzdecode(): data error
[ 2024-06-29T14:12:05+08:00 ][ error ] [2]gzdecode(): data error
[ 2024-06-29T14:12:11+08:00 ][ error ] [2]gzdecode(): data error
[ 2024-06-29T14:12:11+08:00 ][ error ] [2]gzdecode(): data error
[ 2024-06-29T14:12:17+08:00 ][ error ] [2]gzdecode(): data error
[ 2024-06-29T14:12:23+08:00 ][ error ] [2]gzdecode(): data error
[ 2024-06-29T14:12:24+08:00 ][ error ] [2]gzdecode(): data error
[ 2024-06-29T14:12:29+08:00 ][ error ] [2]gzdecode(): data error
[ 2024-06-29T14:12:33+08:00 ][ error ] [2]gzdecode(): data error
[ 2024-06-29T14:12:39+08:00 ][ error ] [2]gzdecode(): data error
[ 2024-06-29T14:12:39+08:00 ][ error ] [2]gzdecode(): data error
[ 2024-06-29T14:12:45+08:00 ][ error ] [2]gzdecode(): data error
[ 2024-06-29T14:12:45+08:00 ][ error ] [2]gzdecode(): data error
[ 2024-06-29T14:12:51+08:00 ][ error ] [2]gzdecode(): data error
[ 2024-06-29T14:12:51+08:00 ][ error ] [2]gzdecode(): data error
[ 2024-06-29T14:12:57+08:00 ][ error ] [2]gzdecode(): data error
[ 2024-06-29T14:12:57+08:00 ][ error ] [2]gzdecode(): data error
[ 2024-06-29T14:13:03+08:00 ][ error ] [2]gzdecode(): data error
[ 2024-06-29T14:13:03+08:00 ][ error ] [2]gzdecode(): data error
[ 2024-06-29T14:13:09+08:00 ][ error ] [2]gzdecode(): data error
[ 2024-06-29T14:13:12+08:00 ][ error ] [2]gzdecode(): data error
[ 2024-06-29T14:13:17+08:00 ][ error ] [2]gzdecode(): data error
[ 2024-06-29T14:13:23+08:00 ][ error ] [2]gzdecode(): data error
[ 2024-06-29T14:30:28+08:00 ][ error ] [2]gzdecode(): data error
[ 2024-06-29T14:30:30+08:00 ][ error ] [2]gzdecode(): data error
[ 2024-06-29T14:30:34+08:00 ][ error ] [2]gzdecode(): data error
[ 2024-06-29T14:30:37+08:00 ][ error ] [2]gzdecode(): data error
[ 2024-06-29T14:30:40+08:00 ][ error ] [2]gzdecode(): data error
[ 2024-06-29T14:30:46+08:00 ][ error ] [2]gzdecode(): data error
[ 2024-06-29T14:30:46+08:00 ][ error ] [2]gzdecode(): data error
[ 2024-06-29T14:30:53+08:00 ][ error ] [2]gzdecode(): data error
[ 2024-06-29T14:30:59+08:00 ][ error ] [2]gzdecode(): data error
[ 2024-06-29T14:31:01+08:00 ][ error ] [2]gzdecode(): data error
[ 2024-06-29T14:31:06+08:00 ][ error ] [2]gzdecode(): data error
[ 2024-06-29T14:31:07+08:00 ][ error ] [2]gzdecode(): data error
[ 2024-06-29T14:31:12+08:00 ][ error ] [2]gzdecode(): data error
[ 2024-06-29T14:31:14+08:00 ][ error ] [2]gzdecode(): data error
[ 2024-06-29T14:31:20+08:00 ][ error ] [2]gzdecode(): data error
[ 2024-06-29T14:31:20+08:00 ][ error ] [2]gzdecode(): data error
[ 2024-06-29T14:31:26+08:00 ][ error ] [2]gzdecode(): data error
[ 2024-06-29T14:31:27+08:00 ][ error ] [2]gzdecode(): data error
[ 2024-06-29T14:31:33+08:00 ][ error ] [2]gzdecode(): data error
[ 2024-06-29T14:31:33+08:00 ][ error ] [2]gzdecode(): data error
[ 2024-06-29T14:31:40+08:00 ][ error ] [2]gzdecode(): data error
[ 2024-06-29T14:31:40+08:00 ][ error ] [2]gzdecode(): data error
[ 2024-06-29T14:31:46+08:00 ][ error ] [2]gzdecode(): data error
[ 2024-06-29T14:31:46+08:00 ][ error ] [2]gzdecode(): data error
[ 2024-06-29T14:31:52+08:00 ][ error ] [2]gzdecode(): data error
[ 2024-06-29T14:31:52+08:00 ][ error ] [2]gzdecode(): data error
[ 2024-06-29T14:31:58+08:00 ][ error ] [2]gzdecode(): data error
[ 2024-06-29T14:31:58+08:00 ][ error ] [2]gzdecode(): data error
[ 2024-06-29T14:32:05+08:00 ][ error ] [2]gzdecode(): data error
[ 2024-06-29T14:32:06+08:00 ][ error ] [2]gzdecode(): data error
[ 2024-06-29T14:32:11+08:00 ][ error ] [2]gzdecode(): data error
[ 2024-06-29T14:32:13+08:00 ][ error ] [2]gzdecode(): data error
[ 2024-06-29T14:32:17+08:00 ][ error ] [2]gzdecode(): data error
[ 2024-06-29T14:32:20+08:00 ][ error ] [2]gzdecode(): data error
[ 2024-06-29T14:32:23+08:00 ][ error ] [2]gzdecode(): data error
[ 2024-06-29T14:32:26+08:00 ][ error ] [2]gzdecode(): data error
[ 2024-06-29T14:32:30+08:00 ][ error ] [2]gzdecode(): data error
[ 2024-06-29T14:32:32+08:00 ][ error ] [2]gzdecode(): data error
[ 2024-06-29T14:32:39+08:00 ][ error ] [2]gzdecode(): data error
[ 2024-06-29T14:32:44+08:00 ][ error ] [2]gzdecode(): data error
[ 2024-06-29T14:32:45+08:00 ][ error ] [2]gzdecode(): data error
[ 2024-06-29T14:32:52+08:00 ][ error ] [2]gzdecode(): data error
[ 2024-06-29T14:32:53+08:00 ][ error ] [2]gzdecode(): data error
[ 2024-06-29T14:32:59+08:00 ][ error ] [2]gzdecode(): data error
[ 2024-06-29T14:33:02+08:00 ][ error ] [2]gzdecode(): data error
[ 2024-06-29T14:33:07+08:00 ][ error ] [2]gzdecode(): data error
[ 2024-06-29T14:33:09+08:00 ][ error ] [2]gzdecode(): data error
[ 2024-06-29T14:33:15+08:00 ][ error ] [2]gzdecode(): data error
[ 2024-06-29T14:33:21+08:00 ][ error ] [2]gzdecode(): data error
[ 2024-06-29T14:33:22+08:00 ][ error ] [2]gzdecode(): data error
[ 2024-06-29T14:33:28+08:00 ][ error ] [2]gzdecode(): data error
[ 2024-06-29T15:40:02+08:00 ][ error ] [8]Undefined index: USCC.OTC
[ 2024-06-29T15:40:02+08:00 ][ error ] [2]Invalid argument supplied for foreach()
[ 2024-06-29T15:40:03+08:00 ][ error ] [8]Undefined index: IT10YR.OTC
[ 2024-06-29T15:40:03+08:00 ][ error ] [2]Invalid argument supplied for foreach()
[ 2024-06-29T15:40:05+08:00 ][ error ] [8]Undefined index: AUDCHF.OTC
[ 2024-06-29T15:40:05+08:00 ][ error ] [2]Invalid argument supplied for foreach()
[ 2024-06-29T15:40:06+08:00 ][ error ] [8]Undefined index: RU10YR.OTC
[ 2024-06-29T15:40:06+08:00 ][ error ] [2]Invalid argument supplied for foreach()
[ 2024-06-29T15:40:06+08:00 ][ error ] [8]Undefined index: DE10YR.OTC
[ 2024-06-29T15:40:06+08:00 ][ error ] [2]Invalid argument supplied for foreach()
[ 2024-06-29T15:40:07+08:00 ][ error ] [8]Undefined index: USHG.OTC
[ 2024-06-29T15:40:07+08:00 ][ error ] [2]Invalid argument supplied for foreach()
[ 2024-06-29T15:40:08+08:00 ][ error ] [8]Undefined index: USPA.OTC
[ 2024-06-29T15:40:08+08:00 ][ error ] [2]Invalid argument supplied for foreach()
[ 2024-06-29T15:40:10+08:00 ][ error ] [8]Undefined index: UKOIL.OTC
[ 2024-06-29T15:40:10+08:00 ][ error ] [2]Invalid argument supplied for foreach()
[ 2024-06-29T15:40:10+08:00 ][ error ] [8]Undefined index: USZC.OTC
[ 2024-06-29T15:40:10+08:00 ][ error ] [2]Invalid argument supplied for foreach()
[ 2024-06-29T15:40:12+08:00 ][ error ] [8]Undefined index: FR10YR.OTC
[ 2024-06-29T15:40:12+08:00 ][ error ] [2]Invalid argument supplied for foreach()
[ 2024-06-29T15:40:13+08:00 ][ error ] [8]Undefined index: ZA10YR.OTC
[ 2024-06-29T15:40:13+08:00 ][ error ] [2]Invalid argument supplied for foreach()
[ 2024-06-29T17:53:10+08:00 ][ error ] [2]gzdecode(): data error
[ 2024-06-29T17:53:16+08:00 ][ error ] [2]gzdecode(): data error
[ 2024-06-29T17:53:22+08:00 ][ error ] [2]gzdecode(): data error
[ 2024-06-29T17:53:28+08:00 ][ error ] [2]gzdecode(): data error
[ 2024-06-29T17:53:36+08:00 ][ error ] [2]gzdecode(): data error
[ 2024-06-29T17:53:44+08:00 ][ error ] [2]gzdecode(): data error
[ 2024-06-29T17:53:50+08:00 ][ error ] [2]gzdecode(): data error
[ 2024-06-29T17:53:57+08:00 ][ error ] [2]gzdecode(): data error
[ 2024-06-29T17:54:03+08:00 ][ error ] [2]gzdecode(): data error
[ 2024-06-29T17:54:11+08:00 ][ error ] [2]gzdecode(): data error
[ 2024-06-29T17:54:17+08:00 ][ error ] [2]gzdecode(): data error
[ 2024-06-29T17:54:25+08:00 ][ error ] [2]gzdecode(): data error
[ 2024-06-29T17:54:31+08:00 ][ error ] [2]gzdecode(): data error
[ 2024-06-29T17:54:39+08:00 ][ error ] [2]gzdecode(): data error
[ 2024-06-29T17:54:46+08:00 ][ error ] [2]gzdecode(): data error
[ 2024-06-29T17:54:52+08:00 ][ error ] [2]gzdecode(): data error
[ 2024-06-29T17:54:58+08:00 ][ error ] [2]gzdecode(): data error
[ 2024-06-29T17:55:04+08:00 ][ error ] [2]gzdecode(): data error
[ 2024-06-29T17:55:11+08:00 ][ error ] [2]gzdecode(): data error
[ 2024-06-29T17:55:18+08:00 ][ error ] [2]gzdecode(): data error
[ 2024-06-29T17:55:25+08:00 ][ error ] [2]gzdecode(): data error
[ 2024-06-29T17:55:31+08:00 ][ error ] [2]gzdecode(): data error
[ 2024-06-29T17:55:37+08:00 ][ error ] [2]gzdecode(): data error
[ 2024-06-29T17:55:43+08:00 ][ error ] [2]gzdecode(): data error
[ 2024-06-29T17:55:49+08:00 ][ error ] [2]gzdecode(): data error
[ 2024-06-29T17:55:55+08:00 ][ error ] [2]gzdecode(): data error
[ 2024-06-29T17:56:01+08:00 ][ error ] [2]gzdecode(): data error
[ 2024-06-29T17:56:17+08:00 ][ error ] [2]gzdecode(): data error
[ 2024-06-29T17:56:23+08:00 ][ error ] [2]gzdecode(): data error
[ 2024-06-29T17:56:30+08:00 ][ error ] [2]gzdecode(): data error
[ 2024-06-29T17:56:40+08:00 ][ error ] [2]gzdecode(): data error
[ 2024-06-29T17:56:49+08:00 ][ error ] [2]gzdecode(): data error
[ 2024-06-29T17:56:58+08:00 ][ error ] [2]gzdecode(): data error
[ 2024-06-29T17:57:04+08:00 ][ error ] [2]gzdecode(): data error
[ 2024-06-29T17:57:12+08:00 ][ error ] [2]gzdecode(): data error
[ 2024-06-29T17:57:18+08:00 ][ error ] [2]gzdecode(): data error
[ 2024-06-29T17:57:24+08:00 ][ error ] [2]gzdecode(): data error
[ 2024-06-29T17:57:30+08:00 ][ error ] [2]gzdecode(): data error
[ 2024-06-29T17:57:36+08:00 ][ error ] [2]gzdecode(): data error
[ 2024-06-29T17:57:42+08:00 ][ error ] [2]gzdecode(): data error
[ 2024-06-29T17:57:50+08:00 ][ error ] [2]gzdecode(): data error
[ 2024-06-29T17:57:57+08:00 ][ error ] [2]gzdecode(): data error
[ 2024-06-29T17:58:06+08:00 ][ error ] [2]gzdecode(): data error
[ 2024-06-29T17:58:13+08:00 ][ error ] [2]gzdecode(): data error
[ 2024-06-29T17:58:19+08:00 ][ error ] [2]gzdecode(): data error
[ 2024-06-29T17:58:25+08:00 ][ error ] [2]gzdecode(): data error
[ 2024-06-29T17:58:31+08:00 ][ error ] [2]gzdecode(): data error
[ 2024-06-29T17:58:37+08:00 ][ error ] [2]gzdecode(): data error
[ 2024-06-29T17:58:43+08:00 ][ error ] [2]gzdecode(): data error
[ 2024-06-29T17:58:49+08:00 ][ error ] [2]gzdecode(): data error
[ 2024-06-29T17:58:55+08:00 ][ error ] [2]gzdecode(): data error
[ 2024-06-29T17:59:01+08:00 ][ error ] [2]gzdecode(): data error
[ 2024-06-29T17:59:07+08:00 ][ error ] [2]gzdecode(): data error
[ 2024-06-29T20:48:19+08:00 ][ error ] [2]gzdecode(): data error
[ 2024-06-29T20:48:25+08:00 ][ error ] [2]gzdecode(): data error
[ 2024-06-29T20:48:31+08:00 ][ error ] [2]gzdecode(): data error
[ 2024-06-29T20:48:37+08:00 ][ error ] [2]gzdecode(): data error
[ 2024-06-29T20:48:43+08:00 ][ error ] [2]gzdecode(): data error
[ 2024-06-29T20:48:49+08:00 ][ error ] [2]gzdecode(): data error
[ 2024-06-29T20:48:56+08:00 ][ error ] [2]gzdecode(): data error
[ 2024-06-29T20:49:03+08:00 ][ error ] [2]gzdecode(): data error
[ 2024-06-29T20:49:09+08:00 ][ error ] [2]gzdecode(): data error
[ 2024-06-29T20:49:17+08:00 ][ error ] [2]gzdecode(): data error
[ 2024-06-29T20:49:23+08:00 ][ error ] [2]gzdecode(): data error
[ 2024-06-29T20:49:29+08:00 ][ error ] [2]gzdecode(): data error
[ 2024-06-29T20:49:37+08:00 ][ error ] [2]gzdecode(): data error
[ 2024-06-29T20:49:43+08:00 ][ error ] [2]gzdecode(): data error
[ 2024-06-29T20:49:49+08:00 ][ error ] [2]gzdecode(): data error
[ 2024-06-29T20:49:55+08:00 ][ error ] [2]gzdecode(): data error
[ 2024-06-29T20:50:01+08:00 ][ error ] [2]gzdecode(): data error
[ 2024-06-29T20:50:06+08:00 ][ error ] [2]gzdecode(): data error
[ 2024-06-29T20:50:07+08:00 ][ error ] [2]gzdecode(): data error
[ 2024-06-29T20:50:15+08:00 ][ error ] [2]gzdecode(): data error
[ 2024-06-29T20:50:16+08:00 ][ error ] [2]gzdecode(): data error
[ 2024-06-29T20:50:22+08:00 ][ error ] [2]gzdecode(): data error
[ 2024-06-29T20:50:22+08:00 ][ error ] [2]gzdecode(): data error
[ 2024-06-29T20:50:28+08:00 ][ error ] [2]gzdecode(): data error
[ 2024-06-29T20:50:28+08:00 ][ error ] [2]gzdecode(): data error
[ 2024-06-29T20:50:34+08:00 ][ error ] [2]gzdecode(): data error
[ 2024-06-29T20:50:35+08:00 ][ error ] [2]gzdecode(): data error
[ 2024-06-29T20:50:41+08:00 ][ error ] [2]gzdecode(): data error
[ 2024-06-29T20:50:41+08:00 ][ error ] [2]gzdecode(): data error
[ 2024-06-29T20:50:50+08:00 ][ error ] [2]gzdecode(): data error
[ 2024-06-29T20:50:52+08:00 ][ error ] [2]gzdecode(): data error
[ 2024-06-29T20:50:57+08:00 ][ error ] [2]gzdecode(): data error
[ 2024-06-29T20:50:58+08:00 ][ error ] [2]gzdecode(): data error
[ 2024-06-29T20:51:03+08:00 ][ error ] [2]gzdecode(): data error
[ 2024-06-29T20:51:04+08:00 ][ error ] [2]gzdecode(): data error
[ 2024-06-29T20:51:12+08:00 ][ error ] [2]gzdecode(): data error
[ 2024-06-29T20:51:19+08:00 ][ error ] [2]gzdecode(): data error
[ 2024-06-29T20:51:19+08:00 ][ error ] [2]gzdecode(): data error
[ 2024-06-29T21:09:20+08:00 ][ error ] [2]gzdecode(): data error
[ 2024-06-29T21:09:26+08:00 ][ error ] [2]gzdecode(): data error
[ 2024-06-29T21:09:37+08:00 ][ error ] [2]gzdecode(): data error
[ 2024-06-29T21:09:43+08:00 ][ error ] [2]gzdecode(): data error
[ 2024-06-29T21:09:49+08:00 ][ error ] [2]gzdecode(): data error
[ 2024-06-29T21:09:56+08:00 ][ error ] [2]gzdecode(): data error
[ 2024-06-29T21:10:07+08:00 ][ error ] [2]gzdecode(): data error
[ 2024-06-29T21:10:07+08:00 ][ error ] [2]gzdecode(): data error
[ 2024-06-29T21:10:13+08:00 ][ error ] [2]gzdecode(): data error
[ 2024-06-29T21:10:13+08:00 ][ error ] [2]gzdecode(): data error
[ 2024-06-29T21:10:20+08:00 ][ error ] [2]gzdecode(): data error
[ 2024-06-29T21:10:20+08:00 ][ error ] [2]gzdecode(): data error
[ 2024-06-29T21:10:26+08:00 ][ error ] [2]gzdecode(): data error
[ 2024-06-29T21:10:26+08:00 ][ error ] [2]gzdecode(): data error
[ 2024-06-29T21:10:32+08:00 ][ error ] [2]gzdecode(): data error
[ 2024-06-29T21:10:32+08:00 ][ error ] [2]gzdecode(): data error
[ 2024-06-29T21:10:38+08:00 ][ error ] [2]gzdecode(): data error
[ 2024-06-29T21:10:40+08:00 ][ error ] [2]gzdecode(): data error
[ 2024-06-29T21:10:46+08:00 ][ error ] [2]gzdecode(): data error
[ 2024-06-29T21:10:46+08:00 ][ error ] [2]gzdecode(): data error
[ 2024-06-29T21:10:52+08:00 ][ error ] [2]gzdecode(): data error
[ 2024-06-29T21:10:54+08:00 ][ error ] [2]gzdecode(): data error
[ 2024-06-29T21:10:58+08:00 ][ error ] [2]gzdecode(): data error
[ 2024-06-29T21:11:05+08:00 ][ error ] [2]gzdecode(): data error
[ 2024-06-29T21:11:06+08:00 ][ error ] [2]gzdecode(): data error
[ 2024-06-29T21:11:12+08:00 ][ error ] [2]gzdecode(): data error
[ 2024-06-29T21:11:12+08:00 ][ error ] [2]gzdecode(): data error
[ 2024-06-29T21:11:19+08:00 ][ error ] [2]gzdecode(): data error
[ 2024-06-29T21:11:21+08:00 ][ error ] [2]gzdecode(): data error
[ 2024-06-29T21:11:26+08:00 ][ error ] [2]gzdecode(): data error
[ 2024-06-29T21:11:30+08:00 ][ error ] [2]gzdecode(): data error
[ 2024-06-29T21:11:35+08:00 ][ error ] [2]gzdecode(): data error
[ 2024-06-29T21:11:37+08:00 ][ error ] [2]gzdecode(): data error
[ 2024-06-29T21:11:42+08:00 ][ error ] [2]gzdecode(): data error
[ 2024-06-29T21:11:43+08:00 ][ error ] [2]gzdecode(): data error
[ 2024-06-29T21:11:48+08:00 ][ error ] [2]gzdecode(): data error
[ 2024-06-29T21:11:51+08:00 ][ error ] [2]gzdecode(): data error
[ 2024-06-29T21:11:54+08:00 ][ error ] [2]gzdecode(): data error
[ 2024-06-29T21:11:57+08:00 ][ error ] [2]gzdecode(): data error
[ 2024-06-29T21:12:00+08:00 ][ error ] [2]gzdecode(): data error
[ 2024-06-29T21:12:03+08:00 ][ error ] [2]gzdecode(): data error
[ 2024-06-29T21:12:08+08:00 ][ error ] [2]gzdecode(): data error
[ 2024-06-29T21:12:09+08:00 ][ error ] [2]gzdecode(): data error
[ 2024-06-29T21:12:15+08:00 ][ error ] [2]gzdecode(): data error
[ 2024-06-29T21:12:15+08:00 ][ error ] [2]gzdecode(): data error
