[ 2024-08-08T00:01:01+08:00 ][ error ] [2]gzdecode(): data error
[ 2024-08-08T00:11:09+08:00 ][ error ] [2]gzdecode(): data error
[ 2024-08-08T02:46:57+08:00 ][ error ] [2006]SQLSTATE[HY000] [2006] MySQL server has gone away
[ 2024-08-08T02:46:57+08:00 ][ error ] [2006]SQLSTATE[HY000] [2006] MySQL server has gone away
[ 2024-08-08T02:53:30+08:00 ][ error ] [2006]SQLSTATE[HY000] [2006] MySQL server has gone away
[ 2024-08-08T02:53:30+08:00 ][ error ] [2006]SQLSTATE[HY000] [2006] MySQL server has gone away
[ 2024-08-08T02:53:30+08:00 ][ error ] [2006]SQLSTATE[HY000] [2006] MySQL server has gone away
[ 2024-08-08T02:59:02+08:00 ][ error ] [2]gzdecode(): data error
[ 2024-08-08T05:13:30+08:00 ][ error ] [2]gzdecode(): data error
[ 2024-08-08T05:13:30+08:00 ][ error ] [2]gzdecode(): data error
[ 2024-08-08T05:16:10+08:00 ][ error ] [2006]SQLSTATE[HY000] [2006] MySQL server has gone away
[ 2024-08-08T05:16:10+08:00 ][ error ] [2006]SQLSTATE[HY000] [2006] MySQL server has gone away
[ 2024-08-08T05:19:41+08:00 ][ error ] [2]gzdecode(): data error
[ 2024-08-08T05:19:41+08:00 ][ error ] [2]gzdecode(): data error
[ 2024-08-08T05:19:41+08:00 ][ error ] [2]gzdecode(): data error
[ 2024-08-08T05:51:56+08:00 ][ error ] [2006]SQLSTATE[HY000] [2006] MySQL server has gone away
[ 2024-08-08T06:08:09+08:00 ][ error ] [2]gzdecode(): data error
[ 2024-08-08T06:09:47+08:00 ][ error ] [2006]SQLSTATE[HY000] [2006] MySQL server has gone away
[ 2024-08-08T06:53:30+08:00 ][ error ] [10501]SQLSTATE[08S01]: Communication link failure: 1053 Server shutdown in progress
[ 2024-08-08T06:53:30+08:00 ][ error ] [8]think\db\Connection::free(): send of 9 bytes failed with errno=32 Broken pipe
[ 2024-08-08T06:53:30+08:00 ][ error ] [2]Error while sending STMT_CLOSE packet. PID=1169
[ 2024-08-08T06:53:30+08:00 ][ error ] [10501]SQLSTATE[08S01]: Communication link failure: 1053 Server shutdown in progress
[ 2024-08-08T06:53:30+08:00 ][ error ] [8]think\db\Connection::free(): send of 9 bytes failed with errno=32 Broken pipe
[ 2024-08-08T06:53:30+08:00 ][ error ] [2]Error while sending STMT_CLOSE packet. PID=1170
[ 2024-08-08T06:53:30+08:00 ][ error ] [10501]SQLSTATE[08S01]: Communication link failure: 1053 Server shutdown in progress
[ 2024-08-08T06:53:30+08:00 ][ error ] [8]think\db\Connection::free(): send of 9 bytes failed with errno=32 Broken pipe
[ 2024-08-08T06:53:30+08:00 ][ error ] [2]Error while sending STMT_CLOSE packet. PID=1171
[ 2024-08-08T06:53:31+08:00 ][ error ] [2002]SQLSTATE[HY000] [2002] No such file or directory
[ 2024-08-08T06:53:31+08:00 ][ error ] [2002]SQLSTATE[HY000] [2002] No such file or directory
[ 2024-08-08T06:53:31+08:00 ][ error ] [2002]SQLSTATE[HY000] [2002] No such file or directory
[ 2024-08-08T06:53:31+08:00 ][ error ] [2002]SQLSTATE[HY000] [2002] No such file or directory
[ 2024-08-08T06:53:32+08:00 ][ error ] [2002]SQLSTATE[HY000] [2002] No such file or directory
[ 2024-08-08T06:53:32+08:00 ][ error ] [2002]SQLSTATE[HY000] [2002] No such file or directory
[ 2024-08-08T06:53:32+08:00 ][ error ] [2002]SQLSTATE[HY000] [2002] No such file or directory
[ 2024-08-08T06:53:33+08:00 ][ error ] [2002]SQLSTATE[HY000] [2002] No such file or directory
[ 2024-08-08T06:53:33+08:00 ][ error ] [2002]SQLSTATE[HY000] [2002] No such file or directory
[ 2024-08-08T06:53:33+08:00 ][ error ] [2002]SQLSTATE[HY000] [2002] No such file or directory
[ 2024-08-08T06:53:34+08:00 ][ error ] [2002]SQLSTATE[HY000] [2002] No such file or directory
[ 2024-08-08T06:53:34+08:00 ][ error ] [2002]SQLSTATE[HY000] [2002] No such file or directory
[ 2024-08-08T06:53:35+08:00 ][ error ] [2002]SQLSTATE[HY000] [2002] No such file or directory
[ 2024-08-08T06:53:35+08:00 ][ error ] [2002]SQLSTATE[HY000] [2002] No such file or directory
[ 2024-08-08T06:53:36+08:00 ][ error ] [2002]SQLSTATE[HY000] [2002] No such file or directory
[ 2024-08-08T06:53:36+08:00 ][ error ] [2002]SQLSTATE[HY000] [2002] No such file or directory
[ 2024-08-08T06:54:01+08:00 ][ error ] [2002]SQLSTATE[HY000] [2002] No such file or directory
[ 2024-08-08T07:21:52+08:00 ][ error ] [2]gzdecode(): data error
[ 2024-08-08T07:29:11+08:00 ][ error ] [0]read error on connection to localhost:6379
[ 2024-08-08T07:29:54+08:00 ][ error ] [0]read error on connection to localhost:6379
[ 2024-08-08T07:38:40+08:00 ][ error ] [0]read error on connection to localhost:6379
[ 2024-08-08T07:38:40+08:00 ][ error ] [0]read error on connection to localhost:6379
[ 2024-08-08T07:38:40+08:00 ][ error ] [0]read error on connection to localhost:6379
[ 2024-08-08T07:38:40+08:00 ][ error ] [0]read error on connection to localhost:6379
[ 2024-08-08T07:54:04+08:00 ][ error ] [2]gzdecode(): data error
[ 2024-08-08T07:54:04+08:00 ][ error ] [2]gzdecode(): data error
[ 2024-08-08T07:54:04+08:00 ][ error ] [2]gzdecode(): data error
[ 2024-08-08T08:06:29+08:00 ][ error ] [0]read error on connection to localhost:6379
[ 2024-08-08T08:12:25+08:00 ][ error ] [0]read error on connection to localhost:6379
[ 2024-08-08T08:12:25+08:00 ][ error ] [0]read error on connection to localhost:6379
[ 2024-08-08T08:12:25+08:00 ][ error ] [0]read error on connection to localhost:6379
[ 2024-08-08T08:12:25+08:00 ][ error ] [0]read error on connection to localhost:6379
[ 2024-08-08T08:21:59+08:00 ][ error ] [2]gzdecode(): data error
[ 2024-08-08T08:21:59+08:00 ][ error ] [2]gzdecode(): data error
[ 2024-08-08T08:21:59+08:00 ][ error ] [2]gzdecode(): data error
[ 2024-08-08T08:21:59+08:00 ][ error ] [2]gzdecode(): data error
[ 2024-08-08T09:07:42+08:00 ][ error ] [2]gzdecode(): data error
[ 2024-08-08T09:07:51+08:00 ][ error ] [2]gzdecode(): data error
[ 2024-08-08T09:08:01+08:00 ][ error ] [2]gzdecode(): data error
[ 2024-08-08T09:44:47+08:00 ][ error ] [2]gzdecode(): data error
[ 2024-08-08T10:29:33+08:00 ][ error ] [2]gzdecode(): data error
[ 2024-08-08T11:00:11+08:00 ][ error ] [2]gzdecode(): data error
[ 2024-08-08T11:38:20+08:00 ][ error ] [2]gzdecode(): data error
[ 2024-08-08T11:58:46+08:00 ][ error ] [2]gzdecode(): data error
[ 2024-08-08T11:58:52+08:00 ][ error ] [2]gzdecode(): data error
[ 2024-08-08T11:58:58+08:00 ][ error ] [2]gzdecode(): data error
[ 2024-08-08T11:59:04+08:00 ][ error ] [2]gzdecode(): data error
[ 2024-08-08T11:59:11+08:00 ][ error ] [2]gzdecode(): data error
[ 2024-08-08T11:59:20+08:00 ][ error ] [2]gzdecode(): data error
[ 2024-08-08T11:59:26+08:00 ][ error ] [2]gzdecode(): data error
[ 2024-08-08T11:59:32+08:00 ][ error ] [2]gzdecode(): data error
[ 2024-08-08T11:59:39+08:00 ][ error ] [2]gzdecode(): data error
[ 2024-08-08T11:59:45+08:00 ][ error ] [2]gzdecode(): data error
[ 2024-08-08T11:59:53+08:00 ][ error ] [2]gzdecode(): data error
[ 2024-08-08T11:59:59+08:00 ][ error ] [2]gzdecode(): data error
[ 2024-08-08T12:00:06+08:00 ][ error ] [2]gzdecode(): data error
[ 2024-08-08T12:00:07+08:00 ][ error ] [2]gzdecode(): data error
[ 2024-08-08T12:00:12+08:00 ][ error ] [2]gzdecode(): data error
[ 2024-08-08T12:00:13+08:00 ][ error ] [2]gzdecode(): data error
[ 2024-08-08T12:00:19+08:00 ][ error ] [2]gzdecode(): data error
[ 2024-08-08T12:00:20+08:00 ][ error ] [2]gzdecode(): data error
[ 2024-08-08T12:00:25+08:00 ][ error ] [2]gzdecode(): data error
[ 2024-08-08T12:00:26+08:00 ][ error ] [2]gzdecode(): data error
[ 2024-08-08T12:00:31+08:00 ][ error ] [2]gzdecode(): data error
[ 2024-08-08T12:00:34+08:00 ][ error ] [2]gzdecode(): data error
[ 2024-08-08T12:00:37+08:00 ][ error ] [2]gzdecode(): data error
[ 2024-08-08T12:00:41+08:00 ][ error ] [2]gzdecode(): data error
[ 2024-08-08T12:00:43+08:00 ][ error ] [2]gzdecode(): data error
[ 2024-08-08T12:00:47+08:00 ][ error ] [2]gzdecode(): data error
[ 2024-08-08T12:00:50+08:00 ][ error ] [2]gzdecode(): data error
[ 2024-08-08T12:00:53+08:00 ][ error ] [2]gzdecode(): data error
[ 2024-08-08T12:00:58+08:00 ][ error ] [2]gzdecode(): data error
[ 2024-08-08T12:00:59+08:00 ][ error ] [2]gzdecode(): data error
[ 2024-08-08T12:01:04+08:00 ][ error ] [2]gzdecode(): data error
[ 2024-08-08T12:01:05+08:00 ][ error ] [2]gzdecode(): data error
[ 2024-08-08T12:01:10+08:00 ][ error ] [2]gzdecode(): data error
[ 2024-08-08T12:01:14+08:00 ][ error ] [2]gzdecode(): data error
[ 2024-08-08T12:01:16+08:00 ][ error ] [2]gzdecode(): data error
[ 2024-08-08T12:01:22+08:00 ][ error ] [2]gzdecode(): data error
[ 2024-08-08T12:01:28+08:00 ][ error ] [2]gzdecode(): data error
[ 2024-08-08T12:01:28+08:00 ][ error ] [2]gzdecode(): data error
[ 2024-08-08T12:01:37+08:00 ][ error ] [2]gzdecode(): data error
[ 2024-08-08T12:01:37+08:00 ][ error ] [2]gzdecode(): data error
[ 2024-08-08T12:02:56+08:00 ][ error ] [2]gzdecode(): data error
[ 2024-08-08T12:17:50+08:00 ][ error ] [2]gzdecode(): data error
[ 2024-08-08T12:19:48+08:00 ][ error ] [2]gzdecode(): data error
[ 2024-08-08T12:19:48+08:00 ][ error ] [2]gzdecode(): data error
[ 2024-08-08T12:19:54+08:00 ][ error ] [2]gzdecode(): data error
[ 2024-08-08T12:19:57+08:00 ][ error ] [2]gzdecode(): data error
[ 2024-08-08T12:20:00+08:00 ][ error ] [2]gzdecode(): data error
[ 2024-08-08T12:20:06+08:00 ][ error ] [2]gzdecode(): data error
[ 2024-08-08T12:20:10+08:00 ][ error ] [2]gzdecode(): data error
[ 2024-08-08T12:20:11+08:00 ][ error ] [2]gzdecode(): data error
[ 2024-08-08T12:20:12+08:00 ][ error ] [2]gzdecode(): data error
[ 2024-08-08T12:20:16+08:00 ][ error ] [2]gzdecode(): data error
[ 2024-08-08T12:20:17+08:00 ][ error ] [2]gzdecode(): data error
[ 2024-08-08T12:20:20+08:00 ][ error ] [2]gzdecode(): data error
[ 2024-08-08T12:20:22+08:00 ][ error ] [2]gzdecode(): data error
[ 2024-08-08T12:20:25+08:00 ][ error ] [2]gzdecode(): data error
[ 2024-08-08T12:20:26+08:00 ][ error ] [2]gzdecode(): data error
[ 2024-08-08T12:20:31+08:00 ][ error ] [2]gzdecode(): data error
[ 2024-08-08T12:20:31+08:00 ][ error ] [2]gzdecode(): data error
[ 2024-08-08T12:20:32+08:00 ][ error ] [2]gzdecode(): data error
[ 2024-08-08T12:20:37+08:00 ][ error ] [2]gzdecode(): data error
[ 2024-08-08T12:20:39+08:00 ][ error ] [2]gzdecode(): data error
[ 2024-08-08T12:20:39+08:00 ][ error ] [2]gzdecode(): data error
[ 2024-08-08T12:20:44+08:00 ][ error ] [2]gzdecode(): data error
[ 2024-08-08T12:20:45+08:00 ][ error ] [2]gzdecode(): data error
[ 2024-08-08T12:20:49+08:00 ][ error ] [2]gzdecode(): data error
[ 2024-08-08T12:20:51+08:00 ][ error ] [2]gzdecode(): data error
[ 2024-08-08T12:20:52+08:00 ][ error ] [2]gzdecode(): data error
[ 2024-08-08T12:20:56+08:00 ][ error ] [2]gzdecode(): data error
[ 2024-08-08T12:20:57+08:00 ][ error ] [2]gzdecode(): data error
[ 2024-08-08T12:20:58+08:00 ][ error ] [2]gzdecode(): data error
[ 2024-08-08T12:21:03+08:00 ][ error ] [2]gzdecode(): data error
[ 2024-08-08T12:21:04+08:00 ][ error ] [2]gzdecode(): data error
[ 2024-08-08T12:21:05+08:00 ][ error ] [2]gzdecode(): data error
[ 2024-08-08T12:21:09+08:00 ][ error ] [2]gzdecode(): data error
[ 2024-08-08T12:21:10+08:00 ][ error ] [2]gzdecode(): data error
[ 2024-08-08T12:21:11+08:00 ][ error ] [2]gzdecode(): data error
[ 2024-08-08T12:21:15+08:00 ][ error ] [2]gzdecode(): data error
[ 2024-08-08T12:21:16+08:00 ][ error ] [2]gzdecode(): data error
[ 2024-08-08T12:21:19+08:00 ][ error ] [2]gzdecode(): data error
[ 2024-08-08T12:21:21+08:00 ][ error ] [2]gzdecode(): data error
[ 2024-08-08T12:21:24+08:00 ][ error ] [2]gzdecode(): data error
[ 2024-08-08T12:21:25+08:00 ][ error ] [2]gzdecode(): data error
[ 2024-08-08T12:21:27+08:00 ][ error ] [2]gzdecode(): data error
[ 2024-08-08T12:21:30+08:00 ][ error ] [2]gzdecode(): data error
[ 2024-08-08T12:21:32+08:00 ][ error ] [2]gzdecode(): data error
[ 2024-08-08T12:21:33+08:00 ][ error ] [2]gzdecode(): data error
[ 2024-08-08T12:21:36+08:00 ][ error ] [2]gzdecode(): data error
[ 2024-08-08T12:21:38+08:00 ][ error ] [2]gzdecode(): data error
[ 2024-08-08T12:21:39+08:00 ][ error ] [2]gzdecode(): data error
[ 2024-08-08T12:21:42+08:00 ][ error ] [2]gzdecode(): data error
[ 2024-08-08T12:21:47+08:00 ][ error ] [2]gzdecode(): data error
[ 2024-08-08T12:21:49+08:00 ][ error ] [2]gzdecode(): data error
[ 2024-08-08T12:21:49+08:00 ][ error ] [2]gzdecode(): data error
[ 2024-08-08T12:21:54+08:00 ][ error ] [2]gzdecode(): data error
[ 2024-08-08T12:21:55+08:00 ][ error ] [2]gzdecode(): data error
[ 2024-08-08T12:21:55+08:00 ][ error ] [2]gzdecode(): data error
[ 2024-08-08T12:22:00+08:00 ][ error ] [2]gzdecode(): data error
[ 2024-08-08T12:22:01+08:00 ][ error ] [2]gzdecode(): data error
[ 2024-08-08T12:22:06+08:00 ][ error ] [2]gzdecode(): data error
[ 2024-08-08T12:22:09+08:00 ][ error ] [2]gzdecode(): data error
[ 2024-08-08T12:22:12+08:00 ][ error ] [2]gzdecode(): data error
[ 2024-08-08T12:22:18+08:00 ][ error ] [2]gzdecode(): data error
[ 2024-08-08T12:22:19+08:00 ][ error ] [2]gzdecode(): data error
[ 2024-08-08T12:22:24+08:00 ][ error ] [2]gzdecode(): data error
[ 2024-08-08T12:22:25+08:00 ][ error ] [2]gzdecode(): data error
[ 2024-08-08T12:22:30+08:00 ][ error ] [2]gzdecode(): data error
[ 2024-08-08T12:22:31+08:00 ][ error ] [2]gzdecode(): data error
[ 2024-08-08T12:22:36+08:00 ][ error ] [2]gzdecode(): data error
[ 2024-08-08T12:22:38+08:00 ][ error ] [2]gzdecode(): data error
[ 2024-08-08T12:22:42+08:00 ][ error ] [2]gzdecode(): data error
[ 2024-08-08T12:22:46+08:00 ][ error ] [2]gzdecode(): data error
[ 2024-08-08T12:40:45+08:00 ][ error ] [2]gzdecode(): data error
[ 2024-08-08T12:40:46+08:00 ][ error ] [2]gzdecode(): data error
[ 2024-08-08T12:40:52+08:00 ][ error ] [2]gzdecode(): data error
[ 2024-08-08T12:40:52+08:00 ][ error ] [2]gzdecode(): data error
[ 2024-08-08T12:40:58+08:00 ][ error ] [2]gzdecode(): data error
[ 2024-08-08T12:40:58+08:00 ][ error ] [2]gzdecode(): data error
[ 2024-08-08T12:41:04+08:00 ][ error ] [2]gzdecode(): data error
[ 2024-08-08T12:41:05+08:00 ][ error ] [2]gzdecode(): data error
[ 2024-08-08T12:41:10+08:00 ][ error ] [2]gzdecode(): data error
[ 2024-08-08T12:41:12+08:00 ][ error ] [2]gzdecode(): data error
[ 2024-08-08T12:41:18+08:00 ][ error ] [2]gzdecode(): data error
[ 2024-08-08T12:41:22+08:00 ][ error ] [2]gzdecode(): data error
[ 2024-08-08T12:41:24+08:00 ][ error ] [2]gzdecode(): data error
[ 2024-08-08T12:41:28+08:00 ][ error ] [2]gzdecode(): data error
[ 2024-08-08T12:41:33+08:00 ][ error ] [2]gzdecode(): data error
[ 2024-08-08T12:41:34+08:00 ][ error ] [2]gzdecode(): data error
[ 2024-08-08T12:41:40+08:00 ][ error ] [2]gzdecode(): data error
[ 2024-08-08T12:41:41+08:00 ][ error ] [2]gzdecode(): data error
[ 2024-08-08T12:41:46+08:00 ][ error ] [2]gzdecode(): data error
[ 2024-08-08T12:41:47+08:00 ][ error ] [2]gzdecode(): data error
[ 2024-08-08T12:41:53+08:00 ][ error ] [2]gzdecode(): data error
[ 2024-08-08T12:41:55+08:00 ][ error ] [2]gzdecode(): data error
[ 2024-08-08T12:41:59+08:00 ][ error ] [2]gzdecode(): data error
[ 2024-08-08T12:42:01+08:00 ][ error ] [2]gzdecode(): data error
[ 2024-08-08T12:42:06+08:00 ][ error ] [2]gzdecode(): data error
[ 2024-08-08T12:42:07+08:00 ][ error ] [2]gzdecode(): data error
[ 2024-08-08T12:42:13+08:00 ][ error ] [2]gzdecode(): data error
[ 2024-08-08T12:42:14+08:00 ][ error ] [2]gzdecode(): data error
[ 2024-08-08T12:42:19+08:00 ][ error ] [2]gzdecode(): data error
[ 2024-08-08T12:42:20+08:00 ][ error ] [2]gzdecode(): data error
[ 2024-08-08T12:42:25+08:00 ][ error ] [2]gzdecode(): data error
[ 2024-08-08T12:42:26+08:00 ][ error ] [2]gzdecode(): data error
[ 2024-08-08T12:42:31+08:00 ][ error ] [2]gzdecode(): data error
[ 2024-08-08T12:42:34+08:00 ][ error ] [2]gzdecode(): data error
[ 2024-08-08T12:42:38+08:00 ][ error ] [2]gzdecode(): data error
[ 2024-08-08T12:42:41+08:00 ][ error ] [2]gzdecode(): data error
[ 2024-08-08T12:42:47+08:00 ][ error ] [2]gzdecode(): data error
[ 2024-08-08T12:42:47+08:00 ][ error ] [2]gzdecode(): data error
[ 2024-08-08T12:42:53+08:00 ][ error ] [2]gzdecode(): data error
[ 2024-08-08T12:42:53+08:00 ][ error ] [2]gzdecode(): data error
[ 2024-08-08T12:43:01+08:00 ][ error ] [2]gzdecode(): data error
[ 2024-08-08T12:43:02+08:00 ][ error ] [2]gzdecode(): data error
[ 2024-08-08T12:43:07+08:00 ][ error ] [2]gzdecode(): data error
[ 2024-08-08T12:43:08+08:00 ][ error ] [2]gzdecode(): data error
[ 2024-08-08T12:43:13+08:00 ][ error ] [2]gzdecode(): data error
[ 2024-08-08T12:43:14+08:00 ][ error ] [2]gzdecode(): data error
[ 2024-08-08T12:43:19+08:00 ][ error ] [2]gzdecode(): data error
[ 2024-08-08T12:43:20+08:00 ][ error ] [2]gzdecode(): data error
[ 2024-08-08T12:43:25+08:00 ][ error ] [2]gzdecode(): data error
[ 2024-08-08T12:43:28+08:00 ][ error ] [2]gzdecode(): data error
[ 2024-08-08T12:43:31+08:00 ][ error ] [2]gzdecode(): data error
[ 2024-08-08T12:43:34+08:00 ][ error ] [2]gzdecode(): data error
[ 2024-08-08T12:43:37+08:00 ][ error ] [2]gzdecode(): data error
[ 2024-08-08T12:43:40+08:00 ][ error ] [2]gzdecode(): data error
[ 2024-08-08T12:43:46+08:00 ][ error ] [2]gzdecode(): data error
[ 2024-08-08T12:43:50+08:00 ][ error ] [2]gzdecode(): data error
[ 2024-08-08T12:43:52+08:00 ][ error ] [2]gzdecode(): data error
[ 2024-08-08T12:43:57+08:00 ][ error ] [2]gzdecode(): data error
[ 2024-08-08T12:43:58+08:00 ][ error ] [2]gzdecode(): data error
[ 2024-08-08T12:44:03+08:00 ][ error ] [2]gzdecode(): data error
[ 2024-08-08T12:44:06+08:00 ][ error ] [2]gzdecode(): data error
[ 2024-08-08T12:44:09+08:00 ][ error ] [2]gzdecode(): data error
[ 2024-08-08T12:44:12+08:00 ][ error ] [2]gzdecode(): data error
[ 2024-08-08T12:44:15+08:00 ][ error ] [2]gzdecode(): data error
[ 2024-08-08T12:44:18+08:00 ][ error ] [2]gzdecode(): data error
[ 2024-08-08T12:44:21+08:00 ][ error ] [2]gzdecode(): data error
[ 2024-08-08T12:44:24+08:00 ][ error ] [2]gzdecode(): data error
[ 2024-08-08T12:44:27+08:00 ][ error ] [2]gzdecode(): data error
[ 2024-08-08T12:44:30+08:00 ][ error ] [2]gzdecode(): data error
[ 2024-08-08T12:44:33+08:00 ][ error ] [2]gzdecode(): data error
[ 2024-08-08T12:44:36+08:00 ][ error ] [2]gzdecode(): data error
[ 2024-08-08T12:44:39+08:00 ][ error ] [2]gzdecode(): data error
[ 2024-08-08T12:44:42+08:00 ][ error ] [2]gzdecode(): data error
[ 2024-08-08T12:44:46+08:00 ][ error ] [2]gzdecode(): data error
[ 2024-08-08T12:44:48+08:00 ][ error ] [2]gzdecode(): data error
[ 2024-08-08T12:44:52+08:00 ][ error ] [2]gzdecode(): data error
[ 2024-08-08T12:44:54+08:00 ][ error ] [2]gzdecode(): data error
[ 2024-08-08T12:44:58+08:00 ][ error ] [2]gzdecode(): data error
[ 2024-08-08T12:45:00+08:00 ][ error ] [2]gzdecode(): data error
[ 2024-08-08T12:45:04+08:00 ][ error ] [2]gzdecode(): data error
[ 2024-08-08T12:45:06+08:00 ][ error ] [2]gzdecode(): data error
[ 2024-08-08T12:45:11+08:00 ][ error ] [2]gzdecode(): data error
[ 2024-08-08T12:45:12+08:00 ][ error ] [2]gzdecode(): data error
[ 2024-08-08T12:45:19+08:00 ][ error ] [2]gzdecode(): data error
[ 2024-08-08T12:45:21+08:00 ][ error ] [2]gzdecode(): data error
[ 2024-08-08T12:45:26+08:00 ][ error ] [2]gzdecode(): data error
[ 2024-08-08T12:45:27+08:00 ][ error ] [2]gzdecode(): data error
[ 2024-08-08T12:45:32+08:00 ][ error ] [2]gzdecode(): data error
[ 2024-08-08T12:45:33+08:00 ][ error ] [2]gzdecode(): data error
[ 2024-08-08T12:45:38+08:00 ][ error ] [2]gzdecode(): data error
[ 2024-08-08T12:45:41+08:00 ][ error ] [2]gzdecode(): data error
[ 2024-08-08T12:45:49+08:00 ][ error ] [2]gzdecode(): data error
[ 2024-08-08T12:45:50+08:00 ][ error ] [2]gzdecode(): data error
[ 2024-08-08T12:45:55+08:00 ][ error ] [2]gzdecode(): data error
[ 2024-08-08T12:45:59+08:00 ][ error ] [2]gzdecode(): data error
[ 2024-08-08T12:46:01+08:00 ][ error ] [2]gzdecode(): data error
[ 2024-08-08T12:46:07+08:00 ][ error ] [2]gzdecode(): data error
[ 2024-08-08T12:46:07+08:00 ][ error ] [2]gzdecode(): data error
[ 2024-08-08T12:46:14+08:00 ][ error ] [2]gzdecode(): data error
[ 2024-08-08T12:46:16+08:00 ][ error ] [2]gzdecode(): data error
[ 2024-08-08T12:46:21+08:00 ][ error ] [2]gzdecode(): data error
[ 2024-08-08T12:46:22+08:00 ][ error ] [2]gzdecode(): data error
[ 2024-08-08T12:46:27+08:00 ][ error ] [2]gzdecode(): data error
[ 2024-08-08T12:47:44+08:00 ][ error ] [2]gzdecode(): data error
[ 2024-08-08T12:47:46+08:00 ][ error ] [2]gzdecode(): data error
[ 2024-08-08T12:48:03+08:00 ][ error ] [2]gzdecode(): data error
[ 2024-08-08T13:01:44+08:00 ][ error ] [2]gzdecode(): data error
[ 2024-08-08T13:01:46+08:00 ][ error ] [2]gzdecode(): data error
[ 2024-08-08T13:01:52+08:00 ][ error ] [2]gzdecode(): data error
[ 2024-08-08T13:01:55+08:00 ][ error ] [2]gzdecode(): data error
[ 2024-08-08T13:01:58+08:00 ][ error ] [2]gzdecode(): data error
[ 2024-08-08T13:02:01+08:00 ][ error ] [2]gzdecode(): data error
[ 2024-08-08T13:02:06+08:00 ][ error ] [2]gzdecode(): data error
[ 2024-08-08T13:02:07+08:00 ][ error ] [2]gzdecode(): data error
[ 2024-08-08T13:02:12+08:00 ][ error ] [2]gzdecode(): data error
[ 2024-08-08T13:02:13+08:00 ][ error ] [2]gzdecode(): data error
[ 2024-08-08T13:02:18+08:00 ][ error ] [2]gzdecode(): data error
[ 2024-08-08T13:02:19+08:00 ][ error ] [2]gzdecode(): data error
[ 2024-08-08T13:02:25+08:00 ][ error ] [2]gzdecode(): data error
[ 2024-08-08T13:02:25+08:00 ][ error ] [2]gzdecode(): data error
[ 2024-08-08T13:02:31+08:00 ][ error ] [2]gzdecode(): data error
[ 2024-08-08T13:02:33+08:00 ][ error ] [2]gzdecode(): data error
[ 2024-08-08T13:02:39+08:00 ][ error ] [2]gzdecode(): data error
[ 2024-08-08T13:02:40+08:00 ][ error ] [2]gzdecode(): data error
[ 2024-08-08T13:02:45+08:00 ][ error ] [2]gzdecode(): data error
[ 2024-08-08T13:02:46+08:00 ][ error ] [2]gzdecode(): data error
[ 2024-08-08T13:02:53+08:00 ][ error ] [2]gzdecode(): data error
[ 2024-08-08T13:02:56+08:00 ][ error ] [2]gzdecode(): data error
[ 2024-08-08T13:02:59+08:00 ][ error ] [2]gzdecode(): data error
[ 2024-08-08T13:03:03+08:00 ][ error ] [2]gzdecode(): data error
[ 2024-08-08T13:03:05+08:00 ][ error ] [2]gzdecode(): data error
[ 2024-08-08T13:03:11+08:00 ][ error ] [2]gzdecode(): data error
[ 2024-08-08T13:03:11+08:00 ][ error ] [2]gzdecode(): data error
[ 2024-08-08T13:03:17+08:00 ][ error ] [2]gzdecode(): data error
[ 2024-08-08T13:03:19+08:00 ][ error ] [2]gzdecode(): data error
[ 2024-08-08T13:03:23+08:00 ][ error ] [2]gzdecode(): data error
[ 2024-08-08T13:03:25+08:00 ][ error ] [2]gzdecode(): data error
[ 2024-08-08T13:03:29+08:00 ][ error ] [2]gzdecode(): data error
[ 2024-08-08T13:03:31+08:00 ][ error ] [2]gzdecode(): data error
[ 2024-08-08T13:03:35+08:00 ][ error ] [2]gzdecode(): data error
[ 2024-08-08T13:03:37+08:00 ][ error ] [2]gzdecode(): data error
[ 2024-08-08T13:03:41+08:00 ][ error ] [2]gzdecode(): data error
[ 2024-08-08T13:03:45+08:00 ][ error ] [2]gzdecode(): data error
[ 2024-08-08T13:03:47+08:00 ][ error ] [2]gzdecode(): data error
[ 2024-08-08T13:03:52+08:00 ][ error ] [2]gzdecode(): data error
[ 2024-08-08T13:03:56+08:00 ][ error ] [2]gzdecode(): data error
[ 2024-08-08T13:04:02+08:00 ][ error ] [2]gzdecode(): data error
[ 2024-08-08T13:04:02+08:00 ][ error ] [2]gzdecode(): data error
[ 2024-08-08T13:04:08+08:00 ][ error ] [2]gzdecode(): data error
[ 2024-08-08T13:04:11+08:00 ][ error ] [2]gzdecode(): data error
[ 2024-08-08T13:04:16+08:00 ][ error ] [2]gzdecode(): data error
[ 2024-08-08T13:04:18+08:00 ][ error ] [2]gzdecode(): data error
[ 2024-08-08T13:04:22+08:00 ][ error ] [2]gzdecode(): data error
[ 2024-08-08T13:04:24+08:00 ][ error ] [2]gzdecode(): data error
[ 2024-08-08T13:04:29+08:00 ][ error ] [2]gzdecode(): data error
[ 2024-08-08T13:04:30+08:00 ][ error ] [2]gzdecode(): data error
[ 2024-08-08T13:04:35+08:00 ][ error ] [2]gzdecode(): data error
[ 2024-08-08T13:04:36+08:00 ][ error ] [2]gzdecode(): data error
[ 2024-08-08T13:04:42+08:00 ][ error ] [2]gzdecode(): data error
[ 2024-08-08T13:04:44+08:00 ][ error ] [2]gzdecode(): data error
[ 2024-08-08T13:04:51+08:00 ][ error ] [2]gzdecode(): data error
[ 2024-08-08T13:04:54+08:00 ][ error ] [2]gzdecode(): data error
[ 2024-08-08T13:05:00+08:00 ][ error ] [2]gzdecode(): data error
[ 2024-08-08T13:05:06+08:00 ][ error ] [2]gzdecode(): data error
[ 2024-08-08T13:05:09+08:00 ][ error ] [2]gzdecode(): data error
[ 2024-08-08T13:05:12+08:00 ][ error ] [2]gzdecode(): data error
[ 2024-08-08T13:05:15+08:00 ][ error ] [2]gzdecode(): data error
[ 2024-08-08T13:05:19+08:00 ][ error ] [2]gzdecode(): data error
[ 2024-08-08T13:05:21+08:00 ][ error ] [2]gzdecode(): data error
[ 2024-08-08T13:05:25+08:00 ][ error ] [2]gzdecode(): data error
[ 2024-08-08T13:05:27+08:00 ][ error ] [2]gzdecode(): data error
[ 2024-08-08T13:05:33+08:00 ][ error ] [2]gzdecode(): data error
[ 2024-08-08T13:05:35+08:00 ][ error ] [2]gzdecode(): data error
[ 2024-08-08T13:05:39+08:00 ][ error ] [2]gzdecode(): data error
[ 2024-08-08T13:05:45+08:00 ][ error ] [2]gzdecode(): data error
[ 2024-08-08T13:05:45+08:00 ][ error ] [2]gzdecode(): data error
[ 2024-08-08T13:05:51+08:00 ][ error ] [2]gzdecode(): data error
[ 2024-08-08T13:05:53+08:00 ][ error ] [2]gzdecode(): data error
[ 2024-08-08T13:05:57+08:00 ][ error ] [2]gzdecode(): data error
[ 2024-08-08T13:05:59+08:00 ][ error ] [2]gzdecode(): data error
[ 2024-08-08T13:06:03+08:00 ][ error ] [2]gzdecode(): data error
[ 2024-08-08T13:06:05+08:00 ][ error ] [2]gzdecode(): data error
[ 2024-08-08T13:06:11+08:00 ][ error ] [2]gzdecode(): data error
[ 2024-08-08T13:06:13+08:00 ][ error ] [2]gzdecode(): data error
[ 2024-08-08T13:06:20+08:00 ][ error ] [2]gzdecode(): data error
[ 2024-08-08T13:06:21+08:00 ][ error ] [2]gzdecode(): data error
[ 2024-08-08T13:06:26+08:00 ][ error ] [2]gzdecode(): data error
[ 2024-08-08T13:06:28+08:00 ][ error ] [2]gzdecode(): data error
[ 2024-08-08T13:06:33+08:00 ][ error ] [2]gzdecode(): data error
[ 2024-08-08T13:06:38+08:00 ][ error ] [2]gzdecode(): data error
[ 2024-08-08T13:06:39+08:00 ][ error ] [2]gzdecode(): data error
[ 2024-08-08T13:06:44+08:00 ][ error ] [2]gzdecode(): data error
[ 2024-08-08T13:06:45+08:00 ][ error ] [2]gzdecode(): data error
[ 2024-08-08T13:06:51+08:00 ][ error ] [2]gzdecode(): data error
[ 2024-08-08T13:06:53+08:00 ][ error ] [2]gzdecode(): data error
[ 2024-08-08T13:07:00+08:00 ][ error ] [2]gzdecode(): data error
[ 2024-08-08T13:07:01+08:00 ][ error ] [2]gzdecode(): data error
[ 2024-08-08T13:07:06+08:00 ][ error ] [2]gzdecode(): data error
[ 2024-08-08T13:07:07+08:00 ][ error ] [2]gzdecode(): data error
[ 2024-08-08T13:07:12+08:00 ][ error ] [2]gzdecode(): data error
[ 2024-08-08T13:07:13+08:00 ][ error ] [2]gzdecode(): data error
[ 2024-08-08T13:07:18+08:00 ][ error ] [2]gzdecode(): data error
[ 2024-08-08T13:07:20+08:00 ][ error ] [2]gzdecode(): data error
[ 2024-08-08T13:07:26+08:00 ][ error ] [2]gzdecode(): data error
[ 2024-08-08T13:07:27+08:00 ][ error ] [2]gzdecode(): data error
[ 2024-08-08T13:07:33+08:00 ][ error ] [2]gzdecode(): data error
[ 2024-08-08T13:07:35+08:00 ][ error ] [2]gzdecode(): data error
[ 2024-08-08T13:56:04+08:00 ][ error ] [2]gzdecode(): data error
[ 2024-08-08T14:01:50+08:00 ][ error ] [2]gzdecode(): data error
[ 2024-08-08T14:10:33+08:00 ][ error ] [2]gzdecode(): data error
[ 2024-08-08T14:17:42+08:00 ][ error ] [2]gzdecode(): data error
[ 2024-08-08T14:36:09+08:00 ][ error ] [2]gzdecode(): data error
[ 2024-08-08T15:32:03+08:00 ][ error ] [2]gzdecode(): data error
[ 2024-08-08T15:32:03+08:00 ][ error ] [2]gzdecode(): data error
[ 2024-08-08T15:32:09+08:00 ][ error ] [2]gzdecode(): data error
[ 2024-08-08T15:32:09+08:00 ][ error ] [2]gzdecode(): data error
[ 2024-08-08T15:32:15+08:00 ][ error ] [2]gzdecode(): data error
[ 2024-08-08T15:32:15+08:00 ][ error ] [2]gzdecode(): data error
[ 2024-08-08T15:32:21+08:00 ][ error ] [2]gzdecode(): data error
[ 2024-08-08T15:32:21+08:00 ][ error ] [2]gzdecode(): data error
[ 2024-08-08T16:10:23+08:00 ][ error ] [2]gzdecode(): data error
[ 2024-08-08T17:14:46+08:00 ][ error ] [2]gzdecode(): data error
[ 2024-08-08T17:14:46+08:00 ][ error ] [2]gzdecode(): data error
[ 2024-08-08T18:13:33+08:00 ][ error ] [0]read error on connection to localhost:6379
[ 2024-08-08T18:13:33+08:00 ][ error ] [0]read error on connection to localhost:6379
[ 2024-08-08T18:13:33+08:00 ][ error ] [0]read error on connection to localhost:6379
[ 2024-08-08T18:13:33+08:00 ][ error ] [0]read error on connection to localhost:6379
[ 2024-08-08T18:13:33+08:00 ][ error ] [0]read error on connection to localhost:6379
[ 2024-08-08T18:15:57+08:00 ][ error ] [0]read error on connection to localhost:6379
[ 2024-08-08T18:18:02+08:00 ][ error ] [2006]SQLSTATE[HY000] [2006] MySQL server has gone away
[ 2024-08-08T18:18:02+08:00 ][ error ] [2006]SQLSTATE[HY000] [2006] MySQL server has gone away
[ 2024-08-08T18:19:32+08:00 ][ error ] [0]read error on connection to localhost:6379
[ 2024-08-08T18:19:32+08:00 ][ error ] [0]read error on connection to localhost:6379
[ 2024-08-08T18:21:50+08:00 ][ error ] [0]read error on connection to localhost:6379
[ 2024-08-08T18:21:50+08:00 ][ error ] [0]read error on connection to localhost:6379
[ 2024-08-08T18:21:50+08:00 ][ error ] [0]read error on connection to localhost:6379
[ 2024-08-08T18:25:13+08:00 ][ error ] [0]read error on connection to localhost:6379
[ 2024-08-08T18:25:13+08:00 ][ error ] [0]read error on connection to localhost:6379
[ 2024-08-08T18:25:13+08:00 ][ error ] [0]read error on connection to localhost:6379
[ 2024-08-08T18:25:13+08:00 ][ error ] [0]read error on connection to localhost:6379
[ 2024-08-08T18:28:55+08:00 ][ error ] [0]read error on connection to localhost:6379
[ 2024-08-08T18:28:55+08:00 ][ error ] [0]read error on connection to localhost:6379
[ 2024-08-08T18:28:55+08:00 ][ error ] [0]read error on connection to localhost:6379
[ 2024-08-08T18:30:31+08:00 ][ error ] [0]read error on connection to localhost:6379
[ 2024-08-08T18:30:31+08:00 ][ error ] [0]read error on connection to localhost:6379
[ 2024-08-08T18:30:31+08:00 ][ error ] [0]read error on connection to localhost:6379
[ 2024-08-08T18:30:32+08:00 ][ error ] [0]read error on connection to localhost:6379
[ 2024-08-08T18:37:50+08:00 ][ error ] [0]read error on connection to localhost:6379
[ 2024-08-08T18:37:50+08:00 ][ error ] [0]read error on connection to localhost:6379
[ 2024-08-08T18:37:50+08:00 ][ error ] [0]read error on connection to localhost:6379
[ 2024-08-08T18:39:55+08:00 ][ error ] [0]read error on connection to localhost:6379
[ 2024-08-08T18:40:49+08:00 ][ error ] [2]gzdecode(): data error
[ 2024-08-08T18:43:32+08:00 ][ error ] [2]gzdecode(): data error
[ 2024-08-08T18:43:32+08:00 ][ error ] [2]gzdecode(): data error
[ 2024-08-08T18:43:32+08:00 ][ error ] [2]gzdecode(): data error
[ 2024-08-08T18:45:06+08:00 ][ error ] [0]read error on connection to localhost:6379
[ 2024-08-08T18:48:29+08:00 ][ error ] [0]read error on connection to localhost:6379
[ 2024-08-08T18:48:29+08:00 ][ error ] [0]read error on connection to localhost:6379
[ 2024-08-08T18:49:53+08:00 ][ error ] [0]read error on connection to localhost:6379
[ 2024-08-08T18:49:53+08:00 ][ error ] [0]read error on connection to localhost:6379
[ 2024-08-08T18:52:11+08:00 ][ error ] [2006]SQLSTATE[HY000] [2006] MySQL server has gone away
[ 2024-08-08T18:53:22+08:00 ][ error ] [0]read error on connection to localhost:6379
[ 2024-08-08T18:55:32+08:00 ][ error ] [2]gzdecode(): data error
[ 2024-08-08T18:56:24+08:00 ][ error ] [0]read error on connection to localhost:6379
[ 2024-08-08T18:56:44+08:00 ][ error ] [0]read error on connection to localhost:6379
[ 2024-08-08T18:56:44+08:00 ][ error ] [0]read error on connection to localhost:6379
[ 2024-08-08T18:56:44+08:00 ][ error ] [0]read error on connection to localhost:6379
[ 2024-08-08T18:56:44+08:00 ][ error ] [0]read error on connection to localhost:6379
[ 2024-08-08T18:56:44+08:00 ][ error ] [0]read error on connection to localhost:6379
[ 2024-08-08T18:56:44+08:00 ][ error ] [0]read error on connection to localhost:6379
[ 2024-08-08T18:56:50+08:00 ][ error ] [0]read error on connection to localhost:6379
[ 2024-08-08T18:59:02+08:00 ][ error ] [2]gzdecode(): data error
[ 2024-08-08T18:59:02+08:00 ][ error ] [2]gzdecode(): data error
[ 2024-08-08T18:59:02+08:00 ][ error ] [2]gzdecode(): data error
[ 2024-08-08T18:59:02+08:00 ][ error ] [2]gzdecode(): data error
[ 2024-08-08T19:02:13+08:00 ][ error ] [0]read error on connection to localhost:6379
[ 2024-08-08T19:08:51+08:00 ][ error ] [0]read error on connection to localhost:6379
[ 2024-08-08T19:10:00+08:00 ][ error ] [2]gzdecode(): data error
[ 2024-08-08T19:11:25+08:00 ][ error ] [0]read error on connection to localhost:6379
[ 2024-08-08T19:11:25+08:00 ][ error ] [0]read error on connection to localhost:6379
[ 2024-08-08T19:11:25+08:00 ][ error ] [0]read error on connection to localhost:6379
[ 2024-08-08T19:20:58+08:00 ][ error ] [0]read error on connection to localhost:6379
[ 2024-08-08T19:20:58+08:00 ][ error ] [0]read error on connection to localhost:6379
[ 2024-08-08T19:20:58+08:00 ][ error ] [0]read error on connection to localhost:6379
[ 2024-08-08T19:20:58+08:00 ][ error ] [0]read error on connection to localhost:6379
[ 2024-08-08T19:20:58+08:00 ][ error ] [0]read error on connection to localhost:6379
[ 2024-08-08T19:21:19+08:00 ][ error ] [0]read error on connection to localhost:6379
[ 2024-08-08T19:25:46+08:00 ][ error ] [0]read error on connection to localhost:6379
[ 2024-08-08T19:28:56+08:00 ][ error ] [0]read error on connection to localhost:6379
[ 2024-08-08T19:28:57+08:00 ][ error ] [0]Connection refused
[ 2024-08-08T19:28:57+08:00 ][ error ] [0]read error on connection to localhost:6379
