[ 2024-08-23T01:19:33+08:00 ][ error ] [0]read error on connection to localhost:6379
[ 2024-08-23T01:19:33+08:00 ][ error ] [0]read error on connection to localhost:6379
[ 2024-08-23T01:19:33+08:00 ][ error ] [0]read error on connection to localhost:6379
[ 2024-08-23T01:19:33+08:00 ][ error ] [0]read error on connection to localhost:6379
[ 2024-08-23T01:21:44+08:00 ][ error ] [0]read error on connection to localhost:6379
[ 2024-08-23T01:21:44+08:00 ][ error ] [0]read error on connection to localhost:6379
[ 2024-08-23T01:24:52+08:00 ][ error ] [0]read error on connection to localhost:6379
[ 2024-08-23T01:31:52+08:00 ][ error ] [0]read error on connection to localhost:6379
[ 2024-08-23T01:31:52+08:00 ][ error ] [0]read error on connection to localhost:6379
[ 2024-08-23T01:31:52+08:00 ][ error ] [0]read error on connection to localhost:6379
[ 2024-08-23T01:31:52+08:00 ][ error ] [0]read error on connection to localhost:6379
[ 2024-08-23T01:37:45+08:00 ][ error ] [0]read error on connection to localhost:6379
[ 2024-08-23T01:37:45+08:00 ][ error ] [0]read error on connection to localhost:6379
[ 2024-08-23T01:37:45+08:00 ][ error ] [0]read error on connection to localhost:6379
[ 2024-08-23T01:37:45+08:00 ][ error ] [0]read error on connection to localhost:6379
[ 2024-08-23T01:37:45+08:00 ][ error ] [0]read error on connection to localhost:6379
[ 2024-08-23T01:37:45+08:00 ][ error ] [0]read error on connection to localhost:6379
[ 2024-08-23T01:52:47+08:00 ][ error ] [0]read error on connection to localhost:6379
[ 2024-08-23T01:52:47+08:00 ][ error ] [0]read error on connection to localhost:6379
[ 2024-08-23T01:52:47+08:00 ][ error ] [0]read error on connection to localhost:6379
[ 2024-08-23T01:52:47+08:00 ][ error ] [0]read error on connection to localhost:6379
[ 2024-08-23T02:24:35+08:00 ][ error ] [2]gzdecode(): data error
[ 2024-08-23T02:24:35+08:00 ][ error ] [2]gzdecode(): data error
[ 2024-08-23T02:24:35+08:00 ][ error ] [2]gzdecode(): data error
[ 2024-08-23T02:26:50+08:00 ][ error ] [0]read error on connection to localhost:6379
[ 2024-08-23T03:21:24+08:00 ][ error ] [0]read error on connection to localhost:6379
[ 2024-08-23T03:22:18+08:00 ][ error ] [0]read error on connection to localhost:6379
[ 2024-08-23T03:41:27+08:00 ][ error ] [0]read error on connection to localhost:6379
[ 2024-08-23T03:41:27+08:00 ][ error ] [0]read error on connection to localhost:6379
[ 2024-08-23T04:14:00+08:00 ][ error ] [0]read error on connection to localhost:6379
[ 2024-08-23T04:15:12+08:00 ][ error ] [2006]SQLSTATE[HY000] [2006] MySQL server has gone away
[ 2024-08-23T04:24:54+08:00 ][ error ] [2]gzdecode(): data error
[ 2024-08-23T04:27:16+08:00 ][ error ] [2]gzdecode(): data error
[ 2024-08-23T04:54:36+08:00 ][ error ] [2]gzdecode(): data error
[ 2024-08-23T07:32:09+08:00 ][ error ] [0]read error on connection to localhost:6379
[ 2024-08-23T07:51:44+08:00 ][ error ] [0]read error on connection to localhost:6379
[ 2024-08-23T07:51:44+08:00 ][ error ] [0]read error on connection to localhost:6379
[ 2024-08-23T07:51:44+08:00 ][ error ] [0]read error on connection to localhost:6379
[ 2024-08-23T07:51:44+08:00 ][ error ] [0]read error on connection to localhost:6379
[ 2024-08-23T07:56:48+08:00 ][ error ] [2006]SQLSTATE[HY000] [2006] MySQL server has gone away
[ 2024-08-23T08:01:35+08:00 ][ error ] [0]read error on connection to localhost:6379
[ 2024-08-23T08:01:35+08:00 ][ error ] [0]read error on connection to localhost:6379
[ 2024-08-23T08:01:35+08:00 ][ error ] [0]read error on connection to localhost:6379
[ 2024-08-23T08:01:36+08:00 ][ error ] [0]read error on connection to localhost:6379
[ 2024-08-23T08:01:36+08:00 ][ error ] [0]read error on connection to localhost:6379
[ 2024-08-23T08:01:36+08:00 ][ error ] [0]read error on connection to localhost:6379
[ 2024-08-23T08:01:36+08:00 ][ error ] [0]read error on connection to localhost:6379
[ 2024-08-23T08:01:36+08:00 ][ error ] [0]read error on connection to localhost:6379
[ 2024-08-23T08:21:53+08:00 ][ error ] [2]gzdecode(): data error
[ 2024-08-23T08:21:53+08:00 ][ error ] [2]gzdecode(): data error
[ 2024-08-23T08:38:49+08:00 ][ error ] [0]read error on connection to localhost:6379
[ 2024-08-23T08:38:49+08:00 ][ error ] [0]read error on connection to localhost:6379
[ 2024-08-23T08:45:59+08:00 ][ error ] [0]read error on connection to localhost:6379
[ 2024-08-23T08:45:59+08:00 ][ error ] [0]read error on connection to localhost:6379
[ 2024-08-23T08:50:49+08:00 ][ error ] [0]read error on connection to localhost:6379
[ 2024-08-23T08:50:49+08:00 ][ error ] [0]read error on connection to localhost:6379
[ 2024-08-23T08:50:49+08:00 ][ error ] [0]read error on connection to localhost:6379
[ 2024-08-23T08:50:49+08:00 ][ error ] [0]read error on connection to localhost:6379
[ 2024-08-23T09:00:34+08:00 ][ error ] [2]gzdecode(): data error
[ 2024-08-23T09:00:34+08:00 ][ error ] [2]gzdecode(): data error
[ 2024-08-23T09:13:11+08:00 ][ error ] [2]gzdecode(): data error
[ 2024-08-23T09:13:11+08:00 ][ error ] [2]gzdecode(): data error
[ 2024-08-23T10:07:48+08:00 ][ error ] [2]gzdecode(): data error
[ 2024-08-23T11:02:18+08:00 ][ error ] [2]gzdecode(): data error
[ 2024-08-23T12:11:46+08:00 ][ error ] [0]read error on connection to localhost:6379
[ 2024-08-23T12:11:46+08:00 ][ error ] [0]read error on connection to localhost:6379
[ 2024-08-23T12:42:05+08:00 ][ error ] [2]gzdecode(): data error
[ 2024-08-23T12:42:05+08:00 ][ error ] [2]gzdecode(): data error
[ 2024-08-23T12:42:05+08:00 ][ error ] [2]gzdecode(): data error
[ 2024-08-23T13:50:54+08:00 ][ error ] [2]gzdecode(): data error
[ 2024-08-23T13:50:58+08:00 ][ error ] [2]gzdecode(): data error
[ 2024-08-23T13:51:00+08:00 ][ error ] [2]gzdecode(): data error
[ 2024-08-23T13:51:11+08:00 ][ error ] [2]gzdecode(): data error
[ 2024-08-23T14:09:38+08:00 ][ error ] [0]read error on connection to localhost:6379
[ 2024-08-23T14:09:38+08:00 ][ error ] [0]read error on connection to localhost:6379
[ 2024-08-23T14:09:38+08:00 ][ error ] [0]read error on connection to localhost:6379
[ 2024-08-23T14:12:29+08:00 ][ error ] [0]read error on connection to localhost:6379
[ 2024-08-23T14:12:29+08:00 ][ error ] [2]gzdecode(): data error
[ 2024-08-23T14:12:29+08:00 ][ error ] [2]gzdecode(): data error
[ 2024-08-23T14:12:29+08:00 ][ error ] [2]gzdecode(): data error
[ 2024-08-23T14:20:23+08:00 ][ error ] [0]read error on connection to localhost:6379
[ 2024-08-23T14:20:23+08:00 ][ error ] [0]read error on connection to localhost:6379
[ 2024-08-23T14:20:23+08:00 ][ error ] [0]read error on connection to localhost:6379
[ 2024-08-23T14:22:22+08:00 ][ error ] [0]read error on connection to localhost:6379
[ 2024-08-23T14:30:38+08:00 ][ error ] [0]read error on connection to localhost:6379
[ 2024-08-23T14:30:38+08:00 ][ error ] [0]read error on connection to localhost:6379
[ 2024-08-23T14:30:38+08:00 ][ error ] [0]read error on connection to localhost:6379
[ 2024-08-23T14:30:38+08:00 ][ error ] [0]read error on connection to localhost:6379
[ 2024-08-23T14:30:38+08:00 ][ error ] [0]read error on connection to localhost:6379
[ 2024-08-23T14:30:38+08:00 ][ error ] [0]read error on connection to localhost:6379
[ 2024-08-23T14:34:15+08:00 ][ error ] [0]read error on connection to localhost:6379
[ 2024-08-23T14:37:12+08:00 ][ error ] [0]read error on connection to localhost:6379
[ 2024-08-23T14:37:12+08:00 ][ error ] [0]read error on connection to localhost:6379
[ 2024-08-23T14:37:12+08:00 ][ error ] [0]read error on connection to localhost:6379
[ 2024-08-23T14:37:12+08:00 ][ error ] [0]read error on connection to localhost:6379
[ 2024-08-23T14:37:12+08:00 ][ error ] [0]read error on connection to localhost:6379
[ 2024-08-23T14:37:12+08:00 ][ error ] [0]read error on connection to localhost:6379
[ 2024-08-23T14:37:12+08:00 ][ error ] [0]read error on connection to localhost:6379
[ 2024-08-23T14:37:12+08:00 ][ error ] [0]read error on connection to localhost:6379
[ 2024-08-23T14:37:12+08:00 ][ error ] [0]read error on connection to localhost:6379
[ 2024-08-23T14:52:24+08:00 ][ error ] [2]gzdecode(): data error
[ 2024-08-23T14:52:30+08:00 ][ error ] [2]gzdecode(): data error
[ 2024-08-23T14:52:33+08:00 ][ error ] [2]gzdecode(): data error
[ 2024-08-23T14:52:36+08:00 ][ error ] [2]gzdecode(): data error
[ 2024-08-23T18:12:21+08:00 ][ error ] [2]gzdecode(): data error
[ 2024-08-23T18:12:28+08:00 ][ error ] [2]gzdecode(): data error
[ 2024-08-23T18:12:30+08:00 ][ error ] [2]gzdecode(): data error
[ 2024-08-23T18:12:44+08:00 ][ error ] [2]gzdecode(): data error
[ 2024-08-23T19:21:36+08:00 ][ error ] [2]gzdecode(): data error
[ 2024-08-23T19:28:10+08:00 ][ error ] [0]read error on connection to localhost:6379
[ 2024-08-23T19:28:10+08:00 ][ error ] [0]read error on connection to localhost:6379
[ 2024-08-23T19:29:42+08:00 ][ error ] [0]read error on connection to localhost:6379
[ 2024-08-23T19:33:06+08:00 ][ error ] [0]read error on connection to localhost:6379
[ 2024-08-23T19:33:06+08:00 ][ error ] [0]read error on connection to localhost:6379
[ 2024-08-23T19:33:06+08:00 ][ error ] [0]read error on connection to localhost:6379
[ 2024-08-23T19:33:06+08:00 ][ error ] [0]read error on connection to localhost:6379
[ 2024-08-23T19:33:06+08:00 ][ error ] [0]read error on connection to localhost:6379
[ 2024-08-23T19:33:06+08:00 ][ error ] [0]read error on connection to localhost:6379
[ 2024-08-23T19:33:06+08:00 ][ error ] [0]read error on connection to localhost:6379
[ 2024-08-23T19:40:26+08:00 ][ error ] [0]read error on connection to localhost:6379
[ 2024-08-23T19:40:26+08:00 ][ error ] [0]read error on connection to localhost:6379
[ 2024-08-23T19:40:26+08:00 ][ error ] [0]Connection refused
[ 2024-08-23T19:40:27+08:00 ][ error ] [0]Connection refused
[ 2024-08-23T19:40:27+08:00 ][ error ] [0]Connection refused
[ 2024-08-23T19:40:27+08:00 ][ error ] [0]Connection refused
[ 2024-08-23T19:40:27+08:00 ][ error ] [0]Connection refused
[ 2024-08-23T19:40:28+08:00 ][ error ] [0]Connection refused
[ 2024-08-23T19:40:28+08:00 ][ error ] [0]Connection refused
[ 2024-08-23T19:40:28+08:00 ][ error ] [0]Connection refused
[ 2024-08-23T19:40:29+08:00 ][ error ] [0]Connection refused
[ 2024-08-23T19:40:29+08:00 ][ error ] [0]Connection refused
[ 2024-08-23T19:40:29+08:00 ][ error ] [0]Connection refused
[ 2024-08-23T19:40:30+08:00 ][ error ] [0]Connection refused
[ 2024-08-23T19:40:30+08:00 ][ error ] [0]Connection refused
[ 2024-08-23T19:40:30+08:00 ][ error ] [0]Connection refused
[ 2024-08-23T19:40:30+08:00 ][ error ] [0]Connection refused
[ 2024-08-23T19:40:31+08:00 ][ error ] [0]Connection refused
[ 2024-08-23T19:40:31+08:00 ][ error ] [0]Connection refused
[ 2024-08-23T19:40:31+08:00 ][ error ] [0]Connection refused
[ 2024-08-23T19:40:31+08:00 ][ error ] [0]Connection refused
[ 2024-08-23T19:40:32+08:00 ][ error ] [0]Connection refused
[ 2024-08-23T19:40:32+08:00 ][ error ] [0]Connection refused
[ 2024-08-23T19:40:32+08:00 ][ error ] [0]Connection refused
[ 2024-08-23T19:40:32+08:00 ][ error ] [0]Connection refused
[ 2024-08-23T19:40:33+08:00 ][ error ] [0]Connection refused
[ 2024-08-23T19:40:33+08:00 ][ error ] [0]Connection refused
[ 2024-08-23T19:40:33+08:00 ][ error ] [0]Connection refused
[ 2024-08-23T19:40:33+08:00 ][ error ] [0]Connection refused
[ 2024-08-23T19:40:34+08:00 ][ error ] [0]Connection refused
[ 2024-08-23T19:40:34+08:00 ][ error ] [0]Connection refused
[ 2024-08-23T19:40:34+08:00 ][ error ] [0]Connection refused
[ 2024-08-23T19:40:34+08:00 ][ error ] [0]Connection refused
[ 2024-08-23T19:40:35+08:00 ][ error ] [0]Connection refused
[ 2024-08-23T19:40:35+08:00 ][ error ] [0]Connection refused
[ 2024-08-23T19:40:35+08:00 ][ error ] [0]Connection refused
[ 2024-08-23T19:40:35+08:00 ][ error ] [0]Connection refused
[ 2024-08-23T19:40:36+08:00 ][ error ] [0]Connection refused
[ 2024-08-23T19:40:36+08:00 ][ error ] [0]Connection refused
[ 2024-08-23T19:40:36+08:00 ][ error ] [0]Connection refused
[ 2024-08-23T19:40:36+08:00 ][ error ] [0]Connection refused
[ 2024-08-23T19:40:37+08:00 ][ error ] [0]Connection refused
[ 2024-08-23T19:40:37+08:00 ][ error ] [0]Connection refused
[ 2024-08-23T19:40:37+08:00 ][ error ] [0]Connection refused
[ 2024-08-23T19:40:37+08:00 ][ error ] [0]Connection refused
[ 2024-08-23T19:40:38+08:00 ][ error ] [0]Connection refused
[ 2024-08-23T19:40:38+08:00 ][ error ] [0]Connection refused
[ 2024-08-23T19:40:39+08:00 ][ error ] [0]Connection refused
[ 2024-08-23T19:40:39+08:00 ][ error ] [0]Connection refused
[ 2024-08-23T19:40:39+08:00 ][ error ] [0]Connection refused
[ 2024-08-23T19:40:40+08:00 ][ error ] [0]Connection refused
[ 2024-08-23T19:40:40+08:00 ][ error ] [0]Connection refused
[ 2024-08-23T19:40:40+08:00 ][ error ] [0]Connection refused
[ 2024-08-23T19:40:41+08:00 ][ error ] [0]Connection refused
[ 2024-08-23T19:40:41+08:00 ][ error ] [0]Connection refused
[ 2024-08-23T19:40:41+08:00 ][ error ] [0]Connection refused
[ 2024-08-23T19:40:41+08:00 ][ error ] [0]Connection refused
[ 2024-08-23T19:40:42+08:00 ][ error ] [0]Connection refused
[ 2024-08-23T19:40:42+08:00 ][ error ] [0]Connection refused
[ 2024-08-23T19:40:42+08:00 ][ error ] [0]Connection refused
[ 2024-08-23T19:40:42+08:00 ][ error ] [0]Connection refused
[ 2024-08-23T19:40:43+08:00 ][ error ] [0]Connection refused
[ 2024-08-23T19:40:43+08:00 ][ error ] [0]Connection refused
[ 2024-08-23T19:40:43+08:00 ][ error ] [0]Connection refused
[ 2024-08-23T19:40:43+08:00 ][ error ] [0]Connection refused
[ 2024-08-23T19:40:44+08:00 ][ error ] [0]Connection refused
[ 2024-08-23T19:40:44+08:00 ][ error ] [0]Connection refused
[ 2024-08-23T19:40:44+08:00 ][ error ] [0]Connection refused
[ 2024-08-23T19:40:44+08:00 ][ error ] [0]Connection refused
[ 2024-08-23T19:40:45+08:00 ][ error ] [0]Connection refused
[ 2024-08-23T19:40:45+08:00 ][ error ] [0]Connection refused
[ 2024-08-23T19:40:45+08:00 ][ error ] [0]Connection refused
[ 2024-08-23T19:40:45+08:00 ][ error ] [0]Connection refused
[ 2024-08-23T19:40:46+08:00 ][ error ] [0]Connection refused
[ 2024-08-23T19:40:46+08:00 ][ error ] [0]Connection refused
[ 2024-08-23T19:40:46+08:00 ][ error ] [0]Connection refused
[ 2024-08-23T19:40:46+08:00 ][ error ] [0]Connection refused
[ 2024-08-23T19:40:48+08:00 ][ error ] [0]Connection refused
[ 2024-08-23T19:40:48+08:00 ][ error ] [0]Connection refused
[ 2024-08-23T19:40:48+08:00 ][ error ] [0]Connection refused
[ 2024-08-23T19:40:48+08:00 ][ error ] [0]Connection refused
[ 2024-08-23T19:40:49+08:00 ][ error ] [0]Connection refused
[ 2024-08-23T19:40:49+08:00 ][ error ] [0]Connection refused
[ 2024-08-23T19:40:49+08:00 ][ error ] [0]Connection refused
[ 2024-08-23T19:40:49+08:00 ][ error ] [0]Connection refused
[ 2024-08-23T19:40:50+08:00 ][ error ] [0]Connection refused
[ 2024-08-23T19:40:50+08:00 ][ error ] [0]Connection refused
[ 2024-08-23T19:40:50+08:00 ][ error ] [0]Connection refused
[ 2024-08-23T19:40:50+08:00 ][ error ] [0]Connection refused
[ 2024-08-23T19:40:54+08:00 ][ error ] [0]Connection refused
[ 2024-08-23T19:40:54+08:00 ][ error ] [0]Connection refused
[ 2024-08-23T19:40:54+08:00 ][ error ] [0]Connection refused
[ 2024-08-23T19:40:54+08:00 ][ error ] [0]Connection refused
[ 2024-08-23T19:40:55+08:00 ][ error ] [0]Connection refused
[ 2024-08-23T19:40:55+08:00 ][ error ] [0]Connection refused
[ 2024-08-23T19:40:55+08:00 ][ error ] [0]Connection refused
[ 2024-08-23T19:40:55+08:00 ][ error ] [0]Connection refused
[ 2024-08-23T19:40:56+08:00 ][ error ] [0]Connection refused
[ 2024-08-23T19:40:56+08:00 ][ error ] [0]Connection refused
[ 2024-08-23T19:40:56+08:00 ][ error ] [0]Connection refused
[ 2024-08-23T19:40:56+08:00 ][ error ] [0]Connection refused
[ 2024-08-23T19:40:57+08:00 ][ error ] [0]Connection refused
[ 2024-08-23T19:40:57+08:00 ][ error ] [0]Connection refused
[ 2024-08-23T19:40:57+08:00 ][ error ] [0]Connection refused
[ 2024-08-23T19:40:57+08:00 ][ error ] [0]Connection refused
[ 2024-08-23T19:40:58+08:00 ][ error ] [0]Connection refused
[ 2024-08-23T19:40:58+08:00 ][ error ] [0]Connection refused
[ 2024-08-23T19:40:58+08:00 ][ error ] [0]Connection refused
[ 2024-08-23T19:40:58+08:00 ][ error ] [0]Connection refused
[ 2024-08-23T19:40:59+08:00 ][ error ] [0]Network is unreachable
[ 2024-08-23T19:40:59+08:00 ][ error ] [0]Network is unreachable
[ 2024-08-23T19:40:59+08:00 ][ error ] [0]Network is unreachable
[ 2024-08-23T19:40:59+08:00 ][ error ] [0]Network is unreachable
[ 2024-08-23T19:41:00+08:00 ][ error ] [0]Network is unreachable
[ 2024-08-23T19:41:00+08:00 ][ error ] [0]Network is unreachable
[ 2024-08-23T19:41:00+08:00 ][ error ] [0]Network is unreachable
[ 2024-08-23T19:41:00+08:00 ][ error ] [0]Network is unreachable
[ 2024-08-23T19:41:01+08:00 ][ error ] [0]Network is unreachable
[ 2024-08-23T19:41:01+08:00 ][ error ] [0]Network is unreachable
[ 2024-08-23T19:41:01+08:00 ][ error ] [0]Network is unreachable
[ 2024-08-23T19:41:01+08:00 ][ error ] [0]Network is unreachable
[ 2024-08-23T19:41:02+08:00 ][ error ] [0]Network is unreachable
[ 2024-08-23T19:41:02+08:00 ][ error ] [0]Network is unreachable
[ 2024-08-23T19:41:02+08:00 ][ error ] [0]Network is unreachable
[ 2024-08-23T19:41:02+08:00 ][ error ] [0]Network is unreachable
[ 2024-08-23T19:41:03+08:00 ][ error ] [0]Network is unreachable
[ 2024-08-23T19:41:03+08:00 ][ error ] [0]Network is unreachable
[ 2024-08-23T19:41:03+08:00 ][ error ] [0]Network is unreachable
[ 2024-08-23T19:41:03+08:00 ][ error ] [0]Network is unreachable
[ 2024-08-23T19:41:04+08:00 ][ error ] [0]Network is unreachable
[ 2024-08-23T19:41:04+08:00 ][ error ] [0]Network is unreachable
[ 2024-08-23T19:41:04+08:00 ][ error ] [0]Network is unreachable
[ 2024-08-23T19:41:04+08:00 ][ error ] [0]Network is unreachable
[ 2024-08-23T19:41:05+08:00 ][ error ] [0]Network is unreachable
[ 2024-08-23T19:41:05+08:00 ][ error ] [0]Network is unreachable
[ 2024-08-23T19:41:05+08:00 ][ error ] [0]Network is unreachable
[ 2024-08-23T19:41:05+08:00 ][ error ] [0]Network is unreachable
[ 2024-08-23T19:41:06+08:00 ][ error ] [0]Network is unreachable
[ 2024-08-23T19:41:06+08:00 ][ error ] [0]Network is unreachable
[ 2024-08-23T19:41:06+08:00 ][ error ] [0]Network is unreachable
[ 2024-08-23T19:41:06+08:00 ][ error ] [0]Network is unreachable
[ 2024-08-23T19:41:07+08:00 ][ error ] [0]Network is unreachable
[ 2024-08-23T19:41:07+08:00 ][ error ] [0]Network is unreachable
[ 2024-08-23T19:41:07+08:00 ][ error ] [0]Network is unreachable
[ 2024-08-23T19:41:07+08:00 ][ error ] [0]Network is unreachable
[ 2024-08-23T19:41:08+08:00 ][ error ] [0]Network is unreachable
[ 2024-08-23T19:41:08+08:00 ][ error ] [0]Network is unreachable
[ 2024-08-23T19:41:08+08:00 ][ error ] [0]Network is unreachable
[ 2024-08-23T19:41:08+08:00 ][ error ] [0]Network is unreachable
[ 2024-08-23T19:41:09+08:00 ][ error ] [0]Network is unreachable
[ 2024-08-23T19:41:09+08:00 ][ error ] [0]Network is unreachable
[ 2024-08-23T19:41:09+08:00 ][ error ] [0]Network is unreachable
[ 2024-08-23T19:41:09+08:00 ][ error ] [0]Network is unreachable
[ 2024-08-23T19:41:10+08:00 ][ error ] [0]Network is unreachable
[ 2024-08-23T19:41:10+08:00 ][ error ] [0]Network is unreachable
[ 2024-08-23T19:41:10+08:00 ][ error ] [0]Network is unreachable
[ 2024-08-23T19:41:10+08:00 ][ error ] [0]Network is unreachable
[ 2024-08-23T20:47:27+08:00 ][ error ] [2]gzdecode(): data error
[ 2024-08-23T20:47:36+08:00 ][ error ] [2]gzdecode(): data error
[ 2024-08-23T21:27:34+08:00 ][ error ] [2]gzdecode(): data error
[ 2024-08-23T21:27:43+08:00 ][ error ] [2]gzdecode(): data error
[ 2024-08-23T22:32:26+08:00 ][ error ] [2]gzdecode(): data error
[ 2024-08-23T22:32:30+08:00 ][ error ] [2]gzdecode(): data error
[ 2024-08-23T22:32:32+08:00 ][ error ] [2]gzdecode(): data error
[ 2024-08-23T22:32:38+08:00 ][ error ] [2]gzdecode(): data error
