[ 2024-08-26T16:25:01+08:00 ][ error ] [2]gzdecode(): data error
[ 2024-08-26T16:25:01+08:00 ][ error ] [2]gzdecode(): data error
[ 2024-08-26T16:25:07+08:00 ][ error ] [2]gzdecode(): data error
[ 2024-08-26T16:25:07+08:00 ][ error ] [2]gzdecode(): data error
[ 2024-08-26T16:25:13+08:00 ][ error ] [2]gzdecode(): data error
[ 2024-08-26T16:25:15+08:00 ][ error ] [2]gzdecode(): data error
[ 2024-08-26T16:25:19+08:00 ][ error ] [2]gzdecode(): data error
[ 2024-08-26T16:25:21+08:00 ][ error ] [2]gzdecode(): data error
[ 2024-08-26T16:25:25+08:00 ][ error ] [2]gzdecode(): data error
[ 2024-08-26T16:25:27+08:00 ][ error ] [2]gzdecode(): data error
[ 2024-08-26T16:25:33+08:00 ][ error ] [2]gzdecode(): data error
[ 2024-08-26T16:25:34+08:00 ][ error ] [2]gzdecode(): data error
[ 2024-08-26T16:25:39+08:00 ][ error ] [2]gzdecode(): data error
[ 2024-08-26T16:25:42+08:00 ][ error ] [2]gzdecode(): data error
[ 2024-08-26T16:25:47+08:00 ][ error ] [2]gzdecode(): data error
[ 2024-08-26T16:25:51+08:00 ][ error ] [2]gzdecode(): data error
[ 2024-08-26T16:25:57+08:00 ][ error ] [2]gzdecode(): data error
[ 2024-08-26T16:25:58+08:00 ][ error ] [2]gzdecode(): data error
[ 2024-08-26T16:26:03+08:00 ][ error ] [2]gzdecode(): data error
[ 2024-08-26T16:26:07+08:00 ][ error ] [2]gzdecode(): data error
[ 2024-08-26T16:26:10+08:00 ][ error ] [2]gzdecode(): data error
[ 2024-08-26T16:26:13+08:00 ][ error ] [2]gzdecode(): data error
[ 2024-08-26T16:26:16+08:00 ][ error ] [2]gzdecode(): data error
[ 2024-08-26T16:26:19+08:00 ][ error ] [2]gzdecode(): data error
[ 2024-08-26T16:26:23+08:00 ][ error ] [2]gzdecode(): data error
[ 2024-08-26T16:26:26+08:00 ][ error ] [2]gzdecode(): data error
[ 2024-08-26T16:26:31+08:00 ][ error ] [2]gzdecode(): data error
[ 2024-08-26T16:26:35+08:00 ][ error ] [2]gzdecode(): data error
[ 2024-08-26T16:26:39+08:00 ][ error ] [2]gzdecode(): data error
[ 2024-08-26T16:26:41+08:00 ][ error ] [2]gzdecode(): data error
[ 2024-08-26T16:26:45+08:00 ][ error ] [2]gzdecode(): data error
[ 2024-08-26T16:26:49+08:00 ][ error ] [2]gzdecode(): data error
[ 2024-08-26T16:26:52+08:00 ][ error ] [2]gzdecode(): data error
[ 2024-08-26T16:26:55+08:00 ][ error ] [2]gzdecode(): data error
[ 2024-08-26T16:26:58+08:00 ][ error ] [2]gzdecode(): data error
[ 2024-08-26T16:27:01+08:00 ][ error ] [2]gzdecode(): data error
[ 2024-08-26T16:27:10+08:00 ][ error ] [2]gzdecode(): data error
[ 2024-08-26T16:27:10+08:00 ][ error ] [2]gzdecode(): data error
[ 2024-08-26T16:27:16+08:00 ][ error ] [2]gzdecode(): data error
[ 2024-08-26T16:27:17+08:00 ][ error ] [2]gzdecode(): data error
[ 2024-08-26T16:27:22+08:00 ][ error ] [2]gzdecode(): data error
[ 2024-08-26T16:27:23+08:00 ][ error ] [2]gzdecode(): data error
[ 2024-08-26T16:27:29+08:00 ][ error ] [2]gzdecode(): data error
[ 2024-08-26T16:27:32+08:00 ][ error ] [2]gzdecode(): data error
[ 2024-08-26T16:27:35+08:00 ][ error ] [2]gzdecode(): data error
[ 2024-08-26T16:27:41+08:00 ][ error ] [2]gzdecode(): data error
[ 2024-08-26T16:27:41+08:00 ][ error ] [2]gzdecode(): data error
[ 2024-08-26T16:27:47+08:00 ][ error ] [2]gzdecode(): data error
[ 2024-08-26T16:27:47+08:00 ][ error ] [2]gzdecode(): data error
[ 2024-08-26T16:27:55+08:00 ][ error ] [2]gzdecode(): data error
[ 2024-08-26T16:27:58+08:00 ][ error ] [2]gzdecode(): data error
[ 2024-08-26T16:28:01+08:00 ][ error ] [2]gzdecode(): data error
[ 2024-08-26T16:28:04+08:00 ][ error ] [2]gzdecode(): data error
[ 2024-08-26T16:28:09+08:00 ][ error ] [2]gzdecode(): data error
[ 2024-08-26T16:28:15+08:00 ][ error ] [2]gzdecode(): data error
[ 2024-08-26T16:28:17+08:00 ][ error ] [2]gzdecode(): data error
[ 2024-08-26T16:28:21+08:00 ][ error ] [2]gzdecode(): data error
[ 2024-08-26T16:28:23+08:00 ][ error ] [2]gzdecode(): data error
[ 2024-08-26T16:28:27+08:00 ][ error ] [2]gzdecode(): data error
[ 2024-08-26T16:28:31+08:00 ][ error ] [2]gzdecode(): data error
[ 2024-08-26T16:28:35+08:00 ][ error ] [2]gzdecode(): data error
[ 2024-08-26T16:28:37+08:00 ][ error ] [2]gzdecode(): data error
[ 2024-08-26T16:28:42+08:00 ][ error ] [2]gzdecode(): data error
[ 2024-08-26T16:28:44+08:00 ][ error ] [2]gzdecode(): data error
[ 2024-08-26T16:28:48+08:00 ][ error ] [2]gzdecode(): data error
[ 2024-08-26T16:28:50+08:00 ][ error ] [2]gzdecode(): data error
[ 2024-08-26T16:28:56+08:00 ][ error ] [2]gzdecode(): data error
[ 2024-08-26T16:28:56+08:00 ][ error ] [2]gzdecode(): data error
[ 2024-08-26T16:29:02+08:00 ][ error ] [2]gzdecode(): data error
[ 2024-08-26T16:29:04+08:00 ][ error ] [2]gzdecode(): data error
[ 2024-08-26T16:29:09+08:00 ][ error ] [2]gzdecode(): data error
[ 2024-08-26T16:29:10+08:00 ][ error ] [2]gzdecode(): data error
[ 2024-08-26T16:29:15+08:00 ][ error ] [2]gzdecode(): data error
[ 2024-08-26T16:29:16+08:00 ][ error ] [2]gzdecode(): data error
[ 2024-08-26T16:29:21+08:00 ][ error ] [2]gzdecode(): data error
[ 2024-08-26T16:29:22+08:00 ][ error ] [2]gzdecode(): data error
[ 2024-08-26T16:29:28+08:00 ][ error ] [2]gzdecode(): data error
[ 2024-08-26T16:29:30+08:00 ][ error ] [2]gzdecode(): data error
[ 2024-08-26T16:29:34+08:00 ][ error ] [2]gzdecode(): data error
[ 2024-08-26T16:29:36+08:00 ][ error ] [2]gzdecode(): data error
[ 2024-08-26T16:29:40+08:00 ][ error ] [2]gzdecode(): data error
[ 2024-08-26T16:29:44+08:00 ][ error ] [2]gzdecode(): data error
[ 2024-08-26T16:29:46+08:00 ][ error ] [2]gzdecode(): data error
[ 2024-08-26T16:29:50+08:00 ][ error ] [2]gzdecode(): data error
[ 2024-08-26T16:29:56+08:00 ][ error ] [2]gzdecode(): data error
[ 2024-08-26T16:30:02+08:00 ][ error ] [2]gzdecode(): data error
[ 2024-08-26T16:30:06+08:00 ][ error ] [2]gzdecode(): data error
[ 2024-08-26T16:30:08+08:00 ][ error ] [2]gzdecode(): data error
[ 2024-08-26T16:30:12+08:00 ][ error ] [2]gzdecode(): data error
[ 2024-08-26T16:30:14+08:00 ][ error ] [2]gzdecode(): data error
[ 2024-08-26T16:30:18+08:00 ][ error ] [2]gzdecode(): data error
[ 2024-08-26T16:30:20+08:00 ][ error ] [2]gzdecode(): data error
[ 2024-08-26T16:30:24+08:00 ][ error ] [2]gzdecode(): data error
[ 2024-08-26T16:30:26+08:00 ][ error ] [2]gzdecode(): data error
[ 2024-08-26T16:30:30+08:00 ][ error ] [2]gzdecode(): data error
[ 2024-08-26T16:30:32+08:00 ][ error ] [2]gzdecode(): data error
[ 2024-08-26T16:30:38+08:00 ][ error ] [2]gzdecode(): data error
[ 2024-08-26T16:30:40+08:00 ][ error ] [2]gzdecode(): data error
[ 2024-08-26T16:30:44+08:00 ][ error ] [2]gzdecode(): data error
[ 2024-08-26T16:30:50+08:00 ][ error ] [2]gzdecode(): data error
[ 2024-08-26T16:54:35+08:00 ][ error ] [10501]SQLSTATE[22003]: Numeric value out of range: 1264 Out of range value for column 'balance_later' at row 1
[ 2024-08-26T16:54:46+08:00 ][ error ] [10501]SQLSTATE[22003]: Numeric value out of range: 1264 Out of range value for column 'balance_later' at row 1
[ 2024-08-26T16:54:57+08:00 ][ error ] [10501]SQLSTATE[22003]: Numeric value out of range: 1264 Out of range value for column 'balance_later' at row 1
[ 2024-08-26T16:55:08+08:00 ][ error ] [10501]SQLSTATE[22003]: Numeric value out of range: 1264 Out of range value for column 'balance_later' at row 1
[ 2024-08-26T16:55:19+08:00 ][ error ] [10501]SQLSTATE[22003]: Numeric value out of range: 1264 Out of range value for column 'balance_later' at row 1
[ 2024-08-26T16:55:30+08:00 ][ error ] [10501]SQLSTATE[22003]: Numeric value out of range: 1264 Out of range value for column 'balance_later' at row 1
[ 2024-08-26T16:55:41+08:00 ][ error ] [10501]SQLSTATE[22003]: Numeric value out of range: 1264 Out of range value for column 'balance_later' at row 1
[ 2024-08-26T16:55:52+08:00 ][ error ] [10501]SQLSTATE[22003]: Numeric value out of range: 1264 Out of range value for column 'balance_later' at row 1
[ 2024-08-26T16:56:03+08:00 ][ error ] [10501]SQLSTATE[22003]: Numeric value out of range: 1264 Out of range value for column 'balance_later' at row 1
[ 2024-08-26T16:56:14+08:00 ][ error ] [10501]SQLSTATE[22003]: Numeric value out of range: 1264 Out of range value for column 'balance_later' at row 1
[ 2024-08-26T16:56:25+08:00 ][ error ] [10501]SQLSTATE[22003]: Numeric value out of range: 1264 Out of range value for column 'balance_later' at row 1
[ 2024-08-26T16:56:36+08:00 ][ error ] [10501]SQLSTATE[22003]: Numeric value out of range: 1264 Out of range value for column 'balance_later' at row 1
[ 2024-08-26T16:56:47+08:00 ][ error ] [10501]SQLSTATE[22003]: Numeric value out of range: 1264 Out of range value for column 'balance_later' at row 1
[ 2024-08-26T16:56:58+08:00 ][ error ] [10501]SQLSTATE[22003]: Numeric value out of range: 1264 Out of range value for column 'balance_later' at row 1
[ 2024-08-26T16:57:09+08:00 ][ error ] [10501]SQLSTATE[22003]: Numeric value out of range: 1264 Out of range value for column 'balance_later' at row 1
[ 2024-08-26T16:57:21+08:00 ][ error ] [10501]SQLSTATE[22003]: Numeric value out of range: 1264 Out of range value for column 'balance_later' at row 1
[ 2024-08-26T16:57:32+08:00 ][ error ] [10501]SQLSTATE[22003]: Numeric value out of range: 1264 Out of range value for column 'balance_later' at row 1
[ 2024-08-26T16:57:43+08:00 ][ error ] [10501]SQLSTATE[22003]: Numeric value out of range: 1264 Out of range value for column 'balance_later' at row 1
[ 2024-08-26T16:57:54+08:00 ][ error ] [10501]SQLSTATE[22003]: Numeric value out of range: 1264 Out of range value for column 'balance_later' at row 1
[ 2024-08-26T16:58:05+08:00 ][ error ] [10501]SQLSTATE[22003]: Numeric value out of range: 1264 Out of range value for column 'balance_later' at row 1
[ 2024-08-26T16:58:16+08:00 ][ error ] [10501]SQLSTATE[22003]: Numeric value out of range: 1264 Out of range value for column 'balance_later' at row 1
[ 2024-08-26T16:58:27+08:00 ][ error ] [10501]SQLSTATE[22003]: Numeric value out of range: 1264 Out of range value for column 'balance_later' at row 1
[ 2024-08-26T16:58:38+08:00 ][ error ] [10501]SQLSTATE[22003]: Numeric value out of range: 1264 Out of range value for column 'balance_later' at row 1
[ 2024-08-26T16:58:49+08:00 ][ error ] [10501]SQLSTATE[22003]: Numeric value out of range: 1264 Out of range value for column 'balance_later' at row 1
[ 2024-08-26T16:59:00+08:00 ][ error ] [10501]SQLSTATE[22003]: Numeric value out of range: 1264 Out of range value for column 'balance_later' at row 1
[ 2024-08-26T16:59:11+08:00 ][ error ] [10501]SQLSTATE[22003]: Numeric value out of range: 1264 Out of range value for column 'balance_later' at row 1
[ 2024-08-26T16:59:22+08:00 ][ error ] [10501]SQLSTATE[22003]: Numeric value out of range: 1264 Out of range value for column 'balance_later' at row 1
[ 2024-08-26T16:59:33+08:00 ][ error ] [10501]SQLSTATE[22003]: Numeric value out of range: 1264 Out of range value for column 'balance_later' at row 1
[ 2024-08-26T16:59:45+08:00 ][ error ] [10501]SQLSTATE[22003]: Numeric value out of range: 1264 Out of range value for column 'balance_later' at row 1
[ 2024-08-26T16:59:55+08:00 ][ error ] [10501]SQLSTATE[22003]: Numeric value out of range: 1264 Out of range value for column 'balance_later' at row 1
[ 2024-08-26T17:00:06+08:00 ][ error ] [10501]SQLSTATE[22003]: Numeric value out of range: 1264 Out of range value for column 'balance_later' at row 1
[ 2024-08-26T17:00:17+08:00 ][ error ] [10501]SQLSTATE[22003]: Numeric value out of range: 1264 Out of range value for column 'balance_later' at row 1
[ 2024-08-26T17:00:28+08:00 ][ error ] [10501]SQLSTATE[22003]: Numeric value out of range: 1264 Out of range value for column 'balance_later' at row 1
[ 2024-08-26T17:00:39+08:00 ][ error ] [10501]SQLSTATE[22003]: Numeric value out of range: 1264 Out of range value for column 'balance_later' at row 1
[ 2024-08-26T17:00:50+08:00 ][ error ] [10501]SQLSTATE[22003]: Numeric value out of range: 1264 Out of range value for column 'balance_later' at row 1
[ 2024-08-26T17:01:01+08:00 ][ error ] [10501]SQLSTATE[22003]: Numeric value out of range: 1264 Out of range value for column 'balance_later' at row 1
[ 2024-08-26T17:01:12+08:00 ][ error ] [10501]SQLSTATE[22003]: Numeric value out of range: 1264 Out of range value for column 'balance_later' at row 1
[ 2024-08-26T17:01:23+08:00 ][ error ] [10501]SQLSTATE[22003]: Numeric value out of range: 1264 Out of range value for column 'balance_later' at row 1
[ 2024-08-26T17:01:34+08:00 ][ error ] [10501]SQLSTATE[22003]: Numeric value out of range: 1264 Out of range value for column 'balance_later' at row 1
[ 2024-08-26T17:01:45+08:00 ][ error ] [10501]SQLSTATE[22003]: Numeric value out of range: 1264 Out of range value for column 'balance_later' at row 1
[ 2024-08-26T17:01:56+08:00 ][ error ] [10501]SQLSTATE[22003]: Numeric value out of range: 1264 Out of range value for column 'balance_later' at row 1
[ 2024-08-26T17:02:07+08:00 ][ error ] [10501]SQLSTATE[22003]: Numeric value out of range: 1264 Out of range value for column 'balance_later' at row 1
[ 2024-08-26T17:02:18+08:00 ][ error ] [10501]SQLSTATE[22003]: Numeric value out of range: 1264 Out of range value for column 'balance_later' at row 1
[ 2024-08-26T17:02:29+08:00 ][ error ] [10501]SQLSTATE[22003]: Numeric value out of range: 1264 Out of range value for column 'balance_later' at row 1
[ 2024-08-26T17:02:40+08:00 ][ error ] [10501]SQLSTATE[22003]: Numeric value out of range: 1264 Out of range value for column 'balance_later' at row 1
[ 2024-08-26T17:02:51+08:00 ][ error ] [10501]SQLSTATE[22003]: Numeric value out of range: 1264 Out of range value for column 'balance_later' at row 1
[ 2024-08-26T17:03:02+08:00 ][ error ] [10501]SQLSTATE[22003]: Numeric value out of range: 1264 Out of range value for column 'balance_later' at row 1
[ 2024-08-26T17:03:13+08:00 ][ error ] [10501]SQLSTATE[22003]: Numeric value out of range: 1264 Out of range value for column 'balance_later' at row 1
[ 2024-08-26T17:03:24+08:00 ][ error ] [10501]SQLSTATE[22003]: Numeric value out of range: 1264 Out of range value for column 'balance_later' at row 1
[ 2024-08-26T17:03:35+08:00 ][ error ] [10501]SQLSTATE[22003]: Numeric value out of range: 1264 Out of range value for column 'balance_later' at row 1
[ 2024-08-26T17:03:46+08:00 ][ error ] [10501]SQLSTATE[22003]: Numeric value out of range: 1264 Out of range value for column 'balance_later' at row 1
[ 2024-08-26T17:03:57+08:00 ][ error ] [10501]SQLSTATE[22003]: Numeric value out of range: 1264 Out of range value for column 'balance_later' at row 1
[ 2024-08-26T17:04:08+08:00 ][ error ] [10501]SQLSTATE[22003]: Numeric value out of range: 1264 Out of range value for column 'balance_later' at row 1
[ 2024-08-26T17:04:19+08:00 ][ error ] [10501]SQLSTATE[22003]: Numeric value out of range: 1264 Out of range value for column 'balance_later' at row 1
[ 2024-08-26T17:04:30+08:00 ][ error ] [10501]SQLSTATE[22003]: Numeric value out of range: 1264 Out of range value for column 'balance_later' at row 1
[ 2024-08-26T17:04:41+08:00 ][ error ] [10501]SQLSTATE[22003]: Numeric value out of range: 1264 Out of range value for column 'balance_later' at row 1
[ 2024-08-26T17:04:52+08:00 ][ error ] [10501]SQLSTATE[22003]: Numeric value out of range: 1264 Out of range value for column 'balance_later' at row 1
[ 2024-08-26T17:05:03+08:00 ][ error ] [10501]SQLSTATE[22003]: Numeric value out of range: 1264 Out of range value for column 'balance_later' at row 1
[ 2024-08-26T17:05:14+08:00 ][ error ] [10501]SQLSTATE[22003]: Numeric value out of range: 1264 Out of range value for column 'balance_later' at row 1
[ 2024-08-26T17:05:25+08:00 ][ error ] [10501]SQLSTATE[22003]: Numeric value out of range: 1264 Out of range value for column 'balance_later' at row 1
[ 2024-08-26T17:05:36+08:00 ][ error ] [10501]SQLSTATE[22003]: Numeric value out of range: 1264 Out of range value for column 'balance_later' at row 1
[ 2024-08-26T17:05:47+08:00 ][ error ] [10501]SQLSTATE[22003]: Numeric value out of range: 1264 Out of range value for column 'balance_later' at row 1
[ 2024-08-26T17:05:58+08:00 ][ error ] [10501]SQLSTATE[22003]: Numeric value out of range: 1264 Out of range value for column 'balance_later' at row 1
[ 2024-08-26T17:06:09+08:00 ][ error ] [10501]SQLSTATE[22003]: Numeric value out of range: 1264 Out of range value for column 'balance_later' at row 1
[ 2024-08-26T17:06:20+08:00 ][ error ] [10501]SQLSTATE[22003]: Numeric value out of range: 1264 Out of range value for column 'balance_later' at row 1
[ 2024-08-26T17:06:31+08:00 ][ error ] [10501]SQLSTATE[22003]: Numeric value out of range: 1264 Out of range value for column 'balance_later' at row 1
[ 2024-08-26T17:06:42+08:00 ][ error ] [10501]SQLSTATE[22003]: Numeric value out of range: 1264 Out of range value for column 'balance_later' at row 1
[ 2024-08-26T17:06:53+08:00 ][ error ] [10501]SQLSTATE[22003]: Numeric value out of range: 1264 Out of range value for column 'balance_later' at row 1
[ 2024-08-26T17:07:04+08:00 ][ error ] [10501]SQLSTATE[22003]: Numeric value out of range: 1264 Out of range value for column 'balance_later' at row 1
[ 2024-08-26T17:07:15+08:00 ][ error ] [10501]SQLSTATE[22003]: Numeric value out of range: 1264 Out of range value for column 'balance_later' at row 1
[ 2024-08-26T17:07:26+08:00 ][ error ] [10501]SQLSTATE[22003]: Numeric value out of range: 1264 Out of range value for column 'balance_later' at row 1
[ 2024-08-26T17:07:37+08:00 ][ error ] [10501]SQLSTATE[22003]: Numeric value out of range: 1264 Out of range value for column 'balance_later' at row 1
[ 2024-08-26T17:07:48+08:00 ][ error ] [10501]SQLSTATE[22003]: Numeric value out of range: 1264 Out of range value for column 'balance_later' at row 1
[ 2024-08-26T17:07:59+08:00 ][ error ] [10501]SQLSTATE[22003]: Numeric value out of range: 1264 Out of range value for column 'balance_later' at row 1
[ 2024-08-26T17:08:10+08:00 ][ error ] [10501]SQLSTATE[22003]: Numeric value out of range: 1264 Out of range value for column 'balance_later' at row 1
[ 2024-08-26T17:08:21+08:00 ][ error ] [10501]SQLSTATE[22003]: Numeric value out of range: 1264 Out of range value for column 'balance_later' at row 1
[ 2024-08-26T17:08:32+08:00 ][ error ] [10501]SQLSTATE[22003]: Numeric value out of range: 1264 Out of range value for column 'balance_later' at row 1
[ 2024-08-26T17:08:43+08:00 ][ error ] [10501]SQLSTATE[22003]: Numeric value out of range: 1264 Out of range value for column 'balance_later' at row 1
[ 2024-08-26T17:08:54+08:00 ][ error ] [10501]SQLSTATE[22003]: Numeric value out of range: 1264 Out of range value for column 'balance_later' at row 1
[ 2024-08-26T17:09:05+08:00 ][ error ] [10501]SQLSTATE[22003]: Numeric value out of range: 1264 Out of range value for column 'balance_later' at row 1
[ 2024-08-26T17:09:16+08:00 ][ error ] [10501]SQLSTATE[22003]: Numeric value out of range: 1264 Out of range value for column 'balance_later' at row 1
[ 2024-08-26T17:09:27+08:00 ][ error ] [10501]SQLSTATE[22003]: Numeric value out of range: 1264 Out of range value for column 'balance_later' at row 1
[ 2024-08-26T17:09:38+08:00 ][ error ] [10501]SQLSTATE[22003]: Numeric value out of range: 1264 Out of range value for column 'balance_later' at row 1
[ 2024-08-26T17:09:49+08:00 ][ error ] [10501]SQLSTATE[22003]: Numeric value out of range: 1264 Out of range value for column 'balance_later' at row 1
[ 2024-08-26T17:10:00+08:00 ][ error ] [10501]SQLSTATE[22003]: Numeric value out of range: 1264 Out of range value for column 'balance_later' at row 1
[ 2024-08-26T17:10:11+08:00 ][ error ] [10501]SQLSTATE[22003]: Numeric value out of range: 1264 Out of range value for column 'balance_later' at row 1
[ 2024-08-26T17:10:22+08:00 ][ error ] [10501]SQLSTATE[22003]: Numeric value out of range: 1264 Out of range value for column 'balance_later' at row 1
[ 2024-08-26T17:10:33+08:00 ][ error ] [10501]SQLSTATE[22003]: Numeric value out of range: 1264 Out of range value for column 'balance_later' at row 1
[ 2024-08-26T17:10:44+08:00 ][ error ] [10501]SQLSTATE[22003]: Numeric value out of range: 1264 Out of range value for column 'balance_later' at row 1
[ 2024-08-26T17:10:55+08:00 ][ error ] [10501]SQLSTATE[22003]: Numeric value out of range: 1264 Out of range value for column 'balance_later' at row 1
[ 2024-08-26T17:11:06+08:00 ][ error ] [10501]SQLSTATE[22003]: Numeric value out of range: 1264 Out of range value for column 'balance_later' at row 1
[ 2024-08-26T17:11:17+08:00 ][ error ] [10501]SQLSTATE[22003]: Numeric value out of range: 1264 Out of range value for column 'balance_later' at row 1
[ 2024-08-26T17:11:28+08:00 ][ error ] [10501]SQLSTATE[22003]: Numeric value out of range: 1264 Out of range value for column 'balance_later' at row 1
[ 2024-08-26T17:11:39+08:00 ][ error ] [10501]SQLSTATE[22003]: Numeric value out of range: 1264 Out of range value for column 'balance_later' at row 1
[ 2024-08-26T17:11:50+08:00 ][ error ] [10501]SQLSTATE[22003]: Numeric value out of range: 1264 Out of range value for column 'balance_later' at row 1
[ 2024-08-26T17:12:01+08:00 ][ error ] [10501]SQLSTATE[22003]: Numeric value out of range: 1264 Out of range value for column 'balance_later' at row 1
[ 2024-08-26T17:12:12+08:00 ][ error ] [10501]SQLSTATE[22003]: Numeric value out of range: 1264 Out of range value for column 'balance_later' at row 1
[ 2024-08-26T17:12:23+08:00 ][ error ] [10501]SQLSTATE[22003]: Numeric value out of range: 1264 Out of range value for column 'balance_later' at row 1
[ 2024-08-26T17:12:34+08:00 ][ error ] [10501]SQLSTATE[22003]: Numeric value out of range: 1264 Out of range value for column 'balance_later' at row 1
[ 2024-08-26T17:12:45+08:00 ][ error ] [10501]SQLSTATE[22003]: Numeric value out of range: 1264 Out of range value for column 'balance_later' at row 1
[ 2024-08-26T17:12:56+08:00 ][ error ] [10501]SQLSTATE[22003]: Numeric value out of range: 1264 Out of range value for column 'balance_later' at row 1
[ 2024-08-26T17:13:07+08:00 ][ error ] [10501]SQLSTATE[22003]: Numeric value out of range: 1264 Out of range value for column 'balance_later' at row 1
[ 2024-08-26T17:13:18+08:00 ][ error ] [10501]SQLSTATE[22003]: Numeric value out of range: 1264 Out of range value for column 'balance_later' at row 1
[ 2024-08-26T17:13:29+08:00 ][ error ] [10501]SQLSTATE[22003]: Numeric value out of range: 1264 Out of range value for column 'balance_later' at row 1
[ 2024-08-26T17:13:40+08:00 ][ error ] [10501]SQLSTATE[22003]: Numeric value out of range: 1264 Out of range value for column 'balance_later' at row 1
[ 2024-08-26T17:13:51+08:00 ][ error ] [10501]SQLSTATE[22003]: Numeric value out of range: 1264 Out of range value for column 'balance_later' at row 1
[ 2024-08-26T17:14:02+08:00 ][ error ] [10501]SQLSTATE[22003]: Numeric value out of range: 1264 Out of range value for column 'balance_later' at row 1
[ 2024-08-26T17:14:13+08:00 ][ error ] [10501]SQLSTATE[22003]: Numeric value out of range: 1264 Out of range value for column 'balance_later' at row 1
[ 2024-08-26T17:14:24+08:00 ][ error ] [10501]SQLSTATE[22003]: Numeric value out of range: 1264 Out of range value for column 'balance_later' at row 1
[ 2024-08-26T17:14:35+08:00 ][ error ] [10501]SQLSTATE[22003]: Numeric value out of range: 1264 Out of range value for column 'balance_later' at row 1
[ 2024-08-26T17:14:46+08:00 ][ error ] [10501]SQLSTATE[22003]: Numeric value out of range: 1264 Out of range value for column 'balance_later' at row 1
[ 2024-08-26T17:14:57+08:00 ][ error ] [10501]SQLSTATE[22003]: Numeric value out of range: 1264 Out of range value for column 'balance_later' at row 1
[ 2024-08-26T17:15:06+08:00 ][ error ] [0]Connection refused
[ 2024-08-26T17:15:06+08:00 ][ error ] [0]Connection refused
[ 2024-08-26T17:15:06+08:00 ][ error ] [0]Connection refused
[ 2024-08-26T17:15:06+08:00 ][ error ] [0]Connection refused
[ 2024-08-26T17:15:06+08:00 ][ error ] [0]Connection lost
[ 2024-08-26T17:15:06+08:00 ][ error ] [0]Connection lost
[ 2024-08-26T17:15:06+08:00 ][ error ] [0]Connection refused
[ 2024-08-26T17:15:06+08:00 ][ error ] [0]Connection refused
[ 2024-08-26T17:15:06+08:00 ][ error ] [0]Connection refused
[ 2024-08-26T17:15:06+08:00 ][ error ] [0]Connection refused
[ 2024-08-26T17:15:06+08:00 ][ error ] [0]Connection refused
[ 2024-08-26T17:15:07+08:00 ][ error ] [0]Connection refused
[ 2024-08-26T17:15:07+08:00 ][ error ] [0]Connection refused
[ 2024-08-26T17:15:07+08:00 ][ error ] [0]Connection refused
[ 2024-08-26T17:15:07+08:00 ][ error ] [0]Connection refused
[ 2024-08-26T17:15:08+08:00 ][ error ] [10501]SQLSTATE[22003]: Numeric value out of range: 1264 Out of range value for column 'balance_later' at row 1
[ 2024-08-26T17:15:19+08:00 ][ error ] [10501]SQLSTATE[22003]: Numeric value out of range: 1264 Out of range value for column 'balance_later' at row 1
[ 2024-08-26T17:15:30+08:00 ][ error ] [10501]SQLSTATE[22003]: Numeric value out of range: 1264 Out of range value for column 'balance_later' at row 1
[ 2024-08-26T17:15:41+08:00 ][ error ] [10501]SQLSTATE[22003]: Numeric value out of range: 1264 Out of range value for column 'balance_later' at row 1
[ 2024-08-26T17:15:52+08:00 ][ error ] [10501]SQLSTATE[22003]: Numeric value out of range: 1264 Out of range value for column 'balance_later' at row 1
[ 2024-08-26T17:16:03+08:00 ][ error ] [10501]SQLSTATE[22003]: Numeric value out of range: 1264 Out of range value for column 'balance_later' at row 1
[ 2024-08-26T17:16:14+08:00 ][ error ] [10501]SQLSTATE[22003]: Numeric value out of range: 1264 Out of range value for column 'balance_later' at row 1
[ 2024-08-26T17:16:25+08:00 ][ error ] [10501]SQLSTATE[22003]: Numeric value out of range: 1264 Out of range value for column 'balance_later' at row 1
[ 2024-08-26T17:16:36+08:00 ][ error ] [10501]SQLSTATE[22003]: Numeric value out of range: 1264 Out of range value for column 'balance_later' at row 1
[ 2024-08-26T17:16:47+08:00 ][ error ] [10501]SQLSTATE[22003]: Numeric value out of range: 1264 Out of range value for column 'balance_later' at row 1
[ 2024-08-26T17:16:58+08:00 ][ error ] [10501]SQLSTATE[22003]: Numeric value out of range: 1264 Out of range value for column 'balance_later' at row 1
[ 2024-08-26T17:17:09+08:00 ][ error ] [10501]SQLSTATE[22003]: Numeric value out of range: 1264 Out of range value for column 'balance_later' at row 1
[ 2024-08-26T17:17:20+08:00 ][ error ] [10501]SQLSTATE[22003]: Numeric value out of range: 1264 Out of range value for column 'balance_later' at row 1
[ 2024-08-26T17:17:31+08:00 ][ error ] [10501]SQLSTATE[22003]: Numeric value out of range: 1264 Out of range value for column 'balance_later' at row 1
[ 2024-08-26T17:17:42+08:00 ][ error ] [10501]SQLSTATE[22003]: Numeric value out of range: 1264 Out of range value for column 'balance_later' at row 1
[ 2024-08-26T17:17:53+08:00 ][ error ] [10501]SQLSTATE[22003]: Numeric value out of range: 1264 Out of range value for column 'balance_later' at row 1
[ 2024-08-26T17:18:04+08:00 ][ error ] [10501]SQLSTATE[22003]: Numeric value out of range: 1264 Out of range value for column 'balance_later' at row 1
[ 2024-08-26T17:18:15+08:00 ][ error ] [10501]SQLSTATE[22003]: Numeric value out of range: 1264 Out of range value for column 'balance_later' at row 1
[ 2024-08-26T17:18:26+08:00 ][ error ] [10501]SQLSTATE[22003]: Numeric value out of range: 1264 Out of range value for column 'balance_later' at row 1
[ 2024-08-26T17:18:36+08:00 ][ error ] [0]Connection refused
[ 2024-08-26T17:18:36+08:00 ][ error ] [0]Connection refused
[ 2024-08-26T17:18:36+08:00 ][ error ] [0]Connection refused
[ 2024-08-26T17:18:36+08:00 ][ error ] [0]Connection refused
[ 2024-08-26T17:18:36+08:00 ][ error ] [0]Connection refused
[ 2024-08-26T17:18:37+08:00 ][ error ] [0]Connection lost
[ 2024-08-26T17:18:37+08:00 ][ error ] [0]Connection refused
[ 2024-08-26T17:18:37+08:00 ][ error ] [0]Connection refused
[ 2024-08-26T17:18:37+08:00 ][ error ] [0]Connection refused
[ 2024-08-26T17:18:37+08:00 ][ error ] [0]Connection refused
[ 2024-08-26T17:18:37+08:00 ][ error ] [0]Connection refused
[ 2024-08-26T17:18:38+08:00 ][ error ] [0]Connection refused
[ 2024-08-26T17:18:38+08:00 ][ error ] [0]Connection refused
[ 2024-08-26T17:18:38+08:00 ][ error ] [0]Connection refused
[ 2024-08-26T17:18:38+08:00 ][ error ] [0]Connection refused
[ 2024-08-26T17:18:38+08:00 ][ error ] [0]Connection refused
[ 2024-08-26T17:18:38+08:00 ][ error ] [0]Connection refused
[ 2024-08-26T17:18:39+08:00 ][ error ] [0]Connection refused
[ 2024-08-26T17:18:39+08:00 ][ error ] [0]Connection refused
[ 2024-08-26T17:18:39+08:00 ][ error ] [0]Connection refused
[ 2024-08-26T17:18:39+08:00 ][ error ] [0]Connection refused
[ 2024-08-26T17:18:39+08:00 ][ error ] [0]Connection refused
[ 2024-08-26T17:18:39+08:00 ][ error ] [0]Connection refused
[ 2024-08-26T17:18:40+08:00 ][ error ] [0]Connection refused
[ 2024-08-26T17:18:40+08:00 ][ error ] [0]Connection refused
[ 2024-08-26T17:18:40+08:00 ][ error ] [0]Connection refused
[ 2024-08-26T17:18:40+08:00 ][ error ] [0]Connection refused
[ 2024-08-26T17:18:40+08:00 ][ error ] [0]Connection refused
[ 2024-08-26T17:18:40+08:00 ][ error ] [0]Connection refused
[ 2024-08-26T17:18:41+08:00 ][ error ] [0]Connection refused
[ 2024-08-26T17:18:41+08:00 ][ error ] [0]Connection refused
[ 2024-08-26T17:18:41+08:00 ][ error ] [0]Connection refused
[ 2024-08-26T17:18:41+08:00 ][ error ] [0]Connection refused
[ 2024-08-26T17:18:41+08:00 ][ error ] [0]Connection refused
[ 2024-08-26T17:18:41+08:00 ][ error ] [0]Connection refused
[ 2024-08-26T17:18:42+08:00 ][ error ] [0]Connection refused
[ 2024-08-26T17:18:42+08:00 ][ error ] [0]Connection refused
[ 2024-08-26T17:18:42+08:00 ][ error ] [0]Connection refused
[ 2024-08-26T17:18:42+08:00 ][ error ] [0]Connection refused
[ 2024-08-26T17:18:42+08:00 ][ error ] [0]Connection refused
[ 2024-08-26T17:18:42+08:00 ][ error ] [0]Connection refused
[ 2024-08-26T17:18:43+08:00 ][ error ] [0]Connection refused
[ 2024-08-26T17:18:43+08:00 ][ error ] [0]Connection refused
[ 2024-08-26T17:18:43+08:00 ][ error ] [0]Connection refused
[ 2024-08-26T17:18:43+08:00 ][ error ] [0]Connection refused
[ 2024-08-26T17:18:43+08:00 ][ error ] [0]Connection refused
[ 2024-08-26T17:18:44+08:00 ][ error ] [0]Connection refused
[ 2024-08-26T17:18:44+08:00 ][ error ] [0]Connection refused
[ 2024-08-26T17:18:44+08:00 ][ error ] [0]Connection refused
[ 2024-08-26T17:18:44+08:00 ][ error ] [0]Connection refused
[ 2024-08-26T17:18:44+08:00 ][ error ] [0]Connection refused
[ 2024-08-26T17:18:44+08:00 ][ error ] [0]Connection refused
[ 2024-08-26T17:18:45+08:00 ][ error ] [0]Connection refused
[ 2024-08-26T17:18:45+08:00 ][ error ] [0]Connection refused
[ 2024-08-26T17:18:45+08:00 ][ error ] [0]Connection refused
[ 2024-08-26T17:18:45+08:00 ][ error ] [0]Connection refused
[ 2024-08-26T17:18:45+08:00 ][ error ] [0]Connection refused
[ 2024-08-26T17:18:45+08:00 ][ error ] [0]Connection refused
[ 2024-08-26T17:18:46+08:00 ][ error ] [0]Connection refused
[ 2024-08-26T17:18:46+08:00 ][ error ] [0]Connection refused
[ 2024-08-26T17:18:46+08:00 ][ error ] [0]Connection refused
[ 2024-08-26T17:18:46+08:00 ][ error ] [0]Connection refused
[ 2024-08-26T17:18:46+08:00 ][ error ] [0]Connection refused
[ 2024-08-26T17:18:46+08:00 ][ error ] [0]Connection refused
[ 2024-08-26T17:18:47+08:00 ][ error ] [0]Connection refused
[ 2024-08-26T17:18:47+08:00 ][ error ] [0]Connection refused
[ 2024-08-26T17:18:47+08:00 ][ error ] [0]Connection refused
[ 2024-08-26T17:18:47+08:00 ][ error ] [0]Connection refused
[ 2024-08-26T17:18:47+08:00 ][ error ] [0]Connection refused
[ 2024-08-26T17:18:47+08:00 ][ error ] [0]Connection refused
[ 2024-08-26T17:18:48+08:00 ][ error ] [0]Connection refused
[ 2024-08-26T17:18:48+08:00 ][ error ] [0]Connection refused
[ 2024-08-26T17:18:48+08:00 ][ error ] [0]Connection refused
[ 2024-08-26T17:18:48+08:00 ][ error ] [0]Connection refused
[ 2024-08-26T17:18:48+08:00 ][ error ] [0]Connection refused
[ 2024-08-26T17:18:48+08:00 ][ error ] [0]Connection refused
[ 2024-08-26T17:18:49+08:00 ][ error ] [0]Connection refused
[ 2024-08-26T17:18:49+08:00 ][ error ] [0]Connection refused
[ 2024-08-26T17:18:49+08:00 ][ error ] [0]Connection refused
[ 2024-08-26T17:18:49+08:00 ][ error ] [0]Connection refused
[ 2024-08-26T17:18:49+08:00 ][ error ] [0]Connection refused
[ 2024-08-26T17:18:50+08:00 ][ error ] [0]Connection refused
[ 2024-08-26T17:18:50+08:00 ][ error ] [0]Connection refused
[ 2024-08-26T17:18:50+08:00 ][ error ] [0]Connection refused
[ 2024-08-26T17:18:50+08:00 ][ error ] [0]Connection refused
[ 2024-08-26T17:18:50+08:00 ][ error ] [0]Connection refused
[ 2024-08-26T17:18:50+08:00 ][ error ] [0]Connection refused
[ 2024-08-26T17:18:51+08:00 ][ error ] [0]Connection refused
[ 2024-08-26T17:18:51+08:00 ][ error ] [0]Connection refused
[ 2024-08-26T17:18:51+08:00 ][ error ] [0]Connection refused
[ 2024-08-26T17:18:51+08:00 ][ error ] [0]Connection refused
[ 2024-08-26T17:18:51+08:00 ][ error ] [0]Connection refused
[ 2024-08-26T17:18:51+08:00 ][ error ] [0]Connection refused
[ 2024-08-26T17:18:52+08:00 ][ error ] [0]Connection refused
[ 2024-08-26T17:18:52+08:00 ][ error ] [0]Connection refused
[ 2024-08-26T17:18:52+08:00 ][ error ] [0]Connection refused
[ 2024-08-26T17:18:52+08:00 ][ error ] [0]Connection refused
[ 2024-08-26T17:18:52+08:00 ][ error ] [0]Connection refused
[ 2024-08-26T17:18:53+08:00 ][ error ] [0]Connection refused
[ 2024-08-26T17:18:53+08:00 ][ error ] [0]Connection refused
[ 2024-08-26T17:18:53+08:00 ][ error ] [0]Connection refused
[ 2024-08-26T17:18:53+08:00 ][ error ] [0]Connection refused
[ 2024-08-26T17:18:53+08:00 ][ error ] [0]Connection refused
[ 2024-08-26T17:18:53+08:00 ][ error ] [0]Connection refused
[ 2024-08-26T17:18:54+08:00 ][ error ] [0]Connection refused
[ 2024-08-26T17:18:54+08:00 ][ error ] [0]Connection refused
[ 2024-08-26T17:18:54+08:00 ][ error ] [0]Connection refused
[ 2024-08-26T17:18:54+08:00 ][ error ] [0]Connection refused
[ 2024-08-26T17:18:54+08:00 ][ error ] [0]Connection refused
[ 2024-08-26T17:18:55+08:00 ][ error ] [0]Connection refused
[ 2024-08-26T17:18:55+08:00 ][ error ] [0]Connection refused
[ 2024-08-26T17:18:55+08:00 ][ error ] [0]Connection refused
[ 2024-08-26T17:18:55+08:00 ][ error ] [0]Connection refused
[ 2024-08-26T17:18:55+08:00 ][ error ] [0]Connection refused
[ 2024-08-26T17:18:55+08:00 ][ error ] [0]Connection refused
[ 2024-08-26T17:18:56+08:00 ][ error ] [0]Connection refused
[ 2024-08-26T17:18:56+08:00 ][ error ] [0]Connection refused
[ 2024-08-26T17:18:56+08:00 ][ error ] [0]Connection refused
[ 2024-08-26T17:18:56+08:00 ][ error ] [0]Connection refused
[ 2024-08-26T17:18:56+08:00 ][ error ] [0]Connection refused
[ 2024-08-26T17:18:56+08:00 ][ error ] [0]Connection refused
[ 2024-08-26T17:18:57+08:00 ][ error ] [0]Connection refused
[ 2024-08-26T17:18:57+08:00 ][ error ] [0]Connection refused
[ 2024-08-26T17:18:57+08:00 ][ error ] [0]Connection refused
[ 2024-08-26T17:18:57+08:00 ][ error ] [0]Connection refused
[ 2024-08-26T17:18:57+08:00 ][ error ] [0]Connection refused
[ 2024-08-26T17:18:57+08:00 ][ error ] [0]Connection refused
[ 2024-08-26T17:18:58+08:00 ][ error ] [0]Connection refused
[ 2024-08-26T17:18:58+08:00 ][ error ] [0]Connection refused
[ 2024-08-26T17:18:58+08:00 ][ error ] [0]Connection refused
[ 2024-08-26T17:18:58+08:00 ][ error ] [0]Connection refused
[ 2024-08-26T17:18:58+08:00 ][ error ] [0]Connection refused
[ 2024-08-26T17:18:58+08:00 ][ error ] [0]Connection refused
[ 2024-08-26T17:18:59+08:00 ][ error ] [0]Connection refused
[ 2024-08-26T17:18:59+08:00 ][ error ] [0]Connection refused
[ 2024-08-26T17:18:59+08:00 ][ error ] [0]Connection refused
[ 2024-08-26T17:18:59+08:00 ][ error ] [10501]SQLSTATE[22003]: Numeric value out of range: 1264 Out of range value for column 'balance_later' at row 1
[ 2024-08-26T17:19:10+08:00 ][ error ] [10501]SQLSTATE[22003]: Numeric value out of range: 1264 Out of range value for column 'balance_later' at row 1
[ 2024-08-26T17:19:21+08:00 ][ error ] [10501]SQLSTATE[22003]: Numeric value out of range: 1264 Out of range value for column 'balance_later' at row 1
[ 2024-08-26T17:19:32+08:00 ][ error ] [10501]SQLSTATE[22003]: Numeric value out of range: 1264 Out of range value for column 'balance_later' at row 1
[ 2024-08-26T17:19:43+08:00 ][ error ] [10501]SQLSTATE[22003]: Numeric value out of range: 1264 Out of range value for column 'balance_later' at row 1
[ 2024-08-26T17:19:54+08:00 ][ error ] [10501]SQLSTATE[22003]: Numeric value out of range: 1264 Out of range value for column 'balance_later' at row 1
[ 2024-08-26T17:20:05+08:00 ][ error ] [10501]SQLSTATE[22003]: Numeric value out of range: 1264 Out of range value for column 'balance_later' at row 1
[ 2024-08-26T17:20:16+08:00 ][ error ] [10501]SQLSTATE[22003]: Numeric value out of range: 1264 Out of range value for column 'balance_later' at row 1
[ 2024-08-26T17:20:27+08:00 ][ error ] [10501]SQLSTATE[22003]: Numeric value out of range: 1264 Out of range value for column 'balance_later' at row 1
[ 2024-08-26T17:20:38+08:00 ][ error ] [10501]SQLSTATE[22003]: Numeric value out of range: 1264 Out of range value for column 'balance_later' at row 1
[ 2024-08-26T17:20:49+08:00 ][ error ] [10501]SQLSTATE[22003]: Numeric value out of range: 1264 Out of range value for column 'balance_later' at row 1
[ 2024-08-26T17:21:00+08:00 ][ error ] [10501]SQLSTATE[22003]: Numeric value out of range: 1264 Out of range value for column 'balance_later' at row 1
[ 2024-08-26T17:21:11+08:00 ][ error ] [10501]SQLSTATE[22003]: Numeric value out of range: 1264 Out of range value for column 'balance_later' at row 1
[ 2024-08-26T17:21:22+08:00 ][ error ] [10501]SQLSTATE[22003]: Numeric value out of range: 1264 Out of range value for column 'balance_later' at row 1
[ 2024-08-26T17:21:33+08:00 ][ error ] [10501]SQLSTATE[22003]: Numeric value out of range: 1264 Out of range value for column 'balance_later' at row 1
[ 2024-08-26T17:21:44+08:00 ][ error ] [10501]SQLSTATE[22003]: Numeric value out of range: 1264 Out of range value for column 'balance_later' at row 1
[ 2024-08-26T17:21:55+08:00 ][ error ] [10501]SQLSTATE[22003]: Numeric value out of range: 1264 Out of range value for column 'balance_later' at row 1
[ 2024-08-26T17:22:06+08:00 ][ error ] [10501]SQLSTATE[22003]: Numeric value out of range: 1264 Out of range value for column 'balance_later' at row 1
[ 2024-08-26T17:22:17+08:00 ][ error ] [10501]SQLSTATE[22003]: Numeric value out of range: 1264 Out of range value for column 'balance_later' at row 1
[ 2024-08-26T17:22:28+08:00 ][ error ] [10501]SQLSTATE[22003]: Numeric value out of range: 1264 Out of range value for column 'balance_later' at row 1
[ 2024-08-26T17:22:39+08:00 ][ error ] [10501]SQLSTATE[22003]: Numeric value out of range: 1264 Out of range value for column 'balance_later' at row 1
[ 2024-08-26T17:22:50+08:00 ][ error ] [10501]SQLSTATE[22003]: Numeric value out of range: 1264 Out of range value for column 'balance_later' at row 1
[ 2024-08-26T17:23:01+08:00 ][ error ] [10501]SQLSTATE[22003]: Numeric value out of range: 1264 Out of range value for column 'balance_later' at row 1
[ 2024-08-26T17:23:12+08:00 ][ error ] [10501]SQLSTATE[22003]: Numeric value out of range: 1264 Out of range value for column 'balance_later' at row 1
[ 2024-08-26T17:23:23+08:00 ][ error ] [10501]SQLSTATE[22003]: Numeric value out of range: 1264 Out of range value for column 'balance_later' at row 1
[ 2024-08-26T17:23:34+08:00 ][ error ] [10501]SQLSTATE[22003]: Numeric value out of range: 1264 Out of range value for column 'balance_later' at row 1
[ 2024-08-26T17:23:45+08:00 ][ error ] [10501]SQLSTATE[22003]: Numeric value out of range: 1264 Out of range value for column 'balance_later' at row 1
[ 2024-08-26T17:23:56+08:00 ][ error ] [10501]SQLSTATE[22003]: Numeric value out of range: 1264 Out of range value for column 'balance_later' at row 1
[ 2024-08-26T17:24:07+08:00 ][ error ] [10501]SQLSTATE[22003]: Numeric value out of range: 1264 Out of range value for column 'balance_later' at row 1
[ 2024-08-26T17:24:18+08:00 ][ error ] [10501]SQLSTATE[22003]: Numeric value out of range: 1264 Out of range value for column 'balance_later' at row 1
[ 2024-08-26T17:24:29+08:00 ][ error ] [10501]SQLSTATE[22003]: Numeric value out of range: 1264 Out of range value for column 'balance_later' at row 1
[ 2024-08-26T17:24:40+08:00 ][ error ] [10501]SQLSTATE[22003]: Numeric value out of range: 1264 Out of range value for column 'balance_later' at row 1
[ 2024-08-26T17:24:51+08:00 ][ error ] [10501]SQLSTATE[22003]: Numeric value out of range: 1264 Out of range value for column 'balance_later' at row 1
[ 2024-08-26T17:25:02+08:00 ][ error ] [10501]SQLSTATE[22003]: Numeric value out of range: 1264 Out of range value for column 'balance_later' at row 1
[ 2024-08-26T17:25:13+08:00 ][ error ] [10501]SQLSTATE[22003]: Numeric value out of range: 1264 Out of range value for column 'balance_later' at row 1
[ 2024-08-26T17:25:24+08:00 ][ error ] [10501]SQLSTATE[22003]: Numeric value out of range: 1264 Out of range value for column 'balance_later' at row 1
[ 2024-08-26T17:25:35+08:00 ][ error ] [10501]SQLSTATE[22003]: Numeric value out of range: 1264 Out of range value for column 'balance_later' at row 1
[ 2024-08-26T17:25:46+08:00 ][ error ] [10501]SQLSTATE[22003]: Numeric value out of range: 1264 Out of range value for column 'balance_later' at row 1
[ 2024-08-26T17:25:57+08:00 ][ error ] [10501]SQLSTATE[22003]: Numeric value out of range: 1264 Out of range value for column 'balance_later' at row 1
[ 2024-08-26T17:26:08+08:00 ][ error ] [10501]SQLSTATE[22003]: Numeric value out of range: 1264 Out of range value for column 'balance_later' at row 1
[ 2024-08-26T17:26:19+08:00 ][ error ] [10501]SQLSTATE[22003]: Numeric value out of range: 1264 Out of range value for column 'balance_later' at row 1
[ 2024-08-26T17:26:30+08:00 ][ error ] [10501]SQLSTATE[22003]: Numeric value out of range: 1264 Out of range value for column 'balance_later' at row 1
[ 2024-08-26T17:26:41+08:00 ][ error ] [10501]SQLSTATE[22003]: Numeric value out of range: 1264 Out of range value for column 'balance_later' at row 1
[ 2024-08-26T17:26:52+08:00 ][ error ] [10501]SQLSTATE[22003]: Numeric value out of range: 1264 Out of range value for column 'balance_later' at row 1
[ 2024-08-26T17:27:03+08:00 ][ error ] [10501]SQLSTATE[22003]: Numeric value out of range: 1264 Out of range value for column 'balance_later' at row 1
[ 2024-08-26T17:27:14+08:00 ][ error ] [10501]SQLSTATE[22003]: Numeric value out of range: 1264 Out of range value for column 'balance_later' at row 1
[ 2024-08-26T17:27:25+08:00 ][ error ] [10501]SQLSTATE[22003]: Numeric value out of range: 1264 Out of range value for column 'balance_later' at row 1
[ 2024-08-26T17:27:36+08:00 ][ error ] [10501]SQLSTATE[22003]: Numeric value out of range: 1264 Out of range value for column 'balance_later' at row 1
[ 2024-08-26T17:27:47+08:00 ][ error ] [10501]SQLSTATE[22003]: Numeric value out of range: 1264 Out of range value for column 'balance_later' at row 1
[ 2024-08-26T17:27:59+08:00 ][ error ] [10501]SQLSTATE[22003]: Numeric value out of range: 1264 Out of range value for column 'balance_later' at row 1
[ 2024-08-26T17:28:10+08:00 ][ error ] [10501]SQLSTATE[22003]: Numeric value out of range: 1264 Out of range value for column 'balance_later' at row 1
[ 2024-08-26T17:28:21+08:00 ][ error ] [10501]SQLSTATE[22003]: Numeric value out of range: 1264 Out of range value for column 'balance_later' at row 1
[ 2024-08-26T17:28:32+08:00 ][ error ] [10501]SQLSTATE[22003]: Numeric value out of range: 1264 Out of range value for column 'balance_later' at row 1
[ 2024-08-26T17:28:43+08:00 ][ error ] [10501]SQLSTATE[22003]: Numeric value out of range: 1264 Out of range value for column 'balance_later' at row 1
[ 2024-08-26T17:28:54+08:00 ][ error ] [10501]SQLSTATE[22003]: Numeric value out of range: 1264 Out of range value for column 'balance_later' at row 1
[ 2024-08-26T17:29:06+08:00 ][ error ] [10501]SQLSTATE[22003]: Numeric value out of range: 1264 Out of range value for column 'balance_later' at row 1
[ 2024-08-26T17:29:17+08:00 ][ error ] [10501]SQLSTATE[22003]: Numeric value out of range: 1264 Out of range value for column 'balance_later' at row 1
[ 2024-08-26T17:29:28+08:00 ][ error ] [10501]SQLSTATE[22003]: Numeric value out of range: 1264 Out of range value for column 'balance_later' at row 1
[ 2024-08-26T17:29:39+08:00 ][ error ] [10501]SQLSTATE[22003]: Numeric value out of range: 1264 Out of range value for column 'balance_later' at row 1
[ 2024-08-26T17:29:50+08:00 ][ error ] [10501]SQLSTATE[22003]: Numeric value out of range: 1264 Out of range value for column 'balance_later' at row 1
[ 2024-08-26T17:30:01+08:00 ][ error ] [10501]SQLSTATE[22003]: Numeric value out of range: 1264 Out of range value for column 'balance_later' at row 1
[ 2024-08-26T17:30:12+08:00 ][ error ] [10501]SQLSTATE[22003]: Numeric value out of range: 1264 Out of range value for column 'balance_later' at row 1
[ 2024-08-26T17:30:23+08:00 ][ error ] [10501]SQLSTATE[22003]: Numeric value out of range: 1264 Out of range value for column 'balance_later' at row 1
[ 2024-08-26T17:30:34+08:00 ][ error ] [10501]SQLSTATE[22003]: Numeric value out of range: 1264 Out of range value for column 'balance_later' at row 1
[ 2024-08-26T17:30:45+08:00 ][ error ] [10501]SQLSTATE[22003]: Numeric value out of range: 1264 Out of range value for column 'balance_later' at row 1
[ 2024-08-26T17:30:56+08:00 ][ error ] [10501]SQLSTATE[22003]: Numeric value out of range: 1264 Out of range value for column 'balance_later' at row 1
[ 2024-08-26T17:31:07+08:00 ][ error ] [10501]SQLSTATE[22003]: Numeric value out of range: 1264 Out of range value for column 'balance_later' at row 1
[ 2024-08-26T17:31:18+08:00 ][ error ] [10501]SQLSTATE[22003]: Numeric value out of range: 1264 Out of range value for column 'balance_later' at row 1
[ 2024-08-26T17:31:29+08:00 ][ error ] [8]Undefined index: id
[ 2024-08-26T17:31:29+08:00 ][ error ] [10501]SQLSTATE[22003]: Numeric value out of range: 1264 Out of range value for column 'balance_later' at row 1
[ 2024-08-26T17:31:40+08:00 ][ error ] [8]Undefined index: id
[ 2024-08-26T17:31:40+08:00 ][ error ] [10501]SQLSTATE[22003]: Numeric value out of range: 1264 Out of range value for column 'balance_later' at row 1
[ 2024-08-26T17:31:51+08:00 ][ error ] [8]Undefined index: id
[ 2024-08-26T17:31:51+08:00 ][ error ] [10501]SQLSTATE[22003]: Numeric value out of range: 1264 Out of range value for column 'balance_later' at row 1
[ 2024-08-26T17:32:02+08:00 ][ error ] [8]Undefined index: id
[ 2024-08-26T17:32:02+08:00 ][ error ] [10501]SQLSTATE[22003]: Numeric value out of range: 1264 Out of range value for column 'balance_later' at row 1
[ 2024-08-26T17:32:13+08:00 ][ error ] [10501]SQLSTATE[22003]: Numeric value out of range: 1264 Out of range value for column 'balance_later' at row 1
[ 2024-08-26T17:32:23+08:00 ][ error ] [8]Undefined variable: lock_key
[ 2024-08-26T17:32:23+08:00 ][ error ] [8]Undefined variable: lock_key
[ 2024-08-26T17:32:23+08:00 ][ error ] [8]Undefined variable: lock_key
[ 2024-08-26T17:32:23+08:00 ][ error ] [8]Undefined variable: lock_key
[ 2024-08-26T17:32:24+08:00 ][ error ] [8]Undefined variable: lock_key
[ 2024-08-26T17:32:24+08:00 ][ error ] [10501]SQLSTATE[22003]: Numeric value out of range: 1264 Out of range value for column 'balance_later' at row 1
[ 2024-08-26T17:32:24+08:00 ][ error ] [8]Undefined variable: lock_key
[ 2024-08-26T17:32:24+08:00 ][ error ] [8]Undefined variable: lock_key
[ 2024-08-26T17:32:24+08:00 ][ error ] [8]Undefined variable: lock_key
[ 2024-08-26T17:32:25+08:00 ][ error ] [8]Undefined variable: lock_key
[ 2024-08-26T17:32:25+08:00 ][ error ] [8]Undefined variable: lock_key
[ 2024-08-26T17:32:25+08:00 ][ error ] [8]Undefined variable: lock_key
[ 2024-08-26T17:32:25+08:00 ][ error ] [8]Undefined variable: lock_key
[ 2024-08-26T17:32:25+08:00 ][ error ] [8]Undefined variable: lock_key
[ 2024-08-26T17:32:26+08:00 ][ error ] [8]Undefined variable: lock_key
[ 2024-08-26T17:32:26+08:00 ][ error ] [8]Undefined variable: lock_key
[ 2024-08-26T17:32:26+08:00 ][ error ] [8]Undefined variable: lock_key
[ 2024-08-26T17:32:26+08:00 ][ error ] [8]Undefined variable: lock_key
[ 2024-08-26T17:32:26+08:00 ][ error ] [8]Undefined variable: lock_key
[ 2024-08-26T17:32:27+08:00 ][ error ] [8]Undefined variable: lock_key
[ 2024-08-26T17:32:27+08:00 ][ error ] [8]Undefined variable: lock_key
[ 2024-08-26T17:32:27+08:00 ][ error ] [8]Undefined variable: lock_key
[ 2024-08-26T17:32:27+08:00 ][ error ] [8]Undefined variable: lock_key
[ 2024-08-26T17:32:27+08:00 ][ error ] [8]Undefined variable: lock_key
[ 2024-08-26T17:32:28+08:00 ][ error ] [8]Undefined variable: lock_key
[ 2024-08-26T17:32:28+08:00 ][ error ] [8]Undefined variable: lock_key
[ 2024-08-26T17:32:28+08:00 ][ error ] [8]Undefined variable: lock_key
[ 2024-08-26T17:32:29+08:00 ][ error ] [8]Undefined variable: lock_key
[ 2024-08-26T17:32:29+08:00 ][ error ] [8]Undefined variable: lock_key
[ 2024-08-26T17:32:29+08:00 ][ error ] [8]Undefined variable: lock_key
[ 2024-08-26T17:32:29+08:00 ][ error ] [8]Undefined variable: lock_key
[ 2024-08-26T17:32:30+08:00 ][ error ] [8]Undefined variable: lock_key
[ 2024-08-26T17:32:30+08:00 ][ error ] [8]Undefined variable: lock_key
[ 2024-08-26T17:32:30+08:00 ][ error ] [8]Undefined variable: lock_key
[ 2024-08-26T17:32:30+08:00 ][ error ] [8]Undefined variable: lock_key
[ 2024-08-26T17:32:30+08:00 ][ error ] [8]Undefined variable: lock_key
[ 2024-08-26T17:32:31+08:00 ][ error ] [8]Undefined variable: lock_key
[ 2024-08-26T17:32:31+08:00 ][ error ] [8]Undefined variable: lock_key
[ 2024-08-26T17:32:31+08:00 ][ error ] [8]Undefined variable: lock_key
[ 2024-08-26T17:32:31+08:00 ][ error ] [8]Undefined variable: lock_key
[ 2024-08-26T17:32:31+08:00 ][ error ] [8]Undefined variable: lock_key
[ 2024-08-26T17:32:32+08:00 ][ error ] [8]Undefined variable: lock_key
[ 2024-08-26T17:32:32+08:00 ][ error ] [8]Undefined variable: lock_key
[ 2024-08-26T17:32:32+08:00 ][ error ] [8]Undefined variable: lock_key
[ 2024-08-26T17:32:32+08:00 ][ error ] [8]Undefined variable: lock_key
[ 2024-08-26T17:32:32+08:00 ][ error ] [8]Undefined variable: lock_key
[ 2024-08-26T17:32:33+08:00 ][ error ] [8]Undefined variable: lock_key
[ 2024-08-26T17:32:33+08:00 ][ error ] [8]Undefined variable: lock_key
[ 2024-08-26T17:32:33+08:00 ][ error ] [8]Undefined variable: lock_key
[ 2024-08-26T17:32:33+08:00 ][ error ] [8]Undefined variable: lock_key
[ 2024-08-26T17:32:33+08:00 ][ error ] [8]Undefined variable: lock_key
[ 2024-08-26T17:32:34+08:00 ][ error ] [8]Undefined variable: lock_key
[ 2024-08-26T17:32:34+08:00 ][ error ] [8]Undefined variable: lock_key
[ 2024-08-26T17:32:34+08:00 ][ error ] [8]Undefined variable: lock_key
[ 2024-08-26T17:32:34+08:00 ][ error ] [8]Undefined variable: lock_key
[ 2024-08-26T17:32:34+08:00 ][ error ] [8]Undefined variable: lock_key
[ 2024-08-26T17:32:35+08:00 ][ error ] [8]Undefined variable: lock_key
[ 2024-08-26T17:32:35+08:00 ][ error ] [10501]SQLSTATE[22003]: Numeric value out of range: 1264 Out of range value for column 'balance_later' at row 1
[ 2024-08-26T17:32:35+08:00 ][ error ] [8]Undefined variable: lock_key
[ 2024-08-26T17:32:35+08:00 ][ error ] [8]Undefined variable: lock_key
[ 2024-08-26T17:32:46+08:00 ][ error ] [10501]SQLSTATE[22003]: Numeric value out of range: 1264 Out of range value for column 'balance_later' at row 1
[ 2024-08-26T17:32:57+08:00 ][ error ] [10501]SQLSTATE[22003]: Numeric value out of range: 1264 Out of range value for column 'balance_later' at row 1
[ 2024-08-26T17:33:08+08:00 ][ error ] [10501]SQLSTATE[22003]: Numeric value out of range: 1264 Out of range value for column 'balance_later' at row 1
[ 2024-08-26T17:33:19+08:00 ][ error ] [10501]SQLSTATE[22003]: Numeric value out of range: 1264 Out of range value for column 'balance_later' at row 1
[ 2024-08-26T17:33:30+08:00 ][ error ] [2]A non-numeric value encountered
[ 2024-08-26T17:33:30+08:00 ][ error ] [10501]SQLSTATE[22003]: Numeric value out of range: 1264 Out of range value for column 'balance_later' at row 1
[ 2024-08-26T17:33:41+08:00 ][ error ] [2]A non-numeric value encountered
[ 2024-08-26T17:33:41+08:00 ][ error ] [10501]SQLSTATE[22003]: Numeric value out of range: 1264 Out of range value for column 'balance_later' at row 1
[ 2024-08-26T17:33:52+08:00 ][ error ] [2]A non-numeric value encountered
[ 2024-08-26T17:33:52+08:00 ][ error ] [10501]SQLSTATE[22003]: Numeric value out of range: 1264 Out of range value for column 'balance_later' at row 1
[ 2024-08-26T17:34:03+08:00 ][ error ] [2]A non-numeric value encountered
[ 2024-08-26T17:34:03+08:00 ][ error ] [10501]SQLSTATE[22003]: Numeric value out of range: 1264 Out of range value for column 'balance_later' at row 1
[ 2024-08-26T17:34:14+08:00 ][ error ] [2]A non-numeric value encountered
[ 2024-08-26T17:34:14+08:00 ][ error ] [10501]SQLSTATE[22003]: Numeric value out of range: 1264 Out of range value for column 'balance_later' at row 1
[ 2024-08-26T17:34:25+08:00 ][ error ] [2]A non-numeric value encountered
[ 2024-08-26T17:34:25+08:00 ][ error ] [10501]SQLSTATE[22003]: Numeric value out of range: 1264 Out of range value for column 'balance_later' at row 1
[ 2024-08-26T17:34:36+08:00 ][ error ] [2]A non-numeric value encountered
[ 2024-08-26T17:34:36+08:00 ][ error ] [10501]SQLSTATE[22003]: Numeric value out of range: 1264 Out of range value for column 'balance_later' at row 1
[ 2024-08-26T17:34:47+08:00 ][ error ] [2]A non-numeric value encountered
[ 2024-08-26T17:34:47+08:00 ][ error ] [10501]SQLSTATE[22003]: Numeric value out of range: 1264 Out of range value for column 'balance_later' at row 1
[ 2024-08-26T17:34:58+08:00 ][ error ] [2]A non-numeric value encountered
[ 2024-08-26T17:34:58+08:00 ][ error ] [10501]SQLSTATE[22003]: Numeric value out of range: 1264 Out of range value for column 'balance_later' at row 1
[ 2024-08-26T17:35:09+08:00 ][ error ] [2]A non-numeric value encountered
[ 2024-08-26T17:35:09+08:00 ][ error ] [10501]SQLSTATE[22003]: Numeric value out of range: 1264 Out of range value for column 'balance_later' at row 1
[ 2024-08-26T17:35:20+08:00 ][ error ] [2]A non-numeric value encountered
[ 2024-08-26T17:35:20+08:00 ][ error ] [10501]SQLSTATE[22003]: Numeric value out of range: 1264 Out of range value for column 'balance_later' at row 1
[ 2024-08-26T17:35:31+08:00 ][ error ] [2]A non-numeric value encountered
[ 2024-08-26T17:35:31+08:00 ][ error ] [10501]SQLSTATE[22003]: Numeric value out of range: 1264 Out of range value for column 'balance_later' at row 1
[ 2024-08-26T17:35:42+08:00 ][ error ] [2]A non-numeric value encountered
[ 2024-08-26T17:35:42+08:00 ][ error ] [10501]SQLSTATE[22003]: Numeric value out of range: 1264 Out of range value for column 'balance_later' at row 1
[ 2024-08-26T17:35:53+08:00 ][ error ] [2]A non-numeric value encountered
[ 2024-08-26T17:35:53+08:00 ][ error ] [10501]SQLSTATE[22003]: Numeric value out of range: 1264 Out of range value for column 'balance_later' at row 1
[ 2024-08-26T17:36:04+08:00 ][ error ] [10501]SQLSTATE[42000]: Syntax error or access violation: 1064 You have an error in your SQL syntax; check the manual that corresponds to your MySQL server version for the right syntax to use near '= 'id'  AND  = '<>'  AND  = 6732' at line 1
[ 2024-08-26T17:36:15+08:00 ][ error ] [10501]SQLSTATE[42000]: Syntax error or access violation: 1064 You have an error in your SQL syntax; check the manual that corresponds to your MySQL server version for the right syntax to use near '= 'id'  AND  = '<>'  AND  = 6732' at line 1
[ 2024-08-26T17:36:26+08:00 ][ error ] [10501]SQLSTATE[42000]: Syntax error or access violation: 1064 You have an error in your SQL syntax; check the manual that corresponds to your MySQL server version for the right syntax to use near '= 'id'  AND  = '<>'  AND  = 6732' at line 1
[ 2024-08-26T17:36:37+08:00 ][ error ] [10501]SQLSTATE[42000]: Syntax error or access violation: 1064 You have an error in your SQL syntax; check the manual that corresponds to your MySQL server version for the right syntax to use near '= 'id'  AND  = '<>'  AND  = 6732' at line 1
[ 2024-08-26T17:36:48+08:00 ][ error ] [10501]SQLSTATE[42000]: Syntax error or access violation: 1064 You have an error in your SQL syntax; check the manual that corresponds to your MySQL server version for the right syntax to use near '= 'id'  AND  = '<>'  AND  = 6732' at line 1
[ 2024-08-26T17:36:59+08:00 ][ error ] [10501]SQLSTATE[42000]: Syntax error or access violation: 1064 You have an error in your SQL syntax; check the manual that corresponds to your MySQL server version for the right syntax to use near '= 'id'  AND  = '<>'  AND  = 6732' at line 1
[ 2024-08-26T17:37:10+08:00 ][ error ] [10501]SQLSTATE[42000]: Syntax error or access violation: 1064 You have an error in your SQL syntax; check the manual that corresponds to your MySQL server version for the right syntax to use near '= 'id'  AND  = '<>'  AND  = 6732' at line 1
[ 2024-08-26T17:37:21+08:00 ][ error ] [10501]SQLSTATE[42000]: Syntax error or access violation: 1064 You have an error in your SQL syntax; check the manual that corresponds to your MySQL server version for the right syntax to use near '= 'id'  AND  = '<>'  AND  = 6732' at line 1
[ 2024-08-26T17:37:32+08:00 ][ error ] [10501]SQLSTATE[42000]: Syntax error or access violation: 1064 You have an error in your SQL syntax; check the manual that corresponds to your MySQL server version for the right syntax to use near '= 'id'  AND  = '<>'  AND  = 6732' at line 1
[ 2024-08-26T17:37:43+08:00 ][ error ] [10501]SQLSTATE[42000]: Syntax error or access violation: 1064 You have an error in your SQL syntax; check the manual that corresponds to your MySQL server version for the right syntax to use near '= 'id'  AND  = '<>'  AND  = 6732' at line 1
[ 2024-08-26T17:37:54+08:00 ][ error ] [10501]SQLSTATE[42000]: Syntax error or access violation: 1064 You have an error in your SQL syntax; check the manual that corresponds to your MySQL server version for the right syntax to use near '= 'id'  AND  = '<>'  AND  = 6732' at line 1
[ 2024-08-26T17:38:05+08:00 ][ error ] [10501]SQLSTATE[42000]: Syntax error or access violation: 1064 You have an error in your SQL syntax; check the manual that corresponds to your MySQL server version for the right syntax to use near '= 'id'  AND  = '<>'  AND  = 6732' at line 1
[ 2024-08-26T17:38:16+08:00 ][ error ] [10501]SQLSTATE[42000]: Syntax error or access violation: 1064 You have an error in your SQL syntax; check the manual that corresponds to your MySQL server version for the right syntax to use near '= 'id'  AND  = '<>'  AND  = 6732' at line 1
[ 2024-08-26T17:38:27+08:00 ][ error ] [10501]SQLSTATE[42000]: Syntax error or access violation: 1064 You have an error in your SQL syntax; check the manual that corresponds to your MySQL server version for the right syntax to use near '= 'id'  AND  = '<>'  AND  = 6732' at line 1
[ 2024-08-26T17:38:38+08:00 ][ error ] [10501]SQLSTATE[42000]: Syntax error or access violation: 1064 You have an error in your SQL syntax; check the manual that corresponds to your MySQL server version for the right syntax to use near '= 'id'  AND  = '<>'  AND  = 6732' at line 1
[ 2024-08-26T17:38:49+08:00 ][ error ] [10501]SQLSTATE[42000]: Syntax error or access violation: 1064 You have an error in your SQL syntax; check the manual that corresponds to your MySQL server version for the right syntax to use near '= 'id'  AND  = '<>'  AND  = 6732' at line 1
[ 2024-08-26T17:39:00+08:00 ][ error ] [10501]SQLSTATE[42000]: Syntax error or access violation: 1064 You have an error in your SQL syntax; check the manual that corresponds to your MySQL server version for the right syntax to use near '= 'id'  AND  = '<>'  AND  = 6732' at line 1
[ 2024-08-26T17:39:11+08:00 ][ error ] [10501]SQLSTATE[42000]: Syntax error or access violation: 1064 You have an error in your SQL syntax; check the manual that corresponds to your MySQL server version for the right syntax to use near '= 'id'  AND  = '<>'  AND  = 6732' at line 1
[ 2024-08-26T17:39:22+08:00 ][ error ] [10501]SQLSTATE[42000]: Syntax error or access violation: 1064 You have an error in your SQL syntax; check the manual that corresponds to your MySQL server version for the right syntax to use near '= 'id'  AND  = '<>'  AND  = 6732' at line 1
[ 2024-08-26T17:39:33+08:00 ][ error ] [2]A non-numeric value encountered
[ 2024-08-26T17:39:33+08:00 ][ error ] [2]A non-numeric value encountered
[ 2024-08-26T17:39:33+08:00 ][ error ] [2]A non-numeric value encountered
[ 2024-08-26T17:39:33+08:00 ][ error ] [2]A non-numeric value encountered
[ 2024-08-26T17:39:33+08:00 ][ error ] [2]A non-numeric value encountered
[ 2024-08-26T17:39:33+08:00 ][ error ] [2]A non-numeric value encountered
[ 2024-08-26T17:39:33+08:00 ][ error ] [2]A non-numeric value encountered
[ 2024-08-26T17:39:33+08:00 ][ error ] [2]A non-numeric value encountered
[ 2024-08-26T17:39:33+08:00 ][ error ] [2]A non-numeric value encountered
[ 2024-08-26T17:39:33+08:00 ][ error ] [2]A non-numeric value encountered
[ 2024-08-26T17:39:33+08:00 ][ error ] [2]A non-numeric value encountered
[ 2024-08-26T17:39:33+08:00 ][ error ] [2]A non-numeric value encountered
[ 2024-08-26T17:39:33+08:00 ][ error ] [2]A non-numeric value encountered
[ 2024-08-26T17:39:33+08:00 ][ error ] [2]A non-numeric value encountered
[ 2024-08-26T17:39:33+08:00 ][ error ] [2]A non-numeric value encountered
[ 2024-08-26T17:39:33+08:00 ][ error ] [2]A non-numeric value encountered
[ 2024-08-26T17:39:33+08:00 ][ error ] [2]A non-numeric value encountered
[ 2024-08-26T17:39:33+08:00 ][ error ] [2]A non-numeric value encountered
[ 2024-08-26T17:39:33+08:00 ][ error ] [2]A non-numeric value encountered
[ 2024-08-26T17:39:33+08:00 ][ error ] [2]A non-numeric value encountered
[ 2024-08-26T17:39:33+08:00 ][ error ] [2]A non-numeric value encountered
[ 2024-08-26T17:39:33+08:00 ][ error ] [2]A non-numeric value encountered
[ 2024-08-26T17:39:33+08:00 ][ error ] [2]A non-numeric value encountered
[ 2024-08-26T17:39:33+08:00 ][ error ] [2]A non-numeric value encountered
[ 2024-08-26T17:39:33+08:00 ][ error ] [2]A non-numeric value encountered
[ 2024-08-26T17:49:21+08:00 ][ error ] [2]A non-numeric value encountered
[ 2024-08-26T17:49:21+08:00 ][ error ] [10501]SQLSTATE[22003]: Numeric value out of range: 1264 Out of range value for column 'balance_later' at row 1
[ 2024-08-26T17:49:32+08:00 ][ error ] [2]A non-numeric value encountered
[ 2024-08-26T17:49:32+08:00 ][ error ] [10501]SQLSTATE[22003]: Numeric value out of range: 1264 Out of range value for column 'balance_later' at row 1
[ 2024-08-26T17:49:43+08:00 ][ error ] [2]A non-numeric value encountered
[ 2024-08-26T17:49:43+08:00 ][ error ] [10501]SQLSTATE[22003]: Numeric value out of range: 1264 Out of range value for column 'balance_later' at row 1
[ 2024-08-26T17:49:54+08:00 ][ error ] [2]A non-numeric value encountered
[ 2024-08-26T17:49:54+08:00 ][ error ] [10501]SQLSTATE[22003]: Numeric value out of range: 1264 Out of range value for column 'balance_later' at row 1
[ 2024-08-26T17:50:05+08:00 ][ error ] [2]A non-numeric value encountered
[ 2024-08-26T17:50:05+08:00 ][ error ] [10501]SQLSTATE[22003]: Numeric value out of range: 1264 Out of range value for column 'balance_later' at row 1
[ 2024-08-26T17:50:16+08:00 ][ error ] [2]A non-numeric value encountered
[ 2024-08-26T17:50:16+08:00 ][ error ] [10501]SQLSTATE[22003]: Numeric value out of range: 1264 Out of range value for column 'balance_later' at row 1
[ 2024-08-26T17:50:27+08:00 ][ error ] [2]A non-numeric value encountered
[ 2024-08-26T17:50:27+08:00 ][ error ] [10501]SQLSTATE[22003]: Numeric value out of range: 1264 Out of range value for column 'balance_later' at row 1
[ 2024-08-26T17:50:38+08:00 ][ error ] [2]A non-numeric value encountered
[ 2024-08-26T17:50:38+08:00 ][ error ] [10501]SQLSTATE[22003]: Numeric value out of range: 1264 Out of range value for column 'balance_later' at row 1
[ 2024-08-26T17:50:49+08:00 ][ error ] [2]A non-numeric value encountered
[ 2024-08-26T17:50:49+08:00 ][ error ] [10501]SQLSTATE[22003]: Numeric value out of range: 1264 Out of range value for column 'balance_later' at row 1
[ 2024-08-26T17:51:00+08:00 ][ error ] [2]A non-numeric value encountered
[ 2024-08-26T17:51:00+08:00 ][ error ] [10501]SQLSTATE[22003]: Numeric value out of range: 1264 Out of range value for column 'balance_later' at row 1
[ 2024-08-26T17:51:11+08:00 ][ error ] [2]A non-numeric value encountered
[ 2024-08-26T17:51:11+08:00 ][ error ] [10501]SQLSTATE[22003]: Numeric value out of range: 1264 Out of range value for column 'balance_later' at row 1
[ 2024-08-26T17:51:22+08:00 ][ error ] [2]A non-numeric value encountered
[ 2024-08-26T17:51:22+08:00 ][ error ] [10501]SQLSTATE[22003]: Numeric value out of range: 1264 Out of range value for column 'balance_later' at row 1
[ 2024-08-26T17:51:33+08:00 ][ error ] [2]A non-numeric value encountered
[ 2024-08-26T17:51:33+08:00 ][ error ] [10501]SQLSTATE[22003]: Numeric value out of range: 1264 Out of range value for column 'balance_later' at row 1
[ 2024-08-26T17:51:44+08:00 ][ error ] [2]A non-numeric value encountered
[ 2024-08-26T17:51:44+08:00 ][ error ] [10501]SQLSTATE[22003]: Numeric value out of range: 1264 Out of range value for column 'balance_later' at row 1
[ 2024-08-26T17:51:55+08:00 ][ error ] [2]A non-numeric value encountered
[ 2024-08-26T17:51:55+08:00 ][ error ] [10501]SQLSTATE[22003]: Numeric value out of range: 1264 Out of range value for column 'balance_later' at row 1
[ 2024-08-26T17:52:06+08:00 ][ error ] [2]A non-numeric value encountered
[ 2024-08-26T17:52:06+08:00 ][ error ] [10501]SQLSTATE[22003]: Numeric value out of range: 1264 Out of range value for column 'balance_later' at row 1
[ 2024-08-26T17:52:17+08:00 ][ error ] [2]A non-numeric value encountered
[ 2024-08-26T17:52:17+08:00 ][ error ] [10501]SQLSTATE[22003]: Numeric value out of range: 1264 Out of range value for column 'balance_later' at row 1
[ 2024-08-26T17:52:28+08:00 ][ error ] [2]A non-numeric value encountered
[ 2024-08-26T17:52:28+08:00 ][ error ] [10501]SQLSTATE[22003]: Numeric value out of range: 1264 Out of range value for column 'balance_later' at row 1
[ 2024-08-26T17:52:39+08:00 ][ error ] [2]A non-numeric value encountered
[ 2024-08-26T17:52:39+08:00 ][ error ] [10501]SQLSTATE[22003]: Numeric value out of range: 1264 Out of range value for column 'balance_later' at row 1
[ 2024-08-26T17:52:50+08:00 ][ error ] [2]A non-numeric value encountered
[ 2024-08-26T17:52:50+08:00 ][ error ] [10501]SQLSTATE[22003]: Numeric value out of range: 1264 Out of range value for column 'balance_later' at row 1
[ 2024-08-26T17:53:01+08:00 ][ error ] [2]A non-numeric value encountered
[ 2024-08-26T17:53:01+08:00 ][ error ] [10501]SQLSTATE[22003]: Numeric value out of range: 1264 Out of range value for column 'balance_later' at row 1
[ 2024-08-26T17:53:12+08:00 ][ error ] [2]A non-numeric value encountered
[ 2024-08-26T17:53:12+08:00 ][ error ] [10501]SQLSTATE[22003]: Numeric value out of range: 1264 Out of range value for column 'balance_later' at row 1
[ 2024-08-26T17:53:23+08:00 ][ error ] [2]A non-numeric value encountered
[ 2024-08-26T17:53:23+08:00 ][ error ] [10501]SQLSTATE[22003]: Numeric value out of range: 1264 Out of range value for column 'balance_later' at row 1
[ 2024-08-26T17:53:34+08:00 ][ error ] [2]A non-numeric value encountered
[ 2024-08-26T17:53:34+08:00 ][ error ] [10501]SQLSTATE[22003]: Numeric value out of range: 1264 Out of range value for column 'balance_later' at row 1
[ 2024-08-26T17:53:45+08:00 ][ error ] [2]A non-numeric value encountered
[ 2024-08-26T17:53:45+08:00 ][ error ] [10501]SQLSTATE[22003]: Numeric value out of range: 1264 Out of range value for column 'balance_later' at row 1
[ 2024-08-26T17:53:56+08:00 ][ error ] [2]A non-numeric value encountered
[ 2024-08-26T17:53:56+08:00 ][ error ] [10501]SQLSTATE[22003]: Numeric value out of range: 1264 Out of range value for column 'balance_later' at row 1
[ 2024-08-26T17:54:07+08:00 ][ error ] [2]A non-numeric value encountered
[ 2024-08-26T17:54:07+08:00 ][ error ] [10501]SQLSTATE[22003]: Numeric value out of range: 1264 Out of range value for column 'balance_later' at row 1
[ 2024-08-26T17:54:18+08:00 ][ error ] [2]A non-numeric value encountered
[ 2024-08-26T17:54:18+08:00 ][ error ] [10501]SQLSTATE[22003]: Numeric value out of range: 1264 Out of range value for column 'balance_later' at row 1
[ 2024-08-26T17:54:29+08:00 ][ error ] [2]A non-numeric value encountered
[ 2024-08-26T17:54:29+08:00 ][ error ] [10501]SQLSTATE[22003]: Numeric value out of range: 1264 Out of range value for column 'balance_later' at row 1
[ 2024-08-26T17:54:40+08:00 ][ error ] [2]A non-numeric value encountered
[ 2024-08-26T17:54:40+08:00 ][ error ] [10501]SQLSTATE[22003]: Numeric value out of range: 1264 Out of range value for column 'balance_later' at row 1
[ 2024-08-26T17:54:51+08:00 ][ error ] [2]A non-numeric value encountered
[ 2024-08-26T17:54:51+08:00 ][ error ] [10501]SQLSTATE[22003]: Numeric value out of range: 1264 Out of range value for column 'balance_later' at row 1
[ 2024-08-26T17:55:02+08:00 ][ error ] [2]A non-numeric value encountered
[ 2024-08-26T17:55:02+08:00 ][ error ] [10501]SQLSTATE[22003]: Numeric value out of range: 1264 Out of range value for column 'balance_later' at row 1
[ 2024-08-26T17:55:13+08:00 ][ error ] [2]A non-numeric value encountered
[ 2024-08-26T17:55:13+08:00 ][ error ] [10501]SQLSTATE[22003]: Numeric value out of range: 1264 Out of range value for column 'balance_later' at row 1
[ 2024-08-26T17:55:24+08:00 ][ error ] [2]A non-numeric value encountered
[ 2024-08-26T17:55:24+08:00 ][ error ] [10501]SQLSTATE[22003]: Numeric value out of range: 1264 Out of range value for column 'balance_later' at row 1
[ 2024-08-26T17:55:35+08:00 ][ error ] [2]A non-numeric value encountered
[ 2024-08-26T17:55:35+08:00 ][ error ] [10501]SQLSTATE[22003]: Numeric value out of range: 1264 Out of range value for column 'balance_later' at row 1
[ 2024-08-26T17:55:46+08:00 ][ error ] [2]A non-numeric value encountered
[ 2024-08-26T17:55:46+08:00 ][ error ] [10501]SQLSTATE[22003]: Numeric value out of range: 1264 Out of range value for column 'balance_later' at row 1
[ 2024-08-26T17:55:57+08:00 ][ error ] [2]A non-numeric value encountered
[ 2024-08-26T17:55:57+08:00 ][ error ] [10501]SQLSTATE[22003]: Numeric value out of range: 1264 Out of range value for column 'balance_later' at row 1
[ 2024-08-26T17:56:08+08:00 ][ error ] [2]A non-numeric value encountered
[ 2024-08-26T17:56:08+08:00 ][ error ] [10501]SQLSTATE[22003]: Numeric value out of range: 1264 Out of range value for column 'balance_later' at row 1
[ 2024-08-26T17:56:19+08:00 ][ error ] [2]A non-numeric value encountered
[ 2024-08-26T17:56:19+08:00 ][ error ] [10501]SQLSTATE[22003]: Numeric value out of range: 1264 Out of range value for column 'balance_later' at row 1
[ 2024-08-26T17:56:30+08:00 ][ error ] [2]A non-numeric value encountered
[ 2024-08-26T17:56:30+08:00 ][ error ] [10501]SQLSTATE[22003]: Numeric value out of range: 1264 Out of range value for column 'balance_later' at row 1
[ 2024-08-26T17:56:41+08:00 ][ error ] [2]A non-numeric value encountered
[ 2024-08-26T17:56:41+08:00 ][ error ] [10501]SQLSTATE[22003]: Numeric value out of range: 1264 Out of range value for column 'balance_later' at row 1
[ 2024-08-26T17:56:53+08:00 ][ error ] [2]A non-numeric value encountered
[ 2024-08-26T17:56:53+08:00 ][ error ] [10501]SQLSTATE[22003]: Numeric value out of range: 1264 Out of range value for column 'balance_later' at row 1
[ 2024-08-26T17:57:03+08:00 ][ error ] [2]A non-numeric value encountered
[ 2024-08-26T17:57:03+08:00 ][ error ] [10501]SQLSTATE[22003]: Numeric value out of range: 1264 Out of range value for column 'balance_later' at row 1
[ 2024-08-26T17:57:14+08:00 ][ error ] [2]A non-numeric value encountered
[ 2024-08-26T17:57:14+08:00 ][ error ] [10501]SQLSTATE[22003]: Numeric value out of range: 1264 Out of range value for column 'balance_later' at row 1
[ 2024-08-26T17:57:25+08:00 ][ error ] [2]A non-numeric value encountered
[ 2024-08-26T17:57:25+08:00 ][ error ] [10501]SQLSTATE[22003]: Numeric value out of range: 1264 Out of range value for column 'balance_later' at row 1
[ 2024-08-26T17:57:36+08:00 ][ error ] [2]A non-numeric value encountered
[ 2024-08-26T17:57:36+08:00 ][ error ] [10501]SQLSTATE[22003]: Numeric value out of range: 1264 Out of range value for column 'balance_later' at row 1
[ 2024-08-26T17:57:47+08:00 ][ error ] [2]A non-numeric value encountered
[ 2024-08-26T17:57:47+08:00 ][ error ] [10501]SQLSTATE[22003]: Numeric value out of range: 1264 Out of range value for column 'balance_later' at row 1
[ 2024-08-26T17:57:58+08:00 ][ error ] [2]A non-numeric value encountered
[ 2024-08-26T17:57:58+08:00 ][ error ] [10501]SQLSTATE[22003]: Numeric value out of range: 1264 Out of range value for column 'balance_later' at row 1
[ 2024-08-26T17:58:09+08:00 ][ error ] [2]A non-numeric value encountered
[ 2024-08-26T17:58:09+08:00 ][ error ] [10501]SQLSTATE[22003]: Numeric value out of range: 1264 Out of range value for column 'balance_later' at row 1
[ 2024-08-26T17:58:20+08:00 ][ error ] [2]A non-numeric value encountered
[ 2024-08-26T17:58:20+08:00 ][ error ] [10501]SQLSTATE[22003]: Numeric value out of range: 1264 Out of range value for column 'balance_later' at row 1
[ 2024-08-26T17:58:31+08:00 ][ error ] [2]A non-numeric value encountered
[ 2024-08-26T17:58:31+08:00 ][ error ] [10501]SQLSTATE[22003]: Numeric value out of range: 1264 Out of range value for column 'balance_later' at row 1
[ 2024-08-26T17:58:42+08:00 ][ error ] [2]A non-numeric value encountered
[ 2024-08-26T17:58:42+08:00 ][ error ] [10501]SQLSTATE[22003]: Numeric value out of range: 1264 Out of range value for column 'balance_later' at row 1
[ 2024-08-26T17:58:53+08:00 ][ error ] [2]A non-numeric value encountered
[ 2024-08-26T17:58:53+08:00 ][ error ] [10501]SQLSTATE[22003]: Numeric value out of range: 1264 Out of range value for column 'balance_later' at row 1
[ 2024-08-26T17:59:04+08:00 ][ error ] [2]A non-numeric value encountered
[ 2024-08-26T17:59:04+08:00 ][ error ] [10501]SQLSTATE[22003]: Numeric value out of range: 1264 Out of range value for column 'balance_later' at row 1
[ 2024-08-26T17:59:15+08:00 ][ error ] [2]A non-numeric value encountered
[ 2024-08-26T17:59:15+08:00 ][ error ] [10501]SQLSTATE[22003]: Numeric value out of range: 1264 Out of range value for column 'balance_later' at row 1
[ 2024-08-26T17:59:26+08:00 ][ error ] [2]A non-numeric value encountered
[ 2024-08-26T17:59:26+08:00 ][ error ] [10501]SQLSTATE[22003]: Numeric value out of range: 1264 Out of range value for column 'balance_later' at row 1
[ 2024-08-26T17:59:37+08:00 ][ error ] [2]A non-numeric value encountered
[ 2024-08-26T17:59:37+08:00 ][ error ] [10501]SQLSTATE[22003]: Numeric value out of range: 1264 Out of range value for column 'balance_later' at row 1
[ 2024-08-26T17:59:48+08:00 ][ error ] [2]A non-numeric value encountered
[ 2024-08-26T17:59:48+08:00 ][ error ] [10501]SQLSTATE[22003]: Numeric value out of range: 1264 Out of range value for column 'balance_later' at row 1
[ 2024-08-26T17:59:59+08:00 ][ error ] [2]A non-numeric value encountered
[ 2024-08-26T17:59:59+08:00 ][ error ] [10501]SQLSTATE[22003]: Numeric value out of range: 1264 Out of range value for column 'balance_later' at row 1
[ 2024-08-26T18:00:10+08:00 ][ error ] [2]A non-numeric value encountered
[ 2024-08-26T18:00:10+08:00 ][ error ] [10501]SQLSTATE[22003]: Numeric value out of range: 1264 Out of range value for column 'balance_later' at row 1
[ 2024-08-26T18:00:21+08:00 ][ error ] [2]A non-numeric value encountered
[ 2024-08-26T18:00:21+08:00 ][ error ] [10501]SQLSTATE[22003]: Numeric value out of range: 1264 Out of range value for column 'balance_later' at row 1
[ 2024-08-26T18:00:32+08:00 ][ error ] [2]A non-numeric value encountered
[ 2024-08-26T18:00:32+08:00 ][ error ] [10501]SQLSTATE[22003]: Numeric value out of range: 1264 Out of range value for column 'balance_later' at row 1
[ 2024-08-26T18:00:43+08:00 ][ error ] [2]A non-numeric value encountered
[ 2024-08-26T18:00:43+08:00 ][ error ] [10501]SQLSTATE[22003]: Numeric value out of range: 1264 Out of range value for column 'balance_later' at row 1
[ 2024-08-26T18:00:54+08:00 ][ error ] [2]A non-numeric value encountered
[ 2024-08-26T18:00:54+08:00 ][ error ] [10501]SQLSTATE[22003]: Numeric value out of range: 1264 Out of range value for column 'balance_later' at row 1
[ 2024-08-26T18:01:05+08:00 ][ error ] [2]A non-numeric value encountered
[ 2024-08-26T18:01:05+08:00 ][ error ] [10501]SQLSTATE[22003]: Numeric value out of range: 1264 Out of range value for column 'balance_later' at row 1
[ 2024-08-26T18:01:16+08:00 ][ error ] [2]A non-numeric value encountered
[ 2024-08-26T18:01:16+08:00 ][ error ] [10501]SQLSTATE[22003]: Numeric value out of range: 1264 Out of range value for column 'balance_later' at row 1
[ 2024-08-26T18:01:27+08:00 ][ error ] [2]A non-numeric value encountered
[ 2024-08-26T18:01:27+08:00 ][ error ] [10501]SQLSTATE[22003]: Numeric value out of range: 1264 Out of range value for column 'balance_later' at row 1
[ 2024-08-26T18:01:38+08:00 ][ error ] [2]A non-numeric value encountered
[ 2024-08-26T18:01:38+08:00 ][ error ] [10501]SQLSTATE[22003]: Numeric value out of range: 1264 Out of range value for column 'balance_later' at row 1
[ 2024-08-26T18:01:44+08:00 ][ error ] [0]Parse error: syntax error, unexpected '}', expecting ',' or ';'
[ 2024-08-26T18:01:45+08:00 ][ error ] [0]Parse error: syntax error, unexpected '}', expecting ',' or ';'
[ 2024-08-26T18:01:46+08:00 ][ error ] [0]Parse error: syntax error, unexpected '}', expecting ',' or ';'
[ 2024-08-26T18:01:49+08:00 ][ error ] [2]A non-numeric value encountered
[ 2024-08-26T18:01:49+08:00 ][ error ] [10501]SQLSTATE[22003]: Numeric value out of range: 1264 Out of range value for column 'balance_later' at row 1
[ 2024-08-26T18:02:00+08:00 ][ error ] [2]A non-numeric value encountered
[ 2024-08-26T18:02:00+08:00 ][ error ] [10501]SQLSTATE[22003]: Numeric value out of range: 1264 Out of range value for column 'balance_later' at row 1
[ 2024-08-26T18:02:11+08:00 ][ error ] [2]A non-numeric value encountered
[ 2024-08-26T18:02:11+08:00 ][ error ] [10501]SQLSTATE[22003]: Numeric value out of range: 1264 Out of range value for column 'balance_later' at row 1
[ 2024-08-26T18:02:22+08:00 ][ error ] [10501]SQLSTATE[22003]: Numeric value out of range: 1264 Out of range value for column 'balance_later' at row 1
[ 2024-08-26T18:02:33+08:00 ][ error ] [10501]SQLSTATE[22003]: Numeric value out of range: 1264 Out of range value for column 'balance_later' at row 1
[ 2024-08-26T18:02:44+08:00 ][ error ] [10501]SQLSTATE[22003]: Numeric value out of range: 1264 Out of range value for column 'balance_later' at row 1
[ 2024-08-26T18:02:55+08:00 ][ error ] [10501]SQLSTATE[22003]: Numeric value out of range: 1264 Out of range value for column 'balance_later' at row 1
[ 2024-08-26T18:03:06+08:00 ][ error ] [10501]SQLSTATE[22003]: Numeric value out of range: 1264 Out of range value for column 'balance_later' at row 1
[ 2024-08-26T18:03:17+08:00 ][ error ] [10501]SQLSTATE[22003]: Numeric value out of range: 1264 Out of range value for column 'balance_later' at row 1
[ 2024-08-26T18:03:28+08:00 ][ error ] [10501]SQLSTATE[22003]: Numeric value out of range: 1264 Out of range value for column 'balance_later' at row 1
[ 2024-08-26T18:03:39+08:00 ][ error ] [10501]SQLSTATE[22003]: Numeric value out of range: 1264 Out of range value for column 'balance_later' at row 1
[ 2024-08-26T18:03:50+08:00 ][ error ] [10501]SQLSTATE[22003]: Numeric value out of range: 1264 Out of range value for column 'balance_later' at row 1
[ 2024-08-26T18:04:01+08:00 ][ error ] [10501]SQLSTATE[22003]: Numeric value out of range: 1264 Out of range value for column 'balance_later' at row 1
[ 2024-08-26T18:04:12+08:00 ][ error ] [10501]SQLSTATE[22003]: Numeric value out of range: 1264 Out of range value for column 'balance_later' at row 1
[ 2024-08-26T18:04:23+08:00 ][ error ] [10501]SQLSTATE[22003]: Numeric value out of range: 1264 Out of range value for column 'balance_later' at row 1
[ 2024-08-26T18:04:34+08:00 ][ error ] [10501]SQLSTATE[22003]: Numeric value out of range: 1264 Out of range value for column 'balance_later' at row 1
[ 2024-08-26T18:04:45+08:00 ][ error ] [10501]SQLSTATE[22003]: Numeric value out of range: 1264 Out of range value for column 'balance_later' at row 1
[ 2024-08-26T18:04:56+08:00 ][ error ] [10501]SQLSTATE[22003]: Numeric value out of range: 1264 Out of range value for column 'balance_later' at row 1
[ 2024-08-26T18:05:07+08:00 ][ error ] [10501]SQLSTATE[22003]: Numeric value out of range: 1264 Out of range value for column 'balance_later' at row 1
[ 2024-08-26T18:05:18+08:00 ][ error ] [10501]SQLSTATE[22003]: Numeric value out of range: 1264 Out of range value for column 'balance_later' at row 1
[ 2024-08-26T18:05:29+08:00 ][ error ] [10501]SQLSTATE[22003]: Numeric value out of range: 1264 Out of range value for column 'balance_later' at row 1
[ 2024-08-26T18:05:40+08:00 ][ error ] [10501]SQLSTATE[22003]: Numeric value out of range: 1264 Out of range value for column 'balance_later' at row 1
[ 2024-08-26T18:05:51+08:00 ][ error ] [10501]SQLSTATE[22003]: Numeric value out of range: 1264 Out of range value for column 'balance_later' at row 1
[ 2024-08-26T18:06:02+08:00 ][ error ] [10501]SQLSTATE[22003]: Numeric value out of range: 1264 Out of range value for column 'balance_later' at row 1
[ 2024-08-26T18:06:13+08:00 ][ error ] [10501]SQLSTATE[22003]: Numeric value out of range: 1264 Out of range value for column 'balance_later' at row 1
[ 2024-08-26T18:06:24+08:00 ][ error ] [10501]SQLSTATE[22003]: Numeric value out of range: 1264 Out of range value for column 'balance_later' at row 1
[ 2024-08-26T18:06:35+08:00 ][ error ] [10501]SQLSTATE[22003]: Numeric value out of range: 1264 Out of range value for column 'balance_later' at row 1
[ 2024-08-26T18:06:46+08:00 ][ error ] [10501]SQLSTATE[22003]: Numeric value out of range: 1264 Out of range value for column 'balance_later' at row 1
[ 2024-08-26T18:06:57+08:00 ][ error ] [10501]SQLSTATE[22003]: Numeric value out of range: 1264 Out of range value for column 'balance_later' at row 1
[ 2024-08-26T18:07:08+08:00 ][ error ] [10501]SQLSTATE[22003]: Numeric value out of range: 1264 Out of range value for column 'balance_later' at row 1
[ 2024-08-26T18:07:19+08:00 ][ error ] [10501]SQLSTATE[22003]: Numeric value out of range: 1264 Out of range value for column 'balance_later' at row 1
[ 2024-08-26T18:07:30+08:00 ][ error ] [10501]SQLSTATE[22003]: Numeric value out of range: 1264 Out of range value for column 'balance_later' at row 1
[ 2024-08-26T18:07:41+08:00 ][ error ] [10501]SQLSTATE[22003]: Numeric value out of range: 1264 Out of range value for column 'balance_later' at row 1
[ 2024-08-26T18:07:52+08:00 ][ error ] [10501]SQLSTATE[22003]: Numeric value out of range: 1264 Out of range value for column 'balance_later' at row 1
[ 2024-08-26T18:08:03+08:00 ][ error ] [10501]SQLSTATE[22003]: Numeric value out of range: 1264 Out of range value for column 'balance_later' at row 1
[ 2024-08-26T18:08:14+08:00 ][ error ] [10501]SQLSTATE[22003]: Numeric value out of range: 1264 Out of range value for column 'balance_later' at row 1
[ 2024-08-26T18:08:25+08:00 ][ error ] [10501]SQLSTATE[22003]: Numeric value out of range: 1264 Out of range value for column 'balance_later' at row 1
[ 2024-08-26T18:08:36+08:00 ][ error ] [10501]SQLSTATE[22003]: Numeric value out of range: 1264 Out of range value for column 'balance_later' at row 1
[ 2024-08-26T18:08:47+08:00 ][ error ] [10501]SQLSTATE[22003]: Numeric value out of range: 1264 Out of range value for column 'balance_later' at row 1
[ 2024-08-26T18:08:58+08:00 ][ error ] [10501]SQLSTATE[22003]: Numeric value out of range: 1264 Out of range value for column 'balance_later' at row 1
[ 2024-08-26T18:09:10+08:00 ][ error ] [10501]SQLSTATE[22003]: Numeric value out of range: 1264 Out of range value for column 'balance_later' at row 1
[ 2024-08-26T18:09:20+08:00 ][ error ] [10501]SQLSTATE[22003]: Numeric value out of range: 1264 Out of range value for column 'balance_later' at row 1
[ 2024-08-26T18:09:31+08:00 ][ error ] [10501]SQLSTATE[22003]: Numeric value out of range: 1264 Out of range value for column 'balance_later' at row 1
[ 2024-08-26T18:09:42+08:00 ][ error ] [10501]SQLSTATE[22003]: Numeric value out of range: 1264 Out of range value for column 'balance_later' at row 1
[ 2024-08-26T18:09:53+08:00 ][ error ] [10501]SQLSTATE[22003]: Numeric value out of range: 1264 Out of range value for column 'balance_later' at row 1
[ 2024-08-26T18:10:04+08:00 ][ error ] [10501]SQLSTATE[22003]: Numeric value out of range: 1264 Out of range value for column 'balance_later' at row 1
[ 2024-08-26T18:10:15+08:00 ][ error ] [10501]SQLSTATE[22003]: Numeric value out of range: 1264 Out of range value for column 'balance_later' at row 1
[ 2024-08-26T18:10:26+08:00 ][ error ] [10501]SQLSTATE[22003]: Numeric value out of range: 1264 Out of range value for column 'balance_later' at row 1
[ 2024-08-26T18:10:37+08:00 ][ error ] [10501]SQLSTATE[22003]: Numeric value out of range: 1264 Out of range value for column 'balance_later' at row 1
[ 2024-08-26T18:10:48+08:00 ][ error ] [10501]SQLSTATE[22003]: Numeric value out of range: 1264 Out of range value for column 'balance_later' at row 1
[ 2024-08-26T18:10:59+08:00 ][ error ] [10501]SQLSTATE[22003]: Numeric value out of range: 1264 Out of range value for column 'balance_later' at row 1
[ 2024-08-26T18:11:10+08:00 ][ error ] [10501]SQLSTATE[22003]: Numeric value out of range: 1264 Out of range value for column 'balance_later' at row 1
[ 2024-08-26T18:11:21+08:00 ][ error ] [10501]SQLSTATE[22003]: Numeric value out of range: 1264 Out of range value for column 'balance_later' at row 1
[ 2024-08-26T18:11:32+08:00 ][ error ] [10501]SQLSTATE[22003]: Numeric value out of range: 1264 Out of range value for column 'balance_later' at row 1
[ 2024-08-26T18:11:43+08:00 ][ error ] [10501]SQLSTATE[22003]: Numeric value out of range: 1264 Out of range value for column 'balance_later' at row 1
[ 2024-08-26T18:11:54+08:00 ][ error ] [10501]SQLSTATE[22003]: Numeric value out of range: 1264 Out of range value for column 'balance_later' at row 1
[ 2024-08-26T18:12:05+08:00 ][ error ] [10501]SQLSTATE[22003]: Numeric value out of range: 1264 Out of range value for column 'balance_later' at row 1
[ 2024-08-26T18:12:16+08:00 ][ error ] [10501]SQLSTATE[22003]: Numeric value out of range: 1264 Out of range value for column 'money' at row 1
[ 2024-08-26T22:58:08+08:00 ][ error ] [2]gzdecode(): data error
[ 2024-08-26T23:15:44+08:00 ][ error ] [2]gzdecode(): data error
