[ 2024-07-05T07:21:27+08:00 ][ error ] [2]gzdecode(): data error
[ 2024-07-05T07:21:28+08:00 ][ error ] [2]gzdecode(): data error
[ 2024-07-05T07:21:34+08:00 ][ error ] [2]gzdecode(): data error
[ 2024-07-05T07:21:40+08:00 ][ error ] [2]gzdecode(): data error
[ 2024-07-05T07:21:46+08:00 ][ error ] [2]gzdecode(): data error
[ 2024-07-05T07:33:26+08:00 ][ error ] [8]Undefined index: UKOIL.OTC
[ 2024-07-05T07:33:26+08:00 ][ error ] [2]Invalid argument supplied for foreach()
[ 2024-07-05T08:21:32+08:00 ][ error ] [2]gzdecode(): data error
[ 2024-07-05T08:21:40+08:00 ][ error ] [2]gzdecode(): data error
[ 2024-07-05T08:51:22+08:00 ][ error ] [2]gzdecode(): data error
[ 2024-07-05T08:51:23+08:00 ][ error ] [2]gzdecode(): data error
[ 2024-07-05T08:51:29+08:00 ][ error ] [2]gzdecode(): data error
[ 2024-07-05T08:51:32+08:00 ][ error ] [2]gzdecode(): data error
[ 2024-07-05T08:51:39+08:00 ][ error ] [2]gzdecode(): data error
[ 2024-07-05T08:51:42+08:00 ][ error ] [2]gzdecode(): data error
[ 2024-07-05T10:21:26+08:00 ][ error ] [2]gzdecode(): data error
[ 2024-07-05T10:21:35+08:00 ][ error ] [2]gzdecode(): data error
[ 2024-07-05T10:21:35+08:00 ][ error ] [2]gzdecode(): data error
[ 2024-07-05T10:21:41+08:00 ][ error ] [2]gzdecode(): data error
[ 2024-07-05T10:21:48+08:00 ][ error ] [2]gzdecode(): data error
[ 2024-07-05T12:36:19+08:00 ][ error ] [2]gzdecode(): data error
[ 2024-07-05T12:36:25+08:00 ][ error ] [2]gzdecode(): data error
[ 2024-07-05T12:36:31+08:00 ][ error ] [2]gzdecode(): data error
[ 2024-07-05T12:36:37+08:00 ][ error ] [2]gzdecode(): data error
[ 2024-07-05T12:36:43+08:00 ][ error ] [2]gzdecode(): data error
[ 2024-07-05T12:36:58+08:00 ][ error ] [2]gzdecode(): data error
[ 2024-07-05T12:37:05+08:00 ][ error ] [2]gzdecode(): data error
[ 2024-07-05T12:37:11+08:00 ][ error ] [2]gzdecode(): data error
[ 2024-07-05T12:37:19+08:00 ][ error ] [2]gzdecode(): data error
[ 2024-07-05T12:37:26+08:00 ][ error ] [2]gzdecode(): data error
[ 2024-07-05T12:37:35+08:00 ][ error ] [2]gzdecode(): data error
[ 2024-07-05T12:37:41+08:00 ][ error ] [2]gzdecode(): data error
[ 2024-07-05T12:37:47+08:00 ][ error ] [2]gzdecode(): data error
[ 2024-07-05T12:37:53+08:00 ][ error ] [2]gzdecode(): data error
[ 2024-07-05T12:37:59+08:00 ][ error ] [2]gzdecode(): data error
[ 2024-07-05T12:38:05+08:00 ][ error ] [2]gzdecode(): data error
[ 2024-07-05T12:38:15+08:00 ][ error ] [2]gzdecode(): data error
[ 2024-07-05T12:38:22+08:00 ][ error ] [2]gzdecode(): data error
[ 2024-07-05T12:38:28+08:00 ][ error ] [2]gzdecode(): data error
[ 2024-07-05T12:38:34+08:00 ][ error ] [2]gzdecode(): data error
[ 2024-07-05T12:38:41+08:00 ][ error ] [2]gzdecode(): data error
[ 2024-07-05T12:38:49+08:00 ][ error ] [2]gzdecode(): data error
[ 2024-07-05T12:38:55+08:00 ][ error ] [2]gzdecode(): data error
[ 2024-07-05T12:39:01+08:00 ][ error ] [2]gzdecode(): data error
[ 2024-07-05T12:39:11+08:00 ][ error ] [2]gzdecode(): data error
[ 2024-07-05T12:39:18+08:00 ][ error ] [2]gzdecode(): data error
[ 2024-07-05T14:28:06+08:00 ][ error ] [2]gzdecode(): data error
[ 2024-07-05T14:28:12+08:00 ][ error ] [2]gzdecode(): data error
[ 2024-07-05T14:28:20+08:00 ][ error ] [2]gzdecode(): data error
[ 2024-07-05T15:40:06+08:00 ][ error ] [2]gzdecode(): data error
[ 2024-07-05T15:40:10+08:00 ][ error ] [2]gzdecode(): data error
[ 2024-07-05T15:40:12+08:00 ][ error ] [2]gzdecode(): data error
[ 2024-07-05T15:40:16+08:00 ][ error ] [2]gzdecode(): data error
[ 2024-07-05T15:40:22+08:00 ][ error ] [2]gzdecode(): data error
[ 2024-07-05T15:55:06+08:00 ][ error ] [2]gzdecode(): data error
[ 2024-07-05T15:55:12+08:00 ][ error ] [2]gzdecode(): data error
[ 2024-07-05T15:55:24+08:00 ][ error ] [2]gzdecode(): data error
[ 2024-07-05T16:25:14+08:00 ][ error ] [2]gzdecode(): data error
[ 2024-07-05T16:25:21+08:00 ][ error ] [2]gzdecode(): data error
[ 2024-07-05T16:25:27+08:00 ][ error ] [2]gzdecode(): data error
[ 2024-07-05T17:03:10+08:00 ][ error ] [2]gzdecode(): data error
[ 2024-07-05T17:03:19+08:00 ][ error ] [2]gzdecode(): data error
[ 2024-07-05T17:03:26+08:00 ][ error ] [2]gzdecode(): data error
[ 2024-07-05T17:16:39+08:00 ][ error ] [2]gzdecode(): data error
[ 2024-07-05T18:03:50+08:00 ][ error ] [2]gzdecode(): data error
[ 2024-07-05T18:51:55+08:00 ][ error ] [2]gzdecode(): data error
[ 2024-07-05T18:52:09+08:00 ][ error ] [2]gzdecode(): data error
[ 2024-07-05T19:14:13+08:00 ][ error ] [2]gzdecode(): data error
[ 2024-07-05T19:14:27+08:00 ][ error ] [2]gzdecode(): data error
[ 2024-07-05T19:21:37+08:00 ][ error ] [2]gzdecode(): data error
[ 2024-07-05T19:21:37+08:00 ][ error ] [2]gzdecode(): data error
[ 2024-07-05T19:21:43+08:00 ][ error ] [2]gzdecode(): data error
[ 2024-07-05T19:21:43+08:00 ][ error ] [2]gzdecode(): data error
[ 2024-07-05T19:21:49+08:00 ][ error ] [2]gzdecode(): data error
[ 2024-07-05T19:21:49+08:00 ][ error ] [2]gzdecode(): data error
[ 2024-07-05T19:21:55+08:00 ][ error ] [2]gzdecode(): data error
[ 2024-07-05T19:21:55+08:00 ][ error ] [2]gzdecode(): data error
[ 2024-07-05T19:22:01+08:00 ][ error ] [2]gzdecode(): data error
[ 2024-07-05T19:22:02+08:00 ][ error ] [2]gzdecode(): data error
[ 2024-07-05T19:22:07+08:00 ][ error ] [2]gzdecode(): data error
[ 2024-07-05T19:22:08+08:00 ][ error ] [2]gzdecode(): data error
[ 2024-07-05T19:22:13+08:00 ][ error ] [2]gzdecode(): data error
[ 2024-07-05T19:22:14+08:00 ][ error ] [2]gzdecode(): data error
[ 2024-07-05T19:22:19+08:00 ][ error ] [2]gzdecode(): data error
[ 2024-07-05T19:22:20+08:00 ][ error ] [2]gzdecode(): data error
[ 2024-07-05T19:22:25+08:00 ][ error ] [2]gzdecode(): data error
[ 2024-07-05T19:22:27+08:00 ][ error ] [2]gzdecode(): data error
[ 2024-07-05T19:22:33+08:00 ][ error ] [2]gzdecode(): data error
[ 2024-07-05T19:22:33+08:00 ][ error ] [2]gzdecode(): data error
[ 2024-07-05T19:22:39+08:00 ][ error ] [2]gzdecode(): data error
[ 2024-07-05T19:22:39+08:00 ][ error ] [2]gzdecode(): data error
[ 2024-07-05T19:22:45+08:00 ][ error ] [2]gzdecode(): data error
[ 2024-07-05T19:22:45+08:00 ][ error ] [2]gzdecode(): data error
[ 2024-07-05T19:22:51+08:00 ][ error ] [2]gzdecode(): data error
[ 2024-07-05T19:22:52+08:00 ][ error ] [2]gzdecode(): data error
[ 2024-07-05T19:22:57+08:00 ][ error ] [2]gzdecode(): data error
[ 2024-07-05T19:22:58+08:00 ][ error ] [2]gzdecode(): data error
[ 2024-07-05T19:23:03+08:00 ][ error ] [2]gzdecode(): data error
[ 2024-07-05T19:23:04+08:00 ][ error ] [2]gzdecode(): data error
[ 2024-07-05T19:23:09+08:00 ][ error ] [2]gzdecode(): data error
[ 2024-07-05T19:23:16+08:00 ][ error ] [2]gzdecode(): data error
[ 2024-07-05T19:23:20+08:00 ][ error ] [2]gzdecode(): data error
[ 2024-07-05T19:23:26+08:00 ][ error ] [2]gzdecode(): data error
[ 2024-07-05T19:23:26+08:00 ][ error ] [2]gzdecode(): data error
[ 2024-07-05T19:23:32+08:00 ][ error ] [2]gzdecode(): data error
[ 2024-07-05T19:23:34+08:00 ][ error ] [2]gzdecode(): data error
[ 2024-07-05T19:23:40+08:00 ][ error ] [2]gzdecode(): data error
[ 2024-07-05T19:23:41+08:00 ][ error ] [2]gzdecode(): data error
[ 2024-07-05T19:23:46+08:00 ][ error ] [2]gzdecode(): data error
[ 2024-07-05T19:23:48+08:00 ][ error ] [2]gzdecode(): data error
[ 2024-07-05T19:23:52+08:00 ][ error ] [2]gzdecode(): data error
[ 2024-07-05T19:23:54+08:00 ][ error ] [2]gzdecode(): data error
[ 2024-07-05T19:23:58+08:00 ][ error ] [2]gzdecode(): data error
[ 2024-07-05T19:24:00+08:00 ][ error ] [2]gzdecode(): data error
[ 2024-07-05T19:24:04+08:00 ][ error ] [2]gzdecode(): data error
[ 2024-07-05T19:24:06+08:00 ][ error ] [2]gzdecode(): data error
[ 2024-07-05T19:24:12+08:00 ][ error ] [2]gzdecode(): data error
[ 2024-07-05T19:24:18+08:00 ][ error ] [2]gzdecode(): data error
[ 2024-07-05T19:24:18+08:00 ][ error ] [2]gzdecode(): data error
[ 2024-07-05T19:24:24+08:00 ][ error ] [2]gzdecode(): data error
[ 2024-07-05T19:24:26+08:00 ][ error ] [2]gzdecode(): data error
[ 2024-07-05T19:24:31+08:00 ][ error ] [2]gzdecode(): data error
[ 2024-07-05T19:24:33+08:00 ][ error ] [2]gzdecode(): data error
[ 2024-07-05T20:31:56+08:00 ][ error ] [8]Undefined index: XAUUSD.OTC
[ 2024-07-05T20:31:56+08:00 ][ error ] [2]Invalid argument supplied for foreach()
[ 2024-07-05T20:46:43+08:00 ][ error ] [2]gzdecode(): data error
[ 2024-07-05T20:46:49+08:00 ][ error ] [2]gzdecode(): data error
[ 2024-07-05T20:46:56+08:00 ][ error ] [2]gzdecode(): data error
[ 2024-07-05T20:47:03+08:00 ][ error ] [2]gzdecode(): data error
[ 2024-07-05T20:47:10+08:00 ][ error ] [2]gzdecode(): data error
[ 2024-07-05T20:47:16+08:00 ][ error ] [2]gzdecode(): data error
[ 2024-07-05T20:47:23+08:00 ][ error ] [2]gzdecode(): data error
[ 2024-07-05T20:47:29+08:00 ][ error ] [2]gzdecode(): data error
[ 2024-07-05T20:47:37+08:00 ][ error ] [2]gzdecode(): data error
[ 2024-07-05T20:47:43+08:00 ][ error ] [2]gzdecode(): data error
[ 2024-07-05T20:47:49+08:00 ][ error ] [2]gzdecode(): data error
[ 2024-07-05T20:47:55+08:00 ][ error ] [2]gzdecode(): data error
[ 2024-07-05T20:48:01+08:00 ][ error ] [2]gzdecode(): data error
[ 2024-07-05T20:48:07+08:00 ][ error ] [2]gzdecode(): data error
[ 2024-07-05T20:48:13+08:00 ][ error ] [2]gzdecode(): data error
[ 2024-07-05T20:48:21+08:00 ][ error ] [2]gzdecode(): data error
[ 2024-07-05T20:48:27+08:00 ][ error ] [2]gzdecode(): data error
[ 2024-07-05T20:48:34+08:00 ][ error ] [2]gzdecode(): data error
[ 2024-07-05T20:48:42+08:00 ][ error ] [2]gzdecode(): data error
[ 2024-07-05T20:48:51+08:00 ][ error ] [2]gzdecode(): data error
[ 2024-07-05T20:48:58+08:00 ][ error ] [2]gzdecode(): data error
[ 2024-07-05T20:49:06+08:00 ][ error ] [2]gzdecode(): data error
[ 2024-07-05T20:49:12+08:00 ][ error ] [2]gzdecode(): data error
[ 2024-07-05T20:49:18+08:00 ][ error ] [2]gzdecode(): data error
[ 2024-07-05T20:49:25+08:00 ][ error ] [2]gzdecode(): data error
[ 2024-07-05T20:49:35+08:00 ][ error ] [2]gzdecode(): data error
[ 2024-07-05T20:56:55+08:00 ][ error ] [2]gzdecode(): data error
[ 2024-07-05T20:57:06+08:00 ][ error ] [2]gzdecode(): data error
[ 2024-07-05T20:57:15+08:00 ][ error ] [2]gzdecode(): data error
[ 2024-07-05T20:57:23+08:00 ][ error ] [2]gzdecode(): data error
[ 2024-07-05T20:57:30+08:00 ][ error ] [2]gzdecode(): data error
[ 2024-07-05T20:57:36+08:00 ][ error ] [2]gzdecode(): data error
[ 2024-07-05T20:57:42+08:00 ][ error ] [2]gzdecode(): data error
[ 2024-07-05T20:57:48+08:00 ][ error ] [2]gzdecode(): data error
[ 2024-07-05T20:57:55+08:00 ][ error ] [2]gzdecode(): data error
[ 2024-07-05T20:58:02+08:00 ][ error ] [2]gzdecode(): data error
[ 2024-07-05T20:58:08+08:00 ][ error ] [2]gzdecode(): data error
[ 2024-07-05T20:58:14+08:00 ][ error ] [2]gzdecode(): data error
[ 2024-07-05T20:58:20+08:00 ][ error ] [2]gzdecode(): data error
[ 2024-07-05T20:58:26+08:00 ][ error ] [2]gzdecode(): data error
[ 2024-07-05T20:58:32+08:00 ][ error ] [2]gzdecode(): data error
[ 2024-07-05T20:58:41+08:00 ][ error ] [2]gzdecode(): data error
[ 2024-07-05T20:58:47+08:00 ][ error ] [2]gzdecode(): data error
[ 2024-07-05T20:58:53+08:00 ][ error ] [2]gzdecode(): data error
[ 2024-07-05T20:58:59+08:00 ][ error ] [2]gzdecode(): data error
[ 2024-07-05T20:59:10+08:00 ][ error ] [2]gzdecode(): data error
[ 2024-07-05T20:59:18+08:00 ][ error ] [2]gzdecode(): data error
[ 2024-07-05T20:59:24+08:00 ][ error ] [2]gzdecode(): data error
[ 2024-07-05T20:59:30+08:00 ][ error ] [2]gzdecode(): data error
[ 2024-07-05T20:59:38+08:00 ][ error ] [2]gzdecode(): data error
[ 2024-07-05T20:59:44+08:00 ][ error ] [2]gzdecode(): data error
[ 2024-07-05T20:59:52+08:00 ][ error ] [2]gzdecode(): data error
[ 2024-07-05T21:02:01+08:00 ][ error ] [8]Undefined index: RU10YR.OTC
[ 2024-07-05T21:02:01+08:00 ][ error ] [2]Invalid argument supplied for foreach()
[ 2024-07-05T21:02:39+08:00 ][ error ] [2]gzdecode(): data error
[ 2024-07-05T21:10:56+08:00 ][ error ] [8]Undefined index: XAUUSD.OTC
[ 2024-07-05T21:10:56+08:00 ][ error ] [2]Invalid argument supplied for foreach()
[ 2024-07-05T21:22:56+08:00 ][ error ] [8]Undefined index: XAUUSD.OTC
[ 2024-07-05T21:22:56+08:00 ][ error ] [2]Invalid argument supplied for foreach()
[ 2024-07-05T21:23:56+08:00 ][ error ] [8]Undefined index: XAUUSD.OTC
[ 2024-07-05T21:23:56+08:00 ][ error ] [2]Invalid argument supplied for foreach()
[ 2024-07-05T21:24:56+08:00 ][ error ] [8]Undefined index: XAUUSD.OTC
[ 2024-07-05T21:24:56+08:00 ][ error ] [2]Invalid argument supplied for foreach()
[ 2024-07-05T21:25:56+08:00 ][ error ] [8]Undefined index: XAUUSD.OTC
[ 2024-07-05T21:25:56+08:00 ][ error ] [2]Invalid argument supplied for foreach()
[ 2024-07-05T21:25:56+08:00 ][ error ] [8]Undefined index: XAUUSD.OTC
[ 2024-07-05T21:25:56+08:00 ][ error ] [2]Invalid argument supplied for foreach()
[ 2024-07-05T21:27:56+08:00 ][ error ] [8]Undefined index: XAUUSD.OTC
[ 2024-07-05T21:27:56+08:00 ][ error ] [2]Invalid argument supplied for foreach()
[ 2024-07-05T21:30:56+08:00 ][ error ] [8]Undefined index: XAUUSD.OTC
[ 2024-07-05T21:30:56+08:00 ][ error ] [2]Invalid argument supplied for foreach()
[ 2024-07-05T21:35:55+08:00 ][ error ] [8]Undefined index: XAUUSD.OTC
[ 2024-07-05T21:35:55+08:00 ][ error ] [2]Invalid argument supplied for foreach()
[ 2024-07-05T21:40:56+08:00 ][ error ] [8]Undefined index: XAUUSD.OTC
[ 2024-07-05T21:40:56+08:00 ][ error ] [2]Invalid argument supplied for foreach()
[ 2024-07-05T22:05:56+08:00 ][ error ] [8]Undefined index: XAUUSD.OTC
[ 2024-07-05T22:05:56+08:00 ][ error ] [2]Invalid argument supplied for foreach()
[ 2024-07-05T22:10:56+08:00 ][ error ] [8]Undefined index: XAUUSD.OTC
[ 2024-07-05T22:10:56+08:00 ][ error ] [2]Invalid argument supplied for foreach()
[ 2024-07-05T22:13:53+08:00 ][ error ] [8]Undefined index: XAUUSD.OTC
[ 2024-07-05T22:13:53+08:00 ][ error ] [2]Invalid argument supplied for foreach()
[ 2024-07-05T22:18:55+08:00 ][ error ] [2]gzdecode(): data error
[ 2024-07-05T22:19:56+08:00 ][ error ] [8]Undefined index: XAUUSD.OTC
[ 2024-07-05T22:19:56+08:00 ][ error ] [2]Invalid argument supplied for foreach()
[ 2024-07-05T22:23:56+08:00 ][ error ] [8]Undefined index: XAUUSD.OTC
[ 2024-07-05T22:23:56+08:00 ][ error ] [2]Invalid argument supplied for foreach()
[ 2024-07-05T22:24:28+08:00 ][ error ] [2]gzdecode(): data error
[ 2024-07-05T22:44:56+08:00 ][ error ] [8]Undefined index: XAUUSD.OTC
[ 2024-07-05T22:44:56+08:00 ][ error ] [2]Invalid argument supplied for foreach()
[ 2024-07-05T22:45:53+08:00 ][ error ] [8]Undefined index: XAUUSD.OTC
[ 2024-07-05T22:45:53+08:00 ][ error ] [2]Invalid argument supplied for foreach()
[ 2024-07-05T22:46:56+08:00 ][ error ] [8]Undefined index: XAUUSD.OTC
[ 2024-07-05T22:46:56+08:00 ][ error ] [2]Invalid argument supplied for foreach()
[ 2024-07-05T22:48:56+08:00 ][ error ] [8]Undefined index: XAUUSD.OTC
[ 2024-07-05T22:48:56+08:00 ][ error ] [2]Invalid argument supplied for foreach()
[ 2024-07-05T22:49:54+08:00 ][ error ] [8]Undefined index: XAUUSD.OTC
[ 2024-07-05T22:49:54+08:00 ][ error ] [2]Invalid argument supplied for foreach()
[ 2024-07-05T22:50:54+08:00 ][ error ] [8]Undefined index: XAUUSD.OTC
[ 2024-07-05T22:50:54+08:00 ][ error ] [2]Invalid argument supplied for foreach()
[ 2024-07-05T22:55:56+08:00 ][ error ] [8]Undefined index: XAUUSD.OTC
[ 2024-07-05T22:55:56+08:00 ][ error ] [2]Invalid argument supplied for foreach()
[ 2024-07-05T23:00:41+08:00 ][ error ] [8]Undefined index: XAUUSD.OTC
[ 2024-07-05T23:00:41+08:00 ][ error ] [2]Invalid argument supplied for foreach()
[ 2024-07-05T23:00:53+08:00 ][ error ] [8]Undefined index: XAUUSD.OTC
[ 2024-07-05T23:00:53+08:00 ][ error ] [2]Invalid argument supplied for foreach()
[ 2024-07-05T23:05:52+08:00 ][ error ] [8]Undefined index: XAUUSD.OTC
[ 2024-07-05T23:05:52+08:00 ][ error ] [2]Invalid argument supplied for foreach()
[ 2024-07-05T23:09:28+08:00 ][ error ] [2]gzdecode(): data error
[ 2024-07-05T23:09:37+08:00 ][ error ] [2]gzdecode(): data error
[ 2024-07-05T23:09:43+08:00 ][ error ] [2]gzdecode(): data error
[ 2024-07-05T23:09:49+08:00 ][ error ] [2]gzdecode(): data error
[ 2024-07-05T23:09:59+08:00 ][ error ] [2]gzdecode(): data error
[ 2024-07-05T23:10:07+08:00 ][ error ] [2]gzdecode(): data error
[ 2024-07-05T23:10:07+08:00 ][ error ] [2]gzdecode(): data error
[ 2024-07-05T23:10:13+08:00 ][ error ] [2]gzdecode(): data error
[ 2024-07-05T23:10:13+08:00 ][ error ] [2]gzdecode(): data error
[ 2024-07-05T23:10:19+08:00 ][ error ] [2]gzdecode(): data error
[ 2024-07-05T23:10:21+08:00 ][ error ] [2]gzdecode(): data error
[ 2024-07-05T23:10:25+08:00 ][ error ] [2]gzdecode(): data error
[ 2024-07-05T23:10:27+08:00 ][ error ] [2]gzdecode(): data error
[ 2024-07-05T23:10:33+08:00 ][ error ] [2]gzdecode(): data error
[ 2024-07-05T23:10:33+08:00 ][ error ] [2]gzdecode(): data error
[ 2024-07-05T23:10:39+08:00 ][ error ] [2]gzdecode(): data error
[ 2024-07-05T23:10:39+08:00 ][ error ] [2]gzdecode(): data error
[ 2024-07-05T23:10:45+08:00 ][ error ] [2]gzdecode(): data error
[ 2024-07-05T23:10:45+08:00 ][ error ] [2]gzdecode(): data error
[ 2024-07-05T23:10:52+08:00 ][ error ] [2]gzdecode(): data error
[ 2024-07-05T23:10:52+08:00 ][ error ] [2]gzdecode(): data error
[ 2024-07-05T23:10:58+08:00 ][ error ] [2]gzdecode(): data error
[ 2024-07-05T23:11:01+08:00 ][ error ] [2]gzdecode(): data error
[ 2024-07-05T23:11:04+08:00 ][ error ] [2]gzdecode(): data error
[ 2024-07-05T23:11:07+08:00 ][ error ] [2]gzdecode(): data error
[ 2024-07-05T23:11:10+08:00 ][ error ] [2]gzdecode(): data error
[ 2024-07-05T23:11:14+08:00 ][ error ] [2]gzdecode(): data error
[ 2024-07-05T23:11:19+08:00 ][ error ] [2]gzdecode(): data error
[ 2024-07-05T23:11:20+08:00 ][ error ] [2]gzdecode(): data error
[ 2024-07-05T23:11:25+08:00 ][ error ] [2]gzdecode(): data error
[ 2024-07-05T23:11:26+08:00 ][ error ] [2]gzdecode(): data error
[ 2024-07-05T23:11:31+08:00 ][ error ] [2]gzdecode(): data error
[ 2024-07-05T23:11:33+08:00 ][ error ] [2]gzdecode(): data error
[ 2024-07-05T23:11:37+08:00 ][ error ] [2]gzdecode(): data error
[ 2024-07-05T23:11:40+08:00 ][ error ] [2]gzdecode(): data error
[ 2024-07-05T23:11:43+08:00 ][ error ] [2]gzdecode(): data error
[ 2024-07-05T23:11:46+08:00 ][ error ] [2]gzdecode(): data error
[ 2024-07-05T23:11:52+08:00 ][ error ] [2]gzdecode(): data error
[ 2024-07-05T23:11:52+08:00 ][ error ] [2]gzdecode(): data error
[ 2024-07-05T23:11:58+08:00 ][ error ] [2]gzdecode(): data error
[ 2024-07-05T23:12:02+08:00 ][ error ] [2]gzdecode(): data error
[ 2024-07-05T23:12:05+08:00 ][ error ] [2]gzdecode(): data error
[ 2024-07-05T23:12:08+08:00 ][ error ] [2]gzdecode(): data error
[ 2024-07-05T23:12:11+08:00 ][ error ] [2]gzdecode(): data error
[ 2024-07-05T23:12:14+08:00 ][ error ] [2]gzdecode(): data error
[ 2024-07-05T23:12:20+08:00 ][ error ] [2]gzdecode(): data error
[ 2024-07-05T23:12:21+08:00 ][ error ] [2]gzdecode(): data error
[ 2024-07-05T23:12:26+08:00 ][ error ] [2]gzdecode(): data error
[ 2024-07-05T23:12:27+08:00 ][ error ] [2]gzdecode(): data error
[ 2024-07-05T23:14:56+08:00 ][ error ] [8]Undefined index: XAUUSD.OTC
[ 2024-07-05T23:14:56+08:00 ][ error ] [2]Invalid argument supplied for foreach()
[ 2024-07-05T23:15:54+08:00 ][ error ] [8]Undefined index: XAUUSD.OTC
[ 2024-07-05T23:15:54+08:00 ][ error ] [2]Invalid argument supplied for foreach()
[ 2024-07-05T23:25:24+08:00 ][ error ] [8]Undefined index: AUDCHF.OTC
[ 2024-07-05T23:25:24+08:00 ][ error ] [2]Invalid argument supplied for foreach()
