[ 2024-07-11T20:54:40+08:00 ][ error ] [0]read error on connection to localhost:6379
[ 2024-07-11T21:43:21+08:00 ][ error ] [2]gzdecode(): data error
[ 2024-07-11T21:43:33+08:00 ][ error ] [2]gzdecode(): data error
[ 2024-07-11T22:10:41+08:00 ][ error ] [8]Undefined index: UKZS.OTC
[ 2024-07-11T22:10:41+08:00 ][ error ] [2]Invalid argument supplied for foreach()
[ 2024-07-11T22:10:41+08:00 ][ error ] [8]Undefined index: UKZS.OTC
[ 2024-07-11T22:10:41+08:00 ][ error ] [2]Invalid argument supplied for foreach()
[ 2024-07-11T22:10:41+08:00 ][ error ] [8]Undefined index: USZC.OTC
[ 2024-07-11T22:10:41+08:00 ][ error ] [2]Invalid argument supplied for foreach()
[ 2024-07-11T22:10:41+08:00 ][ error ] [8]Undefined index: USZC.OTC
[ 2024-07-11T22:10:41+08:00 ][ error ] [2]Invalid argument supplied for foreach()
[ 2024-07-11T22:10:42+08:00 ][ error ] [8]Undefined index: US3MR.OTC
[ 2024-07-11T22:10:42+08:00 ][ error ] [2]Invalid argument supplied for foreach()
[ 2024-07-11T22:10:50+08:00 ][ error ] [2]gzdecode(): data error
[ 2024-07-11T22:10:54+08:00 ][ error ] [2]gzdecode(): data error
[ 2024-07-11T22:10:58+08:00 ][ error ] [2]gzdecode(): data error
[ 2024-07-11T22:20:46+08:00 ][ error ] [0]read error on connection to localhost:6379
[ 2024-07-11T22:20:46+08:00 ][ error ] [0]read error on connection to localhost:6379
[ 2024-07-11T22:26:33+08:00 ][ error ] [2006]SQLSTATE[HY000] [2006] MySQL server has gone away
[ 2024-07-11T22:28:05+08:00 ][ error ] [0]read error on connection to localhost:6379
[ 2024-07-11T22:32:09+08:00 ][ error ] [0]read error on connection to localhost:6379
[ 2024-07-11T22:32:09+08:00 ][ error ] [0]read error on connection to localhost:6379
[ 2024-07-11T22:32:22+08:00 ][ error ] [0]read error on connection to localhost:6379
[ 2024-07-11T22:35:20+08:00 ][ error ] [0]read error on connection to localhost:6379
[ 2024-07-11T22:35:20+08:00 ][ error ] [0]read error on connection to localhost:6379
